
Recovery Manager: Release 11.2.0.4.0 - Production on Thu Apr 2 00:00:01 2020

Copyright (c) 1982, 2011, Oracle and/or its affiliates.  All rights reserved.

connected to target database: ORCL (DBID=1492966431)

RMAN> 2> 3> 4> 5> 6> 7> 8> 9> 10> 11> 12> 13> 14> 15> 16> 17> 18> 
using target database control file instead of recovery catalog
allocated channel: c1
channel c1: SID=1148 instance=orcl2 device type=DISK

allocated channel: c2
channel c2: SID=1205 instance=orcl2 device type=DISK

allocated channel: c3
channel c3: SID=1262 instance=orcl2 device type=DISK

allocated channel: c4
channel c4: SID=1319 instance=orcl2 device type=DISK

allocated channel: c5
channel c5: SID=1376 instance=orcl2 device type=DISK

allocated channel: c6
channel c6: SID=1491 instance=orcl2 device type=DISK

Starting backup at 02-APR-20
channel c1: starting compressed incremental level 2 datafile backup set
channel c1: specifying datafile(s) in backup set
input datafile file number=00029 name=+DG_DATA_NEW_1/orcl/datafile/tbs_paic.535.1036266693
input datafile file number=00037 name=+DG_DATA_NEW_1/orcl/datafile/tbs_paic.529.1036266733
input datafile file number=00014 name=+DG_DATA_NEW_1/orcl/datafile/tbs_paic.259.1036266773
input datafile file number=00020 name=+DG_DATA_NEW_1/orcl/datafile/tbs_paic_meta.270.1036266813
input datafile file number=00065 name=+DG_DATA_NEW_1/orcl/datafile/tbs_paic.276.1036266851
input datafile file number=00072 name=+DG_DATA_NEW_1/orcl/datafile/tbs_paic_index.282.1036266893
input datafile file number=00078 name=+DG_DATA_NEW_1/orcl/datafile/tbs_paic.288.1036266935
input datafile file number=00085 name=+DG_DATA_NEW_1/orcl/datafile/tbs_paic.294.1036266979
input datafile file number=00091 name=+DG_DATA_NEW_1/orcl/datafile/tbs_paic.295.1036269159
input datafile file number=00097 name=+DG_DATA_NEW_1/orcl/datafile/tbs_paic_index.299.1036271259
input datafile file number=00103 name=+DG_DATA_NEW_1/orcl/datafile/tbs_paic.308.1036272815
input datafile file number=00110 name=+DG_DATA_NEW_1/orcl/datafile/tbs_paic_index.314.1036272921
input datafile file number=00116 name=+DG_DATA_NEW_1/orcl/datafile/tbs_paic.316.1036273001
input datafile file number=00123 name=+DG_DATA_NEW_1/orcl/datafile/tbs_paic.325.1036273279
input datafile file number=00130 name=+DG_DATA_NEW_1/orcl/datafile/tbs_paic.328.1036273323
input datafile file number=00136 name=+DG_DATA_NEW_1/orcl/datafile/tbs_paic.333.1036273801
input datafile file number=00142 name=+DG_DATA_NEW_1/orcl/datafile/tbs_paic_index.346.1036275423
input datafile file number=00148 name=+DG_DATA_NEW_1/orcl/datafile/tbs_paic.352.1036278113
input datafile file number=00154 name=+DG_DATA_NEW_1/orcl/datafile/tbs_paic.361.1036279265
input datafile file number=00160 name=+DG_DATA_NEW_1/orcl/datafile/tbs_paic.364.1036279431
input datafile file number=00166 name=+DG_DATA_NEW_1/orcl/datafile/tbs_paic_index.373.1036279761
input datafile file number=00172 name=+DG_DATA_NEW_1/orcl/datafile/tbs_paic.378.1036280005
input datafile file number=00178 name=+DG_DATA_NEW_1/orcl/datafile/tbs_paic.380.1036280131
input datafile file number=00184 name=+DG_DATA_NEW_1/orcl/datafile/tbs_paic_index.387.1036280593
input datafile file number=00190 name=+DG_DATA_NEW_1/orcl/datafile/tbs_paic.398.1036282171
input datafile file number=00197 name=+DG_DATA_NEW_1/orcl/datafile/tbs_paic.401.1036284701
input datafile file number=00204 name=+DG_DATA_NEW_1/orcl/datafile/tbs_paic_index.412.1036285787
input datafile file number=00210 name=+DG_DATA_NEW_1/orcl/datafile/tbs_paic_index.416.1036285943
input datafile file number=00216 name=+DG_DATA_NEW_1/orcl/datafile/tbs_paic.424.1036286275
input datafile file number=00222 name=+DG_DATA_NEW_1/orcl/datafile/tbs_paic.428.1036286515
input datafile file number=00229 name=+DG_DATA_NEW_1/orcl/datafile/tbs_paic.432.1036286641
input datafile file number=00235 name=+DG_DATA_NEW_1/orcl/datafile/tbs_paic.435.1036287081
input datafile file number=00241 name=+DG_DATA_NEW_1/orcl/datafile/tbs_paic.446.1036288547
input datafile file number=00247 name=+DG_DATA_NEW_1/orcl/datafile/tbs_paic.450.1036290953
input datafile file number=00253 name=+DG_DATA_NEW_1/orcl/datafile/tbs_paic_clob.466.1036292001
input datafile file number=00259 name=+DG_DATA_NEW_1/orcl/datafile/tbs_paic.470.1036292173
input datafile file number=00027 name=+DG_DATA_NEW_1/orcl/datafile/tbs_paic_clob.478.1036292547
input datafile file number=00052 name=+DG_DATA_NEW_1/orcl/datafile/tbs_paic.484.1036292861
input datafile file number=00058 name=+DG_DATA_NEW_1/orcl/datafile/tbs_paic.487.1036293027
input datafile file number=00064 name=+DG_DATA_NEW_1/orcl/datafile/tbs_paic_index.490.1036293259
input datafile file number=00082 name=+DG_DATA_NEW_1/orcl/datafile/sysaux.492.1036293339
input datafile file number=00045 name=+DG_DATA_NEW_1/orcl/datafile/sysaux.505.1036294853
input datafile file number=00004 name=+DG_DATA_NEW_1/orcl/datafile/users.559.1036295521
input datafile file number=00005 name=+DG_DATA_NEW_1/orcl/datafile/undotbs2.555.1036295111
channel c1: starting piece 1 at 02-APR-20
channel c2: starting compressed incremental level 2 datafile backup set
channel c2: specifying datafile(s) in backup set
input datafile file number=00031 name=+DG_DATA_NEW_1/orcl/datafile/tbs_paic_index.536.1036266693
input datafile file number=00041 name=+DG_DATA_NEW_1/orcl/datafile/tbs_paic.530.1036266731
input datafile file number=00016 name=+DG_DATA_NEW_1/orcl/datafile/tbs_paic.528.1036266771
input datafile file number=00033 name=+DG_DATA_NEW_1/orcl/datafile/tbs_paic_clob.261.1036266809
input datafile file number=00067 name=+DG_DATA_NEW_1/orcl/datafile/tbs_paic_clob.271.1036266849
input datafile file number=00074 name=+DG_DATA_NEW_1/orcl/datafile/tbs_paic.277.1036266889
input datafile file number=00080 name=+DG_DATA_NEW_1/orcl/datafile/tbs_paic_clob.283.1036266931
input datafile file number=00087 name=+DG_DATA_NEW_1/orcl/datafile/tbs_paic_index.289.1036266975
input datafile file number=00093 name=+DG_DATA_NEW_1/orcl/datafile/tbs_paic_clob.301.1036271889
input datafile file number=00099 name=+DG_DATA_NEW_1/orcl/datafile/tbs_paic.327.1036273309
input datafile file number=00105 name=+DG_DATA_NEW_1/orcl/datafile/tbs_paic.331.1036273653
input datafile file number=00112 name=+DG_DATA_NEW_1/orcl/datafile/tbs_paic_clob.336.1036273923
input datafile file number=00118 name=+DG_DATA_NEW_1/orcl/datafile/tbs_paic.338.1036274249
input datafile file number=00125 name=+DG_DATA_NEW_1/orcl/datafile/tbs_paic_index.340.1036274317
input datafile file number=00132 name=+DG_DATA_NEW_1/orcl/datafile/tbs_paic.342.1036274795
input datafile file number=00138 name=+DG_DATA_NEW_1/orcl/datafile/tbs_paic.343.1036274807
input datafile file number=00144 name=+DG_DATA_NEW_1/orcl/datafile/tbs_paic.350.1036277721
input datafile file number=00150 name=+DG_DATA_NEW_1/orcl/datafile/tbs_paic.354.1036278763
input datafile file number=00156 name=+DG_DATA_NEW_1/orcl/datafile/tbs_paic_index.369.1036279587
input datafile file number=00162 name=+DG_DATA_NEW_1/orcl/datafile/tbs_paic_index.381.1036280167
input datafile file number=00168 name=+DG_DATA_NEW_1/orcl/datafile/tbs_paic.384.1036280443
input datafile file number=00174 name=+DG_DATA_NEW_1/orcl/datafile/tbs_paic.389.1036280935
input datafile file number=00180 name=+DG_DATA_NEW_1/orcl/datafile/tbs_paic.391.1036281167
input datafile file number=00186 name=+DG_DATA_NEW_1/orcl/datafile/tbs_paic.392.1036281413
input datafile file number=00193 name=+DG_DATA_NEW_1/orcl/datafile/tbs_paic.393.1036281425
input datafile file number=00199 name=+DG_DATA_NEW_1/orcl/datafile/tbs_paic.400.1036284233
input datafile file number=00206 name=+DG_DATA_NEW_1/orcl/datafile/tbs_paic.403.1036285253
input datafile file number=00212 name=+DG_DATA_NEW_1/orcl/datafile/tbs_paic.420.1036286073
input datafile file number=00218 name=+DG_DATA_NEW_1/orcl/datafile/tbs_paic.431.1036286613
input datafile file number=00225 name=+DG_DATA_NEW_1/orcl/datafile/tbs_paic.438.1036287307
input datafile file number=00231 name=+DG_DATA_NEW_1/orcl/datafile/tbs_paic.439.1036287473
input datafile file number=00237 name=+DG_DATA_NEW_1/orcl/datafile/tbs_paic.441.1036287689
input datafile file number=00243 name=+DG_DATA_NEW_1/orcl/datafile/tbs_paic.442.1036287701
input datafile file number=00249 name=+DG_DATA_NEW_1/orcl/datafile/tbs_paic.447.1036290235
input datafile file number=00255 name=+DG_DATA_NEW_1/orcl/datafile/sysaux.451.1036291199
input datafile file number=00261 name=+DG_DATA_NEW_1/orcl/datafile/tbs_paic.464.1036291949
input datafile file number=00047 name=+DG_DATA_NEW_1/orcl/datafile/tbs_paic_clob.468.1036292065
input datafile file number=00050 name=+DG_DATA_NEW_1/orcl/datafile/tbs_paic.477.1036292537
input datafile file number=00056 name=+DG_DATA_NEW_1/orcl/datafile/tbs_paic.481.1036292677
input datafile file number=00062 name=+DG_DATA_NEW_1/orcl/datafile/tbs_paic_meta.494.1036293419
input datafile file number=00009 name=+DG_DATA_NEW_1/orcl/datafile/undotbs1.495.1036293439
input datafile file number=00012 name=+DG_DATA_NEW_1/orcl/datafile/tbs_paic_meta_index.497.1036293589
input datafile file number=00008 name=+DG_DATA_NEW_1/orcl/datafile/sysaux.498.1036293603
input datafile file number=00224 name=+DG_DATA_NEW_1/orcl/datafile/users.499.1036293629
channel c2: starting piece 1 at 02-APR-20
channel c3: starting compressed incremental level 2 datafile backup set
channel c3: specifying datafile(s) in backup set
input datafile file number=00025 name=+DG_DATA_NEW_1/orcl/datafile/tbs_paic.537.1036266693
input datafile file number=00034 name=+DG_DATA_NEW_1/orcl/datafile/tbs_paic.531.1036266731
input datafile file number=00042 name=+DG_DATA_NEW_1/orcl/datafile/tbs_paic.257.1036266771
input datafile file number=00039 name=+DG_DATA_NEW_1/orcl/datafile/tbs_paic.263.1036266811
input datafile file number=00068 name=+DG_DATA_NEW_1/orcl/datafile/tbs_paic.274.1036266851
input datafile file number=00075 name=+DG_DATA_NEW_1/orcl/datafile/tbs_paic.280.1036266891
input datafile file number=00081 name=+DG_DATA_NEW_1/orcl/datafile/tbs_paic.286.1036266933
input datafile file number=00088 name=+DG_DATA_NEW_1/orcl/datafile/tbs_paic.292.1036266977
input datafile file number=00094 name=+DG_DATA_NEW_1/orcl/datafile/tbs_paic_meta.302.1036272381
input datafile file number=00100 name=+DG_DATA_NEW_1/orcl/datafile/tbs_paic.303.1036272469
input datafile file number=00106 name=+DG_DATA_NEW_1/orcl/datafile/tbs_paic_index.304.1036272537
input datafile file number=00113 name=+DG_DATA_NEW_1/orcl/datafile/tbs_paic.307.1036272815
input datafile file number=00120 name=+DG_DATA_NEW_1/orcl/datafile/tbs_paic.312.1036272899
input datafile file number=00126 name=+DG_DATA_NEW_1/orcl/datafile/tbs_paic_index.317.1036273003
input datafile file number=00133 name=+DG_DATA_NEW_1/orcl/datafile/tbs_paic.318.1036273011
input datafile file number=00139 name=+DG_DATA_NEW_1/orcl/datafile/tbs_paic.335.1036273901
input datafile file number=00145 name=+DG_DATA_NEW_1/orcl/datafile/tbs_paic.341.1036274581
input datafile file number=00151 name=+DG_DATA_NEW_1/orcl/datafile/tbs_paic.345.1036275233
input datafile file number=00157 name=+DG_DATA_NEW_1/orcl/datafile/tbs_paic.353.1036278711
input datafile file number=00163 name=+DG_DATA_NEW_1/orcl/datafile/tbs_paic.359.1036279101
input datafile file number=00169 name=+DG_DATA_NEW_1/orcl/datafile/tbs_paic.360.1036279177
input datafile file number=00175 name=+DG_DATA_NEW_1/orcl/datafile/tbs_paic.362.1036279305
input datafile file number=00181 name=+DG_DATA_NEW_1/orcl/datafile/tbs_paic.370.1036279613
input datafile file number=00187 name=+DG_DATA_NEW_1/orcl/datafile/tbs_paic.383.1036280423
input datafile file number=00194 name=+DG_DATA_NEW_1/orcl/datafile/tbs_paic.390.1036281011
input datafile file number=00200 name=+DG_DATA_NEW_1/orcl/datafile/tbs_paic.395.1036281599
input datafile file number=00207 name=+DG_DATA_NEW_1/orcl/datafile/tbs_paic.402.1036284901
input datafile file number=00213 name=+DG_DATA_NEW_1/orcl/datafile/tbs_paic.404.1036285269
input datafile file number=00219 name=+DG_DATA_NEW_1/orcl/datafile/tbs_paic.405.1036285341
input datafile file number=00226 name=+DG_DATA_NEW_1/orcl/datafile/tbs_paic.408.1036285461
input datafile file number=00232 name=+DG_DATA_NEW_1/orcl/datafile/tbs_paic.411.1036285755
input datafile file number=00238 name=+DG_DATA_NEW_1/orcl/datafile/tbs_paic.429.1036286527
input datafile file number=00244 name=+DG_DATA_NEW_1/orcl/datafile/tbs_paic.436.1036287113
input datafile file number=00250 name=+DG_DATA_NEW_1/orcl/datafile/tbs_paic_index.440.1036287653
input datafile file number=00256 name=+DG_DATA_NEW_1/orcl/datafile/tbs_paic.449.1036290861
input datafile file number=00262 name=+DG_DATA_NEW_1/orcl/datafile/tbs_paic.452.1036291241
input datafile file number=00048 name=+DG_DATA_NEW_1/orcl/datafile/tbs_paic.453.1036291317
input datafile file number=00051 name=+DG_DATA_NEW_1/orcl/datafile/tbs_paic.455.1036291447
input datafile file number=00057 name=+DG_DATA_NEW_1/orcl/datafile/tbs_paic.457.1036291539
input datafile file number=00063 name=+DG_DATA_NEW_1/orcl/datafile/tbs_paic_index.461.1036291863
input datafile file number=00021 name=+DG_DATA_NEW_1/orcl/datafile/tbs_paic_readonly.475.1036292463
input datafile file number=00024 name=+DG_DATA_NEW_1/orcl/datafile/undotbs3.486.1036293003
input datafile file number=00007 name=+DG_DATA_NEW_1/orcl/datafile/system.489.1036293205
input datafile file number=00003 name=+DG_DATA_NEW_1/orcl/datafile/undotbs1.500.1036293687
channel c3: starting piece 1 at 02-APR-20
channel c4: starting compressed incremental level 2 datafile backup set
channel c4: specifying datafile(s) in backup set
input datafile file number=00026 name=+DG_DATA_NEW_1/orcl/datafile/tbs_paic.538.1036266691
input datafile file number=00035 name=+DG_DATA_NEW_1/orcl/datafile/tbs_paic.532.1036266729
input datafile file number=00011 name=+DG_DATA_NEW_1/orcl/datafile/tbs_paic_meta.258.1036266769
input datafile file number=00017 name=+DG_DATA_NEW_1/orcl/datafile/tbs_paic_index.260.1036266809
input datafile file number=00040 name=+DG_DATA_NEW_1/orcl/datafile/tbs_paic_clob.272.1036266849
input datafile file number=00069 name=+DG_DATA_NEW_1/orcl/datafile/tbs_paic.278.1036266889
input datafile file number=00076 name=+DG_DATA_NEW_1/orcl/datafile/tbs_paic_index.284.1036266933
input datafile file number=00083 name=+DG_DATA_NEW_1/orcl/datafile/tbs_paic.291.1036266977
input datafile file number=00089 name=+DG_DATA_NEW_1/orcl/datafile/tbs_paic.296.1036269341
input datafile file number=00095 name=+DG_DATA_NEW_1/orcl/datafile/tbs_paic.297.1036269517
input datafile file number=00101 name=+DG_DATA_NEW_1/orcl/datafile/tbs_paic.306.1036272767
input datafile file number=00108 name=+DG_DATA_NEW_1/orcl/datafile/tbs_paic_meta.310.1036272857
input datafile file number=00114 name=+DG_DATA_NEW_1/orcl/datafile/tbs_paic.315.1036272963
input datafile file number=00121 name=+DG_DATA_NEW_1/orcl/datafile/tbs_paic.319.1036273011
input datafile file number=00127 name=+DG_DATA_NEW_1/orcl/datafile/tbs_paic.321.1036273101
input datafile file number=00134 name=+DG_DATA_NEW_1/orcl/datafile/tbs_paic_index.322.1036273205
input datafile file number=00140 name=+DG_DATA_NEW_1/orcl/datafile/tbs_paic.344.1036275073
input datafile file number=00146 name=+DG_DATA_NEW_1/orcl/datafile/tbs_paic.347.1036275663
input datafile file number=00152 name=+DG_DATA_NEW_1/orcl/datafile/tbs_paic.348.1036275703
input datafile file number=00158 name=+DG_DATA_NEW_1/orcl/datafile/tbs_paic.358.1036279065
input datafile file number=00164 name=+DG_DATA_NEW_1/orcl/datafile/tbs_paic.365.1036279475
input datafile file number=00170 name=+DG_DATA_NEW_1/orcl/datafile/tbs_paic.367.1036279493
input datafile file number=00176 name=+DG_DATA_NEW_1/orcl/datafile/tbs_paic.371.1036279659
input datafile file number=00182 name=+DG_DATA_NEW_1/orcl/datafile/tbs_paic.374.1036279769
input datafile file number=00188 name=+DG_DATA_NEW_1/orcl/datafile/tbs_paic.394.1036281531
input datafile file number=00195 name=+DG_DATA_NEW_1/orcl/datafile/tbs_paic.396.1036282073
input datafile file number=00202 name=+DG_DATA_NEW_1/orcl/datafile/tbs_paic.397.1036282111
input datafile file number=00208 name=+DG_DATA_NEW_1/orcl/datafile/tbs_paic.407.1036285453
input datafile file number=00214 name=+DG_DATA_NEW_1/orcl/datafile/tbs_paic.414.1036285859
input datafile file number=00220 name=+DG_DATA_NEW_1/orcl/datafile/tbs_paic.415.1036285877
input datafile file number=00227 name=+DG_DATA_NEW_1/orcl/datafile/tbs_paic.419.1036286037
input datafile file number=00233 name=+DG_DATA_NEW_1/orcl/datafile/tbs_paic.422.1036286143
input datafile file number=00239 name=+DG_DATA_NEW_1/orcl/datafile/tbs_paic.443.1036287795
input datafile file number=00245 name=+DG_DATA_NEW_1/orcl/datafile/tbs_paic.444.1036288301
input datafile file number=00251 name=+DG_DATA_NEW_1/orcl/datafile/tbs_paic_index.445.1036288335
input datafile file number=00257 name=+DG_DATA_NEW_1/orcl/datafile/tbs_paic.454.1036291445
input datafile file number=00263 name=+DG_DATA_NEW_1/orcl/datafile/tbs_paic_index.460.1036291853
input datafile file number=00053 name=+DG_DATA_NEW_1/orcl/datafile/tbs_paic.462.1036291871
input datafile file number=00059 name=+DG_DATA_NEW_1/orcl/datafile/tbs_paic.463.1036291945
input datafile file number=00107 name=+DG_DATA_NEW_1/orcl/datafile/tbs_paic_readonly.467.1036292051
input datafile file number=00129 name=+DG_DATA_NEW_1/orcl/datafile/tbs_paic_readonly.480.1036292657
input datafile file number=00002 name=+DG_DATA_NEW_1/orcl/datafile/sysaux.493.1036293399
input datafile file number=00022 name=+DG_DATA_NEW_1/orcl/datafile/undotbs3.501.1036293761
input datafile file number=00201 name=+DG_DATA_NEW_1/orcl/datafile/users.502.1036293825
channel c4: starting piece 1 at 02-APR-20
channel c5: starting compressed incremental level 2 datafile backup set
channel c5: specifying datafile(s) in backup set
input datafile file number=00028 name=+DG_DATA_NEW_1/orcl/datafile/tbs_paic.533.1036266693
input datafile file number=00036 name=+DG_DATA_NEW_1/orcl/datafile/tbs_paic_index.265.1036266733
input datafile file number=00013 name=+DG_DATA_NEW_1/orcl/datafile/tbs_paic.526.1036266773
input datafile file number=00018 name=+DG_DATA_NEW_1/orcl/datafile/tbs_paic_clob.264.1036266811
input datafile file number=00044 name=+DG_DATA_NEW_1/orcl/datafile/tbs_paic_index.273.1036266849
input datafile file number=00070 name=+DG_DATA_NEW_1/orcl/datafile/tbs_paic.279.1036266889
input datafile file number=00077 name=+DG_DATA_NEW_1/orcl/datafile/tbs_paic.285.1036266933
input datafile file number=00084 name=+DG_DATA_NEW_1/orcl/datafile/tbs_paic.290.1036266977
input datafile file number=00090 name=+DG_DATA_NEW_1/orcl/datafile/tbs_paic.298.1036271217
input datafile file number=00096 name=+DG_DATA_NEW_1/orcl/datafile/tbs_paic.305.1036272707
input datafile file number=00102 name=+DG_DATA_NEW_1/orcl/datafile/tbs_paic.309.1036272833
input datafile file number=00109 name=+DG_DATA_NEW_1/orcl/datafile/tbs_paic_index.323.1036273231
input datafile file number=00115 name=+DG_DATA_NEW_1/orcl/datafile/tbs_paic.326.1036273303
input datafile file number=00122 name=+DG_DATA_NEW_1/orcl/datafile/tbs_paic.329.1036273391
input datafile file number=00128 name=+DG_DATA_NEW_1/orcl/datafile/tbs_paic.334.1036273851
input datafile file number=00135 name=+DG_DATA_NEW_1/orcl/datafile/tbs_paic.339.1036274301
input datafile file number=00141 name=+DG_DATA_NEW_1/orcl/datafile/tbs_paic.349.1036277499
input datafile file number=00147 name=+DG_DATA_NEW_1/orcl/datafile/tbs_paic.355.1036278863
input datafile file number=00153 name=+DG_DATA_NEW_1/orcl/datafile/tbs_paic.357.1036279027
input datafile file number=00159 name=+DG_DATA_NEW_1/orcl/datafile/tbs_paic.372.1036279703
input datafile file number=00165 name=+DG_DATA_NEW_1/orcl/datafile/tbs_paic_index.376.1036279889
input datafile file number=00171 name=+DG_DATA_NEW_1/orcl/datafile/tbs_paic.377.1036279949
input datafile file number=00177 name=+DG_DATA_NEW_1/orcl/datafile/tbs_paic.385.1036280465
input datafile file number=00183 name=+DG_DATA_NEW_1/orcl/datafile/tbs_paic.388.1036280919
input datafile file number=00189 name=+DG_DATA_NEW_1/orcl/datafile/tbs_paic_index.399.1036284071
input datafile file number=00196 name=+DG_DATA_NEW_1/orcl/datafile/tbs_paic_index.406.1036285351
input datafile file number=00203 name=+DG_DATA_NEW_1/orcl/datafile/tbs_paic.409.1036285503
input datafile file number=00209 name=+DG_DATA_NEW_1/orcl/datafile/tbs_paic.421.1036286139
input datafile file number=00215 name=+DG_DATA_NEW_1/orcl/datafile/tbs_paic.425.1036286323
input datafile file number=00221 name=+DG_DATA_NEW_1/orcl/datafile/tbs_paic.426.1036286373
input datafile file number=00228 name=+DG_DATA_NEW_1/orcl/datafile/tbs_paic.433.1036286863
input datafile file number=00234 name=+DG_DATA_NEW_1/orcl/datafile/tbs_paic.437.1036287281
input datafile file number=00240 name=+DG_DATA_NEW_1/orcl/datafile/tbs_paic.448.1036290235
input datafile file number=00246 name=+DG_DATA_NEW_1/orcl/datafile/tbs_paic.456.1036291483
input datafile file number=00252 name=+DG_DATA_NEW_1/orcl/datafile/tbs_paic_index.458.1036291633
input datafile file number=00258 name=+DG_DATA_NEW_1/orcl/datafile/tbs_paic.472.1036292237
input datafile file number=00264 name=+DG_DATA_NEW_1/orcl/datafile/tbs_paic_index.473.1036292409
input datafile file number=00054 name=+DG_DATA_NEW_1/orcl/datafile/tbs_paic.474.1036292461
input datafile file number=00060 name=+DG_DATA_NEW_1/orcl/datafile/tbs_paic_clob.485.1036292979
input datafile file number=00019 name=+DG_DATA_NEW_1/orcl/datafile/tbs_paic.491.1036293289
input datafile file number=00071 name=+DG_DATA_NEW_1/orcl/datafile/tbs_paic_readonly.496.1036293551
input datafile file number=00006 name=+DG_DATA_NEW_1/orcl/datafile/users.556.1036295343
input datafile file number=00043 name=+DG_DATA_NEW_1/orcl/datafile/users.557.1036295353
input datafile file number=00191 name=+DG_DATA_NEW_1/orcl/datafile/users.558.1036295355
channel c5: starting piece 1 at 02-APR-20
channel c6: starting compressed incremental level 2 datafile backup set
channel c6: specifying datafile(s) in backup set
input datafile file number=00030 name=+DG_DATA_NEW_1/orcl/datafile/tbs_paic.534.1036266693
input datafile file number=00038 name=+DG_DATA_NEW_1/orcl/datafile/tbs_paic.266.1036266733
input datafile file number=00015 name=+DG_DATA_NEW_1/orcl/datafile/tbs_paic.527.1036266773
input datafile file number=00032 name=+DG_DATA_NEW_1/orcl/datafile/tbs_paic.269.1036266813
input datafile file number=00066 name=+DG_DATA_NEW_1/orcl/datafile/tbs_paic.275.1036266851
input datafile file number=00073 name=+DG_DATA_NEW_1/orcl/datafile/tbs_paic_clob.281.1036266891
input datafile file number=00079 name=+DG_DATA_NEW_1/orcl/datafile/tbs_paic_index.287.1036266935
input datafile file number=00086 name=+DG_DATA_NEW_1/orcl/datafile/tbs_paic_clob.293.1036266979
input datafile file number=00092 name=+DG_DATA_NEW_1/orcl/datafile/tbs_paic.300.1036271525
input datafile file number=00098 name=+DG_DATA_NEW_1/orcl/datafile/tbs_paic.311.1036272869
input datafile file number=00104 name=+DG_DATA_NEW_1/orcl/datafile/tbs_paic.313.1036272907
input datafile file number=00111 name=+DG_DATA_NEW_1/orcl/datafile/tbs_paic_clob.320.1036273041
input datafile file number=00117 name=+DG_DATA_NEW_1/orcl/datafile/tbs_paic.324.1036273233
input datafile file number=00124 name=+DG_DATA_NEW_1/orcl/datafile/tbs_paic.330.1036273433
input datafile file number=00131 name=+DG_DATA_NEW_1/orcl/datafile/tbs_paic.332.1036273703
input datafile file number=00137 name=+DG_DATA_NEW_1/orcl/datafile/tbs_paic_clob.337.1036274109
input datafile file number=00143 name=+DG_DATA_NEW_1/orcl/datafile/tbs_paic_index.351.1036277953
input datafile file number=00149 name=+DG_DATA_NEW_1/orcl/datafile/tbs_paic_index.356.1036278957
input datafile file number=00155 name=+DG_DATA_NEW_1/orcl/datafile/tbs_paic.363.1036279325
input datafile file number=00161 name=+DG_DATA_NEW_1/orcl/datafile/tbs_paic.366.1036279489
input datafile file number=00167 name=+DG_DATA_NEW_1/orcl/datafile/tbs_paic.368.1036279553
input datafile file number=00173 name=+DG_DATA_NEW_1/orcl/datafile/tbs_paic.375.1036279831
input datafile file number=00179 name=+DG_DATA_NEW_1/orcl/datafile/tbs_paic.379.1036280051
input datafile file number=00185 name=+DG_DATA_NEW_1/orcl/datafile/tbs_paic.382.1036280227
input datafile file number=00192 name=+DG_DATA_NEW_1/orcl/datafile/tbs_paic.386.1036280491
input datafile file number=00198 name=+DG_DATA_NEW_1/orcl/datafile/tbs_paic.410.1036285511
input datafile file number=00205 name=+DG_DATA_NEW_1/orcl/datafile/tbs_paic.413.1036285821
input datafile file number=00211 name=+DG_DATA_NEW_1/orcl/datafile/tbs_paic_index.417.1036285969
input datafile file number=00217 name=+DG_DATA_NEW_1/orcl/datafile/tbs_paic.418.1036286031
input datafile file number=00223 name=+DG_DATA_NEW_1/orcl/datafile/tbs_paic.423.1036286251
input datafile file number=00230 name=+DG_DATA_NEW_1/orcl/datafile/tbs_paic.427.1036286439
input datafile file number=00236 name=+DG_DATA_NEW_1/orcl/datafile/tbs_paic.430.1036286611
input datafile file number=00242 name=+DG_DATA_NEW_1/orcl/datafile/tbs_paic.434.1036286873
input datafile file number=00248 name=+DG_DATA_NEW_1/orcl/datafile/tbs_paic.459.1036291659
input datafile file number=00254 name=+DG_DATA_NEW_1/orcl/datafile/tbs_paic_clob.465.1036291981
input datafile file number=00260 name=+DG_DATA_NEW_1/orcl/datafile/tbs_paic.469.1036292155
input datafile file number=00046 name=+DG_DATA_NEW_1/orcl/datafile/tbs_paic.471.1036292225
input datafile file number=00049 name=+DG_DATA_NEW_1/orcl/datafile/tbs_paic.476.1036292481
input datafile file number=00055 name=+DG_DATA_NEW_1/orcl/datafile/tbs_paic.479.1036292655
input datafile file number=00061 name=+DG_DATA_NEW_1/orcl/datafile/tbs_paic_clob.482.1036292707
input datafile file number=00010 name=+DG_DATA_NEW_1/orcl/datafile/undotbs2.483.1036292807
input datafile file number=00023 name=+DG_DATA_NEW_1/orcl/datafile/undotbs3.488.1036293051
input datafile file number=00001 name=+DG_DATA_NEW_1/orcl/datafile/system.503.1036294401
input datafile file number=00119 name=+DG_DATA_NEW_1/orcl/datafile/users.504.1036294599
channel c6: starting piece 1 at 02-APR-20
channel c1: finished piece 1 at 02-APR-20
piece handle=/dbbackup/paic/Thursday_dt_inc2_miusjb8e_20200402 tag=TAG20200402T000011 comment=NONE
channel c1: backup set complete, elapsed time: 00:38:41
channel c1: starting compressed incremental level 2 datafile backup set
channel c1: specifying datafile(s) in backup set
including current control file in backup set
channel c1: starting piece 1 at 02-APR-20
channel c1: finished piece 1 at 02-APR-20
piece handle=/dbbackup/paic/Thursday_dt_inc2_mousjdh0_20200402 tag=TAG20200402T000011 comment=NONE
channel c1: backup set complete, elapsed time: 00:00:01
channel c5: finished piece 1 at 02-APR-20
piece handle=/dbbackup/paic/Thursday_dt_inc2_mmusjb8h_20200402 tag=TAG20200402T000011 comment=NONE
channel c5: backup set complete, elapsed time: 00:39:03
channel c6: finished piece 1 at 02-APR-20
piece handle=/dbbackup/paic/Thursday_dt_inc2_mnusjb8j_20200402 tag=TAG20200402T000011 comment=NONE
channel c6: backup set complete, elapsed time: 00:39:41
channel c3: finished piece 1 at 02-APR-20
piece handle=/dbbackup/paic/Thursday_dt_inc2_mkusjb8f_20200402 tag=TAG20200402T000011 comment=NONE
channel c3: backup set complete, elapsed time: 00:40:06
channel c4: finished piece 1 at 02-APR-20
piece handle=/dbbackup/paic/Thursday_dt_inc2_mlusjb8g_20200402 tag=TAG20200402T000011 comment=NONE
channel c4: backup set complete, elapsed time: 00:40:05
channel c2: finished piece 1 at 02-APR-20
piece handle=/dbbackup/paic/Thursday_dt_inc2_mjusjb8f_20200402 tag=TAG20200402T000011 comment=NONE
channel c2: backup set complete, elapsed time: 00:40:17
Finished backup at 02-APR-20

Starting backup at 02-APR-20
channel c1: starting full datafile backup set
channel c1: specifying datafile(s) in backup set
including current control file in backup set
channel c1: starting piece 1 at 02-APR-20
channel c1: finished piece 1 at 02-APR-20
piece handle=/dbbackup/paic/Thursday_ctf_mpusjdk1_20200402 tag=TAG20200402T004033 comment=NONE
channel c1: backup set complete, elapsed time: 00:00:01
Finished backup at 02-APR-20

Starting backup at 02-APR-20
current log archived
skipping archived logs of thread 1 from sequence 68853 to 69171; already backed up
skipping archived logs of thread 1 from sequence 69157 to 69170; already backed up
skipping archived logs of thread 2 from sequence 46379 to 46693; already backed up
skipping archived logs of thread 2 from sequence 46679 to 46692; already backed up
skipping archived logs of thread 3 from sequence 70281 to 70990; already backed up
skipping archived logs of thread 3 from sequence 70976 to 70989; already backed up
skipping archived log of thread 1 with sequence 3; already backed up
skipping archived logs of thread 1 from sequence 1 to 331; already backed up
skipping archived logs of thread 2 from sequence 1 to 113; already backed up
skipping archived log of thread 3 with sequence 1; already backed up
channel c1: starting compressed archived log backup set
channel c1: specifying archived log(s) in backup set
input archived log thread=1 sequence=332 RECID=187404 STAMP=1036568598
input archived log thread=2 sequence=114 RECID=187406 STAMP=1036572198
input archived log thread=1 sequence=333 RECID=187405 STAMP=1036571115
input archived log thread=1 sequence=334 RECID=187407 STAMP=1036572198
input archived log thread=1 sequence=335 RECID=187408 STAMP=1036572894
input archived log thread=2 sequence=115 RECID=187410 STAMP=1036573944
input archived log thread=1 sequence=336 RECID=187409 STAMP=1036573449
input archived log thread=1 sequence=337 RECID=187411 STAMP=1036573944
input archived log thread=1 sequence=338 RECID=187412 STAMP=1036574397
input archived log thread=2 sequence=116 RECID=187414 STAMP=1036575267
input archived log thread=1 sequence=339 RECID=187413 STAMP=1036574835
input archived log thread=1 sequence=340 RECID=187415 STAMP=1036575267
input archived log thread=1 sequence=341 RECID=187416 STAMP=1036575678
input archived log thread=2 sequence=117 RECID=187418 STAMP=1036576458
input archived log thread=1 sequence=342 RECID=187417 STAMP=1036576062
input archived log thread=1 sequence=343 RECID=187419 STAMP=1036576458
input archived log thread=1 sequence=344 RECID=187420 STAMP=1036576839
input archived log thread=2 sequence=118 RECID=187422 STAMP=1036577554
input archived log thread=1 sequence=345 RECID=187421 STAMP=1036577202
input archived log thread=1 sequence=346 RECID=187423 STAMP=1036577554
input archived log thread=1 sequence=347 RECID=187424 STAMP=1036577910
input archived log thread=2 sequence=119 RECID=187427 STAMP=1036578601
input archived log thread=1 sequence=348 RECID=187425 STAMP=1036578267
input archived log thread=1 sequence=349 RECID=187426 STAMP=1036578600
input archived log thread=1 sequence=350 RECID=187428 STAMP=1036578930
input archived log thread=2 sequence=120 RECID=187431 STAMP=1036579576
input archived log thread=1 sequence=351 RECID=187429 STAMP=1036579263
input archived log thread=1 sequence=352 RECID=187430 STAMP=1036579575
channel c1: starting piece 1 at 02-APR-20
channel c2: starting compressed archived log backup set
channel c2: specifying archived log(s) in backup set
input archived log thread=1 sequence=353 RECID=187432 STAMP=1036579923
input archived log thread=2 sequence=121 RECID=187435 STAMP=1036580578
input archived log thread=1 sequence=354 RECID=187433 STAMP=1036580241
input archived log thread=1 sequence=355 RECID=187434 STAMP=1036580577
input archived log thread=1 sequence=356 RECID=187436 STAMP=1036580907
input archived log thread=2 sequence=122 RECID=187439 STAMP=1036581569
input archived log thread=1 sequence=357 RECID=187437 STAMP=1036581244
input archived log thread=1 sequence=358 RECID=187438 STAMP=1036581567
input archived log thread=1 sequence=359 RECID=187440 STAMP=1036581927
input archived log thread=2 sequence=123 RECID=187443 STAMP=1036582591
input archived log thread=1 sequence=360 RECID=187441 STAMP=1036582258
input archived log thread=1 sequence=361 RECID=187442 STAMP=1036582591
input archived log thread=1 sequence=362 RECID=187444 STAMP=1036582936
input archived log thread=2 sequence=124 RECID=187447 STAMP=1036583662
input archived log thread=1 sequence=363 RECID=187445 STAMP=1036583284
input archived log thread=1 sequence=364 RECID=187446 STAMP=1036583662
input archived log thread=1 sequence=365 RECID=187448 STAMP=1036584046
input archived log thread=2 sequence=125 RECID=187451 STAMP=1036584943
input archived log thread=1 sequence=366 RECID=187449 STAMP=1036584463
input archived log thread=1 sequence=367 RECID=187450 STAMP=1036584943
input archived log thread=1 sequence=368 RECID=187452 STAMP=1036585492
input archived log thread=2 sequence=126 RECID=187455 STAMP=1036586773
input archived log thread=1 sequence=369 RECID=187453 STAMP=1036586158
input archived log thread=1 sequence=370 RECID=187454 STAMP=1036586773
input archived log thread=1 sequence=371 RECID=187456 STAMP=1036587319
input archived log thread=2 sequence=127 RECID=187459 STAMP=1036588528
input archived log thread=1 sequence=372 RECID=187457 STAMP=1036587931
input archived log thread=1 sequence=373 RECID=187458 STAMP=1036588528
channel c2: starting piece 1 at 02-APR-20
channel c3: starting compressed archived log backup set
channel c3: specifying archived log(s) in backup set
input archived log thread=1 sequence=374 RECID=187460 STAMP=1036589113
input archived log thread=2 sequence=128 RECID=187463 STAMP=1036590115
input archived log thread=1 sequence=375 RECID=187461 STAMP=1036589644
input archived log thread=1 sequence=376 RECID=187462 STAMP=1036590115
input archived log thread=1 sequence=377 RECID=187464 STAMP=1036590538
input archived log thread=2 sequence=129 RECID=187467 STAMP=1036591081
input archived log thread=1 sequence=378 RECID=187465 STAMP=1036590832
input archived log thread=1 sequence=379 RECID=187466 STAMP=1036591081
input archived log thread=1 sequence=380 RECID=187468 STAMP=1036591489
input archived log thread=2 sequence=130 RECID=187471 STAMP=1036592233
input archived log thread=1 sequence=381 RECID=187469 STAMP=1036591870
input archived log thread=1 sequence=382 RECID=187470 STAMP=1036592233
input archived log thread=1 sequence=383 RECID=187472 STAMP=1036592563
input archived log thread=2 sequence=131 RECID=187475 STAMP=1036593247
input archived log thread=1 sequence=384 RECID=187473 STAMP=1036592914
input archived log thread=1 sequence=385 RECID=187474 STAMP=1036593247
input archived log thread=1 sequence=386 RECID=187476 STAMP=1036593577
input archived log thread=2 sequence=132 RECID=187479 STAMP=1036594222
input archived log thread=1 sequence=387 RECID=187477 STAMP=1036593901
input archived log thread=1 sequence=388 RECID=187478 STAMP=1036594222
input archived log thread=1 sequence=389 RECID=187480 STAMP=1036594558
input archived log thread=2 sequence=133 RECID=187483 STAMP=1036595248
input archived log thread=1 sequence=390 RECID=187481 STAMP=1036594903
input archived log thread=1 sequence=391 RECID=187482 STAMP=1036595248
input archived log thread=1 sequence=392 RECID=187484 STAMP=1036595572
input archived log thread=2 sequence=134 RECID=187487 STAMP=1036596190
input archived log thread=1 sequence=393 RECID=187485 STAMP=1036595884
input archived log thread=1 sequence=394 RECID=187486 STAMP=1036596190
channel c3: starting piece 1 at 02-APR-20
channel c4: starting compressed archived log backup set
channel c4: specifying archived log(s) in backup set
input archived log thread=1 sequence=395 RECID=187488 STAMP=1036596493
input archived log thread=2 sequence=135 RECID=187491 STAMP=1036597078
input archived log thread=1 sequence=396 RECID=187489 STAMP=1036596802
input archived log thread=1 sequence=397 RECID=187490 STAMP=1036597078
input archived log thread=1 sequence=398 RECID=187492 STAMP=1036597381
input archived log thread=2 sequence=136 RECID=187495 STAMP=1036597994
input archived log thread=1 sequence=399 RECID=187493 STAMP=1036597693
input archived log thread=1 sequence=400 RECID=187494 STAMP=1036597993
input archived log thread=1 sequence=401 RECID=187496 STAMP=1036598296
input archived log thread=2 sequence=137 RECID=187499 STAMP=1036598852
input archived log thread=1 sequence=402 RECID=187497 STAMP=1036598566
input archived log thread=1 sequence=403 RECID=187498 STAMP=1036598851
input archived log thread=1 sequence=404 RECID=187500 STAMP=1036599163
input archived log thread=2 sequence=138 RECID=187503 STAMP=1036599794
input archived log thread=1 sequence=405 RECID=187501 STAMP=1036599496
input archived log thread=1 sequence=406 RECID=187502 STAMP=1036599793
input archived log thread=1 sequence=407 RECID=187504 STAMP=1036600093
input archived log thread=2 sequence=139 RECID=187507 STAMP=1036600700
input archived log thread=1 sequence=408 RECID=187505 STAMP=1036600390
input archived log thread=1 sequence=409 RECID=187506 STAMP=1036600699
input archived log thread=1 sequence=410 RECID=187508 STAMP=1036600978
input archived log thread=2 sequence=140 RECID=187511 STAMP=1036601561
input archived log thread=1 sequence=411 RECID=187509 STAMP=1036601284
input archived log thread=1 sequence=412 RECID=187510 STAMP=1036601560
input archived log thread=1 sequence=413 RECID=187512 STAMP=1036601830
input archived log thread=2 sequence=141 RECID=187515 STAMP=1036602419
input archived log thread=1 sequence=414 RECID=187513 STAMP=1036602109
input archived log thread=1 sequence=415 RECID=187514 STAMP=1036602418
channel c4: starting piece 1 at 02-APR-20
channel c5: starting compressed archived log backup set
channel c5: specifying archived log(s) in backup set
input archived log thread=1 sequence=416 RECID=187516 STAMP=1036602718
input archived log thread=2 sequence=142 RECID=187519 STAMP=1036603301
input archived log thread=1 sequence=417 RECID=187517 STAMP=1036603000
input archived log thread=1 sequence=418 RECID=187518 STAMP=1036603300
input archived log thread=1 sequence=419 RECID=187520 STAMP=1036603585
input archived log thread=2 sequence=143 RECID=187523 STAMP=1036604159
input archived log thread=1 sequence=420 RECID=187521 STAMP=1036603855
input archived log thread=1 sequence=421 RECID=187522 STAMP=1036604158
input archived log thread=1 sequence=422 RECID=187524 STAMP=1036604449
input archived log thread=2 sequence=144 RECID=187527 STAMP=1036605023
input archived log thread=1 sequence=423 RECID=187525 STAMP=1036604740
input archived log thread=1 sequence=424 RECID=187526 STAMP=1036605022
input archived log thread=1 sequence=425 RECID=187528 STAMP=1036605322
input archived log thread=2 sequence=145 RECID=187531 STAMP=1036605923
input archived log thread=1 sequence=426 RECID=187529 STAMP=1036605611
input archived log thread=1 sequence=427 RECID=187530 STAMP=1036605923
input archived log thread=1 sequence=428 RECID=187532 STAMP=1036606316
input archived log thread=2 sequence=146 RECID=187535 STAMP=1036607078
input archived log thread=1 sequence=429 RECID=187533 STAMP=1036606688
input archived log thread=1 sequence=430 RECID=187534 STAMP=1036607078
input archived log thread=1 sequence=431 RECID=187536 STAMP=1036607504
input archived log thread=2 sequence=147 RECID=187539 STAMP=1036608371
input archived log thread=1 sequence=432 RECID=187537 STAMP=1036607945
input archived log thread=1 sequence=433 RECID=187538 STAMP=1036608371
input archived log thread=1 sequence=434 RECID=187540 STAMP=1036608869
input archived log thread=2 sequence=148 RECID=187543 STAMP=1036610033
input archived log thread=1 sequence=435 RECID=187541 STAMP=1036609379
input archived log thread=1 sequence=436 RECID=187542 STAMP=1036610033
channel c5: starting piece 1 at 02-APR-20
channel c6: starting compressed archived log backup set
channel c6: specifying archived log(s) in backup set
input archived log thread=1 sequence=437 RECID=187544 STAMP=1036610666
input archived log thread=2 sequence=149 RECID=187547 STAMP=1036612013
input archived log thread=1 sequence=438 RECID=187545 STAMP=1036611281
input archived log thread=1 sequence=439 RECID=187546 STAMP=1036612013
input archived log thread=1 sequence=440 RECID=187548 STAMP=1036612754
input archived log thread=2 sequence=150 RECID=187551 STAMP=1036614431
input archived log thread=1 sequence=441 RECID=187549 STAMP=1036613600
input archived log thread=1 sequence=442 RECID=187550 STAMP=1036614431
input archived log thread=1 sequence=443 RECID=187552 STAMP=1036615250
input archived log thread=2 sequence=151 RECID=187555 STAMP=1036616979
input archived log thread=1 sequence=444 RECID=187553 STAMP=1036616081
input archived log thread=1 sequence=445 RECID=187554 STAMP=1036616978
input archived log thread=1 sequence=446 RECID=187556 STAMP=1036617911
input archived log thread=2 sequence=152 RECID=187559 STAMP=1036619898
input archived log thread=1 sequence=447 RECID=187557 STAMP=1036618910
input archived log thread=1 sequence=448 RECID=187558 STAMP=1036619897
input archived log thread=1 sequence=449 RECID=187560 STAMP=1036620881
input archived log thread=2 sequence=153 RECID=187563 STAMP=1036623252
input archived log thread=1 sequence=450 RECID=187561 STAMP=1036621970
input archived log thread=1 sequence=451 RECID=187562 STAMP=1036623251
input archived log thread=1 sequence=452 RECID=187564 STAMP=1036624697
input archived log thread=2 sequence=154 RECID=187566 STAMP=1036629636
input archived log thread=1 sequence=453 RECID=187565 STAMP=1036626473
input archived log thread=1 sequence=454 RECID=187567 STAMP=1036629638
channel c6: starting piece 1 at 02-APR-20
channel c6: finished piece 1 at 02-APR-20
piece handle=/dbbackup/paic/Thursday_arch_mvusjdkf_20200402 tag=TAG20200402T004043 comment=NONE
channel c6: backup set complete, elapsed time: 00:03:05
channel c1: finished piece 1 at 02-APR-20
piece handle=/dbbackup/paic/Thursday_arch_mqusjdkd_20200402 tag=TAG20200402T004043 comment=NONE
channel c1: backup set complete, elapsed time: 00:03:37
channel c2: finished piece 1 at 02-APR-20
piece handle=/dbbackup/paic/Thursday_arch_mrusjdkd_20200402 tag=TAG20200402T004043 comment=NONE
channel c2: backup set complete, elapsed time: 00:03:36
channel c3: finished piece 1 at 02-APR-20
piece handle=/dbbackup/paic/Thursday_arch_msusjdke_20200402 tag=TAG20200402T004043 comment=NONE
channel c3: backup set complete, elapsed time: 00:03:36
channel c4: finished piece 1 at 02-APR-20
piece handle=/dbbackup/paic/Thursday_arch_mtusjdke_20200402 tag=TAG20200402T004043 comment=NONE
channel c4: backup set complete, elapsed time: 00:03:36
channel c5: finished piece 1 at 02-APR-20
piece handle=/dbbackup/paic/Thursday_arch_muusjdke_20200402 tag=TAG20200402T004043 comment=NONE
channel c5: backup set complete, elapsed time: 00:03:35
Finished backup at 02-APR-20

Starting Control File Autobackup at 02-APR-20
piece handle=/app/oracle/product/11.2.0/oracle/dbs/c-1492966431-20200402-00 comment=NONE
Finished Control File Autobackup at 02-APR-20

released channel: c1

released channel: c2

released channel: c3

released channel: c4

released channel: c5

released channel: c6

RMAN> 

Recovery Manager complete.
Last login: Thu Apr  2 00:00:01 CST 2020
