
Recovery Manager: Release 11.2.0.4.0 - Production on Sun May 3 00:00:01 2020

Copyright (c) 1982, 2011, Oracle and/or its affiliates.  All rights reserved.

connected to target database: ORCL (DBID=1492966431)

RMAN> 2> 3> 4> 5> 6> 7> 8> 9> 10> 11> 12> 13> 14> 15> 16> 17> 18> 19> 
using target database control file instead of recovery catalog
allocated channel: c1
channel c1: SID=974 instance=orcl2 device type=DISK

allocated channel: c2
channel c2: SID=1797 instance=orcl2 device type=DISK

allocated channel: c3
channel c3: SID=1842 instance=orcl2 device type=DISK

allocated channel: c4
channel c4: SID=1917 instance=orcl2 device type=DISK

allocated channel: c5
channel c5: SID=1996 instance=orcl2 device type=DISK

allocated channel: c6
channel c6: SID=2057 instance=orcl2 device type=DISK

Starting backup at 03-MAY-20
channel c1: starting compressed incremental level 2 datafile backup set
channel c1: specifying datafile(s) in backup set
input datafile file number=00031 name=+DG_DATA_NEW_1/orcl/datafile/tbs_paic_index.536.1036266693
input datafile file number=00041 name=+DG_DATA_NEW_1/orcl/datafile/tbs_paic.530.1036266731
input datafile file number=00016 name=+DG_DATA_NEW_1/orcl/datafile/tbs_paic.528.1036266771
input datafile file number=00033 name=+DG_DATA_NEW_1/orcl/datafile/tbs_paic_clob.261.1036266809
input datafile file number=00067 name=+DG_DATA_NEW_1/orcl/datafile/tbs_paic_clob.271.1036266849
input datafile file number=00074 name=+DG_DATA_NEW_1/orcl/datafile/tbs_paic.277.1036266889
input datafile file number=00080 name=+DG_DATA_NEW_1/orcl/datafile/tbs_paic_clob.283.1036266931
input datafile file number=00087 name=+DG_DATA_NEW_1/orcl/datafile/tbs_paic_index.289.1036266975
input datafile file number=00093 name=+DG_DATA_NEW_1/orcl/datafile/tbs_paic_clob.301.1036271889
input datafile file number=00099 name=+DG_DATA_NEW_1/orcl/datafile/tbs_paic.327.1036273309
input datafile file number=00105 name=+DG_DATA_NEW_1/orcl/datafile/tbs_paic.331.1036273653
input datafile file number=00112 name=+DG_DATA_NEW_1/orcl/datafile/tbs_paic_clob.336.1036273923
input datafile file number=00118 name=+DG_DATA_NEW_1/orcl/datafile/tbs_paic.338.1036274249
input datafile file number=00125 name=+DG_DATA_NEW_1/orcl/datafile/tbs_paic_index.340.1036274317
input datafile file number=00132 name=+DG_DATA_NEW_1/orcl/datafile/tbs_paic.342.1036274795
input datafile file number=00138 name=+DG_DATA_NEW_1/orcl/datafile/tbs_paic.343.1036274807
input datafile file number=00144 name=+DG_DATA_NEW_1/orcl/datafile/tbs_paic.350.1036277721
input datafile file number=00150 name=+DG_DATA_NEW_1/orcl/datafile/tbs_paic.354.1036278763
input datafile file number=00156 name=+DG_DATA_NEW_1/orcl/datafile/tbs_paic_index.369.1036279587
input datafile file number=00162 name=+DG_DATA_NEW_1/orcl/datafile/tbs_paic_index.381.1036280167
input datafile file number=00168 name=+DG_DATA_NEW_1/orcl/datafile/tbs_paic.384.1036280443
input datafile file number=00174 name=+DG_DATA_NEW_1/orcl/datafile/tbs_paic.389.1036280935
input datafile file number=00180 name=+DG_DATA_NEW_1/orcl/datafile/tbs_paic.391.1036281167
input datafile file number=00186 name=+DG_DATA_NEW_1/orcl/datafile/tbs_paic.392.1036281413
input datafile file number=00193 name=+DG_DATA_NEW_1/orcl/datafile/tbs_paic.393.1036281425
input datafile file number=00199 name=+DG_DATA_NEW_1/orcl/datafile/tbs_paic.400.1036284233
input datafile file number=00206 name=+DG_DATA_NEW_1/orcl/datafile/tbs_paic.403.1036285253
input datafile file number=00212 name=+DG_DATA_NEW_1/orcl/datafile/tbs_paic.420.1036286073
input datafile file number=00218 name=+DG_DATA_NEW_1/orcl/datafile/tbs_paic.431.1036286613
input datafile file number=00225 name=+DG_DATA_NEW_1/orcl/datafile/tbs_paic.438.1036287307
input datafile file number=00231 name=+DG_DATA_NEW_1/orcl/datafile/tbs_paic.439.1036287473
input datafile file number=00237 name=+DG_DATA_NEW_1/orcl/datafile/tbs_paic.441.1036287689
input datafile file number=00243 name=+DG_DATA_NEW_1/orcl/datafile/tbs_paic.442.1036287701
input datafile file number=00249 name=+DG_DATA_NEW_1/orcl/datafile/tbs_paic.447.1036290235
input datafile file number=00255 name=+DG_DATA_NEW_1/orcl/datafile/sysaux.451.1036291199
input datafile file number=00261 name=+DG_DATA_NEW_1/orcl/datafile/tbs_paic.464.1036291949
input datafile file number=00267 name=+DG_DATA_NEW_1/orcl/datafile/tbs_paic.576.1037141097
input datafile file number=00273 name=+DG_DATA_NEW_1/orcl/datafile/tbs_paic.582.1037141861
input datafile file number=00279 name=+DATA01/orcl/datafile/tbs_paic_index.479.15867640472
input datafile file number=00285 name=+DATA01/orcl/datafile/tbs_paic.266.1038255423
input datafile file number=00291 name=+DATA01/orcl/datafile/tbs_paic.272.1038255659
input datafile file number=00297 name=+DATA01/orcl/datafile/tbs_paic.278.1038255861
input datafile file number=00303 name=+DATA01/orcl/datafile/tbs_paic.284.1038256107
input datafile file number=00050 name=+DG_DATA_NEW_1/orcl/datafile/tbs_paic.477.1036292537
input datafile file number=00056 name=+DG_DATA_NEW_1/orcl/datafile/tbs_paic.481.1036292677
input datafile file number=00062 name=+DG_DATA_NEW_1/orcl/datafile/tbs_paic_meta.494.1036293419
input datafile file number=00009 name=+DG_DATA_NEW_1/orcl/datafile/undotbs1.495.1036293439
input datafile file number=00071 name=+DG_DATA_NEW_1/orcl/datafile/tbs_paic_readonly.496.1036293551
input datafile file number=00006 name=+DG_DATA_NEW_1/orcl/datafile/users.556.1036295343
input datafile file number=00002 name=+DG_DATA_NEW_1/orcl/datafile/sysaux.493.1036293399
input datafile file number=00045 name=+DG_DATA_NEW_1/orcl/datafile/sysaux.505.1036294853
channel c1: starting piece 1 at 03-MAY-20
channel c2: starting compressed incremental level 2 datafile backup set
channel c2: specifying datafile(s) in backup set
input datafile file number=00030 name=+DG_DATA_NEW_1/orcl/datafile/tbs_paic.534.1036266693
input datafile file number=00038 name=+DG_DATA_NEW_1/orcl/datafile/tbs_paic.266.1036266733
input datafile file number=00015 name=+DG_DATA_NEW_1/orcl/datafile/tbs_paic.527.1036266773
input datafile file number=00032 name=+DG_DATA_NEW_1/orcl/datafile/tbs_paic.269.1036266813
input datafile file number=00066 name=+DG_DATA_NEW_1/orcl/datafile/tbs_paic.275.1036266851
input datafile file number=00073 name=+DG_DATA_NEW_1/orcl/datafile/tbs_paic_clob.281.1036266891
input datafile file number=00079 name=+DG_DATA_NEW_1/orcl/datafile/tbs_paic_index.287.1036266935
input datafile file number=00086 name=+DG_DATA_NEW_1/orcl/datafile/tbs_paic_clob.293.1036266979
input datafile file number=00092 name=+DG_DATA_NEW_1/orcl/datafile/tbs_paic.300.1036271525
input datafile file number=00098 name=+DG_DATA_NEW_1/orcl/datafile/tbs_paic.311.1036272869
input datafile file number=00104 name=+DG_DATA_NEW_1/orcl/datafile/tbs_paic.313.1036272907
input datafile file number=00111 name=+DG_DATA_NEW_1/orcl/datafile/tbs_paic_clob.320.1036273041
input datafile file number=00117 name=+DG_DATA_NEW_1/orcl/datafile/tbs_paic.324.1036273233
input datafile file number=00124 name=+DG_DATA_NEW_1/orcl/datafile/tbs_paic.330.1036273433
input datafile file number=00131 name=+DG_DATA_NEW_1/orcl/datafile/tbs_paic.332.1036273703
input datafile file number=00137 name=+DG_DATA_NEW_1/orcl/datafile/tbs_paic_clob.337.1036274109
input datafile file number=00143 name=+DG_DATA_NEW_1/orcl/datafile/tbs_paic_index.351.1036277953
input datafile file number=00149 name=+DG_DATA_NEW_1/orcl/datafile/tbs_paic_index.356.1036278957
input datafile file number=00155 name=+DG_DATA_NEW_1/orcl/datafile/tbs_paic.363.1036279325
input datafile file number=00161 name=+DG_DATA_NEW_1/orcl/datafile/tbs_paic.366.1036279489
input datafile file number=00167 name=+DG_DATA_NEW_1/orcl/datafile/tbs_paic.368.1036279553
input datafile file number=00173 name=+DG_DATA_NEW_1/orcl/datafile/tbs_paic.375.1036279831
input datafile file number=00179 name=+DG_DATA_NEW_1/orcl/datafile/tbs_paic.379.1036280051
input datafile file number=00185 name=+DG_DATA_NEW_1/orcl/datafile/tbs_paic.382.1036280227
input datafile file number=00192 name=+DG_DATA_NEW_1/orcl/datafile/tbs_paic.386.1036280491
input datafile file number=00198 name=+DG_DATA_NEW_1/orcl/datafile/tbs_paic.410.1036285511
input datafile file number=00205 name=+DG_DATA_NEW_1/orcl/datafile/tbs_paic.413.1036285821
input datafile file number=00211 name=+DG_DATA_NEW_1/orcl/datafile/tbs_paic_index.417.1036285969
input datafile file number=00217 name=+DG_DATA_NEW_1/orcl/datafile/tbs_paic.418.1036286031
input datafile file number=00223 name=+DG_DATA_NEW_1/orcl/datafile/tbs_paic.423.1036286251
input datafile file number=00230 name=+DG_DATA_NEW_1/orcl/datafile/tbs_paic.427.1036286439
input datafile file number=00236 name=+DG_DATA_NEW_1/orcl/datafile/tbs_paic.430.1036286611
input datafile file number=00242 name=+DG_DATA_NEW_1/orcl/datafile/tbs_paic.434.1036286873
input datafile file number=00248 name=+DG_DATA_NEW_1/orcl/datafile/tbs_paic.459.1036291659
input datafile file number=00254 name=+DG_DATA_NEW_1/orcl/datafile/tbs_paic_clob.465.1036291981
input datafile file number=00260 name=+DG_DATA_NEW_1/orcl/datafile/tbs_paic.469.1036292155
input datafile file number=00266 name=+DG_DATA_NEW_1/orcl/datafile/tbs_paic.575.1037141075
input datafile file number=00272 name=+DG_DATA_NEW_1/orcl/datafile/tbs_paic.581.1037141815
input datafile file number=00278 name=+DATA01/orcl/datafile/tbs_paic_index.479.15867640471
input datafile file number=00284 name=+DATA01/orcl/datafile/tbs_paic.265.1038255385
input datafile file number=00290 name=+DATA01/orcl/datafile/tbs_paic.271.1038255621
input datafile file number=00296 name=+DATA01/orcl/datafile/tbs_paic.277.1038255831
input datafile file number=00302 name=+DATA01/orcl/datafile/tbs_paic.283.1038256085
input datafile file number=00049 name=+DG_DATA_NEW_1/orcl/datafile/tbs_paic.476.1036292481
input datafile file number=00055 name=+DG_DATA_NEW_1/orcl/datafile/tbs_paic.479.1036292655
input datafile file number=00061 name=+DG_DATA_NEW_1/orcl/datafile/tbs_paic_clob.482.1036292707
input datafile file number=00010 name=+DG_DATA_NEW_1/orcl/datafile/undotbs2.483.1036292807
input datafile file number=00129 name=+DG_DATA_NEW_1/orcl/datafile/tbs_paic_readonly.480.1036292657
input datafile file number=00001 name=+DG_DATA_NEW_1/orcl/datafile/system.503.1036294401
input datafile file number=00008 name=+DG_DATA_NEW_1/orcl/datafile/sysaux.498.1036293603
channel c2: starting piece 1 at 03-MAY-20
channel c3: starting compressed incremental level 2 datafile backup set
channel c3: specifying datafile(s) in backup set
input datafile file number=00029 name=+DG_DATA_NEW_1/orcl/datafile/tbs_paic.535.1036266693
input datafile file number=00037 name=+DG_DATA_NEW_1/orcl/datafile/tbs_paic.529.1036266733
input datafile file number=00014 name=+DG_DATA_NEW_1/orcl/datafile/tbs_paic.259.1036266773
input datafile file number=00020 name=+DG_DATA_NEW_1/orcl/datafile/tbs_paic_meta.270.1036266813
input datafile file number=00065 name=+DG_DATA_NEW_1/orcl/datafile/tbs_paic.276.1036266851
input datafile file number=00072 name=+DG_DATA_NEW_1/orcl/datafile/tbs_paic_index.282.1036266893
input datafile file number=00078 name=+DG_DATA_NEW_1/orcl/datafile/tbs_paic.288.1036266935
input datafile file number=00085 name=+DG_DATA_NEW_1/orcl/datafile/tbs_paic.294.1036266979
input datafile file number=00091 name=+DG_DATA_NEW_1/orcl/datafile/tbs_paic.295.1036269159
input datafile file number=00097 name=+DG_DATA_NEW_1/orcl/datafile/tbs_paic_index.299.1036271259
input datafile file number=00103 name=+DG_DATA_NEW_1/orcl/datafile/tbs_paic.308.1036272815
input datafile file number=00110 name=+DG_DATA_NEW_1/orcl/datafile/tbs_paic_index.314.1036272921
input datafile file number=00116 name=+DG_DATA_NEW_1/orcl/datafile/tbs_paic.316.1036273001
input datafile file number=00123 name=+DG_DATA_NEW_1/orcl/datafile/tbs_paic.325.1036273279
input datafile file number=00130 name=+DG_DATA_NEW_1/orcl/datafile/tbs_paic.328.1036273323
input datafile file number=00136 name=+DG_DATA_NEW_1/orcl/datafile/tbs_paic.333.1036273801
input datafile file number=00142 name=+DG_DATA_NEW_1/orcl/datafile/tbs_paic_index.346.1036275423
input datafile file number=00148 name=+DG_DATA_NEW_1/orcl/datafile/tbs_paic.352.1036278113
input datafile file number=00154 name=+DG_DATA_NEW_1/orcl/datafile/tbs_paic.361.1036279265
input datafile file number=00160 name=+DG_DATA_NEW_1/orcl/datafile/tbs_paic.364.1036279431
input datafile file number=00166 name=+DG_DATA_NEW_1/orcl/datafile/tbs_paic_index.373.1036279761
input datafile file number=00172 name=+DG_DATA_NEW_1/orcl/datafile/tbs_paic.378.1036280005
input datafile file number=00178 name=+DG_DATA_NEW_1/orcl/datafile/tbs_paic.380.1036280131
input datafile file number=00184 name=+DG_DATA_NEW_1/orcl/datafile/tbs_paic_index.387.1036280593
input datafile file number=00190 name=+DG_DATA_NEW_1/orcl/datafile/tbs_paic.398.1036282171
input datafile file number=00197 name=+DG_DATA_NEW_1/orcl/datafile/tbs_paic.401.1036284701
input datafile file number=00204 name=+DG_DATA_NEW_1/orcl/datafile/tbs_paic_index.412.1036285787
input datafile file number=00210 name=+DG_DATA_NEW_1/orcl/datafile/tbs_paic_index.416.1036285943
input datafile file number=00216 name=+DG_DATA_NEW_1/orcl/datafile/tbs_paic.424.1036286275
input datafile file number=00222 name=+DG_DATA_NEW_1/orcl/datafile/tbs_paic.428.1036286515
input datafile file number=00229 name=+DG_DATA_NEW_1/orcl/datafile/tbs_paic.432.1036286641
input datafile file number=00235 name=+DG_DATA_NEW_1/orcl/datafile/tbs_paic.435.1036287081
input datafile file number=00241 name=+DG_DATA_NEW_1/orcl/datafile/tbs_paic.446.1036288547
input datafile file number=00247 name=+DG_DATA_NEW_1/orcl/datafile/tbs_paic.450.1036290953
input datafile file number=00253 name=+DG_DATA_NEW_1/orcl/datafile/tbs_paic_clob.466.1036292001
input datafile file number=00259 name=+DG_DATA_NEW_1/orcl/datafile/tbs_paic.470.1036292173
input datafile file number=00265 name=+DG_DATA_NEW_1/orcl/datafile/tbs_paic.574.1037141047
input datafile file number=00271 name=+DG_DATA_NEW_1/orcl/datafile/tbs_paic.580.1037141795
input datafile file number=00277 name=+DATA01/orcl/datafile/tbs_paic.479.15867640473
input datafile file number=00283 name=+DATA01/orcl/datafile/tbs_paic.264.1038245767
input datafile file number=00289 name=+DATA01/orcl/datafile/tbs_paic.270.1038255593
input datafile file number=00295 name=+DATA01/orcl/datafile/tbs_paic.276.1038255789
input datafile file number=00301 name=+DATA01/orcl/datafile/tbs_paic.282.1038255987
input datafile file number=00048 name=+DG_DATA_NEW_1/orcl/datafile/tbs_paic.453.1036291317
input datafile file number=00054 name=+DG_DATA_NEW_1/orcl/datafile/tbs_paic.474.1036292461
input datafile file number=00060 name=+DG_DATA_NEW_1/orcl/datafile/tbs_paic_clob.485.1036292979
input datafile file number=00019 name=+DG_DATA_NEW_1/orcl/datafile/tbs_paic.491.1036293289
input datafile file number=00012 name=+DG_DATA_NEW_1/orcl/datafile/tbs_paic_meta_index.497.1036293589
input datafile file number=00005 name=+DG_DATA_NEW_1/orcl/datafile/undotbs2.555.1036295111
channel c3: starting piece 1 at 03-MAY-20
channel c4: starting compressed incremental level 2 datafile backup set
channel c4: specifying datafile(s) in backup set
input datafile file number=00028 name=+DG_DATA_NEW_1/orcl/datafile/tbs_paic.533.1036266693
input datafile file number=00036 name=+DG_DATA_NEW_1/orcl/datafile/tbs_paic_index.265.1036266733
input datafile file number=00013 name=+DG_DATA_NEW_1/orcl/datafile/tbs_paic.526.1036266773
input datafile file number=00018 name=+DG_DATA_NEW_1/orcl/datafile/tbs_paic_clob.264.1036266811
input datafile file number=00044 name=+DG_DATA_NEW_1/orcl/datafile/tbs_paic_index.273.1036266849
input datafile file number=00070 name=+DG_DATA_NEW_1/orcl/datafile/tbs_paic.279.1036266889
input datafile file number=00077 name=+DG_DATA_NEW_1/orcl/datafile/tbs_paic.285.1036266933
input datafile file number=00084 name=+DG_DATA_NEW_1/orcl/datafile/tbs_paic.290.1036266977
input datafile file number=00090 name=+DG_DATA_NEW_1/orcl/datafile/tbs_paic.298.1036271217
input datafile file number=00096 name=+DG_DATA_NEW_1/orcl/datafile/tbs_paic.305.1036272707
input datafile file number=00102 name=+DG_DATA_NEW_1/orcl/datafile/tbs_paic.309.1036272833
input datafile file number=00109 name=+DG_DATA_NEW_1/orcl/datafile/tbs_paic_index.323.1036273231
input datafile file number=00115 name=+DG_DATA_NEW_1/orcl/datafile/tbs_paic.326.1036273303
input datafile file number=00122 name=+DG_DATA_NEW_1/orcl/datafile/tbs_paic.329.1036273391
input datafile file number=00128 name=+DG_DATA_NEW_1/orcl/datafile/tbs_paic.334.1036273851
input datafile file number=00135 name=+DG_DATA_NEW_1/orcl/datafile/tbs_paic.339.1036274301
input datafile file number=00141 name=+DG_DATA_NEW_1/orcl/datafile/tbs_paic.349.1036277499
input datafile file number=00147 name=+DG_DATA_NEW_1/orcl/datafile/tbs_paic.355.1036278863
input datafile file number=00153 name=+DG_DATA_NEW_1/orcl/datafile/tbs_paic.357.1036279027
input datafile file number=00159 name=+DG_DATA_NEW_1/orcl/datafile/tbs_paic.372.1036279703
input datafile file number=00165 name=+DG_DATA_NEW_1/orcl/datafile/tbs_paic_index.376.1036279889
input datafile file number=00171 name=+DG_DATA_NEW_1/orcl/datafile/tbs_paic.377.1036279949
input datafile file number=00177 name=+DG_DATA_NEW_1/orcl/datafile/tbs_paic.385.1036280465
input datafile file number=00183 name=+DG_DATA_NEW_1/orcl/datafile/tbs_paic.388.1036280919
input datafile file number=00189 name=+DG_DATA_NEW_1/orcl/datafile/tbs_paic_index.399.1036284071
input datafile file number=00196 name=+DG_DATA_NEW_1/orcl/datafile/tbs_paic_index.406.1036285351
input datafile file number=00203 name=+DG_DATA_NEW_1/orcl/datafile/tbs_paic.409.1036285503
input datafile file number=00209 name=+DG_DATA_NEW_1/orcl/datafile/tbs_paic.421.1036286139
input datafile file number=00215 name=+DG_DATA_NEW_1/orcl/datafile/tbs_paic.425.1036286323
input datafile file number=00221 name=+DG_DATA_NEW_1/orcl/datafile/tbs_paic.426.1036286373
input datafile file number=00228 name=+DG_DATA_NEW_1/orcl/datafile/tbs_paic.433.1036286863
input datafile file number=00234 name=+DG_DATA_NEW_1/orcl/datafile/tbs_paic.437.1036287281
input datafile file number=00240 name=+DG_DATA_NEW_1/orcl/datafile/tbs_paic.448.1036290235
input datafile file number=00246 name=+DG_DATA_NEW_1/orcl/datafile/tbs_paic.456.1036291483
input datafile file number=00252 name=+DG_DATA_NEW_1/orcl/datafile/tbs_paic_index.458.1036291633
input datafile file number=00258 name=+DG_DATA_NEW_1/orcl/datafile/tbs_paic.472.1036292237
input datafile file number=00264 name=+DG_DATA_NEW_1/orcl/datafile/tbs_paic_index.473.1036292409
input datafile file number=00270 name=+DG_DATA_NEW_1/orcl/datafile/tbs_paic.579.1037141773
input datafile file number=00276 name=+DATA01/orcl/datafile/tbs_paic.479.15867640472
input datafile file number=00282 name=+DATA01/orcl/datafile/tbs_paic.263.1038245653
input datafile file number=00288 name=+DATA01/orcl/datafile/tbs_paic.269.1038255553
input datafile file number=00294 name=+DATA01/orcl/datafile/tbs_paic.275.1038255767
input datafile file number=00300 name=+DATA01/orcl/datafile/tbs_paic.281.1038255943
input datafile file number=00047 name=+DG_DATA_NEW_1/orcl/datafile/tbs_paic_clob.468.1036292065
input datafile file number=00053 name=+DG_DATA_NEW_1/orcl/datafile/tbs_paic.462.1036291871
input datafile file number=00059 name=+DG_DATA_NEW_1/orcl/datafile/tbs_paic.463.1036291945
input datafile file number=00107 name=+DG_DATA_NEW_1/orcl/datafile/tbs_paic_readonly.467.1036292051
input datafile file number=00023 name=+DG_DATA_NEW_1/orcl/datafile/undotbs3.488.1036293051
input datafile file number=00022 name=+DG_DATA_NEW_1/orcl/datafile/undotbs3.501.1036293761
input datafile file number=00224 name=+DG_DATA_NEW_1/orcl/datafile/users.499.1036293629
input datafile file number=00004 name=+DG_DATA_NEW_1/orcl/datafile/users.559.1036295521
channel c4: starting piece 1 at 03-MAY-20
channel c5: starting compressed incremental level 2 datafile backup set
channel c5: specifying datafile(s) in backup set
input datafile file number=00025 name=+DG_DATA_NEW_1/orcl/datafile/tbs_paic.537.1036266693
input datafile file number=00034 name=+DG_DATA_NEW_1/orcl/datafile/tbs_paic.531.1036266731
input datafile file number=00042 name=+DG_DATA_NEW_1/orcl/datafile/tbs_paic.257.1036266771
input datafile file number=00039 name=+DG_DATA_NEW_1/orcl/datafile/tbs_paic.263.1036266811
input datafile file number=00068 name=+DG_DATA_NEW_1/orcl/datafile/tbs_paic.274.1036266851
input datafile file number=00075 name=+DG_DATA_NEW_1/orcl/datafile/tbs_paic.280.1036266891
input datafile file number=00081 name=+DG_DATA_NEW_1/orcl/datafile/tbs_paic.286.1036266933
input datafile file number=00088 name=+DG_DATA_NEW_1/orcl/datafile/tbs_paic.292.1036266977
input datafile file number=00094 name=+DG_DATA_NEW_1/orcl/datafile/tbs_paic_meta.302.1036272381
input datafile file number=00100 name=+DG_DATA_NEW_1/orcl/datafile/tbs_paic.303.1036272469
input datafile file number=00106 name=+DG_DATA_NEW_1/orcl/datafile/tbs_paic_index.304.1036272537
input datafile file number=00113 name=+DG_DATA_NEW_1/orcl/datafile/tbs_paic.307.1036272815
input datafile file number=00120 name=+DG_DATA_NEW_1/orcl/datafile/tbs_paic.312.1036272899
input datafile file number=00126 name=+DG_DATA_NEW_1/orcl/datafile/tbs_paic_index.317.1036273003
input datafile file number=00133 name=+DG_DATA_NEW_1/orcl/datafile/tbs_paic.318.1036273011
input datafile file number=00139 name=+DG_DATA_NEW_1/orcl/datafile/tbs_paic.335.1036273901
input datafile file number=00145 name=+DG_DATA_NEW_1/orcl/datafile/tbs_paic.341.1036274581
input datafile file number=00151 name=+DG_DATA_NEW_1/orcl/datafile/tbs_paic.345.1036275233
input datafile file number=00157 name=+DG_DATA_NEW_1/orcl/datafile/tbs_paic.353.1036278711
input datafile file number=00163 name=+DG_DATA_NEW_1/orcl/datafile/tbs_paic.359.1036279101
input datafile file number=00169 name=+DG_DATA_NEW_1/orcl/datafile/tbs_paic.360.1036279177
input datafile file number=00175 name=+DG_DATA_NEW_1/orcl/datafile/tbs_paic.362.1036279305
input datafile file number=00181 name=+DG_DATA_NEW_1/orcl/datafile/tbs_paic.370.1036279613
input datafile file number=00187 name=+DG_DATA_NEW_1/orcl/datafile/tbs_paic.383.1036280423
input datafile file number=00194 name=+DG_DATA_NEW_1/orcl/datafile/tbs_paic.390.1036281011
input datafile file number=00200 name=+DG_DATA_NEW_1/orcl/datafile/tbs_paic.395.1036281599
input datafile file number=00207 name=+DG_DATA_NEW_1/orcl/datafile/tbs_paic.402.1036284901
input datafile file number=00213 name=+DG_DATA_NEW_1/orcl/datafile/tbs_paic.404.1036285269
input datafile file number=00219 name=+DG_DATA_NEW_1/orcl/datafile/tbs_paic.405.1036285341
input datafile file number=00226 name=+DG_DATA_NEW_1/orcl/datafile/tbs_paic.408.1036285461
input datafile file number=00232 name=+DG_DATA_NEW_1/orcl/datafile/tbs_paic.411.1036285755
input datafile file number=00238 name=+DG_DATA_NEW_1/orcl/datafile/tbs_paic.429.1036286527
input datafile file number=00244 name=+DG_DATA_NEW_1/orcl/datafile/tbs_paic.436.1036287113
input datafile file number=00250 name=+DG_DATA_NEW_1/orcl/datafile/tbs_paic_index.440.1036287653
input datafile file number=00256 name=+DG_DATA_NEW_1/orcl/datafile/tbs_paic.449.1036290861
input datafile file number=00262 name=+DG_DATA_NEW_1/orcl/datafile/tbs_paic.452.1036291241
input datafile file number=00268 name=+DG_DATA_NEW_1/orcl/datafile/tbs_paic.577.1037141117
input datafile file number=00274 name=+DG_DATA_NEW_1/orcl/datafile/tbs_paic.583.1037141881
input datafile file number=00280 name=+DATA01/orcl/datafile/tbs_paic_index.479.15867640473
input datafile file number=00286 name=+DATA01/orcl/datafile/tbs_paic.267.1038255445
input datafile file number=00292 name=+DATA01/orcl/datafile/tbs_paic.273.1038255683
input datafile file number=00298 name=+DATA01/orcl/datafile/tbs_paic.279.1038255887
input datafile file number=00027 name=+DG_DATA_NEW_1/orcl/datafile/tbs_paic_clob.478.1036292547
input datafile file number=00051 name=+DG_DATA_NEW_1/orcl/datafile/tbs_paic.455.1036291447
input datafile file number=00057 name=+DG_DATA_NEW_1/orcl/datafile/tbs_paic.457.1036291539
input datafile file number=00063 name=+DG_DATA_NEW_1/orcl/datafile/tbs_paic_index.461.1036291863
input datafile file number=00021 name=+DG_DATA_NEW_1/orcl/datafile/tbs_paic_readonly.475.1036292463
input datafile file number=00082 name=+DG_DATA_NEW_1/orcl/datafile/sysaux.492.1036293339
input datafile file number=00007 name=+DG_DATA_NEW_1/orcl/datafile/system.489.1036293205
input datafile file number=00043 name=+DG_DATA_NEW_1/orcl/datafile/users.557.1036295353
input datafile file number=00003 name=+DG_DATA_NEW_1/orcl/datafile/undotbs1.500.1036293687
channel c5: starting piece 1 at 03-MAY-20
channel c6: starting compressed incremental level 2 datafile backup set
channel c6: specifying datafile(s) in backup set
input datafile file number=00026 name=+DG_DATA_NEW_1/orcl/datafile/tbs_paic.538.1036266691
input datafile file number=00035 name=+DG_DATA_NEW_1/orcl/datafile/tbs_paic.532.1036266729
input datafile file number=00011 name=+DG_DATA_NEW_1/orcl/datafile/tbs_paic_meta.258.1036266769
input datafile file number=00017 name=+DG_DATA_NEW_1/orcl/datafile/tbs_paic_index.260.1036266809
input datafile file number=00040 name=+DG_DATA_NEW_1/orcl/datafile/tbs_paic_clob.272.1036266849
input datafile file number=00069 name=+DG_DATA_NEW_1/orcl/datafile/tbs_paic.278.1036266889
input datafile file number=00076 name=+DG_DATA_NEW_1/orcl/datafile/tbs_paic_index.284.1036266933
input datafile file number=00083 name=+DG_DATA_NEW_1/orcl/datafile/tbs_paic.291.1036266977
input datafile file number=00089 name=+DG_DATA_NEW_1/orcl/datafile/tbs_paic.296.1036269341
input datafile file number=00095 name=+DG_DATA_NEW_1/orcl/datafile/tbs_paic.297.1036269517
input datafile file number=00101 name=+DG_DATA_NEW_1/orcl/datafile/tbs_paic.306.1036272767
input datafile file number=00108 name=+DG_DATA_NEW_1/orcl/datafile/tbs_paic_meta.310.1036272857
input datafile file number=00114 name=+DG_DATA_NEW_1/orcl/datafile/tbs_paic.315.1036272963
input datafile file number=00121 name=+DG_DATA_NEW_1/orcl/datafile/tbs_paic.319.1036273011
input datafile file number=00127 name=+DG_DATA_NEW_1/orcl/datafile/tbs_paic.321.1036273101
input datafile file number=00134 name=+DG_DATA_NEW_1/orcl/datafile/tbs_paic_index.322.1036273205
input datafile file number=00140 name=+DG_DATA_NEW_1/orcl/datafile/tbs_paic.344.1036275073
input datafile file number=00146 name=+DG_DATA_NEW_1/orcl/datafile/tbs_paic.347.1036275663
input datafile file number=00152 name=+DG_DATA_NEW_1/orcl/datafile/tbs_paic.348.1036275703
input datafile file number=00158 name=+DG_DATA_NEW_1/orcl/datafile/tbs_paic.358.1036279065
input datafile file number=00164 name=+DG_DATA_NEW_1/orcl/datafile/tbs_paic.365.1036279475
input datafile file number=00170 name=+DG_DATA_NEW_1/orcl/datafile/tbs_paic.367.1036279493
input datafile file number=00176 name=+DG_DATA_NEW_1/orcl/datafile/tbs_paic.371.1036279659
input datafile file number=00182 name=+DG_DATA_NEW_1/orcl/datafile/tbs_paic.374.1036279769
input datafile file number=00188 name=+DG_DATA_NEW_1/orcl/datafile/tbs_paic.394.1036281531
input datafile file number=00195 name=+DG_DATA_NEW_1/orcl/datafile/tbs_paic.396.1036282073
input datafile file number=00202 name=+DG_DATA_NEW_1/orcl/datafile/tbs_paic.397.1036282111
input datafile file number=00208 name=+DG_DATA_NEW_1/orcl/datafile/tbs_paic.407.1036285453
input datafile file number=00214 name=+DG_DATA_NEW_1/orcl/datafile/tbs_paic.414.1036285859
input datafile file number=00220 name=+DG_DATA_NEW_1/orcl/datafile/tbs_paic.415.1036285877
input datafile file number=00227 name=+DG_DATA_NEW_1/orcl/datafile/tbs_paic.419.1036286037
input datafile file number=00233 name=+DG_DATA_NEW_1/orcl/datafile/tbs_paic.422.1036286143
input datafile file number=00239 name=+DG_DATA_NEW_1/orcl/datafile/tbs_paic.443.1036287795
input datafile file number=00245 name=+DG_DATA_NEW_1/orcl/datafile/tbs_paic.444.1036288301
input datafile file number=00251 name=+DG_DATA_NEW_1/orcl/datafile/tbs_paic_index.445.1036288335
input datafile file number=00257 name=+DG_DATA_NEW_1/orcl/datafile/tbs_paic.454.1036291445
input datafile file number=00263 name=+DG_DATA_NEW_1/orcl/datafile/tbs_paic_index.460.1036291853
input datafile file number=00269 name=+DG_DATA_NEW_1/orcl/datafile/tbs_paic.578.1037141753
input datafile file number=00275 name=+DATA01/orcl/datafile/tbs_paic.479.15867640471
input datafile file number=00281 name=+DATA01/orcl/datafile/tbs_paic_index.479.15867640474
input datafile file number=00287 name=+DATA01/orcl/datafile/tbs_paic.268.1038255493
input datafile file number=00293 name=+DATA01/orcl/datafile/tbs_paic.274.1038255715
input datafile file number=00299 name=+DATA01/orcl/datafile/tbs_paic.280.1038255915
input datafile file number=00046 name=+DG_DATA_NEW_1/orcl/datafile/tbs_paic.471.1036292225
input datafile file number=00052 name=+DG_DATA_NEW_1/orcl/datafile/tbs_paic.484.1036292861
input datafile file number=00058 name=+DG_DATA_NEW_1/orcl/datafile/tbs_paic.487.1036293027
input datafile file number=00064 name=+DG_DATA_NEW_1/orcl/datafile/tbs_paic_index.490.1036293259
input datafile file number=00024 name=+DG_DATA_NEW_1/orcl/datafile/undotbs3.486.1036293003
input datafile file number=00119 name=+DG_DATA_NEW_1/orcl/datafile/users.504.1036294599
input datafile file number=00191 name=+DG_DATA_NEW_1/orcl/datafile/users.558.1036295355
input datafile file number=00201 name=+DG_DATA_NEW_1/orcl/datafile/users.502.1036293825
channel c6: starting piece 1 at 03-MAY-20
channel c1: finished piece 1 at 03-MAY-20
piece handle=/dbbackup/paic/Sunday_dt_inc2_5cuv7n8c_20200503 tag=TAG20200503T000009 comment=NONE
channel c1: backup set complete, elapsed time: 00:47:38
channel c1: starting compressed incremental level 2 datafile backup set
channel c1: specifying datafile(s) in backup set
channel c4: finished piece 1 at 03-MAY-20
piece handle=/dbbackup/paic/Sunday_dt_inc2_5fuv7n8e_20200503 tag=TAG20200503T000009 comment=NONE
channel c4: backup set complete, elapsed time: 00:47:36
including current control file in backup set
channel c1: starting piece 1 at 03-MAY-20
channel c5: finished piece 1 at 03-MAY-20
piece handle=/dbbackup/paic/Sunday_dt_inc2_5guv7n8f_20200503 tag=TAG20200503T000009 comment=NONE
channel c5: backup set complete, elapsed time: 00:47:33
channel c1: finished piece 1 at 03-MAY-20
piece handle=/dbbackup/paic/Sunday_dt_inc2_5iuv7q1n_20200503 tag=TAG20200503T000009 comment=NONE
channel c1: backup set complete, elapsed time: 00:00:01
channel c3: finished piece 1 at 03-MAY-20
piece handle=/dbbackup/paic/Sunday_dt_inc2_5euv7n8d_20200503 tag=TAG20200503T000009 comment=NONE
channel c3: backup set complete, elapsed time: 00:47:53
channel c6: finished piece 1 at 03-MAY-20
piece handle=/dbbackup/paic/Sunday_dt_inc2_5huv7n8j_20200503 tag=TAG20200503T000009 comment=NONE
channel c6: backup set complete, elapsed time: 00:47:42
channel c2: finished piece 1 at 03-MAY-20
piece handle=/dbbackup/paic/Sunday_dt_inc2_5duv7n8d_20200503 tag=TAG20200503T000009 comment=NONE
channel c2: backup set complete, elapsed time: 00:48:24
Finished backup at 03-MAY-20

Starting backup at 03-MAY-20
channel c1: starting full datafile backup set
channel c1: specifying datafile(s) in backup set
including current control file in backup set
channel c1: starting piece 1 at 03-MAY-20
channel c1: finished piece 1 at 03-MAY-20
piece handle=/dbbackup/paic/Sunday_ctf_5juv7q36_20200503 tag=TAG20200503T004838 comment=NONE
channel c1: backup set complete, elapsed time: 00:00:01
Finished backup at 03-MAY-20

Starting backup at 03-MAY-20
current log archived
skipping archived logs of thread 1 from sequence 3130 to 3784; already backed up
skipping archived logs of thread 2 from sequence 1062 to 1475; already backed up
channel c1: starting compressed archived log backup set
channel c1: specifying archived log(s) in backup set
input archived log thread=2 sequence=1476 RECID=192219 STAMP=1039336382
input archived log thread=1 sequence=3785 RECID=192222 STAMP=1039338941
input archived log thread=2 sequence=1477 RECID=192220 STAMP=1039337954
input archived log thread=2 sequence=1478 RECID=192221 STAMP=1039338941
input archived log thread=2 sequence=1479 RECID=192223 STAMP=1039339766
input archived log thread=1 sequence=3786 RECID=192225 STAMP=1039341335
input archived log thread=2 sequence=1480 RECID=192224 STAMP=1039340573
input archived log thread=2 sequence=1481 RECID=192226 STAMP=1039341335
input archived log thread=2 sequence=1482 RECID=192227 STAMP=1039342034
input archived log thread=1 sequence=3787 RECID=192229 STAMP=1039343340
input archived log thread=2 sequence=1483 RECID=192228 STAMP=1039342706
input archived log thread=2 sequence=1484 RECID=192230 STAMP=1039343340
input archived log thread=2 sequence=1485 RECID=192231 STAMP=1039343984
input archived log thread=1 sequence=3788 RECID=192233 STAMP=1039345124
input archived log thread=2 sequence=1486 RECID=192232 STAMP=1039344564
input archived log thread=2 sequence=1487 RECID=192234 STAMP=1039345125
channel c1: starting piece 1 at 03-MAY-20
channel c2: starting compressed archived log backup set
channel c2: specifying archived log(s) in backup set
input archived log thread=2 sequence=1488 RECID=192235 STAMP=1039345659
input archived log thread=1 sequence=3789 RECID=192237 STAMP=1039346838
input archived log thread=2 sequence=1489 RECID=192236 STAMP=1039346241
input archived log thread=2 sequence=1490 RECID=192238 STAMP=1039346838
input archived log thread=2 sequence=1491 RECID=192239 STAMP=1039347462
input archived log thread=1 sequence=3790 RECID=192241 STAMP=1039348734
input archived log thread=2 sequence=1492 RECID=192240 STAMP=1039348089
input archived log thread=2 sequence=1493 RECID=192242 STAMP=1039348734
input archived log thread=2 sequence=1494 RECID=192243 STAMP=1039349550
input archived log thread=1 sequence=3791 RECID=192245 STAMP=1039351254
input archived log thread=2 sequence=1495 RECID=192244 STAMP=1039350402
input archived log thread=2 sequence=1496 RECID=192246 STAMP=1039351254
input archived log thread=2 sequence=1497 RECID=192247 STAMP=1039352124
input archived log thread=1 sequence=3792 RECID=192250 STAMP=1039353782
input archived log thread=2 sequence=1498 RECID=192248 STAMP=1039352973
input archived log thread=2 sequence=1499 RECID=192249 STAMP=1039353780
channel c2: starting piece 1 at 03-MAY-20
channel c3: starting compressed archived log backup set
channel c3: specifying archived log(s) in backup set
input archived log thread=2 sequence=1500 RECID=192251 STAMP=1039354602
input archived log thread=1 sequence=3793 RECID=192253 STAMP=1039356066
input archived log thread=2 sequence=1501 RECID=192252 STAMP=1039355352
input archived log thread=2 sequence=1502 RECID=192254 STAMP=1039356066
input archived log thread=2 sequence=1503 RECID=192255 STAMP=1039356762
input archived log thread=1 sequence=3794 RECID=192258 STAMP=1039358082
input archived log thread=2 sequence=1504 RECID=192256 STAMP=1039357434
input archived log thread=2 sequence=1505 RECID=192257 STAMP=1039358079
input archived log thread=2 sequence=1506 RECID=192259 STAMP=1039358688
input archived log thread=1 sequence=3795 RECID=192262 STAMP=1039359846
input archived log thread=2 sequence=1507 RECID=192260 STAMP=1039359282
input archived log thread=2 sequence=1508 RECID=192261 STAMP=1039359843
input archived log thread=2 sequence=1509 RECID=192263 STAMP=1039360395
input archived log thread=1 sequence=3796 RECID=192266 STAMP=1039361535
input archived log thread=2 sequence=1510 RECID=192264 STAMP=1039360983
input archived log thread=2 sequence=1511 RECID=192265 STAMP=1039361532
channel c3: starting piece 1 at 03-MAY-20
channel c4: starting compressed archived log backup set
channel c4: specifying archived log(s) in backup set
input archived log thread=2 sequence=1512 RECID=192267 STAMP=1039362090
input archived log thread=1 sequence=3797 RECID=192270 STAMP=1039363155
input archived log thread=2 sequence=1513 RECID=192268 STAMP=1039362624
input archived log thread=2 sequence=1514 RECID=192269 STAMP=1039363152
input archived log thread=2 sequence=1515 RECID=192271 STAMP=1039363692
input archived log thread=1 sequence=3798 RECID=192274 STAMP=1039364796
input archived log thread=2 sequence=1516 RECID=192272 STAMP=1039364244
input archived log thread=2 sequence=1517 RECID=192273 STAMP=1039364793
input archived log thread=2 sequence=1518 RECID=192275 STAMP=1039365363
input archived log thread=1 sequence=3799 RECID=192278 STAMP=1039366470
input archived log thread=2 sequence=1519 RECID=192276 STAMP=1039365918
input archived log thread=2 sequence=1520 RECID=192277 STAMP=1039366467
input archived log thread=2 sequence=1521 RECID=192279 STAMP=1039367022
input archived log thread=1 sequence=3800 RECID=192282 STAMP=1039368129
input archived log thread=2 sequence=1522 RECID=192280 STAMP=1039367559
input archived log thread=2 sequence=1523 RECID=192281 STAMP=1039368126
channel c4: starting piece 1 at 03-MAY-20
channel c5: starting compressed archived log backup set
channel c5: specifying archived log(s) in backup set
input archived log thread=2 sequence=1524 RECID=192283 STAMP=1039368654
input archived log thread=1 sequence=3801 RECID=192286 STAMP=1039369779
input archived log thread=2 sequence=1525 RECID=192284 STAMP=1039369188
input archived log thread=2 sequence=1526 RECID=192285 STAMP=1039369776
input archived log thread=2 sequence=1527 RECID=192287 STAMP=1039370355
input archived log thread=1 sequence=3802 RECID=192290 STAMP=1039371591
input archived log thread=2 sequence=1528 RECID=192288 STAMP=1039370931
input archived log thread=2 sequence=1529 RECID=192289 STAMP=1039371589
input archived log thread=2 sequence=1530 RECID=192291 STAMP=1039372372
input archived log thread=1 sequence=3803 RECID=192294 STAMP=1039374282
input archived log thread=2 sequence=1531 RECID=192292 STAMP=1039373254
input archived log thread=2 sequence=1532 RECID=192293 STAMP=1039374280
input archived log thread=2 sequence=1533 RECID=192295 STAMP=1039375597
input archived log thread=1 sequence=3804 RECID=192298 STAMP=1039378866
input archived log thread=2 sequence=1534 RECID=192296 STAMP=1039377070
input archived log thread=2 sequence=1535 RECID=192297 STAMP=1039378864
channel c5: starting piece 1 at 03-MAY-20
channel c6: starting compressed archived log backup set
channel c6: specifying archived log(s) in backup set
input archived log thread=2 sequence=1536 RECID=192299 STAMP=1039380595
input archived log thread=1 sequence=3805 RECID=192302 STAMP=1039383963
input archived log thread=2 sequence=1537 RECID=192300 STAMP=1039382335
input archived log thread=2 sequence=1538 RECID=192301 STAMP=1039383961
input archived log thread=2 sequence=1539 RECID=192303 STAMP=1039385653
input archived log thread=1 sequence=3806 RECID=192306 STAMP=1039389744
input archived log thread=2 sequence=1540 RECID=192304 STAMP=1039387612
input archived log thread=2 sequence=1541 RECID=192305 STAMP=1039389742
input archived log thread=2 sequence=1542 RECID=192307 STAMP=1039392333
input archived log thread=1 sequence=3807 RECID=192309 STAMP=1039394922
input archived log thread=2 sequence=1543 RECID=192308 STAMP=1039394920
channel c6: starting piece 1 at 03-MAY-20
channel c6: finished piece 1 at 03-MAY-20
piece handle=/dbbackup/paic/Sunday_arch_5puv7q3d_20200503 tag=TAG20200503T004843 comment=NONE
channel c6: backup set complete, elapsed time: 00:01:25
channel c4: finished piece 1 at 03-MAY-20
piece handle=/dbbackup/paic/Sunday_arch_5nuv7q3d_20200503 tag=TAG20200503T004843 comment=NONE
channel c4: backup set complete, elapsed time: 00:02:05
channel c5: finished piece 1 at 03-MAY-20
piece handle=/dbbackup/paic/Sunday_arch_5ouv7q3d_20200503 tag=TAG20200503T004843 comment=NONE
channel c5: backup set complete, elapsed time: 00:02:05
channel c1: finished piece 1 at 03-MAY-20
piece handle=/dbbackup/paic/Sunday_arch_5kuv7q3c_20200503 tag=TAG20200503T004843 comment=NONE
channel c1: backup set complete, elapsed time: 00:02:15
channel c2: finished piece 1 at 03-MAY-20
piece handle=/dbbackup/paic/Sunday_arch_5luv7q3d_20200503 tag=TAG20200503T004843 comment=NONE
channel c2: backup set complete, elapsed time: 00:02:15
channel c3: finished piece 1 at 03-MAY-20
piece handle=/dbbackup/paic/Sunday_arch_5muv7q3d_20200503 tag=TAG20200503T004843 comment=NONE
channel c3: backup set complete, elapsed time: 00:02:15
Finished backup at 03-MAY-20

Starting Control File Autobackup at 03-MAY-20
piece handle=/app/oracle/product/11.2.0/oracle/dbs/c-1492966431-20200503-00 comment=NONE
Finished Control File Autobackup at 03-MAY-20

List of Archived Log Copies for database with db_unique_name ORCL
=====================================================================

Key     Thrd Seq     S Low Time 
------- ---- ------- - ---------
191150  1    3130    A 25-APR-20
        Name: +DG_ARCH_NEW/orcl/archivelog/2020_04_25/thread_1_seq_3130.1909.1038644993

191151  1    3131    A 25-APR-20
        Name: +DG_ARCH_NEW/orcl/archivelog/2020_04_25/thread_1_seq_3131.1904.1038646517

191153  1    3132    A 25-APR-20
        Name: +DG_ARCH_NEW/orcl/archivelog/2020_04_25/thread_1_seq_3132.1885.1038647513

191154  1    3133    A 25-APR-20
        Name: +DG_ARCH_NEW/orcl/archivelog/2020_04_25/thread_1_seq_3133.1876.1038648183

191156  1    3134    A 25-APR-20
        Name: +DG_ARCH_NEW/orcl/archivelog/2020_04_25/thread_1_seq_3134.1866.1038648797

191157  1    3135    A 25-APR-20
        Name: +DG_ARCH_NEW/orcl/archivelog/2020_04_25/thread_1_seq_3135.1774.1038649325

191158  1    3136    A 25-APR-20
        Name: +DG_ARCH_NEW/orcl/archivelog/2020_04_25/thread_1_seq_3136.1765.1038649807

191159  1    3137    A 25-APR-20
        Name: +DG_ARCH_NEW/orcl/archivelog/2020_04_25/thread_1_seq_3137.1754.1038650287

191161  1    3138    A 25-APR-20
        Name: +DG_ARCH_NEW/orcl/archivelog/2020_04_25/thread_1_seq_3138.1737.1038650713

191162  1    3139    A 25-APR-20
        Name: +DG_ARCH_NEW/orcl/archivelog/2020_04_25/thread_1_seq_3139.1726.1038651135

191164  1    3140    A 25-APR-20
        Name: +DG_ARCH_NEW/orcl/archivelog/2020_04_25/thread_1_seq_3140.1507.1038651543

191165  1    3141    A 25-APR-20
        Name: +DG_ARCH_NEW/orcl/archivelog/2020_04_25/thread_1_seq_3141.1701.1038652041

191166  1    3142    A 25-APR-20
        Name: +DG_ARCH_NEW/orcl/archivelog/2020_04_25/thread_1_seq_3142.1692.1038652501

191168  1    3143    A 25-APR-20
        Name: +DG_ARCH_NEW/orcl/archivelog/2020_04_25/thread_1_seq_3143.1684.1038652953

191169  1    3144    A 25-APR-20
        Name: +DG_ARCH_NEW/orcl/archivelog/2020_04_25/thread_1_seq_3144.1664.1038653379

191170  1    3145    A 25-APR-20
        Name: +DG_ARCH_NEW/orcl/archivelog/2020_04_25/thread_1_seq_3145.1654.1038653773

191171  1    3146    A 25-APR-20
        Name: +DG_ARCH_NEW/orcl/archivelog/2020_04_25/thread_1_seq_3146.1644.1038654205

191173  1    3147    A 25-APR-20
        Name: +DG_ARCH_NEW/orcl/archivelog/2020_04_25/thread_1_seq_3147.1626.1038654643

191174  1    3148    A 25-APR-20
        Name: +DG_ARCH_NEW/orcl/archivelog/2020_04_25/thread_1_seq_3148.1616.1038655063

191175  1    3149    A 25-APR-20
        Name: +DG_ARCH_NEW/orcl/archivelog/2020_04_25/thread_1_seq_3149.1606.1038655489

191177  1    3150    A 25-APR-20
        Name: +DG_ARCH_NEW/orcl/archivelog/2020_04_25/thread_1_seq_3150.1588.1038655927

191178  1    3151    A 25-APR-20
        Name: +DG_ARCH_NEW/orcl/archivelog/2020_04_25/thread_1_seq_3151.1900.1038656371

191179  1    3152    A 25-APR-20
        Name: +DG_ARCH_NEW/orcl/archivelog/2020_04_25/thread_1_seq_3152.1922.1038656835

191181  1    3153    A 25-APR-20
        Name: +DG_ARCH_NEW/orcl/archivelog/2020_04_25/thread_1_seq_3153.1865.1038657333

191182  1    3154    A 25-APR-20
        Name: +DG_ARCH_NEW/orcl/archivelog/2020_04_25/thread_1_seq_3154.1764.1038657847

191183  1    3155    A 25-APR-20
        Name: +DG_ARCH_NEW/orcl/archivelog/2020_04_25/thread_1_seq_3155.1736.1038658413

191185  1    3156    A 25-APR-20
        Name: +DG_ARCH_NEW/orcl/archivelog/2020_04_25/thread_1_seq_3156.1681.1038659031

191186  1    3157    A 25-APR-20
        Name: +DG_ARCH_NEW/orcl/archivelog/2020_04_25/thread_1_seq_3157.1653.1038659671

191187  1    3158    A 25-APR-20
        Name: +DG_ARCH_NEW/orcl/archivelog/2020_04_25/thread_1_seq_3158.1625.1038660331

191189  1    3159    A 25-APR-20
        Name: +DG_ARCH_NEW/orcl/archivelog/2020_04_25/thread_1_seq_3159.1912.1038661009

191190  1    3160    A 25-APR-20
        Name: +DG_ARCH_NEW/orcl/archivelog/2020_04_25/thread_1_seq_3160.1906.1038661585

191191  1    3161    A 25-APR-20
        Name: +DG_ARCH_NEW/orcl/archivelog/2020_04_25/thread_1_seq_3161.1902.1038662245

191193  1    3162    A 25-APR-20
        Name: +DG_ARCH_NEW/orcl/archivelog/2020_04_25/thread_1_seq_3162.1897.1038662871

191194  1    3163    A 25-APR-20
        Name: +DG_ARCH_NEW/orcl/archivelog/2020_04_25/thread_1_seq_3163.1892.1038663409

191195  1    3164    A 25-APR-20
        Name: +DG_ARCH_NEW/orcl/archivelog/2020_04_25/thread_1_seq_3164.1890.1038663951

191197  1    3165    A 25-APR-20
        Name: +DG_ARCH_NEW/orcl/archivelog/2020_04_25/thread_1_seq_3165.1882.1038664461

191198  1    3166    A 25-APR-20
        Name: +DG_ARCH_NEW/orcl/archivelog/2020_04_25/thread_1_seq_3166.1881.1038664945

191199  1    3167    A 25-APR-20
        Name: +DG_ARCH_NEW/orcl/archivelog/2020_04_25/thread_1_seq_3167.1877.1038665425

191201  1    3168    A 25-APR-20
        Name: +DG_ARCH_NEW/orcl/archivelog/2020_04_25/thread_1_seq_3168.1870.1038665881

191202  1    3169    A 25-APR-20
        Name: +DG_ARCH_NEW/orcl/archivelog/2020_04_25/thread_1_seq_3169.1869.1038666369

191203  1    3170    A 25-APR-20
        Name: +DG_ARCH_NEW/orcl/archivelog/2020_04_25/thread_1_seq_3170.1864.1038666825

191205  1    3171    A 25-APR-20
        Name: +DG_ARCH_NEW/orcl/archivelog/2020_04_25/thread_1_seq_3171.1786.1038667293

191206  1    3172    A 25-APR-20
        Name: +DG_ARCH_NEW/orcl/archivelog/2020_04_25/thread_1_seq_3172.1781.1038667723

191207  1    3173    A 25-APR-20
        Name: +DG_ARCH_NEW/orcl/archivelog/2020_04_25/thread_1_seq_3173.1780.1038668163

191209  1    3174    A 25-APR-20
        Name: +DG_ARCH_NEW/orcl/archivelog/2020_04_25/thread_1_seq_3174.1773.1038668569

191210  1    3175    A 25-APR-20
        Name: +DG_ARCH_NEW/orcl/archivelog/2020_04_25/thread_1_seq_3175.1769.1038668985

191211  1    3176    A 25-APR-20
        Name: +DG_ARCH_NEW/orcl/archivelog/2020_04_25/thread_1_seq_3176.1768.1038669387

191213  1    3177    A 25-APR-20
        Name: +DG_ARCH_NEW/orcl/archivelog/2020_04_25/thread_1_seq_3177.1760.1038669775

191214  1    3178    A 25-APR-20
        Name: +DG_ARCH_NEW/orcl/archivelog/2020_04_25/thread_1_seq_3178.1758.1038670195

191215  1    3179    A 25-APR-20
        Name: +DG_ARCH_NEW/orcl/archivelog/2020_04_25/thread_1_seq_3179.1753.1038670605

191217  1    3180    A 25-APR-20
        Name: +DG_ARCH_NEW/orcl/archivelog/2020_04_25/thread_1_seq_3180.1748.1038671013

191218  1    3181    A 25-APR-20
        Name: +DG_ARCH_NEW/orcl/archivelog/2020_04_25/thread_1_seq_3181.1744.1038671439

191219  1    3182    A 25-APR-20
        Name: +DG_ARCH_NEW/orcl/archivelog/2020_04_25/thread_1_seq_3182.1741.1038671823

191221  1    3183    A 25-APR-20
        Name: +DG_ARCH_NEW/orcl/archivelog/2020_04_25/thread_1_seq_3183.1733.1038672225

191222  1    3184    A 25-APR-20
        Name: +DG_ARCH_NEW/orcl/archivelog/2020_04_25/thread_1_seq_3184.1732.1038672625

191223  1    3185    A 25-APR-20
        Name: +DG_ARCH_NEW/orcl/archivelog/2020_04_25/thread_1_seq_3185.1730.1038673021

191225  1    3186    A 25-APR-20
        Name: +DG_ARCH_NEW/orcl/archivelog/2020_04_25/thread_1_seq_3186.1722.1038673389

191226  1    3187    A 25-APR-20
        Name: +DG_ARCH_NEW/orcl/archivelog/2020_04_25/thread_1_seq_3187.1720.1038673765

191227  1    3188    A 25-APR-20
        Name: +DG_ARCH_NEW/orcl/archivelog/2020_04_25/thread_1_seq_3188.1487.1038674157

191229  1    3189    A 25-APR-20
        Name: +DG_ARCH_NEW/orcl/archivelog/2020_04_25/thread_1_seq_3189.1713.1038674557

191230  1    3190    A 25-APR-20
        Name: +DG_ARCH_NEW/orcl/archivelog/2020_04_25/thread_1_seq_3190.1708.1038674937

191231  1    3191    A 25-APR-20
        Name: +DG_ARCH_NEW/orcl/archivelog/2020_04_25/thread_1_seq_3191.1706.1038675313

191233  1    3192    A 25-APR-20
        Name: +DG_ARCH_NEW/orcl/archivelog/2020_04_25/thread_1_seq_3192.1700.1038675673

191234  1    3193    A 25-APR-20
        Name: +DG_ARCH_NEW/orcl/archivelog/2020_04_25/thread_1_seq_3193.1697.1038676057

191235  1    3194    A 25-APR-20
        Name: +DG_ARCH_NEW/orcl/archivelog/2020_04_25/thread_1_seq_3194.1694.1038676467

191237  1    3195    A 25-APR-20
        Name: +DG_ARCH_NEW/orcl/archivelog/2020_04_25/thread_1_seq_3195.1686.1038676887

191238  1    3196    A 25-APR-20
        Name: +DG_ARCH_NEW/orcl/archivelog/2020_04_25/thread_1_seq_3196.1685.1038677299

191239  1    3197    A 25-APR-20
        Name: +DG_ARCH_NEW/orcl/archivelog/2020_04_25/thread_1_seq_3197.1680.1038677683

191241  1    3198    A 25-APR-20
        Name: +DG_ARCH_NEW/orcl/archivelog/2020_04_25/thread_1_seq_3198.1676.1038678069

191242  1    3199    A 25-APR-20
        Name: +DG_ARCH_NEW/orcl/archivelog/2020_04_25/thread_1_seq_3199.1670.1038678493

191243  1    3200    A 25-APR-20
        Name: +DG_ARCH_NEW/orcl/archivelog/2020_04_25/thread_1_seq_3200.1669.1038678899

191245  1    3201    A 25-APR-20
        Name: +DG_ARCH_NEW/orcl/archivelog/2020_04_25/thread_1_seq_3201.1662.1038679337

191246  1    3202    A 25-APR-20
        Name: +DG_ARCH_NEW/orcl/archivelog/2020_04_25/thread_1_seq_3202.1658.1038679807

191247  1    3203    A 25-APR-20
        Name: +DG_ARCH_NEW/orcl/archivelog/2020_04_25/thread_1_seq_3203.1657.1038680305

191249  1    3204    A 25-APR-20
        Name: +DG_ARCH_NEW/orcl/archivelog/2020_04_25/thread_1_seq_3204.1649.1038680813

191250  1    3205    A 25-APR-20
        Name: +DG_ARCH_NEW/orcl/archivelog/2020_04_25/thread_1_seq_3205.1648.1038681449

191251  1    3206    A 25-APR-20
        Name: +DG_ARCH_NEW/orcl/archivelog/2020_04_25/thread_1_seq_3206.1642.1038682181

191253  1    3207    A 25-APR-20
        Name: +DG_ARCH_NEW/orcl/archivelog/2020_04_25/thread_1_seq_3207.1637.1038682945

191254  1    3208    A 25-APR-20
        Name: +DG_ARCH_NEW/orcl/archivelog/2020_04_25/thread_1_seq_3208.1633.1038683809

191255  1    3209    A 25-APR-20
        Name: +DG_ARCH_NEW/orcl/archivelog/2020_04_25/thread_1_seq_3209.1630.1038684773

191257  1    3210    A 25-APR-20
        Name: +DG_ARCH_NEW/orcl/archivelog/2020_04_25/thread_1_seq_3210.1622.1038685871

191258  1    3211    A 25-APR-20
        Name: +DG_ARCH_NEW/orcl/archivelog/2020_04_25/thread_1_seq_3211.1621.1038686897

191259  1    3212    A 25-APR-20
        Name: +DG_ARCH_NEW/orcl/archivelog/2020_04_25/thread_1_seq_3212.1620.1038688129

191261  1    3213    A 25-APR-20
        Name: +DG_ARCH_NEW/orcl/archivelog/2020_04_25/thread_1_seq_3213.1612.1038689429

191262  1    3214    A 25-APR-20
        Name: +DG_ARCH_NEW/orcl/archivelog/2020_04_25/thread_1_seq_3214.1609.1038690713

191263  1    3215    A 25-APR-20
        Name: +DG_ARCH_NEW/orcl/archivelog/2020_04_25/thread_1_seq_3215.1605.1038692095

191265  1    3216    A 25-APR-20
        Name: +DG_ARCH_NEW/orcl/archivelog/2020_04_25/thread_1_seq_3216.1600.1038693353

191266  1    3217    A 25-APR-20
        Name: +DG_ARCH_NEW/orcl/archivelog/2020_04_25/thread_1_seq_3217.1594.1038694685

191267  1    3218    A 25-APR-20
        Name: +DG_ARCH_NEW/orcl/archivelog/2020_04_25/thread_1_seq_3218.1593.1038696157

191269  1    3219    A 25-APR-20
        Name: +DG_ARCH_NEW/orcl/archivelog/2020_04_25/thread_1_seq_3219.1585.1038697747

191270  1    3220    A 25-APR-20
        Name: +DG_ARCH_NEW/orcl/archivelog/2020_04_25/thread_1_seq_3220.1584.1038699841

191272  1    3221    A 25-APR-20
        Name: +DG_ARCH_NEW/orcl/archivelog/2020_04_26/thread_1_seq_3221.1921.1038703273

191274  1    3222    A 26-APR-20
        Name: +DG_ARCH_NEW/orcl/archivelog/2020_04_26/thread_1_seq_3222.1929.1038703571

191152  2    1062    A 25-APR-20
        Name: +DG_ARCH_NEW/orcl/archivelog/2020_04_25/thread_2_seq_1062.1896.1038646519

191155  2    1063    A 25-APR-20
        Name: +DG_ARCH_NEW/orcl/archivelog/2020_04_25/thread_2_seq_1063.1784.1038648799

191160  2    1064    A 25-APR-20
        Name: +DG_ARCH_NEW/orcl/archivelog/2020_04_25/thread_2_seq_1064.1746.1038650287

191163  2    1065    A 25-APR-20
        Name: +DG_ARCH_NEW/orcl/archivelog/2020_04_25/thread_2_seq_1065.1712.1038651543

191167  2    1066    A 25-APR-20
        Name: +DG_ARCH_NEW/orcl/archivelog/2020_04_25/thread_2_seq_1066.1673.1038652953

191172  2    1067    A 25-APR-20
        Name: +DG_ARCH_NEW/orcl/archivelog/2020_04_25/thread_2_seq_1067.1636.1038654205

191176  2    1068    A 25-APR-20
        Name: +DG_ARCH_NEW/orcl/archivelog/2020_04_25/thread_2_seq_1068.1598.1038655489

191180  2    1069    A 25-APR-20
        Name: +DG_ARCH_NEW/orcl/archivelog/2020_04_25/thread_2_seq_1069.1893.1038656835

191184  2    1070    A 25-APR-20
        Name: +DG_ARCH_NEW/orcl/archivelog/2020_04_25/thread_2_seq_1070.1710.1038658413

191188  2    1071    A 25-APR-20
        Name: +DG_ARCH_NEW/orcl/archivelog/2020_04_25/thread_2_seq_1071.1596.1038660331

191192  2    1072    A 25-APR-20
        Name: +DG_ARCH_NEW/orcl/archivelog/2020_04_25/thread_2_seq_1072.1898.1038662245

191196  2    1073    A 25-APR-20
        Name: +DG_ARCH_NEW/orcl/archivelog/2020_04_25/thread_2_seq_1073.1888.1038663951

191200  2    1074    A 25-APR-20
        Name: +DG_ARCH_NEW/orcl/archivelog/2020_04_25/thread_2_seq_1074.1874.1038665425

191204  2    1075    A 25-APR-20
        Name: +DG_ARCH_NEW/orcl/archivelog/2020_04_25/thread_2_seq_1075.1861.1038666827

191208  2    1076    A 25-APR-20
        Name: +DG_ARCH_NEW/orcl/archivelog/2020_04_25/thread_2_seq_1076.1776.1038668165

191212  2    1077    A 25-APR-20
        Name: +DG_ARCH_NEW/orcl/archivelog/2020_04_25/thread_2_seq_1077.1762.1038669389

191216  2    1078    A 25-APR-20
        Name: +DG_ARCH_NEW/orcl/archivelog/2020_04_25/thread_2_seq_1078.1752.1038670607

191220  2    1079    A 25-APR-20
        Name: +DG_ARCH_NEW/orcl/archivelog/2020_04_25/thread_2_seq_1079.1738.1038671825

191224  2    1080    A 25-APR-20
        Name: +DG_ARCH_NEW/orcl/archivelog/2020_04_25/thread_2_seq_1080.1725.1038673021

191228  2    1081    A 25-APR-20
        Name: +DG_ARCH_NEW/orcl/archivelog/2020_04_25/thread_2_seq_1081.1716.1038674159

191232  2    1082    A 25-APR-20
        Name: +DG_ARCH_NEW/orcl/archivelog/2020_04_25/thread_2_seq_1082.1705.1038675313

191236  2    1083    A 25-APR-20
        Name: +DG_ARCH_NEW/orcl/archivelog/2020_04_25/thread_2_seq_1083.1690.1038676469

191240  2    1084    A 25-APR-20
        Name: +DG_ARCH_NEW/orcl/archivelog/2020_04_25/thread_2_seq_1084.1678.1038677683

191244  2    1085    A 25-APR-20
        Name: +DG_ARCH_NEW/orcl/archivelog/2020_04_25/thread_2_seq_1085.1665.1038678899

191248  2    1086    A 25-APR-20
        Name: +DG_ARCH_NEW/orcl/archivelog/2020_04_25/thread_2_seq_1086.1652.1038680305

191252  2    1087    A 25-APR-20
        Name: +DG_ARCH_NEW/orcl/archivelog/2020_04_25/thread_2_seq_1087.1641.1038682181

191256  2    1088    A 25-APR-20
        Name: +DG_ARCH_NEW/orcl/archivelog/2020_04_25/thread_2_seq_1088.1628.1038684773

191260  2    1089    A 25-APR-20
        Name: +DG_ARCH_NEW/orcl/archivelog/2020_04_25/thread_2_seq_1089.1614.1038688129

191264  2    1090    A 25-APR-20
        Name: +DG_ARCH_NEW/orcl/archivelog/2020_04_25/thread_2_seq_1090.1601.1038692097

191268  2    1091    A 25-APR-20
        Name: +DG_ARCH_NEW/orcl/archivelog/2020_04_25/thread_2_seq_1091.1590.1038696159

191271  2    1092    A 25-APR-20
        Name: +DG_ARCH_NEW/orcl/archivelog/2020_04_26/thread_2_seq_1092.1878.1038703275

191273  2    1093    A 26-APR-20
        Name: +DG_ARCH_NEW/orcl/archivelog/2020_04_26/thread_2_seq_1093.1937.1038703569

deleted archived log
archived log file name=+DG_ARCH_NEW/orcl/archivelog/2020_04_25/thread_1_seq_3130.1909.1038644993 RECID=191150 STAMP=1038644994
deleted archived log
archived log file name=+DG_ARCH_NEW/orcl/archivelog/2020_04_25/thread_1_seq_3131.1904.1038646517 RECID=191151 STAMP=1038646518
deleted archived log
archived log file name=+DG_ARCH_NEW/orcl/archivelog/2020_04_25/thread_1_seq_3132.1885.1038647513 RECID=191153 STAMP=1038647514
deleted archived log
archived log file name=+DG_ARCH_NEW/orcl/archivelog/2020_04_25/thread_1_seq_3133.1876.1038648183 RECID=191154 STAMP=1038648183
deleted archived log
archived log file name=+DG_ARCH_NEW/orcl/archivelog/2020_04_25/thread_1_seq_3134.1866.1038648797 RECID=191156 STAMP=1038648798
deleted archived log
archived log file name=+DG_ARCH_NEW/orcl/archivelog/2020_04_25/thread_1_seq_3135.1774.1038649325 RECID=191157 STAMP=1038649326
deleted archived log
archived log file name=+DG_ARCH_NEW/orcl/archivelog/2020_04_25/thread_1_seq_3136.1765.1038649807 RECID=191158 STAMP=1038649806
deleted archived log
archived log file name=+DG_ARCH_NEW/orcl/archivelog/2020_04_25/thread_1_seq_3137.1754.1038650287 RECID=191159 STAMP=1038650286
deleted archived log
archived log file name=+DG_ARCH_NEW/orcl/archivelog/2020_04_25/thread_1_seq_3138.1737.1038650713 RECID=191161 STAMP=1038650712
deleted archived log
archived log file name=+DG_ARCH_NEW/orcl/archivelog/2020_04_25/thread_1_seq_3139.1726.1038651135 RECID=191162 STAMP=1038651135
deleted archived log
archived log file name=+DG_ARCH_NEW/orcl/archivelog/2020_04_25/thread_1_seq_3140.1507.1038651543 RECID=191164 STAMP=1038651543
deleted archived log
archived log file name=+DG_ARCH_NEW/orcl/archivelog/2020_04_25/thread_1_seq_3141.1701.1038652041 RECID=191165 STAMP=1038652041
deleted archived log
archived log file name=+DG_ARCH_NEW/orcl/archivelog/2020_04_25/thread_1_seq_3142.1692.1038652501 RECID=191166 STAMP=1038652500
deleted archived log
archived log file name=+DG_ARCH_NEW/orcl/archivelog/2020_04_25/thread_1_seq_3143.1684.1038652953 RECID=191168 STAMP=1038652953
deleted archived log
archived log file name=+DG_ARCH_NEW/orcl/archivelog/2020_04_25/thread_1_seq_3144.1664.1038653379 RECID=191169 STAMP=1038653379
deleted archived log
archived log file name=+DG_ARCH_NEW/orcl/archivelog/2020_04_25/thread_1_seq_3145.1654.1038653773 RECID=191170 STAMP=1038653772
deleted archived log
archived log file name=+DG_ARCH_NEW/orcl/archivelog/2020_04_25/thread_1_seq_3146.1644.1038654205 RECID=191171 STAMP=1038654204
deleted archived log
archived log file name=+DG_ARCH_NEW/orcl/archivelog/2020_04_25/thread_1_seq_3147.1626.1038654643 RECID=191173 STAMP=1038654642
deleted archived log
archived log file name=+DG_ARCH_NEW/orcl/archivelog/2020_04_25/thread_1_seq_3148.1616.1038655063 RECID=191174 STAMP=1038655062
deleted archived log
archived log file name=+DG_ARCH_NEW/orcl/archivelog/2020_04_25/thread_1_seq_3149.1606.1038655489 RECID=191175 STAMP=1038655488
deleted archived log
archived log file name=+DG_ARCH_NEW/orcl/archivelog/2020_04_25/thread_1_seq_3150.1588.1038655927 RECID=191177 STAMP=1038655926
deleted archived log
archived log file name=+DG_ARCH_NEW/orcl/archivelog/2020_04_25/thread_1_seq_3151.1900.1038656371 RECID=191178 STAMP=1038656370
deleted archived log
archived log file name=+DG_ARCH_NEW/orcl/archivelog/2020_04_25/thread_1_seq_3152.1922.1038656835 RECID=191179 STAMP=1038656835
deleted archived log
archived log file name=+DG_ARCH_NEW/orcl/archivelog/2020_04_25/thread_1_seq_3153.1865.1038657333 RECID=191181 STAMP=1038657333
deleted archived log
archived log file name=+DG_ARCH_NEW/orcl/archivelog/2020_04_25/thread_1_seq_3154.1764.1038657847 RECID=191182 STAMP=1038657846
deleted archived log
archived log file name=+DG_ARCH_NEW/orcl/archivelog/2020_04_25/thread_1_seq_3155.1736.1038658413 RECID=191183 STAMP=1038658413
deleted archived log
archived log file name=+DG_ARCH_NEW/orcl/archivelog/2020_04_25/thread_1_seq_3156.1681.1038659031 RECID=191185 STAMP=1038659031
deleted archived log
archived log file name=+DG_ARCH_NEW/orcl/archivelog/2020_04_25/thread_1_seq_3157.1653.1038659671 RECID=191186 STAMP=1038659670
deleted archived log
archived log file name=+DG_ARCH_NEW/orcl/archivelog/2020_04_25/thread_1_seq_3158.1625.1038660331 RECID=191187 STAMP=1038660330
deleted archived log
archived log file name=+DG_ARCH_NEW/orcl/archivelog/2020_04_25/thread_1_seq_3159.1912.1038661009 RECID=191189 STAMP=1038661008
deleted archived log
archived log file name=+DG_ARCH_NEW/orcl/archivelog/2020_04_25/thread_1_seq_3160.1906.1038661585 RECID=191190 STAMP=1038661584
deleted archived log
archived log file name=+DG_ARCH_NEW/orcl/archivelog/2020_04_25/thread_1_seq_3161.1902.1038662245 RECID=191191 STAMP=1038662244
deleted archived log
archived log file name=+DG_ARCH_NEW/orcl/archivelog/2020_04_25/thread_1_seq_3162.1897.1038662871 RECID=191193 STAMP=1038662871
deleted archived log
archived log file name=+DG_ARCH_NEW/orcl/archivelog/2020_04_25/thread_1_seq_3163.1892.1038663409 RECID=191194 STAMP=1038663408
deleted archived log
archived log file name=+DG_ARCH_NEW/orcl/archivelog/2020_04_25/thread_1_seq_3164.1890.1038663951 RECID=191195 STAMP=1038663951
deleted archived log
archived log file name=+DG_ARCH_NEW/orcl/archivelog/2020_04_25/thread_1_seq_3165.1882.1038664461 RECID=191197 STAMP=1038664461
deleted archived log
archived log file name=+DG_ARCH_NEW/orcl/archivelog/2020_04_25/thread_1_seq_3166.1881.1038664945 RECID=191198 STAMP=1038664944
deleted archived log
archived log file name=+DG_ARCH_NEW/orcl/archivelog/2020_04_25/thread_1_seq_3167.1877.1038665425 RECID=191199 STAMP=1038665424
deleted archived log
archived log file name=+DG_ARCH_NEW/orcl/archivelog/2020_04_25/thread_1_seq_3168.1870.1038665881 RECID=191201 STAMP=1038665880
deleted archived log
archived log file name=+DG_ARCH_NEW/orcl/archivelog/2020_04_25/thread_1_seq_3169.1869.1038666369 RECID=191202 STAMP=1038666369
deleted archived log
archived log file name=+DG_ARCH_NEW/orcl/archivelog/2020_04_25/thread_1_seq_3170.1864.1038666825 RECID=191203 STAMP=1038666825
deleted archived log
archived log file name=+DG_ARCH_NEW/orcl/archivelog/2020_04_25/thread_1_seq_3171.1786.1038667293 RECID=191205 STAMP=1038667293
deleted archived log
archived log file name=+DG_ARCH_NEW/orcl/archivelog/2020_04_25/thread_1_seq_3172.1781.1038667723 RECID=191206 STAMP=1038667722
deleted archived log
archived log file name=+DG_ARCH_NEW/orcl/archivelog/2020_04_25/thread_1_seq_3173.1780.1038668163 RECID=191207 STAMP=1038668163
deleted archived log
archived log file name=+DG_ARCH_NEW/orcl/archivelog/2020_04_25/thread_1_seq_3174.1773.1038668569 RECID=191209 STAMP=1038668569
deleted archived log
archived log file name=+DG_ARCH_NEW/orcl/archivelog/2020_04_25/thread_1_seq_3175.1769.1038668985 RECID=191210 STAMP=1038668986
deleted archived log
archived log file name=+DG_ARCH_NEW/orcl/archivelog/2020_04_25/thread_1_seq_3176.1768.1038669387 RECID=191211 STAMP=1038669388
deleted archived log
archived log file name=+DG_ARCH_NEW/orcl/archivelog/2020_04_25/thread_1_seq_3177.1760.1038669775 RECID=191213 STAMP=1038669775
deleted archived log
archived log file name=+DG_ARCH_NEW/orcl/archivelog/2020_04_25/thread_1_seq_3178.1758.1038670195 RECID=191214 STAMP=1038670195
deleted archived log
archived log file name=+DG_ARCH_NEW/orcl/archivelog/2020_04_25/thread_1_seq_3179.1753.1038670605 RECID=191215 STAMP=1038670606
deleted archived log
archived log file name=+DG_ARCH_NEW/orcl/archivelog/2020_04_25/thread_1_seq_3180.1748.1038671013 RECID=191217 STAMP=1038671014
deleted archived log
archived log file name=+DG_ARCH_NEW/orcl/archivelog/2020_04_25/thread_1_seq_3181.1744.1038671439 RECID=191218 STAMP=1038671440
deleted archived log
archived log file name=+DG_ARCH_NEW/orcl/archivelog/2020_04_25/thread_1_seq_3182.1741.1038671823 RECID=191219 STAMP=1038671824
deleted archived log
archived log file name=+DG_ARCH_NEW/orcl/archivelog/2020_04_25/thread_1_seq_3183.1733.1038672225 RECID=191221 STAMP=1038672226
deleted archived log
archived log file name=+DG_ARCH_NEW/orcl/archivelog/2020_04_25/thread_1_seq_3184.1732.1038672625 RECID=191222 STAMP=1038672625
deleted archived log
archived log file name=+DG_ARCH_NEW/orcl/archivelog/2020_04_25/thread_1_seq_3185.1730.1038673021 RECID=191223 STAMP=1038673021
deleted archived log
archived log file name=+DG_ARCH_NEW/orcl/archivelog/2020_04_25/thread_1_seq_3186.1722.1038673389 RECID=191225 STAMP=1038673390
deleted archived log
archived log file name=+DG_ARCH_NEW/orcl/archivelog/2020_04_25/thread_1_seq_3187.1720.1038673765 RECID=191226 STAMP=1038673765
deleted archived log
archived log file name=+DG_ARCH_NEW/orcl/archivelog/2020_04_25/thread_1_seq_3188.1487.1038674157 RECID=191227 STAMP=1038674158
deleted archived log
archived log file name=+DG_ARCH_NEW/orcl/archivelog/2020_04_25/thread_1_seq_3189.1713.1038674557 RECID=191229 STAMP=1038674557
deleted archived log
archived log file name=+DG_ARCH_NEW/orcl/archivelog/2020_04_25/thread_1_seq_3190.1708.1038674937 RECID=191230 STAMP=1038674938
deleted archived log
archived log file name=+DG_ARCH_NEW/orcl/archivelog/2020_04_25/thread_1_seq_3191.1706.1038675313 RECID=191231 STAMP=1038675313
deleted archived log
archived log file name=+DG_ARCH_NEW/orcl/archivelog/2020_04_25/thread_1_seq_3192.1700.1038675673 RECID=191233 STAMP=1038675673
deleted archived log
archived log file name=+DG_ARCH_NEW/orcl/archivelog/2020_04_25/thread_1_seq_3193.1697.1038676057 RECID=191234 STAMP=1038676057
deleted archived log
archived log file name=+DG_ARCH_NEW/orcl/archivelog/2020_04_25/thread_1_seq_3194.1694.1038676467 RECID=191235 STAMP=1038676468
deleted archived log
archived log file name=+DG_ARCH_NEW/orcl/archivelog/2020_04_25/thread_1_seq_3195.1686.1038676887 RECID=191237 STAMP=1038676888
deleted archived log
archived log file name=+DG_ARCH_NEW/orcl/archivelog/2020_04_25/thread_1_seq_3196.1685.1038677299 RECID=191238 STAMP=1038677299
deleted archived log
archived log file name=+DG_ARCH_NEW/orcl/archivelog/2020_04_25/thread_1_seq_3197.1680.1038677683 RECID=191239 STAMP=1038677683
deleted archived log
archived log file name=+DG_ARCH_NEW/orcl/archivelog/2020_04_25/thread_1_seq_3198.1676.1038678069 RECID=191241 STAMP=1038678070
deleted archived log
archived log file name=+DG_ARCH_NEW/orcl/archivelog/2020_04_25/thread_1_seq_3199.1670.1038678493 RECID=191242 STAMP=1038678493
deleted archived log
archived log file name=+DG_ARCH_NEW/orcl/archivelog/2020_04_25/thread_1_seq_3200.1669.1038678899 RECID=191243 STAMP=1038678898
deleted archived log
archived log file name=+DG_ARCH_NEW/orcl/archivelog/2020_04_25/thread_1_seq_3201.1662.1038679337 RECID=191245 STAMP=1038679336
deleted archived log
archived log file name=+DG_ARCH_NEW/orcl/archivelog/2020_04_25/thread_1_seq_3202.1658.1038679807 RECID=191246 STAMP=1038679807
deleted archived log
archived log file name=+DG_ARCH_NEW/orcl/archivelog/2020_04_25/thread_1_seq_3203.1657.1038680305 RECID=191247 STAMP=1038680305
deleted archived log
archived log file name=+DG_ARCH_NEW/orcl/archivelog/2020_04_25/thread_1_seq_3204.1649.1038680813 RECID=191249 STAMP=1038680812
deleted archived log
archived log file name=+DG_ARCH_NEW/orcl/archivelog/2020_04_25/thread_1_seq_3205.1648.1038681449 RECID=191250 STAMP=1038681448
deleted archived log
archived log file name=+DG_ARCH_NEW/orcl/archivelog/2020_04_25/thread_1_seq_3206.1642.1038682181 RECID=191251 STAMP=1038682180
deleted archived log
archived log file name=+DG_ARCH_NEW/orcl/archivelog/2020_04_25/thread_1_seq_3207.1637.1038682945 RECID=191253 STAMP=1038682945
deleted archived log
archived log file name=+DG_ARCH_NEW/orcl/archivelog/2020_04_25/thread_1_seq_3208.1633.1038683809 RECID=191254 STAMP=1038683809
deleted archived log
archived log file name=+DG_ARCH_NEW/orcl/archivelog/2020_04_25/thread_1_seq_3209.1630.1038684773 RECID=191255 STAMP=1038684772
deleted archived log
archived log file name=+DG_ARCH_NEW/orcl/archivelog/2020_04_25/thread_1_seq_3210.1622.1038685871 RECID=191257 STAMP=1038685870
deleted archived log
archived log file name=+DG_ARCH_NEW/orcl/archivelog/2020_04_25/thread_1_seq_3211.1621.1038686897 RECID=191258 STAMP=1038686896
deleted archived log
archived log file name=+DG_ARCH_NEW/orcl/archivelog/2020_04_25/thread_1_seq_3212.1620.1038688129 RECID=191259 STAMP=1038688129
deleted archived log
archived log file name=+DG_ARCH_NEW/orcl/archivelog/2020_04_25/thread_1_seq_3213.1612.1038689429 RECID=191261 STAMP=1038689428
deleted archived log
archived log file name=+DG_ARCH_NEW/orcl/archivelog/2020_04_25/thread_1_seq_3214.1609.1038690713 RECID=191262 STAMP=1038690712
deleted archived log
archived log file name=+DG_ARCH_NEW/orcl/archivelog/2020_04_25/thread_1_seq_3215.1605.1038692095 RECID=191263 STAMP=1038692095
deleted archived log
archived log file name=+DG_ARCH_NEW/orcl/archivelog/2020_04_25/thread_1_seq_3216.1600.1038693353 RECID=191265 STAMP=1038693352
deleted archived log
archived log file name=+DG_ARCH_NEW/orcl/archivelog/2020_04_25/thread_1_seq_3217.1594.1038694685 RECID=191266 STAMP=1038694684
deleted archived log
archived log file name=+DG_ARCH_NEW/orcl/archivelog/2020_04_25/thread_1_seq_3218.1593.1038696157 RECID=191267 STAMP=1038696157
deleted archived log
archived log file name=+DG_ARCH_NEW/orcl/archivelog/2020_04_25/thread_1_seq_3219.1585.1038697747 RECID=191269 STAMP=1038697747
deleted archived log
archived log file name=+DG_ARCH_NEW/orcl/archivelog/2020_04_25/thread_1_seq_3220.1584.1038699841 RECID=191270 STAMP=1038699841
deleted archived log
archived log file name=+DG_ARCH_NEW/orcl/archivelog/2020_04_26/thread_1_seq_3221.1921.1038703273 RECID=191272 STAMP=1038703275
deleted archived log
archived log file name=+DG_ARCH_NEW/orcl/archivelog/2020_04_26/thread_1_seq_3222.1929.1038703571 RECID=191274 STAMP=1038703570
deleted archived log
archived log file name=+DG_ARCH_NEW/orcl/archivelog/2020_04_25/thread_2_seq_1062.1896.1038646519 RECID=191152 STAMP=1038646518
deleted archived log
archived log file name=+DG_ARCH_NEW/orcl/archivelog/2020_04_25/thread_2_seq_1063.1784.1038648799 RECID=191155 STAMP=1038648798
deleted archived log
archived log file name=+DG_ARCH_NEW/orcl/archivelog/2020_04_25/thread_2_seq_1064.1746.1038650287 RECID=191160 STAMP=1038650286
deleted archived log
archived log file name=+DG_ARCH_NEW/orcl/archivelog/2020_04_25/thread_2_seq_1065.1712.1038651543 RECID=191163 STAMP=1038651543
deleted archived log
archived log file name=+DG_ARCH_NEW/orcl/archivelog/2020_04_25/thread_2_seq_1066.1673.1038652953 RECID=191167 STAMP=1038652953
deleted archived log
archived log file name=+DG_ARCH_NEW/orcl/archivelog/2020_04_25/thread_2_seq_1067.1636.1038654205 RECID=191172 STAMP=1038654204
deleted archived log
archived log file name=+DG_ARCH_NEW/orcl/archivelog/2020_04_25/thread_2_seq_1068.1598.1038655489 RECID=191176 STAMP=1038655488
deleted archived log
archived log file name=+DG_ARCH_NEW/orcl/archivelog/2020_04_25/thread_2_seq_1069.1893.1038656835 RECID=191180 STAMP=1038656835
deleted archived log
archived log file name=+DG_ARCH_NEW/orcl/archivelog/2020_04_25/thread_2_seq_1070.1710.1038658413 RECID=191184 STAMP=1038658414
deleted archived log
archived log file name=+DG_ARCH_NEW/orcl/archivelog/2020_04_25/thread_2_seq_1071.1596.1038660331 RECID=191188 STAMP=1038660331
deleted archived log
archived log file name=+DG_ARCH_NEW/orcl/archivelog/2020_04_25/thread_2_seq_1072.1898.1038662245 RECID=191192 STAMP=1038662245
deleted archived log
archived log file name=+DG_ARCH_NEW/orcl/archivelog/2020_04_25/thread_2_seq_1073.1888.1038663951 RECID=191196 STAMP=1038663952
deleted archived log
archived log file name=+DG_ARCH_NEW/orcl/archivelog/2020_04_25/thread_2_seq_1074.1874.1038665425 RECID=191200 STAMP=1038665425
deleted archived log
archived log file name=+DG_ARCH_NEW/orcl/archivelog/2020_04_25/thread_2_seq_1075.1861.1038666827 RECID=191204 STAMP=1038666826
deleted archived log
archived log file name=+DG_ARCH_NEW/orcl/archivelog/2020_04_25/thread_2_seq_1076.1776.1038668165 RECID=191208 STAMP=1038668164
deleted archived log
archived log file name=+DG_ARCH_NEW/orcl/archivelog/2020_04_25/thread_2_seq_1077.1762.1038669389 RECID=191212 STAMP=1038669388
deleted archived log
archived log file name=+DG_ARCH_NEW/orcl/archivelog/2020_04_25/thread_2_seq_1078.1752.1038670607 RECID=191216 STAMP=1038670606
deleted archived log
archived log file name=+DG_ARCH_NEW/orcl/archivelog/2020_04_25/thread_2_seq_1079.1738.1038671825 RECID=191220 STAMP=1038671824
deleted archived log
archived log file name=+DG_ARCH_NEW/orcl/archivelog/2020_04_25/thread_2_seq_1080.1725.1038673021 RECID=191224 STAMP=1038673021
deleted archived log
archived log file name=+DG_ARCH_NEW/orcl/archivelog/2020_04_25/thread_2_seq_1081.1716.1038674159 RECID=191228 STAMP=1038674158
deleted archived log
archived log file name=+DG_ARCH_NEW/orcl/archivelog/2020_04_25/thread_2_seq_1082.1705.1038675313 RECID=191232 STAMP=1038675313
deleted archived log
archived log file name=+DG_ARCH_NEW/orcl/archivelog/2020_04_25/thread_2_seq_1083.1690.1038676469 RECID=191236 STAMP=1038676468
deleted archived log
archived log file name=+DG_ARCH_NEW/orcl/archivelog/2020_04_25/thread_2_seq_1084.1678.1038677683 RECID=191240 STAMP=1038677683
deleted archived log
archived log file name=+DG_ARCH_NEW/orcl/archivelog/2020_04_25/thread_2_seq_1085.1665.1038678899 RECID=191244 STAMP=1038678898
deleted archived log
archived log file name=+DG_ARCH_NEW/orcl/archivelog/2020_04_25/thread_2_seq_1086.1652.1038680305 RECID=191248 STAMP=1038680306
deleted archived log
archived log file name=+DG_ARCH_NEW/orcl/archivelog/2020_04_25/thread_2_seq_1087.1641.1038682181 RECID=191252 STAMP=1038682181
deleted archived log
archived log file name=+DG_ARCH_NEW/orcl/archivelog/2020_04_25/thread_2_seq_1088.1628.1038684773 RECID=191256 STAMP=1038684773
deleted archived log
archived log file name=+DG_ARCH_NEW/orcl/archivelog/2020_04_25/thread_2_seq_1089.1614.1038688129 RECID=191260 STAMP=1038688130
deleted archived log
archived log file name=+DG_ARCH_NEW/orcl/archivelog/2020_04_25/thread_2_seq_1090.1601.1038692097 RECID=191264 STAMP=1038692096
deleted archived log
archived log file name=+DG_ARCH_NEW/orcl/archivelog/2020_04_25/thread_2_seq_1091.1590.1038696159 RECID=191268 STAMP=1038696158
deleted archived log
archived log file name=+DG_ARCH_NEW/orcl/archivelog/2020_04_26/thread_2_seq_1092.1878.1038703275 RECID=191271 STAMP=1038703274
deleted archived log
archived log file name=+DG_ARCH_NEW/orcl/archivelog/2020_04_26/thread_2_seq_1093.1937.1038703569 RECID=191273 STAMP=1038703569
Deleted 125 objects


released channel: c1

released channel: c2

released channel: c3

released channel: c4

released channel: c5

released channel: c6

RMAN> 

Recovery Manager complete.
Last login: Sat May  2 23:59:01 CST 2020
