
Recovery Manager: Release 11.2.0.4.0 - Production on Tue Jun 2 00:00:01 2020

Copyright (c) 1982, 2011, Oracle and/or its affiliates.  All rights reserved.

connected to target database: ORCL (DBID=1492966431)

RMAN> 2> 3> 4> 5> 6> 7> 8> 9> 10> 11> 12> 13> 14> 15> 16> 17> 18> 19> 
using target database control file instead of recovery catalog
allocated channel: c1
channel c1: SID=1333 instance=orcl2 device type=DISK

allocated channel: c2
channel c2: SID=1388 instance=orcl2 device type=DISK

allocated channel: c3
channel c3: SID=118 instance=orcl2 device type=DISK

allocated channel: c4
channel c4: SID=232 instance=orcl2 device type=DISK

allocated channel: c5
channel c5: SID=289 instance=orcl2 device type=DISK

allocated channel: c6
channel c6: SID=933 instance=orcl2 device type=DISK

Starting backup at 02-JUN-20
channel c1: starting compressed incremental level 2 datafile backup set
channel c1: specifying datafile(s) in backup set
input datafile file number=00025 name=+DG_DATA_NEW_1/orcl/datafile/tbs_paic.537.1036266693
input datafile file number=00034 name=+DG_DATA_NEW_1/orcl/datafile/tbs_paic.531.1036266731
input datafile file number=00042 name=+DG_DATA_NEW_1/orcl/datafile/tbs_paic.257.1036266771
input datafile file number=00039 name=+DG_DATA_NEW_1/orcl/datafile/tbs_paic.263.1036266811
input datafile file number=00068 name=+DG_DATA_NEW_1/orcl/datafile/tbs_paic.274.1036266851
input datafile file number=00075 name=+DG_DATA_NEW_1/orcl/datafile/tbs_paic.280.1036266891
input datafile file number=00081 name=+DG_DATA_NEW_1/orcl/datafile/tbs_paic.286.1036266933
input datafile file number=00088 name=+DG_DATA_NEW_1/orcl/datafile/tbs_paic.292.1036266977
input datafile file number=00094 name=+DG_DATA_NEW_1/orcl/datafile/tbs_paic_meta.302.1036272381
input datafile file number=00100 name=+DG_DATA_NEW_1/orcl/datafile/tbs_paic.303.1036272469
input datafile file number=00106 name=+DG_DATA_NEW_1/orcl/datafile/tbs_paic_index.304.1036272537
input datafile file number=00113 name=+DG_DATA_NEW_1/orcl/datafile/tbs_paic.307.1036272815
input datafile file number=00120 name=+DG_DATA_NEW_1/orcl/datafile/tbs_paic.312.1036272899
input datafile file number=00126 name=+DG_DATA_NEW_1/orcl/datafile/tbs_paic_index.317.1036273003
input datafile file number=00133 name=+DG_DATA_NEW_1/orcl/datafile/tbs_paic.318.1036273011
input datafile file number=00139 name=+DG_DATA_NEW_1/orcl/datafile/tbs_paic.335.1036273901
input datafile file number=00145 name=+DG_DATA_NEW_1/orcl/datafile/tbs_paic.341.1036274581
input datafile file number=00151 name=+DG_DATA_NEW_1/orcl/datafile/tbs_paic.345.1036275233
input datafile file number=00157 name=+DG_DATA_NEW_1/orcl/datafile/tbs_paic.353.1036278711
input datafile file number=00163 name=+DG_DATA_NEW_1/orcl/datafile/tbs_paic.359.1036279101
input datafile file number=00169 name=+DG_DATA_NEW_1/orcl/datafile/tbs_paic.360.1036279177
input datafile file number=00175 name=+DG_DATA_NEW_1/orcl/datafile/tbs_paic.362.1036279305
input datafile file number=00181 name=+DG_DATA_NEW_1/orcl/datafile/tbs_paic.370.1036279613
input datafile file number=00187 name=+DG_DATA_NEW_1/orcl/datafile/tbs_paic.383.1036280423
input datafile file number=00194 name=+DG_DATA_NEW_1/orcl/datafile/tbs_paic.390.1036281011
input datafile file number=00200 name=+DG_DATA_NEW_1/orcl/datafile/tbs_paic.395.1036281599
input datafile file number=00207 name=+DG_DATA_NEW_1/orcl/datafile/tbs_paic.402.1036284901
input datafile file number=00213 name=+DG_DATA_NEW_1/orcl/datafile/tbs_paic.404.1036285269
input datafile file number=00219 name=+DG_DATA_NEW_1/orcl/datafile/tbs_paic.405.1036285341
input datafile file number=00226 name=+DG_DATA_NEW_1/orcl/datafile/tbs_paic.408.1036285461
input datafile file number=00232 name=+DG_DATA_NEW_1/orcl/datafile/tbs_paic.411.1036285755
input datafile file number=00238 name=+DG_DATA_NEW_1/orcl/datafile/tbs_paic.429.1036286527
input datafile file number=00244 name=+DG_DATA_NEW_1/orcl/datafile/tbs_paic.436.1036287113
input datafile file number=00250 name=+DG_DATA_NEW_1/orcl/datafile/tbs_paic_index.440.1036287653
input datafile file number=00256 name=+DG_DATA_NEW_1/orcl/datafile/tbs_paic.449.1036290861
input datafile file number=00262 name=+DG_DATA_NEW_1/orcl/datafile/tbs_paic.452.1036291241
input datafile file number=00268 name=+DG_DATA_NEW_1/orcl/datafile/tbs_paic.577.1037141117
input datafile file number=00274 name=+DG_DATA_NEW_1/orcl/datafile/tbs_paic.583.1037141881
input datafile file number=00280 name=+DATA01/orcl/datafile/tbs_paic_index.479.15867640473
input datafile file number=00286 name=+DATA01/orcl/datafile/tbs_paic.267.1038255445
input datafile file number=00292 name=+DATA01/orcl/datafile/tbs_paic.273.1038255683
input datafile file number=00298 name=+DATA01/orcl/datafile/tbs_paic.279.1038255887
input datafile file number=00304 name=+DATA01/orcl/datafile/tbs_paic_index.285.1040128323
input datafile file number=00310 name=+DATA01/orcl/datafile/tbs_paic.291.1040472641
input datafile file number=00316 name=+DATA_ARCH/orcl/datafile/tbs_paic_arch.258.1040764397
input datafile file number=00322 name=+DATA01/orcl/datafile/tbs_paic.298.1041586317
input datafile file number=00328 name=+DATA_ARCH/orcl/datafile/tbs_paic_arch.263.1041633937
input datafile file number=00047 name=+DG_DATA_NEW_1/orcl/datafile/tbs_paic_clob.468.1036292065
input datafile file number=00049 name=+DG_DATA_NEW_1/orcl/datafile/tbs_paic.476.1036292481
input datafile file number=00055 name=+DG_DATA_NEW_1/orcl/datafile/tbs_paic.479.1036292655
input datafile file number=00061 name=+DG_DATA_NEW_1/orcl/datafile/tbs_paic_clob.482.1036292707
input datafile file number=00010 name=+DG_DATA_NEW_1/orcl/datafile/undotbs2.483.1036292807
input datafile file number=00012 name=+DG_DATA_NEW_1/orcl/datafile/tbs_paic_meta_index.497.1036293589
input datafile file number=00001 name=+DG_DATA_NEW_1/orcl/datafile/system.503.1036294401
input datafile file number=00045 name=+DG_DATA_NEW_1/orcl/datafile/sysaux.505.1036294853
channel c1: starting piece 1 at 02-JUN-20
channel c2: starting compressed incremental level 2 datafile backup set
channel c2: specifying datafile(s) in backup set
input datafile file number=00026 name=+DG_DATA_NEW_1/orcl/datafile/tbs_paic.538.1036266691
input datafile file number=00035 name=+DG_DATA_NEW_1/orcl/datafile/tbs_paic.532.1036266729
input datafile file number=00011 name=+DG_DATA_NEW_1/orcl/datafile/tbs_paic_meta.258.1036266769
input datafile file number=00017 name=+DG_DATA_NEW_1/orcl/datafile/tbs_paic_index.260.1036266809
input datafile file number=00040 name=+DG_DATA_NEW_1/orcl/datafile/tbs_paic_clob.272.1036266849
input datafile file number=00069 name=+DG_DATA_NEW_1/orcl/datafile/tbs_paic.278.1036266889
input datafile file number=00076 name=+DG_DATA_NEW_1/orcl/datafile/tbs_paic_index.284.1036266933
input datafile file number=00083 name=+DG_DATA_NEW_1/orcl/datafile/tbs_paic.291.1036266977
input datafile file number=00089 name=+DG_DATA_NEW_1/orcl/datafile/tbs_paic.296.1036269341
input datafile file number=00095 name=+DG_DATA_NEW_1/orcl/datafile/tbs_paic.297.1036269517
input datafile file number=00101 name=+DG_DATA_NEW_1/orcl/datafile/tbs_paic.306.1036272767
input datafile file number=00108 name=+DG_DATA_NEW_1/orcl/datafile/tbs_paic_meta.310.1036272857
input datafile file number=00114 name=+DG_DATA_NEW_1/orcl/datafile/tbs_paic.315.1036272963
input datafile file number=00121 name=+DG_DATA_NEW_1/orcl/datafile/tbs_paic.319.1036273011
input datafile file number=00127 name=+DG_DATA_NEW_1/orcl/datafile/tbs_paic.321.1036273101
input datafile file number=00134 name=+DG_DATA_NEW_1/orcl/datafile/tbs_paic_index.322.1036273205
input datafile file number=00140 name=+DG_DATA_NEW_1/orcl/datafile/tbs_paic.344.1036275073
input datafile file number=00146 name=+DG_DATA_NEW_1/orcl/datafile/tbs_paic.347.1036275663
input datafile file number=00152 name=+DG_DATA_NEW_1/orcl/datafile/tbs_paic.348.1036275703
input datafile file number=00158 name=+DG_DATA_NEW_1/orcl/datafile/tbs_paic.358.1036279065
input datafile file number=00164 name=+DG_DATA_NEW_1/orcl/datafile/tbs_paic.365.1036279475
input datafile file number=00170 name=+DG_DATA_NEW_1/orcl/datafile/tbs_paic.367.1036279493
input datafile file number=00176 name=+DG_DATA_NEW_1/orcl/datafile/tbs_paic.371.1036279659
input datafile file number=00182 name=+DG_DATA_NEW_1/orcl/datafile/tbs_paic.374.1036279769
input datafile file number=00188 name=+DG_DATA_NEW_1/orcl/datafile/tbs_paic.394.1036281531
input datafile file number=00195 name=+DG_DATA_NEW_1/orcl/datafile/tbs_paic.396.1036282073
input datafile file number=00202 name=+DG_DATA_NEW_1/orcl/datafile/tbs_paic.397.1036282111
input datafile file number=00208 name=+DG_DATA_NEW_1/orcl/datafile/tbs_paic.407.1036285453
input datafile file number=00214 name=+DG_DATA_NEW_1/orcl/datafile/tbs_paic.414.1036285859
input datafile file number=00220 name=+DG_DATA_NEW_1/orcl/datafile/tbs_paic.415.1036285877
input datafile file number=00227 name=+DG_DATA_NEW_1/orcl/datafile/tbs_paic.419.1036286037
input datafile file number=00233 name=+DG_DATA_NEW_1/orcl/datafile/tbs_paic.422.1036286143
input datafile file number=00239 name=+DG_DATA_NEW_1/orcl/datafile/tbs_paic.443.1036287795
input datafile file number=00245 name=+DG_DATA_NEW_1/orcl/datafile/tbs_paic.444.1036288301
input datafile file number=00251 name=+DG_DATA_NEW_1/orcl/datafile/tbs_paic_index.445.1036288335
input datafile file number=00257 name=+DG_DATA_NEW_1/orcl/datafile/tbs_paic.454.1036291445
input datafile file number=00263 name=+DG_DATA_NEW_1/orcl/datafile/tbs_paic_index.460.1036291853
input datafile file number=00269 name=+DG_DATA_NEW_1/orcl/datafile/tbs_paic.578.1037141753
input datafile file number=00275 name=+DATA01/orcl/datafile/tbs_paic.479.15867640471
input datafile file number=00281 name=+DATA01/orcl/datafile/tbs_paic_index.479.15867640474
input datafile file number=00287 name=+DATA01/orcl/datafile/tbs_paic.268.1038255493
input datafile file number=00293 name=+DATA01/orcl/datafile/tbs_paic.274.1038255715
input datafile file number=00299 name=+DATA01/orcl/datafile/tbs_paic.280.1038255915
input datafile file number=00305 name=+DATA01/orcl/datafile/tbs_paic_index.286.1040128425
input datafile file number=00311 name=+DATA01/orcl/datafile/tbs_paic.292.1040472665
input datafile file number=00317 name=+DATA_ARCH/orcl/datafile/tbs_paic_arch_index.259.1040764433
input datafile file number=00323 name=+DATA01/orcl/datafile/tbs_paic.299.1041586361
input datafile file number=00329 name=+DATA_ARCH/orcl/datafile/tbs_paic_arch.264.1041634025
input datafile file number=00051 name=+DG_DATA_NEW_1/orcl/datafile/tbs_paic.455.1036291447
input datafile file number=00057 name=+DG_DATA_NEW_1/orcl/datafile/tbs_paic.457.1036291539
input datafile file number=00063 name=+DG_DATA_NEW_1/orcl/datafile/tbs_paic_index.461.1036291863
input datafile file number=00021 name=+DG_DATA_NEW_1/orcl/datafile/tbs_paic_readonly.475.1036292463
input datafile file number=00023 name=+DG_DATA_NEW_1/orcl/datafile/undotbs3.488.1036293051
input datafile file number=00022 name=+DG_DATA_NEW_1/orcl/datafile/undotbs3.501.1036293761
input datafile file number=00004 name=+DG_DATA_NEW_1/orcl/datafile/users.559.1036295521
input datafile file number=00008 name=+DG_DATA_NEW_1/orcl/datafile/sysaux.498.1036293603
channel c2: starting piece 1 at 02-JUN-20
channel c3: starting compressed incremental level 2 datafile backup set
channel c3: specifying datafile(s) in backup set
input datafile file number=00030 name=+DG_DATA_NEW_1/orcl/datafile/tbs_paic.534.1036266693
input datafile file number=00038 name=+DG_DATA_NEW_1/orcl/datafile/tbs_paic.266.1036266733
input datafile file number=00015 name=+DG_DATA_NEW_1/orcl/datafile/tbs_paic.527.1036266773
input datafile file number=00032 name=+DG_DATA_NEW_1/orcl/datafile/tbs_paic.269.1036266813
input datafile file number=00066 name=+DG_DATA_NEW_1/orcl/datafile/tbs_paic.275.1036266851
input datafile file number=00073 name=+DG_DATA_NEW_1/orcl/datafile/tbs_paic_clob.281.1036266891
input datafile file number=00079 name=+DG_DATA_NEW_1/orcl/datafile/tbs_paic_index.287.1036266935
input datafile file number=00086 name=+DG_DATA_NEW_1/orcl/datafile/tbs_paic_clob.293.1036266979
input datafile file number=00092 name=+DG_DATA_NEW_1/orcl/datafile/tbs_paic.300.1036271525
input datafile file number=00098 name=+DG_DATA_NEW_1/orcl/datafile/tbs_paic.311.1036272869
input datafile file number=00104 name=+DG_DATA_NEW_1/orcl/datafile/tbs_paic.313.1036272907
input datafile file number=00111 name=+DG_DATA_NEW_1/orcl/datafile/tbs_paic_clob.320.1036273041
input datafile file number=00117 name=+DG_DATA_NEW_1/orcl/datafile/tbs_paic.324.1036273233
input datafile file number=00124 name=+DG_DATA_NEW_1/orcl/datafile/tbs_paic.330.1036273433
input datafile file number=00131 name=+DG_DATA_NEW_1/orcl/datafile/tbs_paic.332.1036273703
input datafile file number=00137 name=+DG_DATA_NEW_1/orcl/datafile/tbs_paic_clob.337.1036274109
input datafile file number=00143 name=+DG_DATA_NEW_1/orcl/datafile/tbs_paic_index.351.1036277953
input datafile file number=00149 name=+DG_DATA_NEW_1/orcl/datafile/tbs_paic_index.356.1036278957
input datafile file number=00155 name=+DG_DATA_NEW_1/orcl/datafile/tbs_paic.363.1036279325
input datafile file number=00161 name=+DG_DATA_NEW_1/orcl/datafile/tbs_paic.366.1036279489
input datafile file number=00167 name=+DG_DATA_NEW_1/orcl/datafile/tbs_paic.368.1036279553
input datafile file number=00173 name=+DG_DATA_NEW_1/orcl/datafile/tbs_paic.375.1036279831
input datafile file number=00179 name=+DG_DATA_NEW_1/orcl/datafile/tbs_paic.379.1036280051
input datafile file number=00185 name=+DG_DATA_NEW_1/orcl/datafile/tbs_paic.382.1036280227
input datafile file number=00192 name=+DG_DATA_NEW_1/orcl/datafile/tbs_paic.386.1036280491
input datafile file number=00198 name=+DG_DATA_NEW_1/orcl/datafile/tbs_paic.410.1036285511
input datafile file number=00205 name=+DG_DATA_NEW_1/orcl/datafile/tbs_paic.413.1036285821
input datafile file number=00211 name=+DG_DATA_NEW_1/orcl/datafile/tbs_paic_index.417.1036285969
input datafile file number=00217 name=+DG_DATA_NEW_1/orcl/datafile/tbs_paic.418.1036286031
input datafile file number=00223 name=+DG_DATA_NEW_1/orcl/datafile/tbs_paic.423.1036286251
input datafile file number=00230 name=+DG_DATA_NEW_1/orcl/datafile/tbs_paic.427.1036286439
input datafile file number=00236 name=+DG_DATA_NEW_1/orcl/datafile/tbs_paic.430.1036286611
input datafile file number=00242 name=+DG_DATA_NEW_1/orcl/datafile/tbs_paic.434.1036286873
input datafile file number=00248 name=+DG_DATA_NEW_1/orcl/datafile/tbs_paic.459.1036291659
input datafile file number=00254 name=+DG_DATA_NEW_1/orcl/datafile/tbs_paic_clob.465.1036291981
input datafile file number=00260 name=+DG_DATA_NEW_1/orcl/datafile/tbs_paic.469.1036292155
input datafile file number=00266 name=+DG_DATA_NEW_1/orcl/datafile/tbs_paic.575.1037141075
input datafile file number=00272 name=+DG_DATA_NEW_1/orcl/datafile/tbs_paic.581.1037141815
input datafile file number=00278 name=+DATA01/orcl/datafile/tbs_paic_index.479.15867640471
input datafile file number=00284 name=+DATA01/orcl/datafile/tbs_paic.265.1038255385
input datafile file number=00290 name=+DATA01/orcl/datafile/tbs_paic.271.1038255621
input datafile file number=00296 name=+DATA01/orcl/datafile/tbs_paic.277.1038255831
input datafile file number=00302 name=+DATA01/orcl/datafile/tbs_paic.283.1038256085
input datafile file number=00308 name=+DATA01/orcl/datafile/tbs_paic_index.289.1040472543
input datafile file number=00314 name=+DATA_ARCH/orcl/datafile/tbs_paic_arch.256.1040764309
input datafile file number=00320 name=+DATA01/orcl/datafile/tbs_paic.296.1041586229
input datafile file number=00326 name=+DATA_ARCH/orcl/datafile/tbs_paic_arch.261.1041633785
input datafile file number=00027 name=+DG_DATA_NEW_1/orcl/datafile/tbs_paic_clob.478.1036292547
input datafile file number=00050 name=+DG_DATA_NEW_1/orcl/datafile/tbs_paic.477.1036292537
input datafile file number=00056 name=+DG_DATA_NEW_1/orcl/datafile/tbs_paic.481.1036292677
input datafile file number=00062 name=+DG_DATA_NEW_1/orcl/datafile/tbs_paic_meta.494.1036293419
input datafile file number=00009 name=+DG_DATA_NEW_1/orcl/datafile/undotbs1.495.1036293439
input datafile file number=00024 name=+DG_DATA_NEW_1/orcl/datafile/undotbs3.486.1036293003
input datafile file number=00005 name=+DG_DATA_NEW_1/orcl/datafile/undotbs2.555.1036295111
channel c3: starting piece 1 at 02-JUN-20
channel c4: starting compressed incremental level 2 datafile backup set
channel c4: specifying datafile(s) in backup set
input datafile file number=00028 name=+DG_DATA_NEW_1/orcl/datafile/tbs_paic.533.1036266693
input datafile file number=00036 name=+DG_DATA_NEW_1/orcl/datafile/tbs_paic_index.265.1036266733
input datafile file number=00013 name=+DG_DATA_NEW_1/orcl/datafile/tbs_paic.526.1036266773
input datafile file number=00018 name=+DG_DATA_NEW_1/orcl/datafile/tbs_paic_clob.264.1036266811
input datafile file number=00044 name=+DG_DATA_NEW_1/orcl/datafile/tbs_paic_index.273.1036266849
input datafile file number=00070 name=+DG_DATA_NEW_1/orcl/datafile/tbs_paic.279.1036266889
input datafile file number=00077 name=+DG_DATA_NEW_1/orcl/datafile/tbs_paic.285.1036266933
input datafile file number=00084 name=+DG_DATA_NEW_1/orcl/datafile/tbs_paic.290.1036266977
input datafile file number=00090 name=+DG_DATA_NEW_1/orcl/datafile/tbs_paic.298.1036271217
input datafile file number=00096 name=+DG_DATA_NEW_1/orcl/datafile/tbs_paic.305.1036272707
input datafile file number=00102 name=+DG_DATA_NEW_1/orcl/datafile/tbs_paic.309.1036272833
input datafile file number=00109 name=+DG_DATA_NEW_1/orcl/datafile/tbs_paic_index.323.1036273231
input datafile file number=00115 name=+DG_DATA_NEW_1/orcl/datafile/tbs_paic.326.1036273303
input datafile file number=00122 name=+DG_DATA_NEW_1/orcl/datafile/tbs_paic.329.1036273391
input datafile file number=00128 name=+DG_DATA_NEW_1/orcl/datafile/tbs_paic.334.1036273851
input datafile file number=00135 name=+DG_DATA_NEW_1/orcl/datafile/tbs_paic.339.1036274301
input datafile file number=00141 name=+DG_DATA_NEW_1/orcl/datafile/tbs_paic.349.1036277499
input datafile file number=00147 name=+DG_DATA_NEW_1/orcl/datafile/tbs_paic.355.1036278863
input datafile file number=00153 name=+DG_DATA_NEW_1/orcl/datafile/tbs_paic.357.1036279027
input datafile file number=00159 name=+DG_DATA_NEW_1/orcl/datafile/tbs_paic.372.1036279703
input datafile file number=00165 name=+DG_DATA_NEW_1/orcl/datafile/tbs_paic_index.376.1036279889
input datafile file number=00171 name=+DG_DATA_NEW_1/orcl/datafile/tbs_paic.377.1036279949
input datafile file number=00177 name=+DG_DATA_NEW_1/orcl/datafile/tbs_paic.385.1036280465
input datafile file number=00183 name=+DG_DATA_NEW_1/orcl/datafile/tbs_paic.388.1036280919
input datafile file number=00189 name=+DG_DATA_NEW_1/orcl/datafile/tbs_paic_index.399.1036284071
input datafile file number=00196 name=+DG_DATA_NEW_1/orcl/datafile/tbs_paic_index.406.1036285351
input datafile file number=00203 name=+DG_DATA_NEW_1/orcl/datafile/tbs_paic.409.1036285503
input datafile file number=00209 name=+DG_DATA_NEW_1/orcl/datafile/tbs_paic.421.1036286139
input datafile file number=00215 name=+DG_DATA_NEW_1/orcl/datafile/tbs_paic.425.1036286323
input datafile file number=00221 name=+DG_DATA_NEW_1/orcl/datafile/tbs_paic.426.1036286373
input datafile file number=00228 name=+DG_DATA_NEW_1/orcl/datafile/tbs_paic.433.1036286863
input datafile file number=00234 name=+DG_DATA_NEW_1/orcl/datafile/tbs_paic.437.1036287281
input datafile file number=00240 name=+DG_DATA_NEW_1/orcl/datafile/tbs_paic.448.1036290235
input datafile file number=00246 name=+DG_DATA_NEW_1/orcl/datafile/tbs_paic.456.1036291483
input datafile file number=00252 name=+DG_DATA_NEW_1/orcl/datafile/tbs_paic_index.458.1036291633
input datafile file number=00258 name=+DG_DATA_NEW_1/orcl/datafile/tbs_paic.472.1036292237
input datafile file number=00264 name=+DG_DATA_NEW_1/orcl/datafile/tbs_paic_index.473.1036292409
input datafile file number=00270 name=+DG_DATA_NEW_1/orcl/datafile/tbs_paic.579.1037141773
input datafile file number=00276 name=+DATA01/orcl/datafile/tbs_paic.479.15867640472
input datafile file number=00282 name=+DATA01/orcl/datafile/tbs_paic.263.1038245653
input datafile file number=00288 name=+DATA01/orcl/datafile/tbs_paic.269.1038255553
input datafile file number=00294 name=+DATA01/orcl/datafile/tbs_paic.275.1038255767
input datafile file number=00300 name=+DATA01/orcl/datafile/tbs_paic.281.1038255943
input datafile file number=00306 name=+DATA01/orcl/datafile/tbs_paic.287.1040472383
input datafile file number=00312 name=+DATA01/orcl/datafile/tbs_paic.293.1040472707
input datafile file number=00318 name=+DATA_ARCH/orcl/datafile/tbs_paic_arch_index.260.1040764457
input datafile file number=00324 name=+DATA01/orcl/datafile/tbs_paic.300.1041586449
input datafile file number=00330 name=+DATA_ARCH/orcl/datafile/tbs_paic_arch.265.1041634077
input datafile file number=00052 name=+DG_DATA_NEW_1/orcl/datafile/tbs_paic.484.1036292861
input datafile file number=00058 name=+DG_DATA_NEW_1/orcl/datafile/tbs_paic.487.1036293027
input datafile file number=00064 name=+DG_DATA_NEW_1/orcl/datafile/tbs_paic_index.490.1036293259
input datafile file number=00071 name=+DG_DATA_NEW_1/orcl/datafile/tbs_paic_readonly.496.1036293551
input datafile file number=00006 name=+DG_DATA_NEW_1/orcl/datafile/users.556.1036295343
input datafile file number=00002 name=+DG_DATA_NEW_1/orcl/datafile/sysaux.493.1036293399
channel c4: starting piece 1 at 02-JUN-20
channel c5: starting compressed incremental level 2 datafile backup set
channel c5: specifying datafile(s) in backup set
input datafile file number=00029 name=+DG_DATA_NEW_1/orcl/datafile/tbs_paic.535.1036266693
input datafile file number=00037 name=+DG_DATA_NEW_1/orcl/datafile/tbs_paic.529.1036266733
input datafile file number=00014 name=+DG_DATA_NEW_1/orcl/datafile/tbs_paic.259.1036266773
input datafile file number=00020 name=+DG_DATA_NEW_1/orcl/datafile/tbs_paic_meta.270.1036266813
input datafile file number=00065 name=+DG_DATA_NEW_1/orcl/datafile/tbs_paic.276.1036266851
input datafile file number=00072 name=+DG_DATA_NEW_1/orcl/datafile/tbs_paic_index.282.1036266893
input datafile file number=00078 name=+DG_DATA_NEW_1/orcl/datafile/tbs_paic.288.1036266935
input datafile file number=00085 name=+DG_DATA_NEW_1/orcl/datafile/tbs_paic.294.1036266979
input datafile file number=00091 name=+DG_DATA_NEW_1/orcl/datafile/tbs_paic.295.1036269159
input datafile file number=00097 name=+DG_DATA_NEW_1/orcl/datafile/tbs_paic_index.299.1036271259
input datafile file number=00103 name=+DG_DATA_NEW_1/orcl/datafile/tbs_paic.308.1036272815
input datafile file number=00110 name=+DG_DATA_NEW_1/orcl/datafile/tbs_paic_index.314.1036272921
input datafile file number=00116 name=+DG_DATA_NEW_1/orcl/datafile/tbs_paic.316.1036273001
input datafile file number=00123 name=+DG_DATA_NEW_1/orcl/datafile/tbs_paic.325.1036273279
input datafile file number=00130 name=+DG_DATA_NEW_1/orcl/datafile/tbs_paic.328.1036273323
input datafile file number=00136 name=+DG_DATA_NEW_1/orcl/datafile/tbs_paic.333.1036273801
input datafile file number=00142 name=+DG_DATA_NEW_1/orcl/datafile/tbs_paic_index.346.1036275423
input datafile file number=00148 name=+DG_DATA_NEW_1/orcl/datafile/tbs_paic.352.1036278113
input datafile file number=00154 name=+DG_DATA_NEW_1/orcl/datafile/tbs_paic.361.1036279265
input datafile file number=00160 name=+DG_DATA_NEW_1/orcl/datafile/tbs_paic.364.1036279431
input datafile file number=00166 name=+DG_DATA_NEW_1/orcl/datafile/tbs_paic_index.373.1036279761
input datafile file number=00172 name=+DG_DATA_NEW_1/orcl/datafile/tbs_paic.378.1036280005
input datafile file number=00178 name=+DG_DATA_NEW_1/orcl/datafile/tbs_paic.380.1036280131
input datafile file number=00184 name=+DG_DATA_NEW_1/orcl/datafile/tbs_paic_index.387.1036280593
input datafile file number=00190 name=+DG_DATA_NEW_1/orcl/datafile/tbs_paic.398.1036282171
input datafile file number=00197 name=+DG_DATA_NEW_1/orcl/datafile/tbs_paic.401.1036284701
input datafile file number=00204 name=+DG_DATA_NEW_1/orcl/datafile/tbs_paic_index.412.1036285787
input datafile file number=00210 name=+DG_DATA_NEW_1/orcl/datafile/tbs_paic_index.416.1036285943
input datafile file number=00216 name=+DG_DATA_NEW_1/orcl/datafile/tbs_paic.424.1036286275
input datafile file number=00222 name=+DG_DATA_NEW_1/orcl/datafile/tbs_paic.428.1036286515
input datafile file number=00229 name=+DG_DATA_NEW_1/orcl/datafile/tbs_paic.432.1036286641
input datafile file number=00235 name=+DG_DATA_NEW_1/orcl/datafile/tbs_paic.435.1036287081
input datafile file number=00241 name=+DG_DATA_NEW_1/orcl/datafile/tbs_paic.446.1036288547
input datafile file number=00247 name=+DG_DATA_NEW_1/orcl/datafile/tbs_paic.450.1036290953
input datafile file number=00253 name=+DG_DATA_NEW_1/orcl/datafile/tbs_paic_clob.466.1036292001
input datafile file number=00259 name=+DG_DATA_NEW_1/orcl/datafile/tbs_paic.470.1036292173
input datafile file number=00265 name=+DG_DATA_NEW_1/orcl/datafile/tbs_paic.574.1037141047
input datafile file number=00271 name=+DG_DATA_NEW_1/orcl/datafile/tbs_paic.580.1037141795
input datafile file number=00277 name=+DATA01/orcl/datafile/tbs_paic.479.15867640473
input datafile file number=00283 name=+DATA01/orcl/datafile/tbs_paic.264.1038245767
input datafile file number=00289 name=+DATA01/orcl/datafile/tbs_paic.270.1038255593
input datafile file number=00295 name=+DATA01/orcl/datafile/tbs_paic.276.1038255789
input datafile file number=00301 name=+DATA01/orcl/datafile/tbs_paic.282.1038255987
input datafile file number=00307 name=+DATA01/orcl/datafile/tbs_paic_clob.288.1040472481
input datafile file number=00313 name=+DATA01/orcl/datafile/tbs_paic.294.1040472733
input datafile file number=00319 name=+DATA01/orcl/datafile/tbs_paic.295.1041586153
input datafile file number=00325 name=+DATA01/orcl/datafile/tbs_paic.301.1041586471
input datafile file number=00331 name=+DATA_ARCH/orcl/datafile/tbs_paic_arch.266.1041634555
input datafile file number=00053 name=+DG_DATA_NEW_1/orcl/datafile/tbs_paic.462.1036291871
input datafile file number=00059 name=+DG_DATA_NEW_1/orcl/datafile/tbs_paic.463.1036291945
input datafile file number=00107 name=+DG_DATA_NEW_1/orcl/datafile/tbs_paic_readonly.467.1036292051
input datafile file number=00082 name=+DG_DATA_NEW_1/orcl/datafile/sysaux.492.1036293339
input datafile file number=00007 name=+DG_DATA_NEW_1/orcl/datafile/system.489.1036293205
input datafile file number=00043 name=+DG_DATA_NEW_1/orcl/datafile/users.557.1036295353
input datafile file number=00119 name=+DG_DATA_NEW_1/orcl/datafile/users.504.1036294599
input datafile file number=00201 name=+DG_DATA_NEW_1/orcl/datafile/users.502.1036293825
channel c5: starting piece 1 at 02-JUN-20
channel c6: starting compressed incremental level 2 datafile backup set
channel c6: specifying datafile(s) in backup set
input datafile file number=00031 name=+DG_DATA_NEW_1/orcl/datafile/tbs_paic_index.536.1036266693
input datafile file number=00041 name=+DG_DATA_NEW_1/orcl/datafile/tbs_paic.530.1036266731
input datafile file number=00016 name=+DG_DATA_NEW_1/orcl/datafile/tbs_paic.528.1036266771
input datafile file number=00033 name=+DG_DATA_NEW_1/orcl/datafile/tbs_paic_clob.261.1036266809
input datafile file number=00067 name=+DG_DATA_NEW_1/orcl/datafile/tbs_paic_clob.271.1036266849
input datafile file number=00074 name=+DG_DATA_NEW_1/orcl/datafile/tbs_paic.277.1036266889
input datafile file number=00080 name=+DG_DATA_NEW_1/orcl/datafile/tbs_paic_clob.283.1036266931
input datafile file number=00087 name=+DG_DATA_NEW_1/orcl/datafile/tbs_paic_index.289.1036266975
input datafile file number=00093 name=+DG_DATA_NEW_1/orcl/datafile/tbs_paic_clob.301.1036271889
input datafile file number=00099 name=+DG_DATA_NEW_1/orcl/datafile/tbs_paic.327.1036273309
input datafile file number=00105 name=+DG_DATA_NEW_1/orcl/datafile/tbs_paic.331.1036273653
input datafile file number=00112 name=+DG_DATA_NEW_1/orcl/datafile/tbs_paic_clob.336.1036273923
input datafile file number=00118 name=+DG_DATA_NEW_1/orcl/datafile/tbs_paic.338.1036274249
input datafile file number=00125 name=+DG_DATA_NEW_1/orcl/datafile/tbs_paic_index.340.1036274317
input datafile file number=00132 name=+DG_DATA_NEW_1/orcl/datafile/tbs_paic.342.1036274795
input datafile file number=00138 name=+DG_DATA_NEW_1/orcl/datafile/tbs_paic.343.1036274807
input datafile file number=00144 name=+DG_DATA_NEW_1/orcl/datafile/tbs_paic.350.1036277721
input datafile file number=00150 name=+DG_DATA_NEW_1/orcl/datafile/tbs_paic.354.1036278763
input datafile file number=00156 name=+DG_DATA_NEW_1/orcl/datafile/tbs_paic_index.369.1036279587
input datafile file number=00162 name=+DG_DATA_NEW_1/orcl/datafile/tbs_paic_index.381.1036280167
input datafile file number=00168 name=+DG_DATA_NEW_1/orcl/datafile/tbs_paic.384.1036280443
input datafile file number=00174 name=+DG_DATA_NEW_1/orcl/datafile/tbs_paic.389.1036280935
input datafile file number=00180 name=+DG_DATA_NEW_1/orcl/datafile/tbs_paic.391.1036281167
input datafile file number=00186 name=+DG_DATA_NEW_1/orcl/datafile/tbs_paic.392.1036281413
input datafile file number=00193 name=+DG_DATA_NEW_1/orcl/datafile/tbs_paic.393.1036281425
input datafile file number=00199 name=+DG_DATA_NEW_1/orcl/datafile/tbs_paic.400.1036284233
input datafile file number=00206 name=+DG_DATA_NEW_1/orcl/datafile/tbs_paic.403.1036285253
input datafile file number=00212 name=+DG_DATA_NEW_1/orcl/datafile/tbs_paic.420.1036286073
input datafile file number=00218 name=+DG_DATA_NEW_1/orcl/datafile/tbs_paic.431.1036286613
input datafile file number=00225 name=+DG_DATA_NEW_1/orcl/datafile/tbs_paic.438.1036287307
input datafile file number=00231 name=+DG_DATA_NEW_1/orcl/datafile/tbs_paic.439.1036287473
input datafile file number=00237 name=+DG_DATA_NEW_1/orcl/datafile/tbs_paic.441.1036287689
input datafile file number=00243 name=+DG_DATA_NEW_1/orcl/datafile/tbs_paic.442.1036287701
input datafile file number=00249 name=+DG_DATA_NEW_1/orcl/datafile/tbs_paic.447.1036290235
input datafile file number=00255 name=+DG_DATA_NEW_1/orcl/datafile/sysaux.451.1036291199
input datafile file number=00261 name=+DG_DATA_NEW_1/orcl/datafile/tbs_paic.464.1036291949
input datafile file number=00267 name=+DG_DATA_NEW_1/orcl/datafile/tbs_paic.576.1037141097
input datafile file number=00273 name=+DG_DATA_NEW_1/orcl/datafile/tbs_paic.582.1037141861
input datafile file number=00279 name=+DATA01/orcl/datafile/tbs_paic_index.479.15867640472
input datafile file number=00285 name=+DATA01/orcl/datafile/tbs_paic.266.1038255423
input datafile file number=00291 name=+DATA01/orcl/datafile/tbs_paic.272.1038255659
input datafile file number=00297 name=+DATA01/orcl/datafile/tbs_paic.278.1038255861
input datafile file number=00303 name=+DATA01/orcl/datafile/tbs_paic.284.1038256107
input datafile file number=00309 name=+DATA01/orcl/datafile/tbs_paic.290.1040472577
input datafile file number=00315 name=+DATA_ARCH/orcl/datafile/tbs_paic_arch.257.1040764365
input datafile file number=00321 name=+DATA01/orcl/datafile/tbs_paic.297.1041586291
input datafile file number=00327 name=+DATA_ARCH/orcl/datafile/tbs_paic_arch.262.1041633873
input datafile file number=00046 name=+DG_DATA_NEW_1/orcl/datafile/tbs_paic.471.1036292225
input datafile file number=00048 name=+DG_DATA_NEW_1/orcl/datafile/tbs_paic.453.1036291317
input datafile file number=00054 name=+DG_DATA_NEW_1/orcl/datafile/tbs_paic.474.1036292461
input datafile file number=00060 name=+DG_DATA_NEW_1/orcl/datafile/tbs_paic_clob.485.1036292979
input datafile file number=00019 name=+DG_DATA_NEW_1/orcl/datafile/tbs_paic.491.1036293289
input datafile file number=00129 name=+DG_DATA_NEW_1/orcl/datafile/tbs_paic_readonly.480.1036292657
input datafile file number=00191 name=+DG_DATA_NEW_1/orcl/datafile/users.558.1036295355
input datafile file number=00003 name=+DG_DATA_NEW_1/orcl/datafile/undotbs1.500.1036293687
input datafile file number=00224 name=+DG_DATA_NEW_1/orcl/datafile/users.499.1036293629
channel c6: starting piece 1 at 02-JUN-20
channel c2: finished piece 1 at 02-JUN-20
piece handle=/dbbackup/paic/Tuesday_dt_inc2_kcv1mqgg_20200602 tag=TAG20200602T000012 comment=NONE
channel c2: backup set complete, elapsed time: 00:53:35
channel c2: starting compressed incremental level 2 datafile backup set
channel c2: specifying datafile(s) in backup set
including current control file in backup set
channel c2: starting piece 1 at 02-JUN-20
channel c2: finished piece 1 at 02-JUN-20
piece handle=/dbbackup/paic/Tuesday_dt_inc2_khv1mtl0_20200602 tag=TAG20200602T000012 comment=NONE
channel c2: backup set complete, elapsed time: 00:00:01
channel c3: finished piece 1 at 02-JUN-20
piece handle=/dbbackup/paic/Tuesday_dt_inc2_kdv1mqgh_20200602 tag=TAG20200602T000012 comment=NONE
channel c3: backup set complete, elapsed time: 00:54:20
channel c5: finished piece 1 at 02-JUN-20
piece handle=/dbbackup/paic/Tuesday_dt_inc2_kfv1mqgk_20200602 tag=TAG20200602T000012 comment=NONE
channel c5: backup set complete, elapsed time: 00:54:35
channel c6: finished piece 1 at 02-JUN-20
piece handle=/dbbackup/paic/Tuesday_dt_inc2_kgv1mqgn_20200602 tag=TAG20200602T000012 comment=NONE
channel c6: backup set complete, elapsed time: 00:54:32
channel c4: finished piece 1 at 02-JUN-20
piece handle=/dbbackup/paic/Tuesday_dt_inc2_kev1mqgi_20200602 tag=TAG20200602T000012 comment=NONE
channel c4: backup set complete, elapsed time: 00:55:08
channel c1: finished piece 1 at 02-JUN-20
piece handle=/dbbackup/paic/Tuesday_dt_inc2_kbv1mqgg_20200602 tag=TAG20200602T000012 comment=NONE
channel c1: backup set complete, elapsed time: 00:55:52
Finished backup at 02-JUN-20

Starting backup at 02-JUN-20
channel c1: starting full datafile backup set
channel c1: specifying datafile(s) in backup set
including current control file in backup set
channel c1: starting piece 1 at 02-JUN-20
channel c1: finished piece 1 at 02-JUN-20
piece handle=/dbbackup/paic/Tuesday_ctf_kiv1mtp9_20200602 tag=TAG20200602T005609 comment=NONE
channel c1: backup set complete, elapsed time: 00:00:01
Finished backup at 02-JUN-20

Starting backup at 02-JUN-20
current log archived
skipping archived logs of thread 1 from sequence 5041 to 5463; already backed up
skipping archived logs of thread 2 from sequence 4373 to 5380; already backed up
channel c1: starting compressed archived log backup set
channel c1: specifying archived log(s) in backup set
input archived log thread=2 sequence=5381 RECID=197803 STAMP=1041926261
input archived log thread=1 sequence=5464 RECID=197806 STAMP=1041929566
input archived log thread=2 sequence=5382 RECID=197804 STAMP=1041928331
input archived log thread=2 sequence=5383 RECID=197805 STAMP=1041929564
input archived log thread=2 sequence=5384 RECID=197807 STAMP=1041930269
input archived log thread=1 sequence=5465 RECID=197810 STAMP=1041931414
input archived log thread=2 sequence=5385 RECID=197808 STAMP=1041930926
input archived log thread=2 sequence=5386 RECID=197809 STAMP=1041931412
input archived log thread=2 sequence=5387 RECID=197811 STAMP=1041931871
input archived log thread=1 sequence=5466 RECID=197814 STAMP=1041932839
input archived log thread=2 sequence=5388 RECID=197812 STAMP=1041932366
input archived log thread=2 sequence=5389 RECID=197813 STAMP=1041932837
input archived log thread=2 sequence=5390 RECID=197815 STAMP=1041933281
input archived log thread=1 sequence=5467 RECID=197818 STAMP=1041934159
input archived log thread=2 sequence=5391 RECID=197816 STAMP=1041933752
input archived log thread=2 sequence=5392 RECID=197817 STAMP=1041934157
input archived log thread=2 sequence=5393 RECID=197819 STAMP=1041934574
input archived log thread=1 sequence=5468 RECID=197822 STAMP=1041935398
input archived log thread=2 sequence=5394 RECID=197820 STAMP=1041934988
input archived log thread=2 sequence=5395 RECID=197821 STAMP=1041935396
input archived log thread=2 sequence=5396 RECID=197823 STAMP=1041935810
input archived log thread=1 sequence=5469 RECID=197826 STAMP=1041936628
input archived log thread=2 sequence=5397 RECID=197824 STAMP=1041936233
channel c1: starting piece 1 at 02-JUN-20
channel c2: starting compressed archived log backup set
channel c2: specifying archived log(s) in backup set
input archived log thread=2 sequence=5398 RECID=197825 STAMP=1041936626
input archived log thread=2 sequence=5399 RECID=197827 STAMP=1041936977
input archived log thread=1 sequence=5470 RECID=197830 STAMP=1041937744
input archived log thread=2 sequence=5400 RECID=197828 STAMP=1041937349
input archived log thread=2 sequence=5401 RECID=197829 STAMP=1041937742
input archived log thread=2 sequence=5402 RECID=197831 STAMP=1041938138
input archived log thread=1 sequence=5471 RECID=197834 STAMP=1041938893
input archived log thread=2 sequence=5403 RECID=197832 STAMP=1041938522
input archived log thread=2 sequence=5404 RECID=197833 STAMP=1041938891
input archived log thread=2 sequence=5405 RECID=197835 STAMP=1041939287
input archived log thread=1 sequence=5472 RECID=197838 STAMP=1041940129
input archived log thread=2 sequence=5406 RECID=197836 STAMP=1041939719
input archived log thread=2 sequence=5407 RECID=197837 STAMP=1041940127
input archived log thread=2 sequence=5408 RECID=197839 STAMP=1041940601
input archived log thread=1 sequence=5473 RECID=197842 STAMP=1041941656
input archived log thread=2 sequence=5409 RECID=197840 STAMP=1041941048
input archived log thread=2 sequence=5410 RECID=197841 STAMP=1041941654
input archived log thread=2 sequence=5411 RECID=197843 STAMP=1041942359
input archived log thread=1 sequence=5474 RECID=197846 STAMP=1041943922
input archived log thread=2 sequence=5412 RECID=197844 STAMP=1041943124
input archived log thread=2 sequence=5413 RECID=197845 STAMP=1041943919
input archived log thread=2 sequence=5414 RECID=197847 STAMP=1041944688
channel c2: starting piece 1 at 02-JUN-20
channel c3: starting compressed archived log backup set
channel c3: specifying archived log(s) in backup set
input archived log thread=1 sequence=5475 RECID=197850 STAMP=1041946229
input archived log thread=2 sequence=5415 RECID=197848 STAMP=1041945432
input archived log thread=2 sequence=5416 RECID=197849 STAMP=1041946227
input archived log thread=2 sequence=5417 RECID=197851 STAMP=1041946845
input archived log thread=1 sequence=5476 RECID=197854 STAMP=1041947993
input archived log thread=2 sequence=5418 RECID=197852 STAMP=1041947418
input archived log thread=2 sequence=5419 RECID=197853 STAMP=1041947991
input archived log thread=2 sequence=5420 RECID=197855 STAMP=1041948462
input archived log thread=1 sequence=5477 RECID=197858 STAMP=1041949277
input archived log thread=2 sequence=5421 RECID=197856 STAMP=1041948855
input archived log thread=2 sequence=5422 RECID=197857 STAMP=1041949275
input archived log thread=2 sequence=5423 RECID=197859 STAMP=1041949659
input archived log thread=1 sequence=5478 RECID=197862 STAMP=1041950426
input archived log thread=2 sequence=5424 RECID=197860 STAMP=1041950046
input archived log thread=2 sequence=5425 RECID=197861 STAMP=1041950424
input archived log thread=2 sequence=5426 RECID=197863 STAMP=1041950829
input archived log thread=1 sequence=5479 RECID=197866 STAMP=1041951623
input archived log thread=2 sequence=5427 RECID=197864 STAMP=1041951222
input archived log thread=2 sequence=5428 RECID=197865 STAMP=1041951621
input archived log thread=2 sequence=5429 RECID=197867 STAMP=1041952011
input archived log thread=1 sequence=5480 RECID=197870 STAMP=1041952784
input archived log thread=2 sequence=5430 RECID=197868 STAMP=1041952404
input archived log thread=2 sequence=5431 RECID=197869 STAMP=1041952782
channel c3: starting piece 1 at 02-JUN-20
channel c4: starting compressed archived log backup set
channel c4: specifying archived log(s) in backup set
input archived log thread=2 sequence=5432 RECID=197871 STAMP=1041953181
input archived log thread=1 sequence=5481 RECID=197874 STAMP=1041953942
input archived log thread=2 sequence=5433 RECID=197872 STAMP=1041953550
input archived log thread=2 sequence=5434 RECID=197873 STAMP=1041953940
input archived log thread=2 sequence=5435 RECID=197875 STAMP=1041954294
input archived log thread=1 sequence=5482 RECID=197878 STAMP=1041955055
input archived log thread=2 sequence=5436 RECID=197876 STAMP=1041954681
input archived log thread=2 sequence=5437 RECID=197877 STAMP=1041955053
input archived log thread=2 sequence=5438 RECID=197879 STAMP=1041955428
input archived log thread=1 sequence=5483 RECID=197882 STAMP=1041956165
input archived log thread=2 sequence=5439 RECID=197880 STAMP=1041955782
input archived log thread=2 sequence=5440 RECID=197881 STAMP=1041956163
input archived log thread=2 sequence=5441 RECID=197883 STAMP=1041956535
input archived log thread=1 sequence=5484 RECID=197886 STAMP=1041957311
input archived log thread=2 sequence=5442 RECID=197884 STAMP=1041956928
input archived log thread=2 sequence=5443 RECID=197885 STAMP=1041957309
input archived log thread=2 sequence=5444 RECID=197887 STAMP=1041957705
input archived log thread=1 sequence=5485 RECID=197890 STAMP=1041958454
input archived log thread=2 sequence=5445 RECID=197888 STAMP=1041958104
input archived log thread=2 sequence=5446 RECID=197889 STAMP=1041958452
input archived log thread=2 sequence=5447 RECID=197891 STAMP=1041958824
input archived log thread=1 sequence=5486 RECID=197894 STAMP=1041959555
input archived log thread=2 sequence=5448 RECID=197892 STAMP=1041959172
channel c4: starting piece 1 at 02-JUN-20
channel c5: starting compressed archived log backup set
channel c5: specifying archived log(s) in backup set
input archived log thread=2 sequence=5449 RECID=197893 STAMP=1041959553
input archived log thread=2 sequence=5450 RECID=197895 STAMP=1041959886
input archived log thread=1 sequence=5487 RECID=197898 STAMP=1041960611
input archived log thread=2 sequence=5451 RECID=197896 STAMP=1041960258
input archived log thread=2 sequence=5452 RECID=197897 STAMP=1041960609
input archived log thread=2 sequence=5453 RECID=197899 STAMP=1041960969
input archived log thread=1 sequence=5488 RECID=197902 STAMP=1041961700
input archived log thread=2 sequence=5454 RECID=197900 STAMP=1041961323
input archived log thread=2 sequence=5455 RECID=197901 STAMP=1041961698
input archived log thread=2 sequence=5456 RECID=197903 STAMP=1041962076
input archived log thread=1 sequence=5489 RECID=197906 STAMP=1041962873
input archived log thread=2 sequence=5457 RECID=197904 STAMP=1041962479
input archived log thread=2 sequence=5458 RECID=197905 STAMP=1041962871
input archived log thread=2 sequence=5459 RECID=197907 STAMP=1041963357
input archived log thread=1 sequence=5490 RECID=197910 STAMP=1041964406
input archived log thread=2 sequence=5460 RECID=197908 STAMP=1041963852
input archived log thread=2 sequence=5461 RECID=197909 STAMP=1041964405
input archived log thread=2 sequence=5462 RECID=197911 STAMP=1041964972
input archived log thread=1 sequence=5491 RECID=197914 STAMP=1041966257
input archived log thread=2 sequence=5463 RECID=197912 STAMP=1041965587
input archived log thread=2 sequence=5464 RECID=197913 STAMP=1041966256
input archived log thread=2 sequence=5465 RECID=197915 STAMP=1041966958
channel c5: starting piece 1 at 02-JUN-20
channel c6: starting compressed archived log backup set
channel c6: specifying archived log(s) in backup set
input archived log thread=1 sequence=5492 RECID=197918 STAMP=1041968411
input archived log thread=2 sequence=5466 RECID=197916 STAMP=1041967699
input archived log thread=2 sequence=5467 RECID=197917 STAMP=1041968410
input archived log thread=2 sequence=5468 RECID=197919 STAMP=1041969217
input archived log thread=1 sequence=5493 RECID=197922 STAMP=1041970922
input archived log thread=2 sequence=5469 RECID=197920 STAMP=1041970045
input archived log thread=2 sequence=5470 RECID=197921 STAMP=1041970921
input archived log thread=2 sequence=5471 RECID=197923 STAMP=1041971983
input archived log thread=1 sequence=5494 RECID=197926 STAMP=1041974090
input archived log thread=2 sequence=5472 RECID=197924 STAMP=1041973066
input archived log thread=2 sequence=5473 RECID=197925 STAMP=1041974089
input archived log thread=2 sequence=5474 RECID=197927 STAMP=1041975292
input archived log thread=1 sequence=5495 RECID=197930 STAMP=1041977403
input archived log thread=2 sequence=5475 RECID=197928 STAMP=1041976405
input archived log thread=2 sequence=5476 RECID=197929 STAMP=1041977401
input archived log thread=2 sequence=5477 RECID=197931 STAMP=1041978610
input archived log thread=1 sequence=5496 RECID=197934 STAMP=1041981507
input archived log thread=2 sequence=5478 RECID=197932 STAMP=1041979975
input archived log thread=2 sequence=5479 RECID=197933 STAMP=1041981505
input archived log thread=2 sequence=5480 RECID=197935 STAMP=1041983566
input archived log thread=1 sequence=5497 RECID=197937 STAMP=1041987372
input archived log thread=2 sequence=5481 RECID=197936 STAMP=1041987372
channel c6: starting piece 1 at 02-JUN-20
channel c1: finished piece 1 at 02-JUN-20
piece handle=/dbbackup/paic/Tuesday_arch_kjv1mtpe_20200602 tag=TAG20200602T005612 comment=NONE
channel c1: backup set complete, elapsed time: 00:02:56
channel c2: finished piece 1 at 02-JUN-20
piece handle=/dbbackup/paic/Tuesday_arch_kkv1mtpe_20200602 tag=TAG20200602T005612 comment=NONE
channel c2: backup set complete, elapsed time: 00:02:56
channel c5: finished piece 1 at 02-JUN-20
piece handle=/dbbackup/paic/Tuesday_arch_knv1mtpf_20200602 tag=TAG20200602T005612 comment=NONE
channel c5: backup set complete, elapsed time: 00:02:55
channel c6: finished piece 1 at 02-JUN-20
piece handle=/dbbackup/paic/Tuesday_arch_kov1mtpf_20200602 tag=TAG20200602T005612 comment=NONE
channel c6: backup set complete, elapsed time: 00:02:55
channel c3: finished piece 1 at 02-JUN-20
piece handle=/dbbackup/paic/Tuesday_arch_klv1mtpf_20200602 tag=TAG20200602T005612 comment=NONE
channel c3: backup set complete, elapsed time: 00:03:05
channel c4: finished piece 1 at 02-JUN-20
piece handle=/dbbackup/paic/Tuesday_arch_kmv1mtpf_20200602 tag=TAG20200602T005612 comment=NONE
channel c4: backup set complete, elapsed time: 00:03:05
Finished backup at 02-JUN-20

Starting Control File and SPFILE Autobackup at 02-JUN-20
piece handle=/app/oracle/product/11.2.0/oracle/dbs/c-1492966431-20200602-00 comment=NONE
Finished Control File and SPFILE Autobackup at 02-JUN-20


released channel: c1

released channel: c2

released channel: c3

released channel: c4

released channel: c5

released channel: c6

RMAN> 

Recovery Manager complete.
Last login: Mon Jun  1 23:59:01 CST 2020
