
Recovery Manager: Release 11.2.0.4.0 - Production on Tue Apr 7 00:00:01 2020

Copyright (c) 1982, 2011, Oracle and/or its affiliates.  All rights reserved.

connected to target database: ORCL (DBID=1492966431)

RMAN> 2> 3> 4> 5> 6> 7> 8> 9> 10> 11> 12> 13> 14> 15> 16> 17> 18> 
using target database control file instead of recovery catalog
allocated channel: c1
channel c1: SID=1148 instance=orcl2 device type=DISK

allocated channel: c2
channel c2: SID=1205 instance=orcl2 device type=DISK

allocated channel: c3
channel c3: SID=1262 instance=orcl2 device type=DISK

allocated channel: c4
channel c4: SID=1319 instance=orcl2 device type=DISK

allocated channel: c5
channel c5: SID=1376 instance=orcl2 device type=DISK

allocated channel: c6
channel c6: SID=1433 instance=orcl2 device type=DISK

Starting backup at 07-APR-20
channel c1: starting compressed incremental level 2 datafile backup set
channel c1: specifying datafile(s) in backup set
input datafile file number=00029 name=+DG_DATA_NEW_1/orcl/datafile/tbs_paic.535.1036266693
input datafile file number=00037 name=+DG_DATA_NEW_1/orcl/datafile/tbs_paic.529.1036266733
input datafile file number=00014 name=+DG_DATA_NEW_1/orcl/datafile/tbs_paic.259.1036266773
input datafile file number=00020 name=+DG_DATA_NEW_1/orcl/datafile/tbs_paic_meta.270.1036266813
input datafile file number=00065 name=+DG_DATA_NEW_1/orcl/datafile/tbs_paic.276.1036266851
input datafile file number=00072 name=+DG_DATA_NEW_1/orcl/datafile/tbs_paic_index.282.1036266893
input datafile file number=00078 name=+DG_DATA_NEW_1/orcl/datafile/tbs_paic.288.1036266935
input datafile file number=00085 name=+DG_DATA_NEW_1/orcl/datafile/tbs_paic.294.1036266979
input datafile file number=00091 name=+DG_DATA_NEW_1/orcl/datafile/tbs_paic.295.1036269159
input datafile file number=00097 name=+DG_DATA_NEW_1/orcl/datafile/tbs_paic_index.299.1036271259
input datafile file number=00103 name=+DG_DATA_NEW_1/orcl/datafile/tbs_paic.308.1036272815
input datafile file number=00110 name=+DG_DATA_NEW_1/orcl/datafile/tbs_paic_index.314.1036272921
input datafile file number=00116 name=+DG_DATA_NEW_1/orcl/datafile/tbs_paic.316.1036273001
input datafile file number=00123 name=+DG_DATA_NEW_1/orcl/datafile/tbs_paic.325.1036273279
input datafile file number=00130 name=+DG_DATA_NEW_1/orcl/datafile/tbs_paic.328.1036273323
input datafile file number=00136 name=+DG_DATA_NEW_1/orcl/datafile/tbs_paic.333.1036273801
input datafile file number=00142 name=+DG_DATA_NEW_1/orcl/datafile/tbs_paic_index.346.1036275423
input datafile file number=00148 name=+DG_DATA_NEW_1/orcl/datafile/tbs_paic.352.1036278113
input datafile file number=00154 name=+DG_DATA_NEW_1/orcl/datafile/tbs_paic.361.1036279265
input datafile file number=00160 name=+DG_DATA_NEW_1/orcl/datafile/tbs_paic.364.1036279431
input datafile file number=00166 name=+DG_DATA_NEW_1/orcl/datafile/tbs_paic_index.373.1036279761
input datafile file number=00172 name=+DG_DATA_NEW_1/orcl/datafile/tbs_paic.378.1036280005
input datafile file number=00178 name=+DG_DATA_NEW_1/orcl/datafile/tbs_paic.380.1036280131
input datafile file number=00184 name=+DG_DATA_NEW_1/orcl/datafile/tbs_paic_index.387.1036280593
input datafile file number=00190 name=+DG_DATA_NEW_1/orcl/datafile/tbs_paic.398.1036282171
input datafile file number=00197 name=+DG_DATA_NEW_1/orcl/datafile/tbs_paic.401.1036284701
input datafile file number=00204 name=+DG_DATA_NEW_1/orcl/datafile/tbs_paic_index.412.1036285787
input datafile file number=00210 name=+DG_DATA_NEW_1/orcl/datafile/tbs_paic_index.416.1036285943
input datafile file number=00216 name=+DG_DATA_NEW_1/orcl/datafile/tbs_paic.424.1036286275
input datafile file number=00222 name=+DG_DATA_NEW_1/orcl/datafile/tbs_paic.428.1036286515
input datafile file number=00229 name=+DG_DATA_NEW_1/orcl/datafile/tbs_paic.432.1036286641
input datafile file number=00235 name=+DG_DATA_NEW_1/orcl/datafile/tbs_paic.435.1036287081
input datafile file number=00241 name=+DG_DATA_NEW_1/orcl/datafile/tbs_paic.446.1036288547
input datafile file number=00247 name=+DG_DATA_NEW_1/orcl/datafile/tbs_paic.450.1036290953
input datafile file number=00253 name=+DG_DATA_NEW_1/orcl/datafile/tbs_paic_clob.466.1036292001
input datafile file number=00259 name=+DG_DATA_NEW_1/orcl/datafile/tbs_paic.470.1036292173
input datafile file number=00027 name=+DG_DATA_NEW_1/orcl/datafile/tbs_paic_clob.478.1036292547
input datafile file number=00052 name=+DG_DATA_NEW_1/orcl/datafile/tbs_paic.484.1036292861
input datafile file number=00058 name=+DG_DATA_NEW_1/orcl/datafile/tbs_paic.487.1036293027
input datafile file number=00064 name=+DG_DATA_NEW_1/orcl/datafile/tbs_paic_index.490.1036293259
input datafile file number=00082 name=+DG_DATA_NEW_1/orcl/datafile/sysaux.492.1036293339
input datafile file number=00045 name=+DG_DATA_NEW_1/orcl/datafile/sysaux.505.1036294853
input datafile file number=00004 name=+DG_DATA_NEW_1/orcl/datafile/users.559.1036295521
input datafile file number=00005 name=+DG_DATA_NEW_1/orcl/datafile/undotbs2.555.1036295111
channel c1: starting piece 1 at 07-APR-20
channel c2: starting compressed incremental level 2 datafile backup set
channel c2: specifying datafile(s) in backup set
input datafile file number=00031 name=+DG_DATA_NEW_1/orcl/datafile/tbs_paic_index.536.1036266693
input datafile file number=00041 name=+DG_DATA_NEW_1/orcl/datafile/tbs_paic.530.1036266731
input datafile file number=00016 name=+DG_DATA_NEW_1/orcl/datafile/tbs_paic.528.1036266771
input datafile file number=00033 name=+DG_DATA_NEW_1/orcl/datafile/tbs_paic_clob.261.1036266809
input datafile file number=00067 name=+DG_DATA_NEW_1/orcl/datafile/tbs_paic_clob.271.1036266849
input datafile file number=00074 name=+DG_DATA_NEW_1/orcl/datafile/tbs_paic.277.1036266889
input datafile file number=00080 name=+DG_DATA_NEW_1/orcl/datafile/tbs_paic_clob.283.1036266931
input datafile file number=00087 name=+DG_DATA_NEW_1/orcl/datafile/tbs_paic_index.289.1036266975
input datafile file number=00093 name=+DG_DATA_NEW_1/orcl/datafile/tbs_paic_clob.301.1036271889
input datafile file number=00099 name=+DG_DATA_NEW_1/orcl/datafile/tbs_paic.327.1036273309
input datafile file number=00105 name=+DG_DATA_NEW_1/orcl/datafile/tbs_paic.331.1036273653
input datafile file number=00112 name=+DG_DATA_NEW_1/orcl/datafile/tbs_paic_clob.336.1036273923
input datafile file number=00118 name=+DG_DATA_NEW_1/orcl/datafile/tbs_paic.338.1036274249
input datafile file number=00125 name=+DG_DATA_NEW_1/orcl/datafile/tbs_paic_index.340.1036274317
input datafile file number=00132 name=+DG_DATA_NEW_1/orcl/datafile/tbs_paic.342.1036274795
input datafile file number=00138 name=+DG_DATA_NEW_1/orcl/datafile/tbs_paic.343.1036274807
input datafile file number=00144 name=+DG_DATA_NEW_1/orcl/datafile/tbs_paic.350.1036277721
input datafile file number=00150 name=+DG_DATA_NEW_1/orcl/datafile/tbs_paic.354.1036278763
input datafile file number=00156 name=+DG_DATA_NEW_1/orcl/datafile/tbs_paic_index.369.1036279587
input datafile file number=00162 name=+DG_DATA_NEW_1/orcl/datafile/tbs_paic_index.381.1036280167
input datafile file number=00168 name=+DG_DATA_NEW_1/orcl/datafile/tbs_paic.384.1036280443
input datafile file number=00174 name=+DG_DATA_NEW_1/orcl/datafile/tbs_paic.389.1036280935
input datafile file number=00180 name=+DG_DATA_NEW_1/orcl/datafile/tbs_paic.391.1036281167
input datafile file number=00186 name=+DG_DATA_NEW_1/orcl/datafile/tbs_paic.392.1036281413
input datafile file number=00193 name=+DG_DATA_NEW_1/orcl/datafile/tbs_paic.393.1036281425
input datafile file number=00199 name=+DG_DATA_NEW_1/orcl/datafile/tbs_paic.400.1036284233
input datafile file number=00206 name=+DG_DATA_NEW_1/orcl/datafile/tbs_paic.403.1036285253
input datafile file number=00212 name=+DG_DATA_NEW_1/orcl/datafile/tbs_paic.420.1036286073
input datafile file number=00218 name=+DG_DATA_NEW_1/orcl/datafile/tbs_paic.431.1036286613
input datafile file number=00225 name=+DG_DATA_NEW_1/orcl/datafile/tbs_paic.438.1036287307
input datafile file number=00231 name=+DG_DATA_NEW_1/orcl/datafile/tbs_paic.439.1036287473
input datafile file number=00237 name=+DG_DATA_NEW_1/orcl/datafile/tbs_paic.441.1036287689
input datafile file number=00243 name=+DG_DATA_NEW_1/orcl/datafile/tbs_paic.442.1036287701
input datafile file number=00249 name=+DG_DATA_NEW_1/orcl/datafile/tbs_paic.447.1036290235
input datafile file number=00255 name=+DG_DATA_NEW_1/orcl/datafile/sysaux.451.1036291199
input datafile file number=00261 name=+DG_DATA_NEW_1/orcl/datafile/tbs_paic.464.1036291949
input datafile file number=00047 name=+DG_DATA_NEW_1/orcl/datafile/tbs_paic_clob.468.1036292065
input datafile file number=00050 name=+DG_DATA_NEW_1/orcl/datafile/tbs_paic.477.1036292537
input datafile file number=00056 name=+DG_DATA_NEW_1/orcl/datafile/tbs_paic.481.1036292677
input datafile file number=00062 name=+DG_DATA_NEW_1/orcl/datafile/tbs_paic_meta.494.1036293419
input datafile file number=00009 name=+DG_DATA_NEW_1/orcl/datafile/undotbs1.495.1036293439
input datafile file number=00012 name=+DG_DATA_NEW_1/orcl/datafile/tbs_paic_meta_index.497.1036293589
input datafile file number=00008 name=+DG_DATA_NEW_1/orcl/datafile/sysaux.498.1036293603
input datafile file number=00224 name=+DG_DATA_NEW_1/orcl/datafile/users.499.1036293629
channel c2: starting piece 1 at 07-APR-20
channel c3: starting compressed incremental level 2 datafile backup set
channel c3: specifying datafile(s) in backup set
input datafile file number=00025 name=+DG_DATA_NEW_1/orcl/datafile/tbs_paic.537.1036266693
input datafile file number=00034 name=+DG_DATA_NEW_1/orcl/datafile/tbs_paic.531.1036266731
input datafile file number=00042 name=+DG_DATA_NEW_1/orcl/datafile/tbs_paic.257.1036266771
input datafile file number=00039 name=+DG_DATA_NEW_1/orcl/datafile/tbs_paic.263.1036266811
input datafile file number=00068 name=+DG_DATA_NEW_1/orcl/datafile/tbs_paic.274.1036266851
input datafile file number=00075 name=+DG_DATA_NEW_1/orcl/datafile/tbs_paic.280.1036266891
input datafile file number=00081 name=+DG_DATA_NEW_1/orcl/datafile/tbs_paic.286.1036266933
input datafile file number=00088 name=+DG_DATA_NEW_1/orcl/datafile/tbs_paic.292.1036266977
input datafile file number=00094 name=+DG_DATA_NEW_1/orcl/datafile/tbs_paic_meta.302.1036272381
input datafile file number=00100 name=+DG_DATA_NEW_1/orcl/datafile/tbs_paic.303.1036272469
input datafile file number=00106 name=+DG_DATA_NEW_1/orcl/datafile/tbs_paic_index.304.1036272537
input datafile file number=00113 name=+DG_DATA_NEW_1/orcl/datafile/tbs_paic.307.1036272815
input datafile file number=00120 name=+DG_DATA_NEW_1/orcl/datafile/tbs_paic.312.1036272899
input datafile file number=00126 name=+DG_DATA_NEW_1/orcl/datafile/tbs_paic_index.317.1036273003
input datafile file number=00133 name=+DG_DATA_NEW_1/orcl/datafile/tbs_paic.318.1036273011
input datafile file number=00139 name=+DG_DATA_NEW_1/orcl/datafile/tbs_paic.335.1036273901
input datafile file number=00145 name=+DG_DATA_NEW_1/orcl/datafile/tbs_paic.341.1036274581
input datafile file number=00151 name=+DG_DATA_NEW_1/orcl/datafile/tbs_paic.345.1036275233
input datafile file number=00157 name=+DG_DATA_NEW_1/orcl/datafile/tbs_paic.353.1036278711
input datafile file number=00163 name=+DG_DATA_NEW_1/orcl/datafile/tbs_paic.359.1036279101
input datafile file number=00169 name=+DG_DATA_NEW_1/orcl/datafile/tbs_paic.360.1036279177
input datafile file number=00175 name=+DG_DATA_NEW_1/orcl/datafile/tbs_paic.362.1036279305
input datafile file number=00181 name=+DG_DATA_NEW_1/orcl/datafile/tbs_paic.370.1036279613
input datafile file number=00187 name=+DG_DATA_NEW_1/orcl/datafile/tbs_paic.383.1036280423
input datafile file number=00194 name=+DG_DATA_NEW_1/orcl/datafile/tbs_paic.390.1036281011
input datafile file number=00200 name=+DG_DATA_NEW_1/orcl/datafile/tbs_paic.395.1036281599
input datafile file number=00207 name=+DG_DATA_NEW_1/orcl/datafile/tbs_paic.402.1036284901
input datafile file number=00213 name=+DG_DATA_NEW_1/orcl/datafile/tbs_paic.404.1036285269
input datafile file number=00219 name=+DG_DATA_NEW_1/orcl/datafile/tbs_paic.405.1036285341
input datafile file number=00226 name=+DG_DATA_NEW_1/orcl/datafile/tbs_paic.408.1036285461
input datafile file number=00232 name=+DG_DATA_NEW_1/orcl/datafile/tbs_paic.411.1036285755
input datafile file number=00238 name=+DG_DATA_NEW_1/orcl/datafile/tbs_paic.429.1036286527
input datafile file number=00244 name=+DG_DATA_NEW_1/orcl/datafile/tbs_paic.436.1036287113
input datafile file number=00250 name=+DG_DATA_NEW_1/orcl/datafile/tbs_paic_index.440.1036287653
input datafile file number=00256 name=+DG_DATA_NEW_1/orcl/datafile/tbs_paic.449.1036290861
input datafile file number=00262 name=+DG_DATA_NEW_1/orcl/datafile/tbs_paic.452.1036291241
input datafile file number=00048 name=+DG_DATA_NEW_1/orcl/datafile/tbs_paic.453.1036291317
input datafile file number=00051 name=+DG_DATA_NEW_1/orcl/datafile/tbs_paic.455.1036291447
input datafile file number=00057 name=+DG_DATA_NEW_1/orcl/datafile/tbs_paic.457.1036291539
input datafile file number=00063 name=+DG_DATA_NEW_1/orcl/datafile/tbs_paic_index.461.1036291863
input datafile file number=00021 name=+DG_DATA_NEW_1/orcl/datafile/tbs_paic_readonly.475.1036292463
input datafile file number=00024 name=+DG_DATA_NEW_1/orcl/datafile/undotbs3.486.1036293003
input datafile file number=00007 name=+DG_DATA_NEW_1/orcl/datafile/system.489.1036293205
input datafile file number=00003 name=+DG_DATA_NEW_1/orcl/datafile/undotbs1.500.1036293687
channel c3: starting piece 1 at 07-APR-20
channel c4: starting compressed incremental level 2 datafile backup set
channel c4: specifying datafile(s) in backup set
input datafile file number=00026 name=+DG_DATA_NEW_1/orcl/datafile/tbs_paic.538.1036266691
input datafile file number=00035 name=+DG_DATA_NEW_1/orcl/datafile/tbs_paic.532.1036266729
input datafile file number=00011 name=+DG_DATA_NEW_1/orcl/datafile/tbs_paic_meta.258.1036266769
input datafile file number=00017 name=+DG_DATA_NEW_1/orcl/datafile/tbs_paic_index.260.1036266809
input datafile file number=00040 name=+DG_DATA_NEW_1/orcl/datafile/tbs_paic_clob.272.1036266849
input datafile file number=00069 name=+DG_DATA_NEW_1/orcl/datafile/tbs_paic.278.1036266889
input datafile file number=00076 name=+DG_DATA_NEW_1/orcl/datafile/tbs_paic_index.284.1036266933
input datafile file number=00083 name=+DG_DATA_NEW_1/orcl/datafile/tbs_paic.291.1036266977
input datafile file number=00089 name=+DG_DATA_NEW_1/orcl/datafile/tbs_paic.296.1036269341
input datafile file number=00095 name=+DG_DATA_NEW_1/orcl/datafile/tbs_paic.297.1036269517
input datafile file number=00101 name=+DG_DATA_NEW_1/orcl/datafile/tbs_paic.306.1036272767
input datafile file number=00108 name=+DG_DATA_NEW_1/orcl/datafile/tbs_paic_meta.310.1036272857
input datafile file number=00114 name=+DG_DATA_NEW_1/orcl/datafile/tbs_paic.315.1036272963
input datafile file number=00121 name=+DG_DATA_NEW_1/orcl/datafile/tbs_paic.319.1036273011
input datafile file number=00127 name=+DG_DATA_NEW_1/orcl/datafile/tbs_paic.321.1036273101
input datafile file number=00134 name=+DG_DATA_NEW_1/orcl/datafile/tbs_paic_index.322.1036273205
input datafile file number=00140 name=+DG_DATA_NEW_1/orcl/datafile/tbs_paic.344.1036275073
input datafile file number=00146 name=+DG_DATA_NEW_1/orcl/datafile/tbs_paic.347.1036275663
input datafile file number=00152 name=+DG_DATA_NEW_1/orcl/datafile/tbs_paic.348.1036275703
input datafile file number=00158 name=+DG_DATA_NEW_1/orcl/datafile/tbs_paic.358.1036279065
input datafile file number=00164 name=+DG_DATA_NEW_1/orcl/datafile/tbs_paic.365.1036279475
input datafile file number=00170 name=+DG_DATA_NEW_1/orcl/datafile/tbs_paic.367.1036279493
input datafile file number=00176 name=+DG_DATA_NEW_1/orcl/datafile/tbs_paic.371.1036279659
input datafile file number=00182 name=+DG_DATA_NEW_1/orcl/datafile/tbs_paic.374.1036279769
input datafile file number=00188 name=+DG_DATA_NEW_1/orcl/datafile/tbs_paic.394.1036281531
input datafile file number=00195 name=+DG_DATA_NEW_1/orcl/datafile/tbs_paic.396.1036282073
input datafile file number=00202 name=+DG_DATA_NEW_1/orcl/datafile/tbs_paic.397.1036282111
input datafile file number=00208 name=+DG_DATA_NEW_1/orcl/datafile/tbs_paic.407.1036285453
input datafile file number=00214 name=+DG_DATA_NEW_1/orcl/datafile/tbs_paic.414.1036285859
input datafile file number=00220 name=+DG_DATA_NEW_1/orcl/datafile/tbs_paic.415.1036285877
input datafile file number=00227 name=+DG_DATA_NEW_1/orcl/datafile/tbs_paic.419.1036286037
input datafile file number=00233 name=+DG_DATA_NEW_1/orcl/datafile/tbs_paic.422.1036286143
input datafile file number=00239 name=+DG_DATA_NEW_1/orcl/datafile/tbs_paic.443.1036287795
input datafile file number=00245 name=+DG_DATA_NEW_1/orcl/datafile/tbs_paic.444.1036288301
input datafile file number=00251 name=+DG_DATA_NEW_1/orcl/datafile/tbs_paic_index.445.1036288335
input datafile file number=00257 name=+DG_DATA_NEW_1/orcl/datafile/tbs_paic.454.1036291445
input datafile file number=00263 name=+DG_DATA_NEW_1/orcl/datafile/tbs_paic_index.460.1036291853
input datafile file number=00053 name=+DG_DATA_NEW_1/orcl/datafile/tbs_paic.462.1036291871
input datafile file number=00059 name=+DG_DATA_NEW_1/orcl/datafile/tbs_paic.463.1036291945
input datafile file number=00107 name=+DG_DATA_NEW_1/orcl/datafile/tbs_paic_readonly.467.1036292051
input datafile file number=00129 name=+DG_DATA_NEW_1/orcl/datafile/tbs_paic_readonly.480.1036292657
input datafile file number=00002 name=+DG_DATA_NEW_1/orcl/datafile/sysaux.493.1036293399
input datafile file number=00022 name=+DG_DATA_NEW_1/orcl/datafile/undotbs3.501.1036293761
input datafile file number=00201 name=+DG_DATA_NEW_1/orcl/datafile/users.502.1036293825
channel c4: starting piece 1 at 07-APR-20
channel c5: starting compressed incremental level 2 datafile backup set
channel c5: specifying datafile(s) in backup set
input datafile file number=00028 name=+DG_DATA_NEW_1/orcl/datafile/tbs_paic.533.1036266693
input datafile file number=00036 name=+DG_DATA_NEW_1/orcl/datafile/tbs_paic_index.265.1036266733
input datafile file number=00013 name=+DG_DATA_NEW_1/orcl/datafile/tbs_paic.526.1036266773
input datafile file number=00018 name=+DG_DATA_NEW_1/orcl/datafile/tbs_paic_clob.264.1036266811
input datafile file number=00044 name=+DG_DATA_NEW_1/orcl/datafile/tbs_paic_index.273.1036266849
input datafile file number=00070 name=+DG_DATA_NEW_1/orcl/datafile/tbs_paic.279.1036266889
input datafile file number=00077 name=+DG_DATA_NEW_1/orcl/datafile/tbs_paic.285.1036266933
input datafile file number=00084 name=+DG_DATA_NEW_1/orcl/datafile/tbs_paic.290.1036266977
input datafile file number=00090 name=+DG_DATA_NEW_1/orcl/datafile/tbs_paic.298.1036271217
input datafile file number=00096 name=+DG_DATA_NEW_1/orcl/datafile/tbs_paic.305.1036272707
input datafile file number=00102 name=+DG_DATA_NEW_1/orcl/datafile/tbs_paic.309.1036272833
input datafile file number=00109 name=+DG_DATA_NEW_1/orcl/datafile/tbs_paic_index.323.1036273231
input datafile file number=00115 name=+DG_DATA_NEW_1/orcl/datafile/tbs_paic.326.1036273303
input datafile file number=00122 name=+DG_DATA_NEW_1/orcl/datafile/tbs_paic.329.1036273391
input datafile file number=00128 name=+DG_DATA_NEW_1/orcl/datafile/tbs_paic.334.1036273851
input datafile file number=00135 name=+DG_DATA_NEW_1/orcl/datafile/tbs_paic.339.1036274301
input datafile file number=00141 name=+DG_DATA_NEW_1/orcl/datafile/tbs_paic.349.1036277499
input datafile file number=00147 name=+DG_DATA_NEW_1/orcl/datafile/tbs_paic.355.1036278863
input datafile file number=00153 name=+DG_DATA_NEW_1/orcl/datafile/tbs_paic.357.1036279027
input datafile file number=00159 name=+DG_DATA_NEW_1/orcl/datafile/tbs_paic.372.1036279703
input datafile file number=00165 name=+DG_DATA_NEW_1/orcl/datafile/tbs_paic_index.376.1036279889
input datafile file number=00171 name=+DG_DATA_NEW_1/orcl/datafile/tbs_paic.377.1036279949
input datafile file number=00177 name=+DG_DATA_NEW_1/orcl/datafile/tbs_paic.385.1036280465
input datafile file number=00183 name=+DG_DATA_NEW_1/orcl/datafile/tbs_paic.388.1036280919
input datafile file number=00189 name=+DG_DATA_NEW_1/orcl/datafile/tbs_paic_index.399.1036284071
input datafile file number=00196 name=+DG_DATA_NEW_1/orcl/datafile/tbs_paic_index.406.1036285351
input datafile file number=00203 name=+DG_DATA_NEW_1/orcl/datafile/tbs_paic.409.1036285503
input datafile file number=00209 name=+DG_DATA_NEW_1/orcl/datafile/tbs_paic.421.1036286139
input datafile file number=00215 name=+DG_DATA_NEW_1/orcl/datafile/tbs_paic.425.1036286323
input datafile file number=00221 name=+DG_DATA_NEW_1/orcl/datafile/tbs_paic.426.1036286373
input datafile file number=00228 name=+DG_DATA_NEW_1/orcl/datafile/tbs_paic.433.1036286863
input datafile file number=00234 name=+DG_DATA_NEW_1/orcl/datafile/tbs_paic.437.1036287281
input datafile file number=00240 name=+DG_DATA_NEW_1/orcl/datafile/tbs_paic.448.1036290235
input datafile file number=00246 name=+DG_DATA_NEW_1/orcl/datafile/tbs_paic.456.1036291483
input datafile file number=00252 name=+DG_DATA_NEW_1/orcl/datafile/tbs_paic_index.458.1036291633
input datafile file number=00258 name=+DG_DATA_NEW_1/orcl/datafile/tbs_paic.472.1036292237
input datafile file number=00264 name=+DG_DATA_NEW_1/orcl/datafile/tbs_paic_index.473.1036292409
input datafile file number=00054 name=+DG_DATA_NEW_1/orcl/datafile/tbs_paic.474.1036292461
input datafile file number=00060 name=+DG_DATA_NEW_1/orcl/datafile/tbs_paic_clob.485.1036292979
input datafile file number=00019 name=+DG_DATA_NEW_1/orcl/datafile/tbs_paic.491.1036293289
input datafile file number=00071 name=+DG_DATA_NEW_1/orcl/datafile/tbs_paic_readonly.496.1036293551
input datafile file number=00006 name=+DG_DATA_NEW_1/orcl/datafile/users.556.1036295343
input datafile file number=00043 name=+DG_DATA_NEW_1/orcl/datafile/users.557.1036295353
input datafile file number=00191 name=+DG_DATA_NEW_1/orcl/datafile/users.558.1036295355
channel c5: starting piece 1 at 07-APR-20
channel c6: starting compressed incremental level 2 datafile backup set
channel c6: specifying datafile(s) in backup set
input datafile file number=00030 name=+DG_DATA_NEW_1/orcl/datafile/tbs_paic.534.1036266693
input datafile file number=00038 name=+DG_DATA_NEW_1/orcl/datafile/tbs_paic.266.1036266733
input datafile file number=00015 name=+DG_DATA_NEW_1/orcl/datafile/tbs_paic.527.1036266773
input datafile file number=00032 name=+DG_DATA_NEW_1/orcl/datafile/tbs_paic.269.1036266813
input datafile file number=00066 name=+DG_DATA_NEW_1/orcl/datafile/tbs_paic.275.1036266851
input datafile file number=00073 name=+DG_DATA_NEW_1/orcl/datafile/tbs_paic_clob.281.1036266891
input datafile file number=00079 name=+DG_DATA_NEW_1/orcl/datafile/tbs_paic_index.287.1036266935
input datafile file number=00086 name=+DG_DATA_NEW_1/orcl/datafile/tbs_paic_clob.293.1036266979
input datafile file number=00092 name=+DG_DATA_NEW_1/orcl/datafile/tbs_paic.300.1036271525
input datafile file number=00098 name=+DG_DATA_NEW_1/orcl/datafile/tbs_paic.311.1036272869
input datafile file number=00104 name=+DG_DATA_NEW_1/orcl/datafile/tbs_paic.313.1036272907
input datafile file number=00111 name=+DG_DATA_NEW_1/orcl/datafile/tbs_paic_clob.320.1036273041
input datafile file number=00117 name=+DG_DATA_NEW_1/orcl/datafile/tbs_paic.324.1036273233
input datafile file number=00124 name=+DG_DATA_NEW_1/orcl/datafile/tbs_paic.330.1036273433
input datafile file number=00131 name=+DG_DATA_NEW_1/orcl/datafile/tbs_paic.332.1036273703
input datafile file number=00137 name=+DG_DATA_NEW_1/orcl/datafile/tbs_paic_clob.337.1036274109
input datafile file number=00143 name=+DG_DATA_NEW_1/orcl/datafile/tbs_paic_index.351.1036277953
input datafile file number=00149 name=+DG_DATA_NEW_1/orcl/datafile/tbs_paic_index.356.1036278957
input datafile file number=00155 name=+DG_DATA_NEW_1/orcl/datafile/tbs_paic.363.1036279325
input datafile file number=00161 name=+DG_DATA_NEW_1/orcl/datafile/tbs_paic.366.1036279489
input datafile file number=00167 name=+DG_DATA_NEW_1/orcl/datafile/tbs_paic.368.1036279553
input datafile file number=00173 name=+DG_DATA_NEW_1/orcl/datafile/tbs_paic.375.1036279831
input datafile file number=00179 name=+DG_DATA_NEW_1/orcl/datafile/tbs_paic.379.1036280051
input datafile file number=00185 name=+DG_DATA_NEW_1/orcl/datafile/tbs_paic.382.1036280227
input datafile file number=00192 name=+DG_DATA_NEW_1/orcl/datafile/tbs_paic.386.1036280491
input datafile file number=00198 name=+DG_DATA_NEW_1/orcl/datafile/tbs_paic.410.1036285511
input datafile file number=00205 name=+DG_DATA_NEW_1/orcl/datafile/tbs_paic.413.1036285821
input datafile file number=00211 name=+DG_DATA_NEW_1/orcl/datafile/tbs_paic_index.417.1036285969
input datafile file number=00217 name=+DG_DATA_NEW_1/orcl/datafile/tbs_paic.418.1036286031
input datafile file number=00223 name=+DG_DATA_NEW_1/orcl/datafile/tbs_paic.423.1036286251
input datafile file number=00230 name=+DG_DATA_NEW_1/orcl/datafile/tbs_paic.427.1036286439
input datafile file number=00236 name=+DG_DATA_NEW_1/orcl/datafile/tbs_paic.430.1036286611
input datafile file number=00242 name=+DG_DATA_NEW_1/orcl/datafile/tbs_paic.434.1036286873
input datafile file number=00248 name=+DG_DATA_NEW_1/orcl/datafile/tbs_paic.459.1036291659
input datafile file number=00254 name=+DG_DATA_NEW_1/orcl/datafile/tbs_paic_clob.465.1036291981
input datafile file number=00260 name=+DG_DATA_NEW_1/orcl/datafile/tbs_paic.469.1036292155
input datafile file number=00046 name=+DG_DATA_NEW_1/orcl/datafile/tbs_paic.471.1036292225
input datafile file number=00049 name=+DG_DATA_NEW_1/orcl/datafile/tbs_paic.476.1036292481
input datafile file number=00055 name=+DG_DATA_NEW_1/orcl/datafile/tbs_paic.479.1036292655
input datafile file number=00061 name=+DG_DATA_NEW_1/orcl/datafile/tbs_paic_clob.482.1036292707
input datafile file number=00010 name=+DG_DATA_NEW_1/orcl/datafile/undotbs2.483.1036292807
input datafile file number=00023 name=+DG_DATA_NEW_1/orcl/datafile/undotbs3.488.1036293051
input datafile file number=00001 name=+DG_DATA_NEW_1/orcl/datafile/system.503.1036294401
input datafile file number=00119 name=+DG_DATA_NEW_1/orcl/datafile/users.504.1036294599
channel c6: starting piece 1 at 07-APR-20
channel c1: finished piece 1 at 07-APR-20
piece handle=/dbbackup/paic/Tuesday_dt_inc2_ouut0h4c_20200407 tag=TAG20200407T000010 comment=NONE
channel c1: backup set complete, elapsed time: 00:38:35
channel c1: starting compressed incremental level 2 datafile backup set
channel c1: specifying datafile(s) in backup set
including current control file in backup set
channel c1: starting piece 1 at 07-APR-20
channel c1: finished piece 1 at 07-APR-20
piece handle=/dbbackup/paic/Tuesday_dt_inc2_p4ut0jco_20200407 tag=TAG20200407T000010 comment=NONE
channel c1: backup set complete, elapsed time: 00:00:01
channel c3: finished piece 1 at 07-APR-20
piece handle=/dbbackup/paic/Tuesday_dt_inc2_p0ut0h4d_20200407 tag=TAG20200407T000010 comment=NONE
channel c3: backup set complete, elapsed time: 00:38:41
channel c4: finished piece 1 at 07-APR-20
piece handle=/dbbackup/paic/Tuesday_dt_inc2_p1ut0h4f_20200407 tag=TAG20200407T000010 comment=NONE
channel c4: backup set complete, elapsed time: 00:38:57
channel c5: finished piece 1 at 07-APR-20
piece handle=/dbbackup/paic/Tuesday_dt_inc2_p2ut0h4h_20200407 tag=TAG20200407T000010 comment=NONE
channel c5: backup set complete, elapsed time: 00:38:55
channel c6: finished piece 1 at 07-APR-20
piece handle=/dbbackup/paic/Tuesday_dt_inc2_p3ut0h4j_20200407 tag=TAG20200407T000010 comment=NONE
channel c6: backup set complete, elapsed time: 00:39:01
channel c2: finished piece 1 at 07-APR-20
piece handle=/dbbackup/paic/Tuesday_dt_inc2_ovut0h4d_20200407 tag=TAG20200407T000010 comment=NONE
channel c2: backup set complete, elapsed time: 00:40:31
Finished backup at 07-APR-20

Starting backup at 07-APR-20
channel c1: starting full datafile backup set
channel c1: specifying datafile(s) in backup set
including current control file in backup set
channel c1: starting piece 1 at 07-APR-20
channel c1: finished piece 1 at 07-APR-20
piece handle=/dbbackup/paic/Tuesday_ctf_p5ut0jgd_20200407 tag=TAG20200407T004045 comment=NONE
channel c1: backup set complete, elapsed time: 00:00:01
Finished backup at 07-APR-20

Starting backup at 07-APR-20
current log archived
skipping archived logs of thread 1 from sequence 68853 to 69171; already backed up
skipping archived logs of thread 1 from sequence 69157 to 69170; already backed up
skipping archived logs of thread 2 from sequence 46379 to 46693; already backed up
skipping archived logs of thread 2 from sequence 46679 to 46692; already backed up
skipping archived logs of thread 3 from sequence 70281 to 70990; already backed up
skipping archived logs of thread 3 from sequence 70976 to 70989; already backed up
skipping archived log of thread 1 with sequence 3; already backed up
skipping archived logs of thread 1 from sequence 1 to 846; already backed up
skipping archived logs of thread 2 from sequence 1 to 288; already backed up
skipping archived log of thread 3 with sequence 1; already backed up
channel c1: starting compressed archived log backup set
channel c1: specifying archived log(s) in backup set
input archived log thread=2 sequence=289 RECID=188096 STAMP=1037004660
input archived log thread=1 sequence=847 RECID=188094 STAMP=1037002689
input archived log thread=1 sequence=848 RECID=188095 STAMP=1037004660
input archived log thread=1 sequence=849 RECID=188097 STAMP=1037005665
input archived log thread=2 sequence=290 RECID=188100 STAMP=1037007150
input archived log thread=1 sequence=850 RECID=188098 STAMP=1037006445
input archived log thread=1 sequence=851 RECID=188099 STAMP=1037007150
input archived log thread=1 sequence=852 RECID=188101 STAMP=1037007789
input archived log thread=2 sequence=291 RECID=188104 STAMP=1037008818
input archived log thread=1 sequence=853 RECID=188102 STAMP=1037008329
input archived log thread=1 sequence=854 RECID=188103 STAMP=1037008818
input archived log thread=1 sequence=855 RECID=188105 STAMP=1037009292
input archived log thread=2 sequence=292 RECID=188108 STAMP=1037010213
input archived log thread=1 sequence=856 RECID=188106 STAMP=1037009730
input archived log thread=1 sequence=857 RECID=188107 STAMP=1037010213
input archived log thread=1 sequence=858 RECID=188109 STAMP=1037010666
input archived log thread=2 sequence=293 RECID=188112 STAMP=1037011581
input archived log thread=1 sequence=859 RECID=188110 STAMP=1037011116
input archived log thread=1 sequence=860 RECID=188111 STAMP=1037011581
input archived log thread=1 sequence=861 RECID=188113 STAMP=1037011992
input archived log thread=2 sequence=294 RECID=188116 STAMP=1037012761
input archived log thread=1 sequence=862 RECID=188114 STAMP=1037012361
channel c1: starting piece 1 at 07-APR-20
channel c2: starting compressed archived log backup set
channel c2: specifying archived log(s) in backup set
input archived log thread=1 sequence=863 RECID=188115 STAMP=1037012760
input archived log thread=1 sequence=864 RECID=188117 STAMP=1037013162
input archived log thread=2 sequence=295 RECID=188120 STAMP=1037013999
input archived log thread=1 sequence=865 RECID=188118 STAMP=1037013588
input archived log thread=1 sequence=866 RECID=188119 STAMP=1037013999
input archived log thread=1 sequence=867 RECID=188121 STAMP=1037014428
input archived log thread=2 sequence=296 RECID=188124 STAMP=1037015314
input archived log thread=1 sequence=868 RECID=188122 STAMP=1037014857
input archived log thread=1 sequence=869 RECID=188123 STAMP=1037015313
input archived log thread=1 sequence=870 RECID=188125 STAMP=1037015799
input archived log thread=2 sequence=297 RECID=188128 STAMP=1037016892
input archived log thread=1 sequence=871 RECID=188126 STAMP=1037016333
input archived log thread=1 sequence=872 RECID=188127 STAMP=1037016891
input archived log thread=1 sequence=873 RECID=188129 STAMP=1037017557
input archived log thread=2 sequence=298 RECID=188132 STAMP=1037018830
input archived log thread=1 sequence=874 RECID=188130 STAMP=1037018211
input archived log thread=1 sequence=875 RECID=188131 STAMP=1037018829
input archived log thread=1 sequence=876 RECID=188133 STAMP=1037019477
input archived log thread=2 sequence=299 RECID=188136 STAMP=1037020669
input archived log thread=1 sequence=877 RECID=188134 STAMP=1037020119
input archived log thread=1 sequence=878 RECID=188135 STAMP=1037020668
channel c2: starting piece 1 at 07-APR-20
channel c3: starting compressed archived log backup set
channel c3: specifying archived log(s) in backup set
input archived log thread=1 sequence=879 RECID=188137 STAMP=1037021269
input archived log thread=2 sequence=300 RECID=188140 STAMP=1037022346
input archived log thread=1 sequence=880 RECID=188138 STAMP=1037021799
input archived log thread=1 sequence=881 RECID=188139 STAMP=1037022345
input archived log thread=1 sequence=882 RECID=188141 STAMP=1037022852
input archived log thread=2 sequence=301 RECID=188144 STAMP=1037023795
input archived log thread=1 sequence=883 RECID=188142 STAMP=1037023309
input archived log thread=1 sequence=884 RECID=188143 STAMP=1037023795
input archived log thread=1 sequence=885 RECID=188145 STAMP=1037024293
input archived log thread=2 sequence=302 RECID=188148 STAMP=1037025103
input archived log thread=1 sequence=886 RECID=188146 STAMP=1037024701
input archived log thread=1 sequence=887 RECID=188147 STAMP=1037025103
input archived log thread=1 sequence=888 RECID=188149 STAMP=1037025487
input archived log thread=2 sequence=303 RECID=188152 STAMP=1037026288
input archived log thread=1 sequence=889 RECID=188150 STAMP=1037025892
input archived log thread=1 sequence=890 RECID=188151 STAMP=1037026288
input archived log thread=1 sequence=891 RECID=188153 STAMP=1037026690
input archived log thread=2 sequence=304 RECID=188156 STAMP=1037027533
input archived log thread=1 sequence=892 RECID=188154 STAMP=1037027110
input archived log thread=1 sequence=893 RECID=188155 STAMP=1037027533
input archived log thread=1 sequence=894 RECID=188157 STAMP=1037027941
channel c3: starting piece 1 at 07-APR-20
channel c4: starting compressed archived log backup set
channel c4: specifying archived log(s) in backup set
input archived log thread=2 sequence=305 RECID=188160 STAMP=1037028733
input archived log thread=1 sequence=895 RECID=188158 STAMP=1037028349
input archived log thread=1 sequence=896 RECID=188159 STAMP=1037028733
input archived log thread=1 sequence=897 RECID=188161 STAMP=1037029099
input archived log thread=2 sequence=306 RECID=188164 STAMP=1037029894
input archived log thread=1 sequence=898 RECID=188162 STAMP=1037029492
input archived log thread=1 sequence=899 RECID=188163 STAMP=1037029894
input archived log thread=1 sequence=900 RECID=188165 STAMP=1037030263
input archived log thread=2 sequence=307 RECID=188168 STAMP=1037031055
input archived log thread=1 sequence=901 RECID=188166 STAMP=1037030659
input archived log thread=1 sequence=902 RECID=188167 STAMP=1037031055
input archived log thread=1 sequence=903 RECID=188169 STAMP=1037031448
input archived log thread=2 sequence=308 RECID=188172 STAMP=1037032192
input archived log thread=1 sequence=904 RECID=188170 STAMP=1037031835
input archived log thread=1 sequence=905 RECID=188171 STAMP=1037032192
input archived log thread=1 sequence=906 RECID=188173 STAMP=1037032573
input archived log thread=2 sequence=309 RECID=188176 STAMP=1037033356
input archived log thread=1 sequence=907 RECID=188174 STAMP=1037032957
input archived log thread=1 sequence=908 RECID=188175 STAMP=1037033356
input archived log thread=1 sequence=909 RECID=188177 STAMP=1037033713
input archived log thread=2 sequence=310 RECID=188180 STAMP=1037034482
input archived log thread=1 sequence=910 RECID=188178 STAMP=1037034091
channel c4: starting piece 1 at 07-APR-20
channel c5: starting compressed archived log backup set
channel c5: specifying archived log(s) in backup set
input archived log thread=1 sequence=911 RECID=188179 STAMP=1037034481
input archived log thread=1 sequence=912 RECID=188181 STAMP=1037034877
input archived log thread=2 sequence=311 RECID=188184 STAMP=1037035628
input archived log thread=1 sequence=913 RECID=188182 STAMP=1037035243
input archived log thread=1 sequence=914 RECID=188183 STAMP=1037035627
input archived log thread=1 sequence=915 RECID=188185 STAMP=1037036050
input archived log thread=2 sequence=312 RECID=188188 STAMP=1037036846
input archived log thread=1 sequence=916 RECID=188186 STAMP=1037036476
input archived log thread=1 sequence=917 RECID=188187 STAMP=1037036845
input archived log thread=1 sequence=918 RECID=188189 STAMP=1037037280
input archived log thread=2 sequence=313 RECID=188192 STAMP=1037038130
input archived log thread=1 sequence=919 RECID=188190 STAMP=1037037688
input archived log thread=1 sequence=920 RECID=188191 STAMP=1037038129
input archived log thread=1 sequence=921 RECID=188193 STAMP=1037038597
input archived log thread=2 sequence=314 RECID=188196 STAMP=1037039744
input archived log thread=1 sequence=922 RECID=188194 STAMP=1037039143
input archived log thread=1 sequence=923 RECID=188195 STAMP=1037039743
input archived log thread=1 sequence=924 RECID=188197 STAMP=1037040394
input archived log thread=2 sequence=315 RECID=188200 STAMP=1037041811
input archived log thread=1 sequence=925 RECID=188198 STAMP=1037041048
input archived log thread=1 sequence=926 RECID=188199 STAMP=1037041810
channel c5: starting piece 1 at 07-APR-20
channel c6: starting compressed archived log backup set
channel c6: specifying archived log(s) in backup set
input archived log thread=1 sequence=927 RECID=188201 STAMP=1037042656
input archived log thread=2 sequence=316 RECID=188204 STAMP=1037044370
input archived log thread=1 sequence=928 RECID=188202 STAMP=1037043487
input archived log thread=1 sequence=929 RECID=188203 STAMP=1037044369
input archived log thread=1 sequence=930 RECID=188205 STAMP=1037045359
input archived log thread=2 sequence=317 RECID=188208 STAMP=1037047490
input archived log thread=1 sequence=931 RECID=188206 STAMP=1037046409
input archived log thread=1 sequence=932 RECID=188207 STAMP=1037047489
input archived log thread=1 sequence=933 RECID=188209 STAMP=1037048641
input archived log thread=2 sequence=318 RECID=188212 STAMP=1037050712
input archived log thread=1 sequence=934 RECID=188210 STAMP=1037049691
input archived log thread=1 sequence=935 RECID=188211 STAMP=1037050711
input archived log thread=1 sequence=936 RECID=188213 STAMP=1037051803
input archived log thread=2 sequence=319 RECID=188216 STAMP=1037053997
input archived log thread=1 sequence=937 RECID=188214 STAMP=1037052857
input archived log thread=1 sequence=938 RECID=188215 STAMP=1037053996
input archived log thread=1 sequence=939 RECID=188217 STAMP=1037055535
input archived log thread=2 sequence=320 RECID=188219 STAMP=1037059649
input archived log thread=1 sequence=940 RECID=188218 STAMP=1037057249
input archived log thread=1 sequence=941 RECID=188220 STAMP=1037059650
input archived log thread=1 sequence=942 RECID=188222 STAMP=1037061650
input archived log thread=2 sequence=321 RECID=188221 STAMP=1037061647
channel c6: starting piece 1 at 07-APR-20
channel c1: finished piece 1 at 07-APR-20
piece handle=/dbbackup/paic/Tuesday_arch_p6ut0jgk_20200407 tag=TAG20200407T004050 comment=NONE
channel c1: backup set complete, elapsed time: 00:02:47
channel c2: finished piece 1 at 07-APR-20
piece handle=/dbbackup/paic/Tuesday_arch_p7ut0jgk_20200407 tag=TAG20200407T004050 comment=NONE
channel c2: backup set complete, elapsed time: 00:02:46
channel c3: finished piece 1 at 07-APR-20
piece handle=/dbbackup/paic/Tuesday_arch_p8ut0jgl_20200407 tag=TAG20200407T004050 comment=NONE
channel c3: backup set complete, elapsed time: 00:02:46
channel c4: finished piece 1 at 07-APR-20
piece handle=/dbbackup/paic/Tuesday_arch_p9ut0jgl_20200407 tag=TAG20200407T004050 comment=NONE
channel c4: backup set complete, elapsed time: 00:02:46
channel c5: finished piece 1 at 07-APR-20
piece handle=/dbbackup/paic/Tuesday_arch_paut0jgl_20200407 tag=TAG20200407T004050 comment=NONE
channel c5: backup set complete, elapsed time: 00:02:46
channel c6: finished piece 1 at 07-APR-20
piece handle=/dbbackup/paic/Tuesday_arch_pbut0jgl_20200407 tag=TAG20200407T004050 comment=NONE
channel c6: backup set complete, elapsed time: 00:02:46
Finished backup at 07-APR-20

Starting Control File Autobackup at 07-APR-20
piece handle=/app/oracle/product/11.2.0/oracle/dbs/c-1492966431-20200407-00 comment=NONE
Finished Control File Autobackup at 07-APR-20

released channel: c1

released channel: c2

released channel: c3

released channel: c4

released channel: c5

released channel: c6

RMAN> 

Recovery Manager complete.
Last login: Tue Apr  7 00:00:01 CST 2020
