
Recovery Manager: Release 11.2.0.4.0 - Production on Fri Apr 17 00:00:01 2020

Copyright (c) 1982, 2011, Oracle and/or its affiliates.  All rights reserved.

connected to target database: ORCL (DBID=1492966431)

RMAN> 2> 3> 4> 5> 6> 7> 8> 9> 10> 11> 12> 13> 14> 15> 16> 17> 18> 19> 
using target database control file instead of recovery catalog
allocated channel: c1
channel c1: SID=1205 instance=orcl2 device type=DISK

allocated channel: c2
channel c2: SID=1319 instance=orcl2 device type=DISK

allocated channel: c3
channel c3: SID=1376 instance=orcl2 device type=DISK

allocated channel: c4
channel c4: SID=1490 instance=orcl2 device type=DISK

allocated channel: c5
channel c5: SID=1604 instance=orcl2 device type=DISK

allocated channel: c6
channel c6: SID=1719 instance=orcl2 device type=DISK

Starting backup at 17-APR-20
channel c1: starting compressed incremental level 2 datafile backup set
channel c1: specifying datafile(s) in backup set
input datafile file number=00026 name=+DG_DATA_NEW_1/orcl/datafile/tbs_paic.538.1036266691
input datafile file number=00035 name=+DG_DATA_NEW_1/orcl/datafile/tbs_paic.532.1036266729
input datafile file number=00011 name=+DG_DATA_NEW_1/orcl/datafile/tbs_paic_meta.258.1036266769
input datafile file number=00017 name=+DG_DATA_NEW_1/orcl/datafile/tbs_paic_index.260.1036266809
input datafile file number=00040 name=+DG_DATA_NEW_1/orcl/datafile/tbs_paic_clob.272.1036266849
input datafile file number=00069 name=+DG_DATA_NEW_1/orcl/datafile/tbs_paic.278.1036266889
input datafile file number=00076 name=+DG_DATA_NEW_1/orcl/datafile/tbs_paic_index.284.1036266933
input datafile file number=00083 name=+DG_DATA_NEW_1/orcl/datafile/tbs_paic.291.1036266977
input datafile file number=00089 name=+DG_DATA_NEW_1/orcl/datafile/tbs_paic.296.1036269341
input datafile file number=00095 name=+DG_DATA_NEW_1/orcl/datafile/tbs_paic.297.1036269517
input datafile file number=00101 name=+DG_DATA_NEW_1/orcl/datafile/tbs_paic.306.1036272767
input datafile file number=00108 name=+DG_DATA_NEW_1/orcl/datafile/tbs_paic_meta.310.1036272857
input datafile file number=00114 name=+DG_DATA_NEW_1/orcl/datafile/tbs_paic.315.1036272963
input datafile file number=00121 name=+DG_DATA_NEW_1/orcl/datafile/tbs_paic.319.1036273011
input datafile file number=00127 name=+DG_DATA_NEW_1/orcl/datafile/tbs_paic.321.1036273101
input datafile file number=00134 name=+DG_DATA_NEW_1/orcl/datafile/tbs_paic_index.322.1036273205
input datafile file number=00140 name=+DG_DATA_NEW_1/orcl/datafile/tbs_paic.344.1036275073
input datafile file number=00146 name=+DG_DATA_NEW_1/orcl/datafile/tbs_paic.347.1036275663
input datafile file number=00152 name=+DG_DATA_NEW_1/orcl/datafile/tbs_paic.348.1036275703
input datafile file number=00158 name=+DG_DATA_NEW_1/orcl/datafile/tbs_paic.358.1036279065
input datafile file number=00164 name=+DG_DATA_NEW_1/orcl/datafile/tbs_paic.365.1036279475
input datafile file number=00170 name=+DG_DATA_NEW_1/orcl/datafile/tbs_paic.367.1036279493
input datafile file number=00176 name=+DG_DATA_NEW_1/orcl/datafile/tbs_paic.371.1036279659
input datafile file number=00182 name=+DG_DATA_NEW_1/orcl/datafile/tbs_paic.374.1036279769
input datafile file number=00188 name=+DG_DATA_NEW_1/orcl/datafile/tbs_paic.394.1036281531
input datafile file number=00195 name=+DG_DATA_NEW_1/orcl/datafile/tbs_paic.396.1036282073
input datafile file number=00202 name=+DG_DATA_NEW_1/orcl/datafile/tbs_paic.397.1036282111
input datafile file number=00208 name=+DG_DATA_NEW_1/orcl/datafile/tbs_paic.407.1036285453
input datafile file number=00214 name=+DG_DATA_NEW_1/orcl/datafile/tbs_paic.414.1036285859
input datafile file number=00220 name=+DG_DATA_NEW_1/orcl/datafile/tbs_paic.415.1036285877
input datafile file number=00227 name=+DG_DATA_NEW_1/orcl/datafile/tbs_paic.419.1036286037
input datafile file number=00233 name=+DG_DATA_NEW_1/orcl/datafile/tbs_paic.422.1036286143
input datafile file number=00239 name=+DG_DATA_NEW_1/orcl/datafile/tbs_paic.443.1036287795
input datafile file number=00245 name=+DG_DATA_NEW_1/orcl/datafile/tbs_paic.444.1036288301
input datafile file number=00251 name=+DG_DATA_NEW_1/orcl/datafile/tbs_paic_index.445.1036288335
input datafile file number=00257 name=+DG_DATA_NEW_1/orcl/datafile/tbs_paic.454.1036291445
input datafile file number=00263 name=+DG_DATA_NEW_1/orcl/datafile/tbs_paic_index.460.1036291853
input datafile file number=00269 name=+DG_DATA_NEW_1/orcl/datafile/tbs_paic.578.1037141753
input datafile file number=00275 name=+DATA01/orcl/datafile/tbs_paic.479.15867640471
input datafile file number=00281 name=+DATA01/orcl/datafile/tbs_paic_index.479.15867640474
input datafile file number=00055 name=+DG_DATA_NEW_1/orcl/datafile/tbs_paic.479.1036292655
input datafile file number=00061 name=+DG_DATA_NEW_1/orcl/datafile/tbs_paic_clob.482.1036292707
input datafile file number=00010 name=+DG_DATA_NEW_1/orcl/datafile/undotbs2.483.1036292807
input datafile file number=00012 name=+DG_DATA_NEW_1/orcl/datafile/tbs_paic_meta_index.497.1036293589
input datafile file number=00005 name=+DG_DATA_NEW_1/orcl/datafile/undotbs2.555.1036295111
input datafile file number=00045 name=+DG_DATA_NEW_1/orcl/datafile/sysaux.505.1036294853
channel c1: starting piece 1 at 17-APR-20
channel c2: starting compressed incremental level 2 datafile backup set
channel c2: specifying datafile(s) in backup set
input datafile file number=00025 name=+DG_DATA_NEW_1/orcl/datafile/tbs_paic.537.1036266693
input datafile file number=00034 name=+DG_DATA_NEW_1/orcl/datafile/tbs_paic.531.1036266731
input datafile file number=00042 name=+DG_DATA_NEW_1/orcl/datafile/tbs_paic.257.1036266771
input datafile file number=00039 name=+DG_DATA_NEW_1/orcl/datafile/tbs_paic.263.1036266811
input datafile file number=00068 name=+DG_DATA_NEW_1/orcl/datafile/tbs_paic.274.1036266851
input datafile file number=00075 name=+DG_DATA_NEW_1/orcl/datafile/tbs_paic.280.1036266891
input datafile file number=00081 name=+DG_DATA_NEW_1/orcl/datafile/tbs_paic.286.1036266933
input datafile file number=00088 name=+DG_DATA_NEW_1/orcl/datafile/tbs_paic.292.1036266977
input datafile file number=00094 name=+DG_DATA_NEW_1/orcl/datafile/tbs_paic_meta.302.1036272381
input datafile file number=00100 name=+DG_DATA_NEW_1/orcl/datafile/tbs_paic.303.1036272469
input datafile file number=00106 name=+DG_DATA_NEW_1/orcl/datafile/tbs_paic_index.304.1036272537
input datafile file number=00113 name=+DG_DATA_NEW_1/orcl/datafile/tbs_paic.307.1036272815
input datafile file number=00120 name=+DG_DATA_NEW_1/orcl/datafile/tbs_paic.312.1036272899
input datafile file number=00126 name=+DG_DATA_NEW_1/orcl/datafile/tbs_paic_index.317.1036273003
input datafile file number=00133 name=+DG_DATA_NEW_1/orcl/datafile/tbs_paic.318.1036273011
input datafile file number=00139 name=+DG_DATA_NEW_1/orcl/datafile/tbs_paic.335.1036273901
input datafile file number=00145 name=+DG_DATA_NEW_1/orcl/datafile/tbs_paic.341.1036274581
input datafile file number=00151 name=+DG_DATA_NEW_1/orcl/datafile/tbs_paic.345.1036275233
input datafile file number=00157 name=+DG_DATA_NEW_1/orcl/datafile/tbs_paic.353.1036278711
input datafile file number=00163 name=+DG_DATA_NEW_1/orcl/datafile/tbs_paic.359.1036279101
input datafile file number=00169 name=+DG_DATA_NEW_1/orcl/datafile/tbs_paic.360.1036279177
input datafile file number=00175 name=+DG_DATA_NEW_1/orcl/datafile/tbs_paic.362.1036279305
input datafile file number=00181 name=+DG_DATA_NEW_1/orcl/datafile/tbs_paic.370.1036279613
input datafile file number=00187 name=+DG_DATA_NEW_1/orcl/datafile/tbs_paic.383.1036280423
input datafile file number=00194 name=+DG_DATA_NEW_1/orcl/datafile/tbs_paic.390.1036281011
input datafile file number=00200 name=+DG_DATA_NEW_1/orcl/datafile/tbs_paic.395.1036281599
input datafile file number=00207 name=+DG_DATA_NEW_1/orcl/datafile/tbs_paic.402.1036284901
input datafile file number=00213 name=+DG_DATA_NEW_1/orcl/datafile/tbs_paic.404.1036285269
input datafile file number=00219 name=+DG_DATA_NEW_1/orcl/datafile/tbs_paic.405.1036285341
input datafile file number=00226 name=+DG_DATA_NEW_1/orcl/datafile/tbs_paic.408.1036285461
input datafile file number=00232 name=+DG_DATA_NEW_1/orcl/datafile/tbs_paic.411.1036285755
input datafile file number=00238 name=+DG_DATA_NEW_1/orcl/datafile/tbs_paic.429.1036286527
input datafile file number=00244 name=+DG_DATA_NEW_1/orcl/datafile/tbs_paic.436.1036287113
input datafile file number=00250 name=+DG_DATA_NEW_1/orcl/datafile/tbs_paic_index.440.1036287653
input datafile file number=00256 name=+DG_DATA_NEW_1/orcl/datafile/tbs_paic.449.1036290861
input datafile file number=00262 name=+DG_DATA_NEW_1/orcl/datafile/tbs_paic.452.1036291241
input datafile file number=00268 name=+DG_DATA_NEW_1/orcl/datafile/tbs_paic.577.1037141117
input datafile file number=00274 name=+DG_DATA_NEW_1/orcl/datafile/tbs_paic.583.1037141881
input datafile file number=00280 name=+DATA01/orcl/datafile/tbs_paic_index.479.15867640473
input datafile file number=00049 name=+DG_DATA_NEW_1/orcl/datafile/tbs_paic.476.1036292481
input datafile file number=00053 name=+DG_DATA_NEW_1/orcl/datafile/tbs_paic.462.1036291871
input datafile file number=00059 name=+DG_DATA_NEW_1/orcl/datafile/tbs_paic.463.1036291945
input datafile file number=00107 name=+DG_DATA_NEW_1/orcl/datafile/tbs_paic_readonly.467.1036292051
input datafile file number=00082 name=+DG_DATA_NEW_1/orcl/datafile/sysaux.492.1036293339
input datafile file number=00007 name=+DG_DATA_NEW_1/orcl/datafile/system.489.1036293205
input datafile file number=00004 name=+DG_DATA_NEW_1/orcl/datafile/users.559.1036295521
input datafile file number=00008 name=+DG_DATA_NEW_1/orcl/datafile/sysaux.498.1036293603
channel c2: starting piece 1 at 17-APR-20
channel c3: starting compressed incremental level 2 datafile backup set
channel c3: specifying datafile(s) in backup set
input datafile file number=00030 name=+DG_DATA_NEW_1/orcl/datafile/tbs_paic.534.1036266693
input datafile file number=00038 name=+DG_DATA_NEW_1/orcl/datafile/tbs_paic.266.1036266733
input datafile file number=00015 name=+DG_DATA_NEW_1/orcl/datafile/tbs_paic.527.1036266773
input datafile file number=00032 name=+DG_DATA_NEW_1/orcl/datafile/tbs_paic.269.1036266813
input datafile file number=00066 name=+DG_DATA_NEW_1/orcl/datafile/tbs_paic.275.1036266851
input datafile file number=00073 name=+DG_DATA_NEW_1/orcl/datafile/tbs_paic_clob.281.1036266891
input datafile file number=00079 name=+DG_DATA_NEW_1/orcl/datafile/tbs_paic_index.287.1036266935
input datafile file number=00086 name=+DG_DATA_NEW_1/orcl/datafile/tbs_paic_clob.293.1036266979
input datafile file number=00092 name=+DG_DATA_NEW_1/orcl/datafile/tbs_paic.300.1036271525
input datafile file number=00098 name=+DG_DATA_NEW_1/orcl/datafile/tbs_paic.311.1036272869
input datafile file number=00104 name=+DG_DATA_NEW_1/orcl/datafile/tbs_paic.313.1036272907
input datafile file number=00111 name=+DG_DATA_NEW_1/orcl/datafile/tbs_paic_clob.320.1036273041
input datafile file number=00117 name=+DG_DATA_NEW_1/orcl/datafile/tbs_paic.324.1036273233
input datafile file number=00124 name=+DG_DATA_NEW_1/orcl/datafile/tbs_paic.330.1036273433
input datafile file number=00131 name=+DG_DATA_NEW_1/orcl/datafile/tbs_paic.332.1036273703
input datafile file number=00137 name=+DG_DATA_NEW_1/orcl/datafile/tbs_paic_clob.337.1036274109
input datafile file number=00143 name=+DG_DATA_NEW_1/orcl/datafile/tbs_paic_index.351.1036277953
input datafile file number=00149 name=+DG_DATA_NEW_1/orcl/datafile/tbs_paic_index.356.1036278957
input datafile file number=00155 name=+DG_DATA_NEW_1/orcl/datafile/tbs_paic.363.1036279325
input datafile file number=00161 name=+DG_DATA_NEW_1/orcl/datafile/tbs_paic.366.1036279489
input datafile file number=00167 name=+DG_DATA_NEW_1/orcl/datafile/tbs_paic.368.1036279553
input datafile file number=00173 name=+DG_DATA_NEW_1/orcl/datafile/tbs_paic.375.1036279831
input datafile file number=00179 name=+DG_DATA_NEW_1/orcl/datafile/tbs_paic.379.1036280051
input datafile file number=00185 name=+DG_DATA_NEW_1/orcl/datafile/tbs_paic.382.1036280227
input datafile file number=00192 name=+DG_DATA_NEW_1/orcl/datafile/tbs_paic.386.1036280491
input datafile file number=00198 name=+DG_DATA_NEW_1/orcl/datafile/tbs_paic.410.1036285511
input datafile file number=00205 name=+DG_DATA_NEW_1/orcl/datafile/tbs_paic.413.1036285821
input datafile file number=00211 name=+DG_DATA_NEW_1/orcl/datafile/tbs_paic_index.417.1036285969
input datafile file number=00217 name=+DG_DATA_NEW_1/orcl/datafile/tbs_paic.418.1036286031
input datafile file number=00223 name=+DG_DATA_NEW_1/orcl/datafile/tbs_paic.423.1036286251
input datafile file number=00230 name=+DG_DATA_NEW_1/orcl/datafile/tbs_paic.427.1036286439
input datafile file number=00236 name=+DG_DATA_NEW_1/orcl/datafile/tbs_paic.430.1036286611
input datafile file number=00242 name=+DG_DATA_NEW_1/orcl/datafile/tbs_paic.434.1036286873
input datafile file number=00248 name=+DG_DATA_NEW_1/orcl/datafile/tbs_paic.459.1036291659
input datafile file number=00254 name=+DG_DATA_NEW_1/orcl/datafile/tbs_paic_clob.465.1036291981
input datafile file number=00260 name=+DG_DATA_NEW_1/orcl/datafile/tbs_paic.469.1036292155
input datafile file number=00266 name=+DG_DATA_NEW_1/orcl/datafile/tbs_paic.575.1037141075
input datafile file number=00272 name=+DG_DATA_NEW_1/orcl/datafile/tbs_paic.581.1037141815
input datafile file number=00278 name=+DATA01/orcl/datafile/tbs_paic_index.479.15867640471
input datafile file number=00047 name=+DG_DATA_NEW_1/orcl/datafile/tbs_paic_clob.468.1036292065
input datafile file number=00051 name=+DG_DATA_NEW_1/orcl/datafile/tbs_paic.455.1036291447
input datafile file number=00057 name=+DG_DATA_NEW_1/orcl/datafile/tbs_paic.457.1036291539
input datafile file number=00063 name=+DG_DATA_NEW_1/orcl/datafile/tbs_paic_index.461.1036291863
input datafile file number=00021 name=+DG_DATA_NEW_1/orcl/datafile/tbs_paic_readonly.475.1036292463
input datafile file number=00023 name=+DG_DATA_NEW_1/orcl/datafile/undotbs3.488.1036293051
input datafile file number=00001 name=+DG_DATA_NEW_1/orcl/datafile/system.503.1036294401
input datafile file number=00224 name=+DG_DATA_NEW_1/orcl/datafile/users.499.1036293629
channel c3: starting piece 1 at 17-APR-20
channel c4: starting compressed incremental level 2 datafile backup set
channel c4: specifying datafile(s) in backup set
input datafile file number=00029 name=+DG_DATA_NEW_1/orcl/datafile/tbs_paic.535.1036266693
input datafile file number=00037 name=+DG_DATA_NEW_1/orcl/datafile/tbs_paic.529.1036266733
input datafile file number=00014 name=+DG_DATA_NEW_1/orcl/datafile/tbs_paic.259.1036266773
input datafile file number=00020 name=+DG_DATA_NEW_1/orcl/datafile/tbs_paic_meta.270.1036266813
input datafile file number=00065 name=+DG_DATA_NEW_1/orcl/datafile/tbs_paic.276.1036266851
input datafile file number=00072 name=+DG_DATA_NEW_1/orcl/datafile/tbs_paic_index.282.1036266893
input datafile file number=00078 name=+DG_DATA_NEW_1/orcl/datafile/tbs_paic.288.1036266935
input datafile file number=00085 name=+DG_DATA_NEW_1/orcl/datafile/tbs_paic.294.1036266979
input datafile file number=00091 name=+DG_DATA_NEW_1/orcl/datafile/tbs_paic.295.1036269159
input datafile file number=00097 name=+DG_DATA_NEW_1/orcl/datafile/tbs_paic_index.299.1036271259
input datafile file number=00103 name=+DG_DATA_NEW_1/orcl/datafile/tbs_paic.308.1036272815
input datafile file number=00110 name=+DG_DATA_NEW_1/orcl/datafile/tbs_paic_index.314.1036272921
input datafile file number=00116 name=+DG_DATA_NEW_1/orcl/datafile/tbs_paic.316.1036273001
input datafile file number=00123 name=+DG_DATA_NEW_1/orcl/datafile/tbs_paic.325.1036273279
input datafile file number=00130 name=+DG_DATA_NEW_1/orcl/datafile/tbs_paic.328.1036273323
input datafile file number=00136 name=+DG_DATA_NEW_1/orcl/datafile/tbs_paic.333.1036273801
input datafile file number=00142 name=+DG_DATA_NEW_1/orcl/datafile/tbs_paic_index.346.1036275423
input datafile file number=00148 name=+DG_DATA_NEW_1/orcl/datafile/tbs_paic.352.1036278113
input datafile file number=00154 name=+DG_DATA_NEW_1/orcl/datafile/tbs_paic.361.1036279265
input datafile file number=00160 name=+DG_DATA_NEW_1/orcl/datafile/tbs_paic.364.1036279431
input datafile file number=00166 name=+DG_DATA_NEW_1/orcl/datafile/tbs_paic_index.373.1036279761
input datafile file number=00172 name=+DG_DATA_NEW_1/orcl/datafile/tbs_paic.378.1036280005
input datafile file number=00178 name=+DG_DATA_NEW_1/orcl/datafile/tbs_paic.380.1036280131
input datafile file number=00184 name=+DG_DATA_NEW_1/orcl/datafile/tbs_paic_index.387.1036280593
input datafile file number=00190 name=+DG_DATA_NEW_1/orcl/datafile/tbs_paic.398.1036282171
input datafile file number=00197 name=+DG_DATA_NEW_1/orcl/datafile/tbs_paic.401.1036284701
input datafile file number=00204 name=+DG_DATA_NEW_1/orcl/datafile/tbs_paic_index.412.1036285787
input datafile file number=00210 name=+DG_DATA_NEW_1/orcl/datafile/tbs_paic_index.416.1036285943
input datafile file number=00216 name=+DG_DATA_NEW_1/orcl/datafile/tbs_paic.424.1036286275
input datafile file number=00222 name=+DG_DATA_NEW_1/orcl/datafile/tbs_paic.428.1036286515
input datafile file number=00229 name=+DG_DATA_NEW_1/orcl/datafile/tbs_paic.432.1036286641
input datafile file number=00235 name=+DG_DATA_NEW_1/orcl/datafile/tbs_paic.435.1036287081
input datafile file number=00241 name=+DG_DATA_NEW_1/orcl/datafile/tbs_paic.446.1036288547
input datafile file number=00247 name=+DG_DATA_NEW_1/orcl/datafile/tbs_paic.450.1036290953
input datafile file number=00253 name=+DG_DATA_NEW_1/orcl/datafile/tbs_paic_clob.466.1036292001
input datafile file number=00259 name=+DG_DATA_NEW_1/orcl/datafile/tbs_paic.470.1036292173
input datafile file number=00265 name=+DG_DATA_NEW_1/orcl/datafile/tbs_paic.574.1037141047
input datafile file number=00271 name=+DG_DATA_NEW_1/orcl/datafile/tbs_paic.580.1037141795
input datafile file number=00277 name=+DATA01/orcl/datafile/tbs_paic.479.15867640473
input datafile file number=00046 name=+DG_DATA_NEW_1/orcl/datafile/tbs_paic.471.1036292225
input datafile file number=00050 name=+DG_DATA_NEW_1/orcl/datafile/tbs_paic.477.1036292537
input datafile file number=00056 name=+DG_DATA_NEW_1/orcl/datafile/tbs_paic.481.1036292677
input datafile file number=00062 name=+DG_DATA_NEW_1/orcl/datafile/tbs_paic_meta.494.1036293419
input datafile file number=00009 name=+DG_DATA_NEW_1/orcl/datafile/undotbs1.495.1036293439
input datafile file number=00024 name=+DG_DATA_NEW_1/orcl/datafile/undotbs3.486.1036293003
input datafile file number=00022 name=+DG_DATA_NEW_1/orcl/datafile/undotbs3.501.1036293761
input datafile file number=00003 name=+DG_DATA_NEW_1/orcl/datafile/undotbs1.500.1036293687
channel c4: starting piece 1 at 17-APR-20
channel c5: starting compressed incremental level 2 datafile backup set
channel c5: specifying datafile(s) in backup set
input datafile file number=00031 name=+DG_DATA_NEW_1/orcl/datafile/tbs_paic_index.536.1036266693
input datafile file number=00041 name=+DG_DATA_NEW_1/orcl/datafile/tbs_paic.530.1036266731
input datafile file number=00016 name=+DG_DATA_NEW_1/orcl/datafile/tbs_paic.528.1036266771
input datafile file number=00033 name=+DG_DATA_NEW_1/orcl/datafile/tbs_paic_clob.261.1036266809
input datafile file number=00067 name=+DG_DATA_NEW_1/orcl/datafile/tbs_paic_clob.271.1036266849
input datafile file number=00074 name=+DG_DATA_NEW_1/orcl/datafile/tbs_paic.277.1036266889
input datafile file number=00080 name=+DG_DATA_NEW_1/orcl/datafile/tbs_paic_clob.283.1036266931
input datafile file number=00087 name=+DG_DATA_NEW_1/orcl/datafile/tbs_paic_index.289.1036266975
input datafile file number=00093 name=+DG_DATA_NEW_1/orcl/datafile/tbs_paic_clob.301.1036271889
input datafile file number=00099 name=+DG_DATA_NEW_1/orcl/datafile/tbs_paic.327.1036273309
input datafile file number=00105 name=+DG_DATA_NEW_1/orcl/datafile/tbs_paic.331.1036273653
input datafile file number=00112 name=+DG_DATA_NEW_1/orcl/datafile/tbs_paic_clob.336.1036273923
input datafile file number=00118 name=+DG_DATA_NEW_1/orcl/datafile/tbs_paic.338.1036274249
input datafile file number=00125 name=+DG_DATA_NEW_1/orcl/datafile/tbs_paic_index.340.1036274317
input datafile file number=00132 name=+DG_DATA_NEW_1/orcl/datafile/tbs_paic.342.1036274795
input datafile file number=00138 name=+DG_DATA_NEW_1/orcl/datafile/tbs_paic.343.1036274807
input datafile file number=00144 name=+DG_DATA_NEW_1/orcl/datafile/tbs_paic.350.1036277721
input datafile file number=00150 name=+DG_DATA_NEW_1/orcl/datafile/tbs_paic.354.1036278763
input datafile file number=00156 name=+DG_DATA_NEW_1/orcl/datafile/tbs_paic_index.369.1036279587
input datafile file number=00162 name=+DG_DATA_NEW_1/orcl/datafile/tbs_paic_index.381.1036280167
input datafile file number=00168 name=+DG_DATA_NEW_1/orcl/datafile/tbs_paic.384.1036280443
input datafile file number=00174 name=+DG_DATA_NEW_1/orcl/datafile/tbs_paic.389.1036280935
input datafile file number=00180 name=+DG_DATA_NEW_1/orcl/datafile/tbs_paic.391.1036281167
input datafile file number=00186 name=+DG_DATA_NEW_1/orcl/datafile/tbs_paic.392.1036281413
input datafile file number=00193 name=+DG_DATA_NEW_1/orcl/datafile/tbs_paic.393.1036281425
input datafile file number=00199 name=+DG_DATA_NEW_1/orcl/datafile/tbs_paic.400.1036284233
input datafile file number=00206 name=+DG_DATA_NEW_1/orcl/datafile/tbs_paic.403.1036285253
input datafile file number=00212 name=+DG_DATA_NEW_1/orcl/datafile/tbs_paic.420.1036286073
input datafile file number=00218 name=+DG_DATA_NEW_1/orcl/datafile/tbs_paic.431.1036286613
input datafile file number=00225 name=+DG_DATA_NEW_1/orcl/datafile/tbs_paic.438.1036287307
input datafile file number=00231 name=+DG_DATA_NEW_1/orcl/datafile/tbs_paic.439.1036287473
input datafile file number=00237 name=+DG_DATA_NEW_1/orcl/datafile/tbs_paic.441.1036287689
input datafile file number=00243 name=+DG_DATA_NEW_1/orcl/datafile/tbs_paic.442.1036287701
input datafile file number=00249 name=+DG_DATA_NEW_1/orcl/datafile/tbs_paic.447.1036290235
input datafile file number=00255 name=+DG_DATA_NEW_1/orcl/datafile/sysaux.451.1036291199
input datafile file number=00261 name=+DG_DATA_NEW_1/orcl/datafile/tbs_paic.464.1036291949
input datafile file number=00267 name=+DG_DATA_NEW_1/orcl/datafile/tbs_paic.576.1037141097
input datafile file number=00273 name=+DG_DATA_NEW_1/orcl/datafile/tbs_paic.582.1037141861
input datafile file number=00279 name=+DATA01/orcl/datafile/tbs_paic_index.479.15867640472
input datafile file number=00048 name=+DG_DATA_NEW_1/orcl/datafile/tbs_paic.453.1036291317
input datafile file number=00052 name=+DG_DATA_NEW_1/orcl/datafile/tbs_paic.484.1036292861
input datafile file number=00058 name=+DG_DATA_NEW_1/orcl/datafile/tbs_paic.487.1036293027
input datafile file number=00064 name=+DG_DATA_NEW_1/orcl/datafile/tbs_paic_index.490.1036293259
input datafile file number=00071 name=+DG_DATA_NEW_1/orcl/datafile/tbs_paic_readonly.496.1036293551
input datafile file number=00006 name=+DG_DATA_NEW_1/orcl/datafile/users.556.1036295343
input datafile file number=00043 name=+DG_DATA_NEW_1/orcl/datafile/users.557.1036295353
input datafile file number=00201 name=+DG_DATA_NEW_1/orcl/datafile/users.502.1036293825
channel c5: starting piece 1 at 17-APR-20
channel c6: starting compressed incremental level 2 datafile backup set
channel c6: specifying datafile(s) in backup set
input datafile file number=00028 name=+DG_DATA_NEW_1/orcl/datafile/tbs_paic.533.1036266693
input datafile file number=00036 name=+DG_DATA_NEW_1/orcl/datafile/tbs_paic_index.265.1036266733
input datafile file number=00013 name=+DG_DATA_NEW_1/orcl/datafile/tbs_paic.526.1036266773
input datafile file number=00018 name=+DG_DATA_NEW_1/orcl/datafile/tbs_paic_clob.264.1036266811
input datafile file number=00044 name=+DG_DATA_NEW_1/orcl/datafile/tbs_paic_index.273.1036266849
input datafile file number=00070 name=+DG_DATA_NEW_1/orcl/datafile/tbs_paic.279.1036266889
input datafile file number=00077 name=+DG_DATA_NEW_1/orcl/datafile/tbs_paic.285.1036266933
input datafile file number=00084 name=+DG_DATA_NEW_1/orcl/datafile/tbs_paic.290.1036266977
input datafile file number=00090 name=+DG_DATA_NEW_1/orcl/datafile/tbs_paic.298.1036271217
input datafile file number=00096 name=+DG_DATA_NEW_1/orcl/datafile/tbs_paic.305.1036272707
input datafile file number=00102 name=+DG_DATA_NEW_1/orcl/datafile/tbs_paic.309.1036272833
input datafile file number=00109 name=+DG_DATA_NEW_1/orcl/datafile/tbs_paic_index.323.1036273231
input datafile file number=00115 name=+DG_DATA_NEW_1/orcl/datafile/tbs_paic.326.1036273303
input datafile file number=00122 name=+DG_DATA_NEW_1/orcl/datafile/tbs_paic.329.1036273391
input datafile file number=00128 name=+DG_DATA_NEW_1/orcl/datafile/tbs_paic.334.1036273851
input datafile file number=00135 name=+DG_DATA_NEW_1/orcl/datafile/tbs_paic.339.1036274301
input datafile file number=00141 name=+DG_DATA_NEW_1/orcl/datafile/tbs_paic.349.1036277499
input datafile file number=00147 name=+DG_DATA_NEW_1/orcl/datafile/tbs_paic.355.1036278863
input datafile file number=00153 name=+DG_DATA_NEW_1/orcl/datafile/tbs_paic.357.1036279027
input datafile file number=00159 name=+DG_DATA_NEW_1/orcl/datafile/tbs_paic.372.1036279703
input datafile file number=00165 name=+DG_DATA_NEW_1/orcl/datafile/tbs_paic_index.376.1036279889
input datafile file number=00171 name=+DG_DATA_NEW_1/orcl/datafile/tbs_paic.377.1036279949
input datafile file number=00177 name=+DG_DATA_NEW_1/orcl/datafile/tbs_paic.385.1036280465
input datafile file number=00183 name=+DG_DATA_NEW_1/orcl/datafile/tbs_paic.388.1036280919
input datafile file number=00189 name=+DG_DATA_NEW_1/orcl/datafile/tbs_paic_index.399.1036284071
input datafile file number=00196 name=+DG_DATA_NEW_1/orcl/datafile/tbs_paic_index.406.1036285351
input datafile file number=00203 name=+DG_DATA_NEW_1/orcl/datafile/tbs_paic.409.1036285503
input datafile file number=00209 name=+DG_DATA_NEW_1/orcl/datafile/tbs_paic.421.1036286139
input datafile file number=00215 name=+DG_DATA_NEW_1/orcl/datafile/tbs_paic.425.1036286323
input datafile file number=00221 name=+DG_DATA_NEW_1/orcl/datafile/tbs_paic.426.1036286373
input datafile file number=00228 name=+DG_DATA_NEW_1/orcl/datafile/tbs_paic.433.1036286863
input datafile file number=00234 name=+DG_DATA_NEW_1/orcl/datafile/tbs_paic.437.1036287281
input datafile file number=00240 name=+DG_DATA_NEW_1/orcl/datafile/tbs_paic.448.1036290235
input datafile file number=00246 name=+DG_DATA_NEW_1/orcl/datafile/tbs_paic.456.1036291483
input datafile file number=00252 name=+DG_DATA_NEW_1/orcl/datafile/tbs_paic_index.458.1036291633
input datafile file number=00258 name=+DG_DATA_NEW_1/orcl/datafile/tbs_paic.472.1036292237
input datafile file number=00264 name=+DG_DATA_NEW_1/orcl/datafile/tbs_paic_index.473.1036292409
input datafile file number=00270 name=+DG_DATA_NEW_1/orcl/datafile/tbs_paic.579.1037141773
input datafile file number=00276 name=+DATA01/orcl/datafile/tbs_paic.479.15867640472
input datafile file number=00027 name=+DG_DATA_NEW_1/orcl/datafile/tbs_paic_clob.478.1036292547
input datafile file number=00054 name=+DG_DATA_NEW_1/orcl/datafile/tbs_paic.474.1036292461
input datafile file number=00060 name=+DG_DATA_NEW_1/orcl/datafile/tbs_paic_clob.485.1036292979
input datafile file number=00019 name=+DG_DATA_NEW_1/orcl/datafile/tbs_paic.491.1036293289
input datafile file number=00129 name=+DG_DATA_NEW_1/orcl/datafile/tbs_paic_readonly.480.1036292657
input datafile file number=00002 name=+DG_DATA_NEW_1/orcl/datafile/sysaux.493.1036293399
input datafile file number=00119 name=+DG_DATA_NEW_1/orcl/datafile/users.504.1036294599
input datafile file number=00191 name=+DG_DATA_NEW_1/orcl/datafile/users.558.1036295355
channel c6: starting piece 1 at 17-APR-20
channel c2: finished piece 1 at 17-APR-20
piece handle=/dbbackup/paic/Friday_dt_inc2_tqutqsse_20200417 tag=TAG20200417T000011 comment=NONE
channel c2: backup set complete, elapsed time: 00:42:10
channel c2: starting compressed incremental level 2 datafile backup set
channel c2: specifying datafile(s) in backup set
channel c5: finished piece 1 at 17-APR-20
piece handle=/dbbackup/paic/Friday_dt_inc2_ttutqssk_20200417 tag=TAG20200417T000011 comment=NONE
channel c5: backup set complete, elapsed time: 00:42:00
channel c6: finished piece 1 at 17-APR-20
piece handle=/dbbackup/paic/Friday_dt_inc2_tuutqssp_20200417 tag=TAG20200417T000011 comment=NONE
channel c6: backup set complete, elapsed time: 00:41:56
including current control file in backup set
channel c2: starting piece 1 at 17-APR-20
channel c2: finished piece 1 at 17-APR-20
piece handle=/dbbackup/paic/Friday_dt_inc2_tvutqvbh_20200417 tag=TAG20200417T000011 comment=NONE
channel c2: backup set complete, elapsed time: 00:00:01
channel c1: finished piece 1 at 17-APR-20
piece handle=/dbbackup/paic/Friday_dt_inc2_tputqsse_20200417 tag=TAG20200417T000011 comment=NONE
channel c1: backup set complete, elapsed time: 00:42:37
channel c3: finished piece 1 at 17-APR-20
piece handle=/dbbackup/paic/Friday_dt_inc2_trutqssf_20200417 tag=TAG20200417T000011 comment=NONE
channel c3: backup set complete, elapsed time: 00:43:04
channel c4: finished piece 1 at 17-APR-20
piece handle=/dbbackup/paic/Friday_dt_inc2_tsutqssh_20200417 tag=TAG20200417T000011 comment=NONE
channel c4: backup set complete, elapsed time: 00:43:51
Finished backup at 17-APR-20

Starting backup at 17-APR-20
channel c1: starting full datafile backup set
channel c1: specifying datafile(s) in backup set
including current control file in backup set
channel c1: starting piece 1 at 17-APR-20
channel c1: finished piece 1 at 17-APR-20
piece handle=/dbbackup/paic/Friday_ctf_u0utqves_20200417 tag=TAG20200417T004412 comment=NONE
channel c1: backup set complete, elapsed time: 00:00:01
Finished backup at 17-APR-20

Starting backup at 17-APR-20
current log archived
skipping archived logs of thread 1 from sequence 1211 to 2069; already backed up
skipping archived logs of thread 2 from sequence 412 to 701; already backed up
channel c1: starting compressed archived log backup set
channel c1: specifying archived log(s) in backup set
input archived log thread=2 sequence=702 RECID=189732 STAMP=1037866716
input archived log thread=1 sequence=2070 RECID=189730 STAMP=1037861314
input archived log thread=1 sequence=2071 RECID=189731 STAMP=1037866714
input archived log thread=1 sequence=2072 RECID=189733 STAMP=1037867926
input archived log thread=2 sequence=703 RECID=189736 STAMP=1037869164
input archived log thread=1 sequence=2073 RECID=189734 STAMP=1037868643
input archived log thread=1 sequence=2074 RECID=189735 STAMP=1037869162
input archived log thread=1 sequence=2075 RECID=189737 STAMP=1037869663
input archived log thread=2 sequence=704 RECID=189740 STAMP=1037870463
input archived log thread=1 sequence=2076 RECID=189738 STAMP=1037870086
input archived log thread=1 sequence=2077 RECID=189739 STAMP=1037870461
input archived log thread=1 sequence=2078 RECID=189741 STAMP=1037870821
input archived log thread=2 sequence=705 RECID=189744 STAMP=1037871558
input archived log thread=1 sequence=2079 RECID=189742 STAMP=1037871178
input archived log thread=1 sequence=2080 RECID=189743 STAMP=1037871556
input archived log thread=1 sequence=2081 RECID=189745 STAMP=1037871916
input archived log thread=2 sequence=706 RECID=189748 STAMP=1037872608
input archived log thread=1 sequence=2082 RECID=189746 STAMP=1037872258
input archived log thread=1 sequence=2083 RECID=189747 STAMP=1037872606
input archived log thread=1 sequence=2084 RECID=189749 STAMP=1037872945
input archived log thread=2 sequence=707 RECID=189752 STAMP=1037873592
input archived log thread=1 sequence=2085 RECID=189750 STAMP=1037873251
input archived log thread=1 sequence=2086 RECID=189751 STAMP=1037873590
input archived log thread=1 sequence=2087 RECID=189753 STAMP=1037873917
input archived log thread=2 sequence=708 RECID=189756 STAMP=1037874522
input archived log thread=1 sequence=2088 RECID=189754 STAMP=1037874238
input archived log thread=1 sequence=2089 RECID=189755 STAMP=1037874520
input archived log thread=1 sequence=2090 RECID=189757 STAMP=1037874835
input archived log thread=2 sequence=709 RECID=189760 STAMP=1037875498
channel c1: starting piece 1 at 17-APR-20
channel c2: starting compressed archived log backup set
channel c2: specifying archived log(s) in backup set
input archived log thread=1 sequence=2091 RECID=189758 STAMP=1037875156
input archived log thread=1 sequence=2092 RECID=189759 STAMP=1037875495
input archived log thread=1 sequence=2093 RECID=189761 STAMP=1037875813
input archived log thread=2 sequence=710 RECID=189764 STAMP=1037876476
input archived log thread=1 sequence=2094 RECID=189762 STAMP=1037876158
input archived log thread=1 sequence=2095 RECID=189763 STAMP=1037876473
input archived log thread=1 sequence=2096 RECID=189765 STAMP=1037876821
input archived log thread=2 sequence=711 RECID=189768 STAMP=1037877445
input archived log thread=1 sequence=2097 RECID=189766 STAMP=1037877140
input archived log thread=1 sequence=2098 RECID=189767 STAMP=1037877443
input archived log thread=1 sequence=2099 RECID=189769 STAMP=1037877752
input archived log thread=2 sequence=712 RECID=189772 STAMP=1037878366
input archived log thread=1 sequence=2100 RECID=189770 STAMP=1037878043
input archived log thread=1 sequence=2101 RECID=189771 STAMP=1037878364
input archived log thread=1 sequence=2102 RECID=189773 STAMP=1037878673
input archived log thread=2 sequence=713 RECID=189776 STAMP=1037879335
input archived log thread=1 sequence=2103 RECID=189774 STAMP=1037879000
input archived log thread=1 sequence=2104 RECID=189775 STAMP=1037879333
input archived log thread=1 sequence=2105 RECID=189777 STAMP=1037879654
input archived log thread=2 sequence=714 RECID=189780 STAMP=1037880388
input archived log thread=1 sequence=2106 RECID=189778 STAMP=1037879990
input archived log thread=1 sequence=2107 RECID=189779 STAMP=1037880386
input archived log thread=1 sequence=2108 RECID=189781 STAMP=1037880917
input archived log thread=2 sequence=715 RECID=189784 STAMP=1037882056
input archived log thread=1 sequence=2109 RECID=189782 STAMP=1037881478
input archived log thread=1 sequence=2110 RECID=189783 STAMP=1037882054
input archived log thread=1 sequence=2111 RECID=189785 STAMP=1037882657
input archived log thread=2 sequence=716 RECID=189788 STAMP=1037883814
input archived log thread=1 sequence=2112 RECID=189786 STAMP=1037883215
channel c2: starting piece 1 at 17-APR-20
channel c3: starting compressed archived log backup set
channel c3: specifying archived log(s) in backup set
input archived log thread=1 sequence=2113 RECID=189787 STAMP=1037883812
input archived log thread=1 sequence=2114 RECID=189789 STAMP=1037884457
input archived log thread=2 sequence=717 RECID=189792 STAMP=1037885533
input archived log thread=1 sequence=2115 RECID=189790 STAMP=1037885018
input archived log thread=1 sequence=2116 RECID=189791 STAMP=1037885531
input archived log thread=1 sequence=2117 RECID=189793 STAMP=1037886020
input archived log thread=2 sequence=718 RECID=189796 STAMP=1037886907
input archived log thread=1 sequence=2118 RECID=189794 STAMP=1037886500
input archived log thread=1 sequence=2119 RECID=189795 STAMP=1037886905
input archived log thread=1 sequence=2120 RECID=189797 STAMP=1037887307
input archived log thread=2 sequence=719 RECID=189800 STAMP=1037888017
input archived log thread=1 sequence=2121 RECID=189798 STAMP=1037887673
input archived log thread=1 sequence=2122 RECID=189799 STAMP=1037888015
input archived log thread=1 sequence=2123 RECID=189801 STAMP=1037888354
input archived log thread=2 sequence=720 RECID=189804 STAMP=1037889007
input archived log thread=1 sequence=2124 RECID=189802 STAMP=1037888675
input archived log thread=1 sequence=2125 RECID=189803 STAMP=1037889005
input archived log thread=1 sequence=2126 RECID=189805 STAMP=1037889341
input archived log thread=2 sequence=721 RECID=189808 STAMP=1037889970
input archived log thread=1 sequence=2127 RECID=189806 STAMP=1037889653
input archived log thread=1 sequence=2128 RECID=189807 STAMP=1037889968
input archived log thread=1 sequence=2129 RECID=189809 STAMP=1037890271
input archived log thread=2 sequence=722 RECID=189812 STAMP=1037890912
input archived log thread=1 sequence=2130 RECID=189810 STAMP=1037890586
input archived log thread=1 sequence=2131 RECID=189811 STAMP=1037890910
input archived log thread=1 sequence=2132 RECID=189813 STAMP=1037891237
input archived log thread=2 sequence=723 RECID=189816 STAMP=1037891836
input archived log thread=1 sequence=2133 RECID=189814 STAMP=1037891540
input archived log thread=1 sequence=2134 RECID=189815 STAMP=1037891834
channel c3: starting piece 1 at 17-APR-20
channel c4: starting compressed archived log backup set
channel c4: specifying archived log(s) in backup set
input archived log thread=1 sequence=2135 RECID=189817 STAMP=1037892158
input archived log thread=2 sequence=724 RECID=189820 STAMP=1037892772
input archived log thread=1 sequence=2136 RECID=189818 STAMP=1037892479
input archived log thread=1 sequence=2137 RECID=189819 STAMP=1037892770
input archived log thread=1 sequence=2138 RECID=189821 STAMP=1037893091
input archived log thread=2 sequence=725 RECID=189824 STAMP=1037893694
input archived log thread=1 sequence=2139 RECID=189822 STAMP=1037893403
input archived log thread=1 sequence=2140 RECID=189823 STAMP=1037893691
input archived log thread=1 sequence=2141 RECID=189825 STAMP=1037893997
input archived log thread=2 sequence=726 RECID=189828 STAMP=1037894639
input archived log thread=1 sequence=2142 RECID=189826 STAMP=1037894321
input archived log thread=1 sequence=2143 RECID=189827 STAMP=1037894636
input archived log thread=1 sequence=2144 RECID=189829 STAMP=1037894945
input archived log thread=2 sequence=727 RECID=189832 STAMP=1037895536
input archived log thread=1 sequence=2145 RECID=189830 STAMP=1037895230
input archived log thread=1 sequence=2146 RECID=189831 STAMP=1037895533
input archived log thread=1 sequence=2147 RECID=189833 STAMP=1037895855
input archived log thread=2 sequence=728 RECID=189836 STAMP=1037896484
input archived log thread=1 sequence=2148 RECID=189834 STAMP=1037896163
input archived log thread=1 sequence=2149 RECID=189835 STAMP=1037896482
input archived log thread=1 sequence=2150 RECID=189837 STAMP=1037896773
input archived log thread=2 sequence=729 RECID=189840 STAMP=1037897390
input archived log thread=1 sequence=2151 RECID=189838 STAMP=1037897094
input archived log thread=1 sequence=2152 RECID=189839 STAMP=1037897388
input archived log thread=1 sequence=2153 RECID=189841 STAMP=1037897685
input archived log thread=2 sequence=730 RECID=189844 STAMP=1037898278
input archived log thread=1 sequence=2154 RECID=189842 STAMP=1037897973
input archived log thread=1 sequence=2155 RECID=189843 STAMP=1037898276
input archived log thread=1 sequence=2156 RECID=189845 STAMP=1037898570
channel c4: starting piece 1 at 17-APR-20
channel c5: starting compressed archived log backup set
channel c5: specifying archived log(s) in backup set
input archived log thread=2 sequence=731 RECID=189848 STAMP=1037899139
input archived log thread=1 sequence=2157 RECID=189846 STAMP=1037898849
input archived log thread=1 sequence=2158 RECID=189847 STAMP=1037899137
input archived log thread=1 sequence=2159 RECID=189849 STAMP=1037899434
input archived log thread=2 sequence=732 RECID=189852 STAMP=1037900093
input archived log thread=1 sequence=2160 RECID=189850 STAMP=1037899791
input archived log thread=1 sequence=2161 RECID=189851 STAMP=1037900091
input archived log thread=1 sequence=2162 RECID=189853 STAMP=1037900397
input archived log thread=2 sequence=733 RECID=189856 STAMP=1037901014
input archived log thread=1 sequence=2163 RECID=189854 STAMP=1037900685
input archived log thread=1 sequence=2164 RECID=189855 STAMP=1037901012
input archived log thread=1 sequence=2165 RECID=189857 STAMP=1037901330
input archived log thread=2 sequence=734 RECID=189860 STAMP=1037901953
input archived log thread=1 sequence=2166 RECID=189858 STAMP=1037901651
input archived log thread=1 sequence=2167 RECID=189859 STAMP=1037901951
input archived log thread=1 sequence=2168 RECID=189861 STAMP=1037902272
input archived log thread=2 sequence=735 RECID=189864 STAMP=1037903000
input archived log thread=1 sequence=2169 RECID=189862 STAMP=1037902623
input archived log thread=1 sequence=2170 RECID=189863 STAMP=1037902998
input archived log thread=1 sequence=2171 RECID=189865 STAMP=1037903388
input archived log thread=2 sequence=736 RECID=189868 STAMP=1037904302
input archived log thread=1 sequence=2172 RECID=189866 STAMP=1037903826
input archived log thread=1 sequence=2173 RECID=189867 STAMP=1037904300
input archived log thread=1 sequence=2174 RECID=189869 STAMP=1037904819
input archived log thread=2 sequence=737 RECID=189872 STAMP=1037905838
input archived log thread=1 sequence=2175 RECID=189870 STAMP=1037905314
input archived log thread=1 sequence=2176 RECID=189871 STAMP=1037905836
input archived log thread=1 sequence=2177 RECID=189873 STAMP=1037906349
input archived log thread=2 sequence=738 RECID=189876 STAMP=1037907557
channel c5: starting piece 1 at 17-APR-20
channel c6: starting compressed archived log backup set
channel c6: specifying archived log(s) in backup set
input archived log thread=1 sequence=2178 RECID=189874 STAMP=1037906949
input archived log thread=1 sequence=2179 RECID=189875 STAMP=1037907555
input archived log thread=1 sequence=2180 RECID=189877 STAMP=1037908191
input archived log thread=2 sequence=739 RECID=189880 STAMP=1037909624
input archived log thread=1 sequence=2181 RECID=189878 STAMP=1037908863
input archived log thread=1 sequence=2182 RECID=189879 STAMP=1037909622
input archived log thread=1 sequence=2183 RECID=189881 STAMP=1037910435
input archived log thread=2 sequence=740 RECID=189884 STAMP=1037912058
input archived log thread=1 sequence=2184 RECID=189882 STAMP=1037911197
input archived log thread=1 sequence=2185 RECID=189883 STAMP=1037912055
input archived log thread=1 sequence=2186 RECID=189885 STAMP=1037913673
input archived log thread=2 sequence=741 RECID=189888 STAMP=1037915568
input archived log thread=1 sequence=2187 RECID=189886 STAMP=1037914639
input archived log thread=1 sequence=2188 RECID=189887 STAMP=1037915566
input archived log thread=1 sequence=2189 RECID=189889 STAMP=1037916577
input archived log thread=2 sequence=742 RECID=189892 STAMP=1037918637
input archived log thread=1 sequence=2190 RECID=189890 STAMP=1037917522
input archived log thread=1 sequence=2191 RECID=189891 STAMP=1037918635
input archived log thread=1 sequence=2192 RECID=189893 STAMP=1037919697
input archived log thread=2 sequence=743 RECID=189896 STAMP=1037922672
input archived log thread=1 sequence=2193 RECID=189894 STAMP=1037920984
input archived log thread=1 sequence=2194 RECID=189895 STAMP=1037922670
input archived log thread=1 sequence=2195 RECID=189897 STAMP=1037925059
input archived log thread=2 sequence=744 RECID=189898 STAMP=1037925855
input archived log thread=1 sequence=2196 RECID=189899 STAMP=1037925856
channel c6: starting piece 1 at 17-APR-20
channel c6: finished piece 1 at 17-APR-20
piece handle=/dbbackup/paic/Friday_arch_u6utqvf4_20200417 tag=TAG20200417T004417 comment=NONE
channel c6: backup set complete, elapsed time: 00:03:15
channel c1: finished piece 1 at 17-APR-20
piece handle=/dbbackup/paic/Friday_arch_u1utqvf3_20200417 tag=TAG20200417T004417 comment=NONE
channel c1: backup set complete, elapsed time: 00:03:36
channel c5: finished piece 1 at 17-APR-20
piece handle=/dbbackup/paic/Friday_arch_u5utqvf4_20200417 tag=TAG20200417T004417 comment=NONE
channel c5: backup set complete, elapsed time: 00:03:35
channel c2: finished piece 1 at 17-APR-20
piece handle=/dbbackup/paic/Friday_arch_u2utqvf3_20200417 tag=TAG20200417T004417 comment=NONE
channel c2: backup set complete, elapsed time: 00:03:47
channel c3: finished piece 1 at 17-APR-20
piece handle=/dbbackup/paic/Friday_arch_u3utqvf3_20200417 tag=TAG20200417T004417 comment=NONE
channel c3: backup set complete, elapsed time: 00:03:46
channel c4: finished piece 1 at 17-APR-20
piece handle=/dbbackup/paic/Friday_arch_u4utqvf4_20200417 tag=TAG20200417T004417 comment=NONE
channel c4: backup set complete, elapsed time: 00:03:46
Finished backup at 17-APR-20

Starting Control File Autobackup at 17-APR-20
piece handle=/app/oracle/product/11.2.0/oracle/dbs/c-1492966431-20200417-00 comment=NONE
Finished Control File Autobackup at 17-APR-20

List of Archived Log Copies for database with db_unique_name ORCL
=====================================================================

Key     Thrd Seq     S Low Time 
------- ---- ------- - ---------
188581  1    1211    A 09-APR-20
        Name: +DG_ARCH_NEW/orcl/archivelog/2020_04_09/thread_1_seq_1211.1936.1037257975

188582  1    1212    A 09-APR-20
        Name: +DG_ARCH_NEW/orcl/archivelog/2020_04_09/thread_1_seq_1212.1932.1037262179

188583  1    1213    A 09-APR-20
        Name: +DG_ARCH_NEW/orcl/archivelog/2020_04_09/thread_1_seq_1213.1926.1037263321

188585  1    1214    A 09-APR-20
        Name: +DG_ARCH_NEW/orcl/archivelog/2020_04_09/thread_1_seq_1214.1916.1037263915

188586  1    1215    A 09-APR-20
        Name: +DG_ARCH_NEW/orcl/archivelog/2020_04_09/thread_1_seq_1215.1910.1037264441

188587  1    1216    A 09-APR-20
        Name: +DG_ARCH_NEW/orcl/archivelog/2020_04_09/thread_1_seq_1216.1905.1037264887

188589  1    1217    A 09-APR-20
        Name: +DG_ARCH_NEW/orcl/archivelog/2020_04_09/thread_1_seq_1217.1894.1037265299

188590  1    1218    A 09-APR-20
        Name: +DG_ARCH_NEW/orcl/archivelog/2020_04_09/thread_1_seq_1218.1889.1037265737

188591  1    1219    A 09-APR-20
        Name: +DG_ARCH_NEW/orcl/archivelog/2020_04_09/thread_1_seq_1219.1884.1037266127

188593  1    1220    A 09-APR-20
        Name: +DG_ARCH_NEW/orcl/archivelog/2020_04_09/thread_1_seq_1220.1873.1037266501

188594  1    1221    A 09-APR-20
        Name: +DG_ARCH_NEW/orcl/archivelog/2020_04_09/thread_1_seq_1221.1868.1037266871

188595  1    1222    A 09-APR-20
        Name: +DG_ARCH_NEW/orcl/archivelog/2020_04_09/thread_1_seq_1222.1862.1037267207

188597  1    1223    A 09-APR-20
        Name: +DG_ARCH_NEW/orcl/archivelog/2020_04_09/thread_1_seq_1223.1934.1037267591

188598  1    1224    A 09-APR-20
        Name: +DG_ARCH_NEW/orcl/archivelog/2020_04_09/thread_1_seq_1224.1933.1037267933

188599  1    1225    A 09-APR-20
        Name: +DG_ARCH_NEW/orcl/archivelog/2020_04_09/thread_1_seq_1225.1930.1037268257

188601  1    1226    A 09-APR-20
        Name: +DG_ARCH_NEW/orcl/archivelog/2020_04_09/thread_1_seq_1226.1928.1037268611

188602  1    1227    A 09-APR-20
        Name: +DG_ARCH_NEW/orcl/archivelog/2020_04_09/thread_1_seq_1227.1925.1037268949

188603  1    1228    A 09-APR-20
        Name: +DG_ARCH_NEW/orcl/archivelog/2020_04_09/thread_1_seq_1228.1924.1037269301

188605  1    1229    A 09-APR-20
        Name: +DG_ARCH_NEW/orcl/archivelog/2020_04_09/thread_1_seq_1229.1920.1037269613

188606  1    1230    A 09-APR-20
        Name: +DG_ARCH_NEW/orcl/archivelog/2020_04_09/thread_1_seq_1230.1918.1037269959

188607  1    1231    A 09-APR-20
        Name: +DG_ARCH_NEW/orcl/archivelog/2020_04_09/thread_1_seq_1231.1917.1037270295

188609  1    1232    A 09-APR-20
        Name: +DG_ARCH_NEW/orcl/archivelog/2020_04_09/thread_1_seq_1232.1913.1037270579

188610  1    1233    A 09-APR-20
        Name: +DG_ARCH_NEW/orcl/archivelog/2020_04_09/thread_1_seq_1233.1912.1037270901

188611  1    1234    A 09-APR-20
        Name: +DG_ARCH_NEW/orcl/archivelog/2020_04_09/thread_1_seq_1234.1909.1037271239

188613  1    1235    A 09-APR-20
        Name: +DG_ARCH_NEW/orcl/archivelog/2020_04_09/thread_1_seq_1235.1906.1037271563

188614  1    1236    A 09-APR-20
        Name: +DG_ARCH_NEW/orcl/archivelog/2020_04_09/thread_1_seq_1236.1904.1037271863

188615  1    1237    A 09-APR-20
        Name: +DG_ARCH_NEW/orcl/archivelog/2020_04_09/thread_1_seq_1237.1902.1037272151

188617  1    1238    A 09-APR-20
        Name: +DG_ARCH_NEW/orcl/archivelog/2020_04_09/thread_1_seq_1238.1898.1037272469

188618  1    1239    A 09-APR-20
        Name: +DG_ARCH_NEW/orcl/archivelog/2020_04_09/thread_1_seq_1239.1897.1037272767

188619  1    1240    A 09-APR-20
        Name: +DG_ARCH_NEW/orcl/archivelog/2020_04_09/thread_1_seq_1240.1896.1037273045

188621  1    1241    A 09-APR-20
        Name: +DG_ARCH_NEW/orcl/archivelog/2020_04_09/thread_1_seq_1241.1892.1037273351

188622  1    1242    A 09-APR-20
        Name: +DG_ARCH_NEW/orcl/archivelog/2020_04_09/thread_1_seq_1242.1890.1037273667

188623  1    1243    A 09-APR-20
        Name: +DG_ARCH_NEW/orcl/archivelog/2020_04_09/thread_1_seq_1243.1888.1037273973

188625  1    1244    A 09-APR-20
        Name: +DG_ARCH_NEW/orcl/archivelog/2020_04_09/thread_1_seq_1244.1885.1037274291

188626  1    1245    A 09-APR-20
        Name: +DG_ARCH_NEW/orcl/archivelog/2020_04_09/thread_1_seq_1245.1882.1037274629

188627  1    1246    A 09-APR-20
        Name: +DG_ARCH_NEW/orcl/archivelog/2020_04_09/thread_1_seq_1246.1881.1037274963

188629  1    1247    A 09-APR-20
        Name: +DG_ARCH_NEW/orcl/archivelog/2020_04_09/thread_1_seq_1247.1877.1037275307

188630  1    1248    A 09-APR-20
        Name: +DG_ARCH_NEW/orcl/archivelog/2020_04_09/thread_1_seq_1248.1876.1037275689

188631  1    1249    A 09-APR-20
        Name: +DG_ARCH_NEW/orcl/archivelog/2020_04_09/thread_1_seq_1249.1874.1037276147

188633  1    1250    A 09-APR-20
        Name: +DG_ARCH_NEW/orcl/archivelog/2020_04_09/thread_1_seq_1250.1870.1037276687

188634  1    1251    A 09-APR-20
        Name: +DG_ARCH_NEW/orcl/archivelog/2020_04_09/thread_1_seq_1251.1869.1037277303

188635  1    1252    A 09-APR-20
        Name: +DG_ARCH_NEW/orcl/archivelog/2020_04_09/thread_1_seq_1252.1866.1037277915

188637  1    1253    A 09-APR-20
        Name: +DG_ARCH_NEW/orcl/archivelog/2020_04_09/thread_1_seq_1253.1864.1037278475

188638  1    1254    A 09-APR-20
        Name: +DG_ARCH_NEW/orcl/archivelog/2020_04_09/thread_1_seq_1254.1861.1037279019

188639  1    1255    A 09-APR-20
        Name: +DG_ARCH_NEW/orcl/archivelog/2020_04_09/thread_1_seq_1255.1786.1037279537

188641  1    1256    A 09-APR-20
        Name: +DG_ARCH_NEW/orcl/archivelog/2020_04_09/thread_1_seq_1256.1784.1037280065

188642  1    1257    A 09-APR-20
        Name: +DG_ARCH_NEW/orcl/archivelog/2020_04_09/thread_1_seq_1257.1781.1037280633

188643  1    1258    A 09-APR-20
        Name: +DG_ARCH_NEW/orcl/archivelog/2020_04_09/thread_1_seq_1258.1780.1037281103

188645  1    1259    A 09-APR-20
        Name: +DG_ARCH_NEW/orcl/archivelog/2020_04_09/thread_1_seq_1259.1776.1037281535

188646  1    1260    A 09-APR-20
        Name: +DG_ARCH_NEW/orcl/archivelog/2020_04_09/thread_1_seq_1260.1774.1037281977

188647  1    1261    A 09-APR-20
        Name: +DG_ARCH_NEW/orcl/archivelog/2020_04_09/thread_1_seq_1261.1773.1037282375

188649  1    1262    A 09-APR-20
        Name: +DG_ARCH_NEW/orcl/archivelog/2020_04_09/thread_1_seq_1262.1769.1037282741

188650  1    1263    A 09-APR-20
        Name: +DG_ARCH_NEW/orcl/archivelog/2020_04_09/thread_1_seq_1263.1768.1037283113

188651  1    1264    A 09-APR-20
        Name: +DG_ARCH_NEW/orcl/archivelog/2020_04_09/thread_1_seq_1264.1765.1037283449

188653  1    1265    A 09-APR-20
        Name: +DG_ARCH_NEW/orcl/archivelog/2020_04_09/thread_1_seq_1265.1762.1037283783

188654  1    1266    A 09-APR-20
        Name: +DG_ARCH_NEW/orcl/archivelog/2020_04_09/thread_1_seq_1266.1760.1037284085

188655  1    1267    A 09-APR-20
        Name: +DG_ARCH_NEW/orcl/archivelog/2020_04_09/thread_1_seq_1267.1758.1037284373

188657  1    1268    A 09-APR-20
        Name: +DG_ARCH_NEW/orcl/archivelog/2020_04_09/thread_1_seq_1268.1754.1037284671

188658  1    1269    A 09-APR-20
        Name: +DG_ARCH_NEW/orcl/archivelog/2020_04_09/thread_1_seq_1269.1753.1037284961

188659  1    1270    A 09-APR-20
        Name: +DG_ARCH_NEW/orcl/archivelog/2020_04_09/thread_1_seq_1270.1752.1037285243

188661  1    1271    A 09-APR-20
        Name: +DG_ARCH_NEW/orcl/archivelog/2020_04_09/thread_1_seq_1271.1748.1037285559

188662  1    1272    A 09-APR-20
        Name: +DG_ARCH_NEW/orcl/archivelog/2020_04_09/thread_1_seq_1272.1746.1037285853

188663  1    1273    A 09-APR-20
        Name: +DG_ARCH_NEW/orcl/archivelog/2020_04_09/thread_1_seq_1273.1744.1037286153

188665  1    1274    A 09-APR-20
        Name: +DG_ARCH_NEW/orcl/archivelog/2020_04_09/thread_1_seq_1274.1741.1037286449

188666  1    1275    A 09-APR-20
        Name: +DG_ARCH_NEW/orcl/archivelog/2020_04_09/thread_1_seq_1275.1738.1037286735

188667  1    1276    A 09-APR-20
        Name: +DG_ARCH_NEW/orcl/archivelog/2020_04_09/thread_1_seq_1276.1737.1037287025

188669  1    1277    A 09-APR-20
        Name: +DG_ARCH_NEW/orcl/archivelog/2020_04_09/thread_1_seq_1277.1733.1037287329

188670  1    1278    A 09-APR-20
        Name: +DG_ARCH_NEW/orcl/archivelog/2020_04_09/thread_1_seq_1278.1732.1037287635

188671  1    1279    A 09-APR-20
        Name: +DG_ARCH_NEW/orcl/archivelog/2020_04_09/thread_1_seq_1279.1730.1037287931

188673  1    1280    A 09-APR-20
        Name: +DG_ARCH_NEW/orcl/archivelog/2020_04_09/thread_1_seq_1280.1726.1037288199

188674  1    1281    A 09-APR-20
        Name: +DG_ARCH_NEW/orcl/archivelog/2020_04_09/thread_1_seq_1281.1725.1037288483

188675  1    1282    A 09-APR-20
        Name: +DG_ARCH_NEW/orcl/archivelog/2020_04_09/thread_1_seq_1282.1722.1037288745

188677  1    1283    A 09-APR-20
        Name: +DG_ARCH_NEW/orcl/archivelog/2020_04_09/thread_1_seq_1283.1720.1037289033

188678  1    1284    A 09-APR-20
        Name: +DG_ARCH_NEW/orcl/archivelog/2020_04_09/thread_1_seq_1284.1507.1037289311

188679  1    1285    A 09-APR-20
        Name: +DG_ARCH_NEW/orcl/archivelog/2020_04_09/thread_1_seq_1285.1487.1037289587

188681  1    1286    A 09-APR-20
        Name: +DG_ARCH_NEW/orcl/archivelog/2020_04_09/thread_1_seq_1286.1716.1037289879

188682  1    1287    A 09-APR-20
        Name: +DG_ARCH_NEW/orcl/archivelog/2020_04_09/thread_1_seq_1287.1713.1037290165

188683  1    1288    A 09-APR-20
        Name: +DG_ARCH_NEW/orcl/archivelog/2020_04_09/thread_1_seq_1288.1712.1037290443

188685  1    1289    A 09-APR-20
        Name: +DG_ARCH_NEW/orcl/archivelog/2020_04_09/thread_1_seq_1289.1708.1037290729

188686  1    1290    A 09-APR-20
        Name: +DG_ARCH_NEW/orcl/archivelog/2020_04_09/thread_1_seq_1290.1706.1037291043

188687  1    1291    A 09-APR-20
        Name: +DG_ARCH_NEW/orcl/archivelog/2020_04_09/thread_1_seq_1291.1705.1037291331

188689  1    1292    A 09-APR-20
        Name: +DG_ARCH_NEW/orcl/archivelog/2020_04_09/thread_1_seq_1292.1701.1037291599

188690  1    1293    A 09-APR-20
        Name: +DG_ARCH_NEW/orcl/archivelog/2020_04_09/thread_1_seq_1293.1700.1037291865

188691  1    1294    A 09-APR-20
        Name: +DG_ARCH_NEW/orcl/archivelog/2020_04_09/thread_1_seq_1294.1697.1037292139

188693  1    1295    A 09-APR-20
        Name: +DG_ARCH_NEW/orcl/archivelog/2020_04_09/thread_1_seq_1295.1694.1037292433

188694  1    1296    A 09-APR-20
        Name: +DG_ARCH_NEW/orcl/archivelog/2020_04_09/thread_1_seq_1296.1692.1037292733

188695  1    1297    A 09-APR-20
        Name: +DG_ARCH_NEW/orcl/archivelog/2020_04_09/thread_1_seq_1297.1690.1037293009

188697  1    1298    A 09-APR-20
        Name: +DG_ARCH_NEW/orcl/archivelog/2020_04_09/thread_1_seq_1298.1686.1037293305

188698  1    1299    A 09-APR-20
        Name: +DG_ARCH_NEW/orcl/archivelog/2020_04_09/thread_1_seq_1299.1685.1037293581

188699  1    1300    A 09-APR-20
        Name: +DG_ARCH_NEW/orcl/archivelog/2020_04_09/thread_1_seq_1300.1684.1037293875

188701  1    1301    A 09-APR-20
        Name: +DG_ARCH_NEW/orcl/archivelog/2020_04_09/thread_1_seq_1301.1680.1037294133

188702  1    1302    A 09-APR-20
        Name: +DG_ARCH_NEW/orcl/archivelog/2020_04_09/thread_1_seq_1302.1678.1037294401

188703  1    1303    A 09-APR-20
        Name: +DG_ARCH_NEW/orcl/archivelog/2020_04_09/thread_1_seq_1303.1676.1037294667

188705  1    1304    A 09-APR-20
        Name: +DG_ARCH_NEW/orcl/archivelog/2020_04_09/thread_1_seq_1304.1673.1037294929

188706  1    1305    A 09-APR-20
        Name: +DG_ARCH_NEW/orcl/archivelog/2020_04_09/thread_1_seq_1305.1670.1037295199

188707  1    1306    A 09-APR-20
        Name: +DG_ARCH_NEW/orcl/archivelog/2020_04_09/thread_1_seq_1306.1669.1037295465

188709  1    1307    A 09-APR-20
        Name: +DG_ARCH_NEW/orcl/archivelog/2020_04_09/thread_1_seq_1307.1665.1037295723

188710  1    1308    A 09-APR-20
        Name: +DG_ARCH_NEW/orcl/archivelog/2020_04_09/thread_1_seq_1308.1664.1037295991

188711  1    1309    A 09-APR-20
        Name: +DG_ARCH_NEW/orcl/archivelog/2020_04_09/thread_1_seq_1309.1662.1037296273

188713  1    1310    A 09-APR-20
        Name: +DG_ARCH_NEW/orcl/archivelog/2020_04_09/thread_1_seq_1310.1658.1037296561

188714  1    1311    A 09-APR-20
        Name: +DG_ARCH_NEW/orcl/archivelog/2020_04_09/thread_1_seq_1311.1657.1037296861

188715  1    1312    A 09-APR-20
        Name: +DG_ARCH_NEW/orcl/archivelog/2020_04_09/thread_1_seq_1312.1654.1037297157

188717  1    1313    A 09-APR-20
        Name: +DG_ARCH_NEW/orcl/archivelog/2020_04_09/thread_1_seq_1313.1652.1037297473

188718  1    1314    A 09-APR-20
        Name: +DG_ARCH_NEW/orcl/archivelog/2020_04_09/thread_1_seq_1314.1649.1037297797

188719  1    1315    A 09-APR-20
        Name: +DG_ARCH_NEW/orcl/archivelog/2020_04_09/thread_1_seq_1315.1648.1037298169

188721  1    1316    A 09-APR-20
        Name: +DG_ARCH_NEW/orcl/archivelog/2020_04_09/thread_1_seq_1316.1644.1037298603

188722  1    1317    A 09-APR-20
        Name: +DG_ARCH_NEW/orcl/archivelog/2020_04_09/thread_1_seq_1317.1642.1037299027

188723  1    1318    A 09-APR-20
        Name: +DG_ARCH_NEW/orcl/archivelog/2020_04_09/thread_1_seq_1318.1641.1037299443

188725  1    1319    A 09-APR-20
        Name: +DG_ARCH_NEW/orcl/archivelog/2020_04_09/thread_1_seq_1319.1637.1037299935

188726  1    1320    A 09-APR-20
        Name: +DG_ARCH_NEW/orcl/archivelog/2020_04_09/thread_1_seq_1320.1636.1037300443

188727  1    1321    A 09-APR-20
        Name: +DG_ARCH_NEW/orcl/archivelog/2020_04_09/thread_1_seq_1321.1633.1037300935

188729  1    1322    A 09-APR-20
        Name: +DG_ARCH_NEW/orcl/archivelog/2020_04_09/thread_1_seq_1322.1630.1037301469

188730  1    1323    A 09-APR-20
        Name: +DG_ARCH_NEW/orcl/archivelog/2020_04_09/thread_1_seq_1323.1628.1037302071

188731  1    1324    A 09-APR-20
        Name: +DG_ARCH_NEW/orcl/archivelog/2020_04_09/thread_1_seq_1324.1626.1037302729

188733  1    1325    A 09-APR-20
        Name: +DG_ARCH_NEW/orcl/archivelog/2020_04_09/thread_1_seq_1325.1622.1037303415

188734  1    1326    A 09-APR-20
        Name: +DG_ARCH_NEW/orcl/archivelog/2020_04_09/thread_1_seq_1326.1621.1037304141

188735  1    1327    A 09-APR-20
        Name: +DG_ARCH_NEW/orcl/archivelog/2020_04_09/thread_1_seq_1327.1620.1037304907

188737  1    1328    A 09-APR-20
        Name: +DG_ARCH_NEW/orcl/archivelog/2020_04_09/thread_1_seq_1328.1616.1037305665

188738  1    1329    A 09-APR-20
        Name: +DG_ARCH_NEW/orcl/archivelog/2020_04_09/thread_1_seq_1329.1614.1037306389

188739  1    1330    A 09-APR-20
        Name: +DG_ARCH_NEW/orcl/archivelog/2020_04_09/thread_1_seq_1330.1612.1037307159

188741  1    1331    A 09-APR-20
        Name: +DG_ARCH_NEW/orcl/archivelog/2020_04_09/thread_1_seq_1331.1609.1037307981

188742  1    1332    A 09-APR-20
        Name: +DG_ARCH_NEW/orcl/archivelog/2020_04_09/thread_1_seq_1332.1606.1037308705

188743  1    1333    A 09-APR-20
        Name: +DG_ARCH_NEW/orcl/archivelog/2020_04_09/thread_1_seq_1333.1605.1037309553

188745  1    1334    A 09-APR-20
        Name: +DG_ARCH_NEW/orcl/archivelog/2020_04_09/thread_1_seq_1334.1601.1037310427

188746  1    1335    A 09-APR-20
        Name: +DG_ARCH_NEW/orcl/archivelog/2020_04_09/thread_1_seq_1335.1600.1037311335

188747  1    1336    A 09-APR-20
        Name: +DG_ARCH_NEW/orcl/archivelog/2020_04_09/thread_1_seq_1336.1598.1037312289

188749  1    1337    A 09-APR-20
        Name: +DG_ARCH_NEW/orcl/archivelog/2020_04_09/thread_1_seq_1337.1594.1037313307

188750  1    1338    A 09-APR-20
        Name: +DG_ARCH_NEW/orcl/archivelog/2020_04_09/thread_1_seq_1338.1593.1037314383

188751  1    1339    A 09-APR-20
        Name: +DG_ARCH_NEW/orcl/archivelog/2020_04_09/thread_1_seq_1339.1590.1037315461

188753  1    1340    A 09-APR-20
        Name: +DG_ARCH_NEW/orcl/archivelog/2020_04_09/thread_1_seq_1340.1588.1037316927

188754  1    1341    A 09-APR-20
        Name: +DG_ARCH_NEW/orcl/archivelog/2020_04_10/thread_1_seq_1341.1585.1037318427

188755  1    1342    A 10-APR-20
        Name: +DG_ARCH_NEW/orcl/archivelog/2020_04_10/thread_1_seq_1342.1584.1037321069

188584  2    412     A 09-APR-20
        Name: +DG_ARCH_NEW/orcl/archivelog/2020_04_09/thread_2_seq_412.1921.1037263323

188588  2    413     A 09-APR-20
        Name: +DG_ARCH_NEW/orcl/archivelog/2020_04_09/thread_2_seq_413.1900.1037264889

188592  2    414     A 09-APR-20
        Name: +DG_ARCH_NEW/orcl/archivelog/2020_04_09/thread_2_seq_414.1878.1037266127

188596  2    415     A 09-APR-20
        Name: +DG_ARCH_NEW/orcl/archivelog/2020_04_09/thread_2_seq_415.1937.1037267207

188600  2    416     A 09-APR-20
        Name: +DG_ARCH_NEW/orcl/archivelog/2020_04_09/thread_2_seq_416.1929.1037268257

188604  2    417     A 09-APR-20
        Name: +DG_ARCH_NEW/orcl/archivelog/2020_04_09/thread_2_seq_417.1922.1037269301

188608  2    418     A 09-APR-20
        Name: +DG_ARCH_NEW/orcl/archivelog/2020_04_09/thread_2_seq_418.1914.1037270295

188612  2    419     A 09-APR-20
        Name: +DG_ARCH_NEW/orcl/archivelog/2020_04_09/thread_2_seq_419.1908.1037271239

188616  2    420     A 09-APR-20
        Name: +DG_ARCH_NEW/orcl/archivelog/2020_04_09/thread_2_seq_420.1901.1037272151

188620  2    421     A 09-APR-20
        Name: +DG_ARCH_NEW/orcl/archivelog/2020_04_09/thread_2_seq_421.1893.1037273047

188624  2    422     A 09-APR-20
        Name: +DG_ARCH_NEW/orcl/archivelog/2020_04_09/thread_2_seq_422.1886.1037273973

188628  2    423     A 09-APR-20
        Name: +DG_ARCH_NEW/orcl/archivelog/2020_04_09/thread_2_seq_423.1880.1037274963

188632  2    424     A 09-APR-20
        Name: +DG_ARCH_NEW/orcl/archivelog/2020_04_09/thread_2_seq_424.1872.1037276149

188636  2    425     A 09-APR-20
        Name: +DG_ARCH_NEW/orcl/archivelog/2020_04_09/thread_2_seq_425.1865.1037277915

188640  2    426     A 09-APR-20
        Name: +DG_ARCH_NEW/orcl/archivelog/2020_04_09/thread_2_seq_426.1785.1037279539

188644  2    427     A 09-APR-20
        Name: +DG_ARCH_NEW/orcl/archivelog/2020_04_09/thread_2_seq_427.1778.1037281105

188648  2    428     A 09-APR-20
        Name: +DG_ARCH_NEW/orcl/archivelog/2020_04_09/thread_2_seq_428.1770.1037282377

188652  2    429     A 09-APR-20
        Name: +DG_ARCH_NEW/orcl/archivelog/2020_04_09/thread_2_seq_429.1764.1037283451

188656  2    430     A 09-APR-20
        Name: +DG_ARCH_NEW/orcl/archivelog/2020_04_09/thread_2_seq_430.1757.1037284375

188660  2    431     A 09-APR-20
        Name: +DG_ARCH_NEW/orcl/archivelog/2020_04_09/thread_2_seq_431.1749.1037285245

188664  2    432     A 09-APR-20
        Name: +DG_ARCH_NEW/orcl/archivelog/2020_04_09/thread_2_seq_432.1742.1037286153

188668  2    433     A 09-APR-20
        Name: +DG_ARCH_NEW/orcl/archivelog/2020_04_09/thread_2_seq_433.1736.1037287027

188672  2    434     A 09-APR-20
        Name: +DG_ARCH_NEW/orcl/archivelog/2020_04_09/thread_2_seq_434.1728.1037287933

188676  2    435     A 09-APR-20
        Name: +DG_ARCH_NEW/orcl/archivelog/2020_04_09/thread_2_seq_435.1721.1037288745

188680  2    436     A 09-APR-20
        Name: +DG_ARCH_NEW/orcl/archivelog/2020_04_09/thread_2_seq_436.1717.1037289589

188684  2    437     A 09-APR-20
        Name: +DG_ARCH_NEW/orcl/archivelog/2020_04_09/thread_2_seq_437.1710.1037290445

188688  2    438     A 09-APR-20
        Name: +DG_ARCH_NEW/orcl/archivelog/2020_04_09/thread_2_seq_438.1702.1037291333

188692  2    439     A 09-APR-20
        Name: +DG_ARCH_NEW/orcl/archivelog/2020_04_09/thread_2_seq_439.1696.1037292139

188696  2    440     A 09-APR-20
        Name: +DG_ARCH_NEW/orcl/archivelog/2020_04_09/thread_2_seq_440.1689.1037293009

188700  2    441     A 09-APR-20
        Name: +DG_ARCH_NEW/orcl/archivelog/2020_04_09/thread_2_seq_441.1681.1037293877

188704  2    442     A 09-APR-20
        Name: +DG_ARCH_NEW/orcl/archivelog/2020_04_09/thread_2_seq_442.1674.1037294669

188708  2    443     A 09-APR-20
        Name: +DG_ARCH_NEW/orcl/archivelog/2020_04_09/thread_2_seq_443.1668.1037295467

188712  2    444     A 09-APR-20
        Name: +DG_ARCH_NEW/orcl/archivelog/2020_04_09/thread_2_seq_444.1660.1037296273

188716  2    445     A 09-APR-20
        Name: +DG_ARCH_NEW/orcl/archivelog/2020_04_09/thread_2_seq_445.1653.1037297159

188720  2    446     A 09-APR-20
        Name: +DG_ARCH_NEW/orcl/archivelog/2020_04_09/thread_2_seq_446.1646.1037298169

188724  2    447     A 09-APR-20
        Name: +DG_ARCH_NEW/orcl/archivelog/2020_04_09/thread_2_seq_447.1638.1037299445

188728  2    448     A 09-APR-20
        Name: +DG_ARCH_NEW/orcl/archivelog/2020_04_09/thread_2_seq_448.1632.1037300935

188732  2    449     A 09-APR-20
        Name: +DG_ARCH_NEW/orcl/archivelog/2020_04_09/thread_2_seq_449.1625.1037302729

188736  2    450     A 09-APR-20
        Name: +DG_ARCH_NEW/orcl/archivelog/2020_04_09/thread_2_seq_450.1617.1037304907

188740  2    451     A 09-APR-20
        Name: +DG_ARCH_NEW/orcl/archivelog/2020_04_09/thread_2_seq_451.1610.1037307161

188744  2    452     A 09-APR-20
        Name: +DG_ARCH_NEW/orcl/archivelog/2020_04_09/thread_2_seq_452.1604.1037309555

188748  2    453     A 09-APR-20
        Name: +DG_ARCH_NEW/orcl/archivelog/2020_04_09/thread_2_seq_453.1596.1037312291

188752  2    454     A 09-APR-20
        Name: +DG_ARCH_NEW/orcl/archivelog/2020_04_09/thread_2_seq_454.1589.1037315463

188756  2    455     A 09-APR-20
        Name: +DG_ARCH_NEW/orcl/archivelog/2020_04_10/thread_2_seq_455.1582.1037321069

deleted archived log
archived log file name=+DG_ARCH_NEW/orcl/archivelog/2020_04_09/thread_1_seq_1211.1936.1037257975 RECID=188581 STAMP=1037257976
deleted archived log
archived log file name=+DG_ARCH_NEW/orcl/archivelog/2020_04_09/thread_1_seq_1212.1932.1037262179 RECID=188582 STAMP=1037262179
deleted archived log
archived log file name=+DG_ARCH_NEW/orcl/archivelog/2020_04_09/thread_1_seq_1213.1926.1037263321 RECID=188583 STAMP=1037263322
deleted archived log
archived log file name=+DG_ARCH_NEW/orcl/archivelog/2020_04_09/thread_1_seq_1214.1916.1037263915 RECID=188585 STAMP=1037263916
deleted archived log
archived log file name=+DG_ARCH_NEW/orcl/archivelog/2020_04_09/thread_1_seq_1215.1910.1037264441 RECID=188586 STAMP=1037264441
deleted archived log
archived log file name=+DG_ARCH_NEW/orcl/archivelog/2020_04_09/thread_1_seq_1216.1905.1037264887 RECID=188587 STAMP=1037264888
deleted archived log
archived log file name=+DG_ARCH_NEW/orcl/archivelog/2020_04_09/thread_1_seq_1217.1894.1037265299 RECID=188589 STAMP=1037265299
deleted archived log
archived log file name=+DG_ARCH_NEW/orcl/archivelog/2020_04_09/thread_1_seq_1218.1889.1037265737 RECID=188590 STAMP=1037265737
deleted archived log
archived log file name=+DG_ARCH_NEW/orcl/archivelog/2020_04_09/thread_1_seq_1219.1884.1037266127 RECID=188591 STAMP=1037266127
deleted archived log
archived log file name=+DG_ARCH_NEW/orcl/archivelog/2020_04_09/thread_1_seq_1220.1873.1037266501 RECID=188593 STAMP=1037266502
deleted archived log
archived log file name=+DG_ARCH_NEW/orcl/archivelog/2020_04_09/thread_1_seq_1221.1868.1037266871 RECID=188594 STAMP=1037266871
deleted archived log
archived log file name=+DG_ARCH_NEW/orcl/archivelog/2020_04_09/thread_1_seq_1222.1862.1037267207 RECID=188595 STAMP=1037267207
deleted archived log
archived log file name=+DG_ARCH_NEW/orcl/archivelog/2020_04_09/thread_1_seq_1223.1934.1037267591 RECID=188597 STAMP=1037267591
deleted archived log
archived log file name=+DG_ARCH_NEW/orcl/archivelog/2020_04_09/thread_1_seq_1224.1933.1037267933 RECID=188598 STAMP=1037267933
deleted archived log
archived log file name=+DG_ARCH_NEW/orcl/archivelog/2020_04_09/thread_1_seq_1225.1930.1037268257 RECID=188599 STAMP=1037268257
deleted archived log
archived log file name=+DG_ARCH_NEW/orcl/archivelog/2020_04_09/thread_1_seq_1226.1928.1037268611 RECID=188601 STAMP=1037268611
deleted archived log
archived log file name=+DG_ARCH_NEW/orcl/archivelog/2020_04_09/thread_1_seq_1227.1925.1037268949 RECID=188602 STAMP=1037268950
deleted archived log
archived log file name=+DG_ARCH_NEW/orcl/archivelog/2020_04_09/thread_1_seq_1228.1924.1037269301 RECID=188603 STAMP=1037269301
deleted archived log
archived log file name=+DG_ARCH_NEW/orcl/archivelog/2020_04_09/thread_1_seq_1229.1920.1037269613 RECID=188605 STAMP=1037269613
deleted archived log
archived log file name=+DG_ARCH_NEW/orcl/archivelog/2020_04_09/thread_1_seq_1230.1918.1037269959 RECID=188606 STAMP=1037269958
deleted archived log
archived log file name=+DG_ARCH_NEW/orcl/archivelog/2020_04_09/thread_1_seq_1231.1917.1037270295 RECID=188607 STAMP=1037270294
deleted archived log
archived log file name=+DG_ARCH_NEW/orcl/archivelog/2020_04_09/thread_1_seq_1232.1913.1037270579 RECID=188609 STAMP=1037270579
deleted archived log
archived log file name=+DG_ARCH_NEW/orcl/archivelog/2020_04_09/thread_1_seq_1233.1912.1037270901 RECID=188610 STAMP=1037270900
deleted archived log
archived log file name=+DG_ARCH_NEW/orcl/archivelog/2020_04_09/thread_1_seq_1234.1909.1037271239 RECID=188611 STAMP=1037271239
deleted archived log
archived log file name=+DG_ARCH_NEW/orcl/archivelog/2020_04_09/thread_1_seq_1235.1906.1037271563 RECID=188613 STAMP=1037271563
deleted archived log
archived log file name=+DG_ARCH_NEW/orcl/archivelog/2020_04_09/thread_1_seq_1236.1904.1037271863 RECID=188614 STAMP=1037271863
deleted archived log
archived log file name=+DG_ARCH_NEW/orcl/archivelog/2020_04_09/thread_1_seq_1237.1902.1037272151 RECID=188615 STAMP=1037272151
deleted archived log
archived log file name=+DG_ARCH_NEW/orcl/archivelog/2020_04_09/thread_1_seq_1238.1898.1037272469 RECID=188617 STAMP=1037272469
deleted archived log
archived log file name=+DG_ARCH_NEW/orcl/archivelog/2020_04_09/thread_1_seq_1239.1897.1037272767 RECID=188618 STAMP=1037272766
deleted archived log
archived log file name=+DG_ARCH_NEW/orcl/archivelog/2020_04_09/thread_1_seq_1240.1896.1037273045 RECID=188619 STAMP=1037273045
deleted archived log
archived log file name=+DG_ARCH_NEW/orcl/archivelog/2020_04_09/thread_1_seq_1241.1892.1037273351 RECID=188621 STAMP=1037273351
deleted archived log
archived log file name=+DG_ARCH_NEW/orcl/archivelog/2020_04_09/thread_1_seq_1242.1890.1037273667 RECID=188622 STAMP=1037273666
deleted archived log
archived log file name=+DG_ARCH_NEW/orcl/archivelog/2020_04_09/thread_1_seq_1243.1888.1037273973 RECID=188623 STAMP=1037273972
deleted archived log
archived log file name=+DG_ARCH_NEW/orcl/archivelog/2020_04_09/thread_1_seq_1244.1885.1037274291 RECID=188625 STAMP=1037274290
deleted archived log
archived log file name=+DG_ARCH_NEW/orcl/archivelog/2020_04_09/thread_1_seq_1245.1882.1037274629 RECID=188626 STAMP=1037274629
deleted archived log
archived log file name=+DG_ARCH_NEW/orcl/archivelog/2020_04_09/thread_1_seq_1246.1881.1037274963 RECID=188627 STAMP=1037274962
deleted archived log
archived log file name=+DG_ARCH_NEW/orcl/archivelog/2020_04_09/thread_1_seq_1247.1877.1037275307 RECID=188629 STAMP=1037275307
deleted archived log
archived log file name=+DG_ARCH_NEW/orcl/archivelog/2020_04_09/thread_1_seq_1248.1876.1037275689 RECID=188630 STAMP=1037275688
deleted archived log
archived log file name=+DG_ARCH_NEW/orcl/archivelog/2020_04_09/thread_1_seq_1249.1874.1037276147 RECID=188631 STAMP=1037276147
deleted archived log
archived log file name=+DG_ARCH_NEW/orcl/archivelog/2020_04_09/thread_1_seq_1250.1870.1037276687 RECID=188633 STAMP=1037276687
deleted archived log
archived log file name=+DG_ARCH_NEW/orcl/archivelog/2020_04_09/thread_1_seq_1251.1869.1037277303 RECID=188634 STAMP=1037277302
deleted archived log
archived log file name=+DG_ARCH_NEW/orcl/archivelog/2020_04_09/thread_1_seq_1252.1866.1037277915 RECID=188635 STAMP=1037277914
deleted archived log
archived log file name=+DG_ARCH_NEW/orcl/archivelog/2020_04_09/thread_1_seq_1253.1864.1037278475 RECID=188637 STAMP=1037278475
deleted archived log
archived log file name=+DG_ARCH_NEW/orcl/archivelog/2020_04_09/thread_1_seq_1254.1861.1037279019 RECID=188638 STAMP=1037279018
deleted archived log
archived log file name=+DG_ARCH_NEW/orcl/archivelog/2020_04_09/thread_1_seq_1255.1786.1037279537 RECID=188639 STAMP=1037279537
deleted archived log
archived log file name=+DG_ARCH_NEW/orcl/archivelog/2020_04_09/thread_1_seq_1256.1784.1037280065 RECID=188641 STAMP=1037280065
deleted archived log
archived log file name=+DG_ARCH_NEW/orcl/archivelog/2020_04_09/thread_1_seq_1257.1781.1037280633 RECID=188642 STAMP=1037280632
deleted archived log
archived log file name=+DG_ARCH_NEW/orcl/archivelog/2020_04_09/thread_1_seq_1258.1780.1037281103 RECID=188643 STAMP=1037281103
deleted archived log
archived log file name=+DG_ARCH_NEW/orcl/archivelog/2020_04_09/thread_1_seq_1259.1776.1037281535 RECID=188645 STAMP=1037281535
deleted archived log
archived log file name=+DG_ARCH_NEW/orcl/archivelog/2020_04_09/thread_1_seq_1260.1774.1037281977 RECID=188646 STAMP=1037281976
deleted archived log
archived log file name=+DG_ARCH_NEW/orcl/archivelog/2020_04_09/thread_1_seq_1261.1773.1037282375 RECID=188647 STAMP=1037282375
deleted archived log
archived log file name=+DG_ARCH_NEW/orcl/archivelog/2020_04_09/thread_1_seq_1262.1769.1037282741 RECID=188649 STAMP=1037282742
deleted archived log
archived log file name=+DG_ARCH_NEW/orcl/archivelog/2020_04_09/thread_1_seq_1263.1768.1037283113 RECID=188650 STAMP=1037283114
deleted archived log
archived log file name=+DG_ARCH_NEW/orcl/archivelog/2020_04_09/thread_1_seq_1264.1765.1037283449 RECID=188651 STAMP=1037283450
deleted archived log
archived log file name=+DG_ARCH_NEW/orcl/archivelog/2020_04_09/thread_1_seq_1265.1762.1037283783 RECID=188653 STAMP=1037283782
deleted archived log
archived log file name=+DG_ARCH_NEW/orcl/archivelog/2020_04_09/thread_1_seq_1266.1760.1037284085 RECID=188654 STAMP=1037284086
deleted archived log
archived log file name=+DG_ARCH_NEW/orcl/archivelog/2020_04_09/thread_1_seq_1267.1758.1037284373 RECID=188655 STAMP=1037284374
deleted archived log
archived log file name=+DG_ARCH_NEW/orcl/archivelog/2020_04_09/thread_1_seq_1268.1754.1037284671 RECID=188657 STAMP=1037284671
deleted archived log
archived log file name=+DG_ARCH_NEW/orcl/archivelog/2020_04_09/thread_1_seq_1269.1753.1037284961 RECID=188658 STAMP=1037284962
deleted archived log
archived log file name=+DG_ARCH_NEW/orcl/archivelog/2020_04_09/thread_1_seq_1270.1752.1037285243 RECID=188659 STAMP=1037285244
deleted archived log
archived log file name=+DG_ARCH_NEW/orcl/archivelog/2020_04_09/thread_1_seq_1271.1748.1037285559 RECID=188661 STAMP=1037285559
deleted archived log
archived log file name=+DG_ARCH_NEW/orcl/archivelog/2020_04_09/thread_1_seq_1272.1746.1037285853 RECID=188662 STAMP=1037285853
deleted archived log
archived log file name=+DG_ARCH_NEW/orcl/archivelog/2020_04_09/thread_1_seq_1273.1744.1037286153 RECID=188663 STAMP=1037286153
deleted archived log
archived log file name=+DG_ARCH_NEW/orcl/archivelog/2020_04_09/thread_1_seq_1274.1741.1037286449 RECID=188665 STAMP=1037286450
deleted archived log
archived log file name=+DG_ARCH_NEW/orcl/archivelog/2020_04_09/thread_1_seq_1275.1738.1037286735 RECID=188666 STAMP=1037286735
deleted archived log
archived log file name=+DG_ARCH_NEW/orcl/archivelog/2020_04_09/thread_1_seq_1276.1737.1037287025 RECID=188667 STAMP=1037287026
deleted archived log
archived log file name=+DG_ARCH_NEW/orcl/archivelog/2020_04_09/thread_1_seq_1277.1733.1037287329 RECID=188669 STAMP=1037287329
deleted archived log
archived log file name=+DG_ARCH_NEW/orcl/archivelog/2020_04_09/thread_1_seq_1278.1732.1037287635 RECID=188670 STAMP=1037287635
deleted archived log
archived log file name=+DG_ARCH_NEW/orcl/archivelog/2020_04_09/thread_1_seq_1279.1730.1037287931 RECID=188671 STAMP=1037287932
deleted archived log
archived log file name=+DG_ARCH_NEW/orcl/archivelog/2020_04_09/thread_1_seq_1280.1726.1037288199 RECID=188673 STAMP=1037288199
deleted archived log
archived log file name=+DG_ARCH_NEW/orcl/archivelog/2020_04_09/thread_1_seq_1281.1725.1037288483 RECID=188674 STAMP=1037288484
deleted archived log
archived log file name=+DG_ARCH_NEW/orcl/archivelog/2020_04_09/thread_1_seq_1282.1722.1037288745 RECID=188675 STAMP=1037288745
deleted archived log
archived log file name=+DG_ARCH_NEW/orcl/archivelog/2020_04_09/thread_1_seq_1283.1720.1037289033 RECID=188677 STAMP=1037289033
deleted archived log
archived log file name=+DG_ARCH_NEW/orcl/archivelog/2020_04_09/thread_1_seq_1284.1507.1037289311 RECID=188678 STAMP=1037289312
deleted archived log
archived log file name=+DG_ARCH_NEW/orcl/archivelog/2020_04_09/thread_1_seq_1285.1487.1037289587 RECID=188679 STAMP=1037289588
deleted archived log
archived log file name=+DG_ARCH_NEW/orcl/archivelog/2020_04_09/thread_1_seq_1286.1716.1037289879 RECID=188681 STAMP=1037289879
deleted archived log
archived log file name=+DG_ARCH_NEW/orcl/archivelog/2020_04_09/thread_1_seq_1287.1713.1037290165 RECID=188682 STAMP=1037290164
deleted archived log
archived log file name=+DG_ARCH_NEW/orcl/archivelog/2020_04_09/thread_1_seq_1288.1712.1037290443 RECID=188683 STAMP=1037290443
deleted archived log
archived log file name=+DG_ARCH_NEW/orcl/archivelog/2020_04_09/thread_1_seq_1289.1708.1037290729 RECID=188685 STAMP=1037290728
deleted archived log
archived log file name=+DG_ARCH_NEW/orcl/archivelog/2020_04_09/thread_1_seq_1290.1706.1037291043 RECID=188686 STAMP=1037291043
deleted archived log
archived log file name=+DG_ARCH_NEW/orcl/archivelog/2020_04_09/thread_1_seq_1291.1705.1037291331 RECID=188687 STAMP=1037291331
deleted archived log
archived log file name=+DG_ARCH_NEW/orcl/archivelog/2020_04_09/thread_1_seq_1292.1701.1037291599 RECID=188689 STAMP=1037291598
deleted archived log
archived log file name=+DG_ARCH_NEW/orcl/archivelog/2020_04_09/thread_1_seq_1293.1700.1037291865 RECID=188690 STAMP=1037291865
deleted archived log
archived log file name=+DG_ARCH_NEW/orcl/archivelog/2020_04_09/thread_1_seq_1294.1697.1037292139 RECID=188691 STAMP=1037292138
deleted archived log
archived log file name=+DG_ARCH_NEW/orcl/archivelog/2020_04_09/thread_1_seq_1295.1694.1037292433 RECID=188693 STAMP=1037292432
deleted archived log
archived log file name=+DG_ARCH_NEW/orcl/archivelog/2020_04_09/thread_1_seq_1296.1692.1037292733 RECID=188694 STAMP=1037292732
deleted archived log
archived log file name=+DG_ARCH_NEW/orcl/archivelog/2020_04_09/thread_1_seq_1297.1690.1037293009 RECID=188695 STAMP=1037293008
deleted archived log
archived log file name=+DG_ARCH_NEW/orcl/archivelog/2020_04_09/thread_1_seq_1298.1686.1037293305 RECID=188697 STAMP=1037293305
deleted archived log
archived log file name=+DG_ARCH_NEW/orcl/archivelog/2020_04_09/thread_1_seq_1299.1685.1037293581 RECID=188698 STAMP=1037293581
deleted archived log
archived log file name=+DG_ARCH_NEW/orcl/archivelog/2020_04_09/thread_1_seq_1300.1684.1037293875 RECID=188699 STAMP=1037293875
deleted archived log
archived log file name=+DG_ARCH_NEW/orcl/archivelog/2020_04_09/thread_1_seq_1301.1680.1037294133 RECID=188701 STAMP=1037294133
deleted archived log
archived log file name=+DG_ARCH_NEW/orcl/archivelog/2020_04_09/thread_1_seq_1302.1678.1037294401 RECID=188702 STAMP=1037294400
deleted archived log
archived log file name=+DG_ARCH_NEW/orcl/archivelog/2020_04_09/thread_1_seq_1303.1676.1037294667 RECID=188703 STAMP=1037294667
deleted archived log
archived log file name=+DG_ARCH_NEW/orcl/archivelog/2020_04_09/thread_1_seq_1304.1673.1037294929 RECID=188705 STAMP=1037294928
deleted archived log
archived log file name=+DG_ARCH_NEW/orcl/archivelog/2020_04_09/thread_1_seq_1305.1670.1037295199 RECID=188706 STAMP=1037295198
deleted archived log
archived log file name=+DG_ARCH_NEW/orcl/archivelog/2020_04_09/thread_1_seq_1306.1669.1037295465 RECID=188707 STAMP=1037295465
deleted archived log
archived log file name=+DG_ARCH_NEW/orcl/archivelog/2020_04_09/thread_1_seq_1307.1665.1037295723 RECID=188709 STAMP=1037295723
deleted archived log
archived log file name=+DG_ARCH_NEW/orcl/archivelog/2020_04_09/thread_1_seq_1308.1664.1037295991 RECID=188710 STAMP=1037295990
deleted archived log
archived log file name=+DG_ARCH_NEW/orcl/archivelog/2020_04_09/thread_1_seq_1309.1662.1037296273 RECID=188711 STAMP=1037296272
deleted archived log
archived log file name=+DG_ARCH_NEW/orcl/archivelog/2020_04_09/thread_1_seq_1310.1658.1037296561 RECID=188713 STAMP=1037296560
deleted archived log
archived log file name=+DG_ARCH_NEW/orcl/archivelog/2020_04_09/thread_1_seq_1311.1657.1037296861 RECID=188714 STAMP=1037296860
deleted archived log
archived log file name=+DG_ARCH_NEW/orcl/archivelog/2020_04_09/thread_1_seq_1312.1654.1037297157 RECID=188715 STAMP=1037297157
deleted archived log
archived log file name=+DG_ARCH_NEW/orcl/archivelog/2020_04_09/thread_1_seq_1313.1652.1037297473 RECID=188717 STAMP=1037297472
deleted archived log
archived log file name=+DG_ARCH_NEW/orcl/archivelog/2020_04_09/thread_1_seq_1314.1649.1037297797 RECID=188718 STAMP=1037297796
deleted archived log
archived log file name=+DG_ARCH_NEW/orcl/archivelog/2020_04_09/thread_1_seq_1315.1648.1037298169 RECID=188719 STAMP=1037298168
deleted archived log
archived log file name=+DG_ARCH_NEW/orcl/archivelog/2020_04_09/thread_1_seq_1316.1644.1037298603 RECID=188721 STAMP=1037298603
deleted archived log
archived log file name=+DG_ARCH_NEW/orcl/archivelog/2020_04_09/thread_1_seq_1317.1642.1037299027 RECID=188722 STAMP=1037299026
deleted archived log
archived log file name=+DG_ARCH_NEW/orcl/archivelog/2020_04_09/thread_1_seq_1318.1641.1037299443 RECID=188723 STAMP=1037299443
deleted archived log
archived log file name=+DG_ARCH_NEW/orcl/archivelog/2020_04_09/thread_1_seq_1319.1637.1037299935 RECID=188725 STAMP=1037299935
deleted archived log
archived log file name=+DG_ARCH_NEW/orcl/archivelog/2020_04_09/thread_1_seq_1320.1636.1037300443 RECID=188726 STAMP=1037300442
deleted archived log
archived log file name=+DG_ARCH_NEW/orcl/archivelog/2020_04_09/thread_1_seq_1321.1633.1037300935 RECID=188727 STAMP=1037300934
deleted archived log
archived log file name=+DG_ARCH_NEW/orcl/archivelog/2020_04_09/thread_1_seq_1322.1630.1037301469 RECID=188729 STAMP=1037301469
deleted archived log
archived log file name=+DG_ARCH_NEW/orcl/archivelog/2020_04_09/thread_1_seq_1323.1628.1037302071 RECID=188730 STAMP=1037302071
deleted archived log
archived log file name=+DG_ARCH_NEW/orcl/archivelog/2020_04_09/thread_1_seq_1324.1626.1037302729 RECID=188731 STAMP=1037302729
deleted archived log
archived log file name=+DG_ARCH_NEW/orcl/archivelog/2020_04_09/thread_1_seq_1325.1622.1037303415 RECID=188733 STAMP=1037303416
deleted archived log
archived log file name=+DG_ARCH_NEW/orcl/archivelog/2020_04_09/thread_1_seq_1326.1621.1037304141 RECID=188734 STAMP=1037304142
deleted archived log
archived log file name=+DG_ARCH_NEW/orcl/archivelog/2020_04_09/thread_1_seq_1327.1620.1037304907 RECID=188735 STAMP=1037304907
deleted archived log
archived log file name=+DG_ARCH_NEW/orcl/archivelog/2020_04_09/thread_1_seq_1328.1616.1037305665 RECID=188737 STAMP=1037305666
deleted archived log
archived log file name=+DG_ARCH_NEW/orcl/archivelog/2020_04_09/thread_1_seq_1329.1614.1037306389 RECID=188738 STAMP=1037306389
deleted archived log
archived log file name=+DG_ARCH_NEW/orcl/archivelog/2020_04_09/thread_1_seq_1330.1612.1037307159 RECID=188739 STAMP=1037307160
deleted archived log
archived log file name=+DG_ARCH_NEW/orcl/archivelog/2020_04_09/thread_1_seq_1331.1609.1037307981 RECID=188741 STAMP=1037307982
deleted archived log
archived log file name=+DG_ARCH_NEW/orcl/archivelog/2020_04_09/thread_1_seq_1332.1606.1037308705 RECID=188742 STAMP=1037308705
deleted archived log
archived log file name=+DG_ARCH_NEW/orcl/archivelog/2020_04_09/thread_1_seq_1333.1605.1037309553 RECID=188743 STAMP=1037309554
deleted archived log
archived log file name=+DG_ARCH_NEW/orcl/archivelog/2020_04_09/thread_1_seq_1334.1601.1037310427 RECID=188745 STAMP=1037310427
deleted archived log
archived log file name=+DG_ARCH_NEW/orcl/archivelog/2020_04_09/thread_1_seq_1335.1600.1037311335 RECID=188746 STAMP=1037311336
deleted archived log
archived log file name=+DG_ARCH_NEW/orcl/archivelog/2020_04_09/thread_1_seq_1336.1598.1037312289 RECID=188747 STAMP=1037312290
deleted archived log
archived log file name=+DG_ARCH_NEW/orcl/archivelog/2020_04_09/thread_1_seq_1337.1594.1037313307 RECID=188749 STAMP=1037313307
deleted archived log
archived log file name=+DG_ARCH_NEW/orcl/archivelog/2020_04_09/thread_1_seq_1338.1593.1037314383 RECID=188750 STAMP=1037314384
deleted archived log
archived log file name=+DG_ARCH_NEW/orcl/archivelog/2020_04_09/thread_1_seq_1339.1590.1037315461 RECID=188751 STAMP=1037315461
deleted archived log
archived log file name=+DG_ARCH_NEW/orcl/archivelog/2020_04_09/thread_1_seq_1340.1588.1037316927 RECID=188753 STAMP=1037316928
deleted archived log
archived log file name=+DG_ARCH_NEW/orcl/archivelog/2020_04_10/thread_1_seq_1341.1585.1037318427 RECID=188754 STAMP=1037318429
deleted archived log
archived log file name=+DG_ARCH_NEW/orcl/archivelog/2020_04_10/thread_1_seq_1342.1584.1037321069 RECID=188755 STAMP=1037321068
deleted archived log
archived log file name=+DG_ARCH_NEW/orcl/archivelog/2020_04_09/thread_2_seq_412.1921.1037263323 RECID=188584 STAMP=1037263322
deleted archived log
archived log file name=+DG_ARCH_NEW/orcl/archivelog/2020_04_09/thread_2_seq_413.1900.1037264889 RECID=188588 STAMP=1037264888
deleted archived log
archived log file name=+DG_ARCH_NEW/orcl/archivelog/2020_04_09/thread_2_seq_414.1878.1037266127 RECID=188592 STAMP=1037266127
deleted archived log
archived log file name=+DG_ARCH_NEW/orcl/archivelog/2020_04_09/thread_2_seq_415.1937.1037267207 RECID=188596 STAMP=1037267207
deleted archived log
archived log file name=+DG_ARCH_NEW/orcl/archivelog/2020_04_09/thread_2_seq_416.1929.1037268257 RECID=188600 STAMP=1037268257
deleted archived log
archived log file name=+DG_ARCH_NEW/orcl/archivelog/2020_04_09/thread_2_seq_417.1922.1037269301 RECID=188604 STAMP=1037269301
deleted archived log
archived log file name=+DG_ARCH_NEW/orcl/archivelog/2020_04_09/thread_2_seq_418.1914.1037270295 RECID=188608 STAMP=1037270295
deleted archived log
archived log file name=+DG_ARCH_NEW/orcl/archivelog/2020_04_09/thread_2_seq_419.1908.1037271239 RECID=188612 STAMP=1037271240
deleted archived log
archived log file name=+DG_ARCH_NEW/orcl/archivelog/2020_04_09/thread_2_seq_420.1901.1037272151 RECID=188616 STAMP=1037272152
deleted archived log
archived log file name=+DG_ARCH_NEW/orcl/archivelog/2020_04_09/thread_2_seq_421.1893.1037273047 RECID=188620 STAMP=1037273046
deleted archived log
archived log file name=+DG_ARCH_NEW/orcl/archivelog/2020_04_09/thread_2_seq_422.1886.1037273973 RECID=188624 STAMP=1037273973
deleted archived log
archived log file name=+DG_ARCH_NEW/orcl/archivelog/2020_04_09/thread_2_seq_423.1880.1037274963 RECID=188628 STAMP=1037274963
deleted archived log
archived log file name=+DG_ARCH_NEW/orcl/archivelog/2020_04_09/thread_2_seq_424.1872.1037276149 RECID=188632 STAMP=1037276148
deleted archived log
archived log file name=+DG_ARCH_NEW/orcl/archivelog/2020_04_09/thread_2_seq_425.1865.1037277915 RECID=188636 STAMP=1037277915
deleted archived log
archived log file name=+DG_ARCH_NEW/orcl/archivelog/2020_04_09/thread_2_seq_426.1785.1037279539 RECID=188640 STAMP=1037279538
deleted archived log
archived log file name=+DG_ARCH_NEW/orcl/archivelog/2020_04_09/thread_2_seq_427.1778.1037281105 RECID=188644 STAMP=1037281104
deleted archived log
archived log file name=+DG_ARCH_NEW/orcl/archivelog/2020_04_09/thread_2_seq_428.1770.1037282377 RECID=188648 STAMP=1037282376
deleted archived log
archived log file name=+DG_ARCH_NEW/orcl/archivelog/2020_04_09/thread_2_seq_429.1764.1037283451 RECID=188652 STAMP=1037283450
deleted archived log
archived log file name=+DG_ARCH_NEW/orcl/archivelog/2020_04_09/thread_2_seq_430.1757.1037284375 RECID=188656 STAMP=1037284374
deleted archived log
archived log file name=+DG_ARCH_NEW/orcl/archivelog/2020_04_09/thread_2_seq_431.1749.1037285245 RECID=188660 STAMP=1037285244
deleted archived log
archived log file name=+DG_ARCH_NEW/orcl/archivelog/2020_04_09/thread_2_seq_432.1742.1037286153 RECID=188664 STAMP=1037286153
deleted archived log
archived log file name=+DG_ARCH_NEW/orcl/archivelog/2020_04_09/thread_2_seq_433.1736.1037287027 RECID=188668 STAMP=1037287027
deleted archived log
archived log file name=+DG_ARCH_NEW/orcl/archivelog/2020_04_09/thread_2_seq_434.1728.1037287933 RECID=188672 STAMP=1037287933
deleted archived log
archived log file name=+DG_ARCH_NEW/orcl/archivelog/2020_04_09/thread_2_seq_435.1721.1037288745 RECID=188676 STAMP=1037288746
deleted archived log
archived log file name=+DG_ARCH_NEW/orcl/archivelog/2020_04_09/thread_2_seq_436.1717.1037289589 RECID=188680 STAMP=1037289589
deleted archived log
archived log file name=+DG_ARCH_NEW/orcl/archivelog/2020_04_09/thread_2_seq_437.1710.1037290445 RECID=188684 STAMP=1037290444
deleted archived log
archived log file name=+DG_ARCH_NEW/orcl/archivelog/2020_04_09/thread_2_seq_438.1702.1037291333 RECID=188688 STAMP=1037291332
deleted archived log
archived log file name=+DG_ARCH_NEW/orcl/archivelog/2020_04_09/thread_2_seq_439.1696.1037292139 RECID=188692 STAMP=1037292139
deleted archived log
archived log file name=+DG_ARCH_NEW/orcl/archivelog/2020_04_09/thread_2_seq_440.1689.1037293009 RECID=188696 STAMP=1037293009
deleted archived log
archived log file name=+DG_ARCH_NEW/orcl/archivelog/2020_04_09/thread_2_seq_441.1681.1037293877 RECID=188700 STAMP=1037293876
deleted archived log
archived log file name=+DG_ARCH_NEW/orcl/archivelog/2020_04_09/thread_2_seq_442.1674.1037294669 RECID=188704 STAMP=1037294668
deleted archived log
archived log file name=+DG_ARCH_NEW/orcl/archivelog/2020_04_09/thread_2_seq_443.1668.1037295467 RECID=188708 STAMP=1037295466
deleted archived log
archived log file name=+DG_ARCH_NEW/orcl/archivelog/2020_04_09/thread_2_seq_444.1660.1037296273 RECID=188712 STAMP=1037296273
deleted archived log
archived log file name=+DG_ARCH_NEW/orcl/archivelog/2020_04_09/thread_2_seq_445.1653.1037297159 RECID=188716 STAMP=1037297158
deleted archived log
archived log file name=+DG_ARCH_NEW/orcl/archivelog/2020_04_09/thread_2_seq_446.1646.1037298169 RECID=188720 STAMP=1037298169
deleted archived log
archived log file name=+DG_ARCH_NEW/orcl/archivelog/2020_04_09/thread_2_seq_447.1638.1037299445 RECID=188724 STAMP=1037299444
deleted archived log
archived log file name=+DG_ARCH_NEW/orcl/archivelog/2020_04_09/thread_2_seq_448.1632.1037300935 RECID=188728 STAMP=1037300935
deleted archived log
archived log file name=+DG_ARCH_NEW/orcl/archivelog/2020_04_09/thread_2_seq_449.1625.1037302729 RECID=188732 STAMP=1037302730
deleted archived log
archived log file name=+DG_ARCH_NEW/orcl/archivelog/2020_04_09/thread_2_seq_450.1617.1037304907 RECID=188736 STAMP=1037304908
deleted archived log
archived log file name=+DG_ARCH_NEW/orcl/archivelog/2020_04_09/thread_2_seq_451.1610.1037307161 RECID=188740 STAMP=1037307161
deleted archived log
archived log file name=+DG_ARCH_NEW/orcl/archivelog/2020_04_09/thread_2_seq_452.1604.1037309555 RECID=188744 STAMP=1037309555
deleted archived log
archived log file name=+DG_ARCH_NEW/orcl/archivelog/2020_04_09/thread_2_seq_453.1596.1037312291 RECID=188748 STAMP=1037312291
deleted archived log
archived log file name=+DG_ARCH_NEW/orcl/archivelog/2020_04_09/thread_2_seq_454.1589.1037315463 RECID=188752 STAMP=1037315462
deleted archived log
archived log file name=+DG_ARCH_NEW/orcl/archivelog/2020_04_10/thread_2_seq_455.1582.1037321069 RECID=188756 STAMP=1037321069
Deleted 176 objects


released channel: c1

released channel: c2

released channel: c3

released channel: c4

released channel: c5

released channel: c6

RMAN> 

Recovery Manager complete.
Last login: Thu Apr 16 23:59:01 CST 2020
