
Recovery Manager: Release 11.2.0.4.0 - Production on Tue Jun 9 00:00:01 2020

Copyright (c) 1982, 2011, Oracle and/or its affiliates.  All rights reserved.

connected to target database: ORCL (DBID=1492966431)

RMAN> 2> 3> 4> 5> 6> 7> 8> 9> 10> 11> 12> 13> 14> 15> 16> 17> 18> 19> 
using target database control file instead of recovery catalog
allocated channel: c1
channel c1: SID=184 instance=orcl2 device type=DISK

allocated channel: c2
channel c2: SID=290 instance=orcl2 device type=DISK

allocated channel: c3
channel c3: SID=411 instance=orcl2 device type=DISK

allocated channel: c4
channel c4: SID=528 instance=orcl2 device type=DISK

allocated channel: c5
channel c5: SID=1097 instance=orcl2 device type=DISK

allocated channel: c6
channel c6: SID=1155 instance=orcl2 device type=DISK

Starting backup at 09-JUN-20
channel c1: starting compressed incremental level 2 datafile backup set
channel c1: specifying datafile(s) in backup set
input datafile file number=00029 name=+DG_DATA_NEW_1/orcl/datafile/tbs_paic.535.1036266693
input datafile file number=00037 name=+DG_DATA_NEW_1/orcl/datafile/tbs_paic.529.1036266733
input datafile file number=00014 name=+DG_DATA_NEW_1/orcl/datafile/tbs_paic.259.1036266773
input datafile file number=00020 name=+DG_DATA_NEW_1/orcl/datafile/tbs_paic_meta.270.1036266813
input datafile file number=00065 name=+DG_DATA_NEW_1/orcl/datafile/tbs_paic.276.1036266851
input datafile file number=00072 name=+DG_DATA_NEW_1/orcl/datafile/tbs_paic_index.282.1036266893
input datafile file number=00078 name=+DG_DATA_NEW_1/orcl/datafile/tbs_paic.288.1036266935
input datafile file number=00085 name=+DG_DATA_NEW_1/orcl/datafile/tbs_paic.294.1036266979
input datafile file number=00091 name=+DG_DATA_NEW_1/orcl/datafile/tbs_paic.295.1036269159
input datafile file number=00097 name=+DG_DATA_NEW_1/orcl/datafile/tbs_paic_index.299.1036271259
input datafile file number=00103 name=+DG_DATA_NEW_1/orcl/datafile/tbs_paic.308.1036272815
input datafile file number=00110 name=+DG_DATA_NEW_1/orcl/datafile/tbs_paic_index.314.1036272921
input datafile file number=00116 name=+DG_DATA_NEW_1/orcl/datafile/tbs_paic.316.1036273001
input datafile file number=00123 name=+DG_DATA_NEW_1/orcl/datafile/tbs_paic.325.1036273279
input datafile file number=00130 name=+DG_DATA_NEW_1/orcl/datafile/tbs_paic.328.1036273323
input datafile file number=00136 name=+DG_DATA_NEW_1/orcl/datafile/tbs_paic.333.1036273801
input datafile file number=00142 name=+DG_DATA_NEW_1/orcl/datafile/tbs_paic_index.346.1036275423
input datafile file number=00148 name=+DG_DATA_NEW_1/orcl/datafile/tbs_paic.352.1036278113
input datafile file number=00154 name=+DG_DATA_NEW_1/orcl/datafile/tbs_paic.361.1036279265
input datafile file number=00160 name=+DG_DATA_NEW_1/orcl/datafile/tbs_paic.364.1036279431
input datafile file number=00166 name=+DG_DATA_NEW_1/orcl/datafile/tbs_paic_index.373.1036279761
input datafile file number=00172 name=+DG_DATA_NEW_1/orcl/datafile/tbs_paic.378.1036280005
input datafile file number=00178 name=+DG_DATA_NEW_1/orcl/datafile/tbs_paic.380.1036280131
input datafile file number=00184 name=+DG_DATA_NEW_1/orcl/datafile/tbs_paic_index.387.1036280593
input datafile file number=00190 name=+DG_DATA_NEW_1/orcl/datafile/tbs_paic.398.1036282171
input datafile file number=00197 name=+DG_DATA_NEW_1/orcl/datafile/tbs_paic.401.1036284701
input datafile file number=00204 name=+DG_DATA_NEW_1/orcl/datafile/tbs_paic_index.412.1036285787
input datafile file number=00210 name=+DG_DATA_NEW_1/orcl/datafile/tbs_paic_index.416.1036285943
input datafile file number=00216 name=+DG_DATA_NEW_1/orcl/datafile/tbs_paic.424.1036286275
input datafile file number=00222 name=+DG_DATA_NEW_1/orcl/datafile/tbs_paic.428.1036286515
input datafile file number=00229 name=+DG_DATA_NEW_1/orcl/datafile/tbs_paic.432.1036286641
input datafile file number=00235 name=+DG_DATA_NEW_1/orcl/datafile/tbs_paic.435.1036287081
input datafile file number=00241 name=+DG_DATA_NEW_1/orcl/datafile/tbs_paic.446.1036288547
input datafile file number=00247 name=+DG_DATA_NEW_1/orcl/datafile/tbs_paic.450.1036290953
input datafile file number=00253 name=+DG_DATA_NEW_1/orcl/datafile/tbs_paic_clob.466.1036292001
input datafile file number=00259 name=+DG_DATA_NEW_1/orcl/datafile/tbs_paic.470.1036292173
input datafile file number=00265 name=+DG_DATA_NEW_1/orcl/datafile/tbs_paic.574.1037141047
input datafile file number=00271 name=+DG_DATA_NEW_1/orcl/datafile/tbs_paic.580.1037141795
input datafile file number=00277 name=+DATA01/orcl/datafile/tbs_paic.479.15867640473
input datafile file number=00283 name=+DATA01/orcl/datafile/tbs_paic.264.1038245767
input datafile file number=00289 name=+DATA01/orcl/datafile/tbs_paic.270.1038255593
input datafile file number=00295 name=+DATA01/orcl/datafile/tbs_paic.276.1038255789
input datafile file number=00301 name=+DATA01/orcl/datafile/tbs_paic.282.1038255987
input datafile file number=00307 name=+DATA01/orcl/datafile/tbs_paic_clob.288.1040472481
input datafile file number=00313 name=+DATA01/orcl/datafile/tbs_paic.294.1040472733
input datafile file number=00319 name=+DATA01/orcl/datafile/tbs_paic.295.1041586153
input datafile file number=00325 name=+DATA01/orcl/datafile/tbs_paic.301.1041586471
input datafile file number=00331 name=+DATA_ARCH/orcl/datafile/tbs_paic_arch.266.1041634555
input datafile file number=00047 name=+DG_DATA_NEW_1/orcl/datafile/tbs_paic_clob.468.1036292065
input datafile file number=00052 name=+DG_DATA_NEW_1/orcl/datafile/tbs_paic.484.1036292861
input datafile file number=00058 name=+DG_DATA_NEW_1/orcl/datafile/tbs_paic.487.1036293027
input datafile file number=00064 name=+DG_DATA_NEW_1/orcl/datafile/tbs_paic_index.490.1036293259
input datafile file number=00012 name=+DG_DATA_NEW_1/orcl/datafile/tbs_paic_meta_index.497.1036293589
input datafile file number=00008 name=+DG_DATA_NEW_1/orcl/datafile/sysaux.498.1036293603
input datafile file number=00004 name=+DG_DATA_NEW_1/orcl/datafile/users.559.1036295521
input datafile file number=00005 name=+DG_DATA_NEW_1/orcl/datafile/undotbs2.555.1036295111
channel c1: starting piece 1 at 09-JUN-20
channel c2: starting compressed incremental level 2 datafile backup set
channel c2: specifying datafile(s) in backup set
input datafile file number=00026 name=+DG_DATA_NEW_1/orcl/datafile/tbs_paic.538.1036266691
input datafile file number=00035 name=+DG_DATA_NEW_1/orcl/datafile/tbs_paic.532.1036266729
input datafile file number=00011 name=+DG_DATA_NEW_1/orcl/datafile/tbs_paic_meta.258.1036266769
input datafile file number=00017 name=+DG_DATA_NEW_1/orcl/datafile/tbs_paic_index.260.1036266809
input datafile file number=00040 name=+DG_DATA_NEW_1/orcl/datafile/tbs_paic_clob.272.1036266849
input datafile file number=00069 name=+DG_DATA_NEW_1/orcl/datafile/tbs_paic.278.1036266889
input datafile file number=00076 name=+DG_DATA_NEW_1/orcl/datafile/tbs_paic_index.284.1036266933
input datafile file number=00083 name=+DG_DATA_NEW_1/orcl/datafile/tbs_paic.291.1036266977
input datafile file number=00089 name=+DG_DATA_NEW_1/orcl/datafile/tbs_paic.296.1036269341
input datafile file number=00095 name=+DG_DATA_NEW_1/orcl/datafile/tbs_paic.297.1036269517
input datafile file number=00101 name=+DG_DATA_NEW_1/orcl/datafile/tbs_paic.306.1036272767
input datafile file number=00108 name=+DG_DATA_NEW_1/orcl/datafile/tbs_paic_meta.310.1036272857
input datafile file number=00114 name=+DG_DATA_NEW_1/orcl/datafile/tbs_paic.315.1036272963
input datafile file number=00121 name=+DG_DATA_NEW_1/orcl/datafile/tbs_paic.319.1036273011
input datafile file number=00127 name=+DG_DATA_NEW_1/orcl/datafile/tbs_paic.321.1036273101
input datafile file number=00134 name=+DG_DATA_NEW_1/orcl/datafile/tbs_paic_index.322.1036273205
input datafile file number=00140 name=+DG_DATA_NEW_1/orcl/datafile/tbs_paic.344.1036275073
input datafile file number=00146 name=+DG_DATA_NEW_1/orcl/datafile/tbs_paic.347.1036275663
input datafile file number=00152 name=+DG_DATA_NEW_1/orcl/datafile/tbs_paic.348.1036275703
input datafile file number=00158 name=+DG_DATA_NEW_1/orcl/datafile/tbs_paic.358.1036279065
input datafile file number=00164 name=+DG_DATA_NEW_1/orcl/datafile/tbs_paic.365.1036279475
input datafile file number=00170 name=+DG_DATA_NEW_1/orcl/datafile/tbs_paic.367.1036279493
input datafile file number=00176 name=+DG_DATA_NEW_1/orcl/datafile/tbs_paic.371.1036279659
input datafile file number=00182 name=+DG_DATA_NEW_1/orcl/datafile/tbs_paic.374.1036279769
input datafile file number=00188 name=+DG_DATA_NEW_1/orcl/datafile/tbs_paic.394.1036281531
input datafile file number=00195 name=+DG_DATA_NEW_1/orcl/datafile/tbs_paic.396.1036282073
input datafile file number=00202 name=+DG_DATA_NEW_1/orcl/datafile/tbs_paic.397.1036282111
input datafile file number=00208 name=+DG_DATA_NEW_1/orcl/datafile/tbs_paic.407.1036285453
input datafile file number=00214 name=+DG_DATA_NEW_1/orcl/datafile/tbs_paic.414.1036285859
input datafile file number=00220 name=+DG_DATA_NEW_1/orcl/datafile/tbs_paic.415.1036285877
input datafile file number=00227 name=+DG_DATA_NEW_1/orcl/datafile/tbs_paic.419.1036286037
input datafile file number=00233 name=+DG_DATA_NEW_1/orcl/datafile/tbs_paic.422.1036286143
input datafile file number=00239 name=+DG_DATA_NEW_1/orcl/datafile/tbs_paic.443.1036287795
input datafile file number=00245 name=+DG_DATA_NEW_1/orcl/datafile/tbs_paic.444.1036288301
input datafile file number=00251 name=+DG_DATA_NEW_1/orcl/datafile/tbs_paic_index.445.1036288335
input datafile file number=00257 name=+DG_DATA_NEW_1/orcl/datafile/tbs_paic.454.1036291445
input datafile file number=00263 name=+DG_DATA_NEW_1/orcl/datafile/tbs_paic_index.460.1036291853
input datafile file number=00269 name=+DG_DATA_NEW_1/orcl/datafile/tbs_paic.578.1037141753
input datafile file number=00275 name=+DATA01/orcl/datafile/tbs_paic.479.15867640471
input datafile file number=00281 name=+DATA01/orcl/datafile/tbs_paic_index.479.15867640474
input datafile file number=00287 name=+DATA01/orcl/datafile/tbs_paic.268.1038255493
input datafile file number=00293 name=+DATA01/orcl/datafile/tbs_paic.274.1038255715
input datafile file number=00299 name=+DATA01/orcl/datafile/tbs_paic.280.1038255915
input datafile file number=00305 name=+DATA01/orcl/datafile/tbs_paic_index.286.1040128425
input datafile file number=00311 name=+DATA01/orcl/datafile/tbs_paic.292.1040472665
input datafile file number=00317 name=+DATA_ARCH/orcl/datafile/tbs_paic_arch_index.259.1040764433
input datafile file number=00323 name=+DATA01/orcl/datafile/tbs_paic.299.1041586361
input datafile file number=00329 name=+DATA_ARCH/orcl/datafile/tbs_paic_arch.264.1041634025
input datafile file number=00027 name=+DG_DATA_NEW_1/orcl/datafile/tbs_paic_clob.478.1036292547
input datafile file number=00056 name=+DG_DATA_NEW_1/orcl/datafile/tbs_paic.481.1036292677
input datafile file number=00062 name=+DG_DATA_NEW_1/orcl/datafile/tbs_paic_meta.494.1036293419
input datafile file number=00009 name=+DG_DATA_NEW_1/orcl/datafile/undotbs1.495.1036293439
input datafile file number=00082 name=+DG_DATA_NEW_1/orcl/datafile/sysaux.492.1036293339
input datafile file number=00045 name=+DG_DATA_NEW_1/orcl/datafile/sysaux.505.1036294853
channel c2: starting piece 1 at 09-JUN-20
channel c3: starting compressed incremental level 2 datafile backup set
channel c3: specifying datafile(s) in backup set
input datafile file number=00025 name=+DG_DATA_NEW_1/orcl/datafile/tbs_paic.537.1036266693
input datafile file number=00034 name=+DG_DATA_NEW_1/orcl/datafile/tbs_paic.531.1036266731
input datafile file number=00042 name=+DG_DATA_NEW_1/orcl/datafile/tbs_paic.257.1036266771
input datafile file number=00039 name=+DG_DATA_NEW_1/orcl/datafile/tbs_paic.263.1036266811
input datafile file number=00068 name=+DG_DATA_NEW_1/orcl/datafile/tbs_paic.274.1036266851
input datafile file number=00075 name=+DG_DATA_NEW_1/orcl/datafile/tbs_paic.280.1036266891
input datafile file number=00081 name=+DG_DATA_NEW_1/orcl/datafile/tbs_paic.286.1036266933
input datafile file number=00088 name=+DG_DATA_NEW_1/orcl/datafile/tbs_paic.292.1036266977
input datafile file number=00094 name=+DG_DATA_NEW_1/orcl/datafile/tbs_paic_meta.302.1036272381
input datafile file number=00100 name=+DG_DATA_NEW_1/orcl/datafile/tbs_paic.303.1036272469
input datafile file number=00106 name=+DG_DATA_NEW_1/orcl/datafile/tbs_paic_index.304.1036272537
input datafile file number=00113 name=+DG_DATA_NEW_1/orcl/datafile/tbs_paic.307.1036272815
input datafile file number=00120 name=+DG_DATA_NEW_1/orcl/datafile/tbs_paic.312.1036272899
input datafile file number=00126 name=+DG_DATA_NEW_1/orcl/datafile/tbs_paic_index.317.1036273003
input datafile file number=00133 name=+DG_DATA_NEW_1/orcl/datafile/tbs_paic.318.1036273011
input datafile file number=00139 name=+DG_DATA_NEW_1/orcl/datafile/tbs_paic.335.1036273901
input datafile file number=00145 name=+DG_DATA_NEW_1/orcl/datafile/tbs_paic.341.1036274581
input datafile file number=00151 name=+DG_DATA_NEW_1/orcl/datafile/tbs_paic.345.1036275233
input datafile file number=00157 name=+DG_DATA_NEW_1/orcl/datafile/tbs_paic.353.1036278711
input datafile file number=00163 name=+DG_DATA_NEW_1/orcl/datafile/tbs_paic.359.1036279101
input datafile file number=00169 name=+DG_DATA_NEW_1/orcl/datafile/tbs_paic.360.1036279177
input datafile file number=00175 name=+DG_DATA_NEW_1/orcl/datafile/tbs_paic.362.1036279305
input datafile file number=00181 name=+DG_DATA_NEW_1/orcl/datafile/tbs_paic.370.1036279613
input datafile file number=00187 name=+DG_DATA_NEW_1/orcl/datafile/tbs_paic.383.1036280423
input datafile file number=00194 name=+DG_DATA_NEW_1/orcl/datafile/tbs_paic.390.1036281011
input datafile file number=00200 name=+DG_DATA_NEW_1/orcl/datafile/tbs_paic.395.1036281599
input datafile file number=00207 name=+DG_DATA_NEW_1/orcl/datafile/tbs_paic.402.1036284901
input datafile file number=00213 name=+DG_DATA_NEW_1/orcl/datafile/tbs_paic.404.1036285269
input datafile file number=00219 name=+DG_DATA_NEW_1/orcl/datafile/tbs_paic.405.1036285341
input datafile file number=00226 name=+DG_DATA_NEW_1/orcl/datafile/tbs_paic.408.1036285461
input datafile file number=00232 name=+DG_DATA_NEW_1/orcl/datafile/tbs_paic.411.1036285755
input datafile file number=00238 name=+DG_DATA_NEW_1/orcl/datafile/tbs_paic.429.1036286527
input datafile file number=00244 name=+DG_DATA_NEW_1/orcl/datafile/tbs_paic.436.1036287113
input datafile file number=00250 name=+DG_DATA_NEW_1/orcl/datafile/tbs_paic_index.440.1036287653
input datafile file number=00256 name=+DG_DATA_NEW_1/orcl/datafile/tbs_paic.449.1036290861
input datafile file number=00262 name=+DG_DATA_NEW_1/orcl/datafile/tbs_paic.452.1036291241
input datafile file number=00268 name=+DG_DATA_NEW_1/orcl/datafile/tbs_paic.577.1037141117
input datafile file number=00274 name=+DG_DATA_NEW_1/orcl/datafile/tbs_paic.583.1037141881
input datafile file number=00280 name=+DATA01/orcl/datafile/tbs_paic_index.479.15867640473
input datafile file number=00286 name=+DATA01/orcl/datafile/tbs_paic.267.1038255445
input datafile file number=00292 name=+DATA01/orcl/datafile/tbs_paic.273.1038255683
input datafile file number=00298 name=+DATA01/orcl/datafile/tbs_paic.279.1038255887
input datafile file number=00304 name=+DATA01/orcl/datafile/tbs_paic_index.285.1040128323
input datafile file number=00310 name=+DATA01/orcl/datafile/tbs_paic.291.1040472641
input datafile file number=00316 name=+DATA_ARCH/orcl/datafile/tbs_paic_arch.258.1040764397
input datafile file number=00322 name=+DATA01/orcl/datafile/tbs_paic.298.1041586317
input datafile file number=00328 name=+DATA_ARCH/orcl/datafile/tbs_paic_arch.263.1041633937
input datafile file number=00334 name=+DATA01/orcl/datafile/tbs_paic.304.1042292489
input datafile file number=00050 name=+DG_DATA_NEW_1/orcl/datafile/tbs_paic.477.1036292537
input datafile file number=00055 name=+DG_DATA_NEW_1/orcl/datafile/tbs_paic.479.1036292655
input datafile file number=00061 name=+DG_DATA_NEW_1/orcl/datafile/tbs_paic_clob.482.1036292707
input datafile file number=00010 name=+DG_DATA_NEW_1/orcl/datafile/undotbs2.483.1036292807
input datafile file number=00071 name=+DG_DATA_NEW_1/orcl/datafile/tbs_paic_readonly.496.1036293551
input datafile file number=00007 name=+DG_DATA_NEW_1/orcl/datafile/system.489.1036293205
input datafile file number=00003 name=+DG_DATA_NEW_1/orcl/datafile/undotbs1.500.1036293687
input datafile file number=00224 name=+DG_DATA_NEW_1/orcl/datafile/users.499.1036293629
channel c3: starting piece 1 at 09-JUN-20
channel c4: starting compressed incremental level 2 datafile backup set
channel c4: specifying datafile(s) in backup set
input datafile file number=00028 name=+DG_DATA_NEW_1/orcl/datafile/tbs_paic.533.1036266693
input datafile file number=00036 name=+DG_DATA_NEW_1/orcl/datafile/tbs_paic_index.265.1036266733
input datafile file number=00013 name=+DG_DATA_NEW_1/orcl/datafile/tbs_paic.526.1036266773
input datafile file number=00018 name=+DG_DATA_NEW_1/orcl/datafile/tbs_paic_clob.264.1036266811
input datafile file number=00044 name=+DG_DATA_NEW_1/orcl/datafile/tbs_paic_index.273.1036266849
input datafile file number=00070 name=+DG_DATA_NEW_1/orcl/datafile/tbs_paic.279.1036266889
input datafile file number=00077 name=+DG_DATA_NEW_1/orcl/datafile/tbs_paic.285.1036266933
input datafile file number=00084 name=+DG_DATA_NEW_1/orcl/datafile/tbs_paic.290.1036266977
input datafile file number=00090 name=+DG_DATA_NEW_1/orcl/datafile/tbs_paic.298.1036271217
input datafile file number=00096 name=+DG_DATA_NEW_1/orcl/datafile/tbs_paic.305.1036272707
input datafile file number=00102 name=+DG_DATA_NEW_1/orcl/datafile/tbs_paic.309.1036272833
input datafile file number=00109 name=+DG_DATA_NEW_1/orcl/datafile/tbs_paic_index.323.1036273231
input datafile file number=00115 name=+DG_DATA_NEW_1/orcl/datafile/tbs_paic.326.1036273303
input datafile file number=00122 name=+DG_DATA_NEW_1/orcl/datafile/tbs_paic.329.1036273391
input datafile file number=00128 name=+DG_DATA_NEW_1/orcl/datafile/tbs_paic.334.1036273851
input datafile file number=00135 name=+DG_DATA_NEW_1/orcl/datafile/tbs_paic.339.1036274301
input datafile file number=00141 name=+DG_DATA_NEW_1/orcl/datafile/tbs_paic.349.1036277499
input datafile file number=00147 name=+DG_DATA_NEW_1/orcl/datafile/tbs_paic.355.1036278863
input datafile file number=00153 name=+DG_DATA_NEW_1/orcl/datafile/tbs_paic.357.1036279027
input datafile file number=00159 name=+DG_DATA_NEW_1/orcl/datafile/tbs_paic.372.1036279703
input datafile file number=00165 name=+DG_DATA_NEW_1/orcl/datafile/tbs_paic_index.376.1036279889
input datafile file number=00171 name=+DG_DATA_NEW_1/orcl/datafile/tbs_paic.377.1036279949
input datafile file number=00177 name=+DG_DATA_NEW_1/orcl/datafile/tbs_paic.385.1036280465
input datafile file number=00183 name=+DG_DATA_NEW_1/orcl/datafile/tbs_paic.388.1036280919
input datafile file number=00189 name=+DG_DATA_NEW_1/orcl/datafile/tbs_paic_index.399.1036284071
input datafile file number=00196 name=+DG_DATA_NEW_1/orcl/datafile/tbs_paic_index.406.1036285351
input datafile file number=00203 name=+DG_DATA_NEW_1/orcl/datafile/tbs_paic.409.1036285503
input datafile file number=00209 name=+DG_DATA_NEW_1/orcl/datafile/tbs_paic.421.1036286139
input datafile file number=00215 name=+DG_DATA_NEW_1/orcl/datafile/tbs_paic.425.1036286323
input datafile file number=00221 name=+DG_DATA_NEW_1/orcl/datafile/tbs_paic.426.1036286373
input datafile file number=00228 name=+DG_DATA_NEW_1/orcl/datafile/tbs_paic.433.1036286863
input datafile file number=00234 name=+DG_DATA_NEW_1/orcl/datafile/tbs_paic.437.1036287281
input datafile file number=00240 name=+DG_DATA_NEW_1/orcl/datafile/tbs_paic.448.1036290235
input datafile file number=00246 name=+DG_DATA_NEW_1/orcl/datafile/tbs_paic.456.1036291483
input datafile file number=00252 name=+DG_DATA_NEW_1/orcl/datafile/tbs_paic_index.458.1036291633
input datafile file number=00258 name=+DG_DATA_NEW_1/orcl/datafile/tbs_paic.472.1036292237
input datafile file number=00264 name=+DG_DATA_NEW_1/orcl/datafile/tbs_paic_index.473.1036292409
input datafile file number=00270 name=+DG_DATA_NEW_1/orcl/datafile/tbs_paic.579.1037141773
input datafile file number=00276 name=+DATA01/orcl/datafile/tbs_paic.479.15867640472
input datafile file number=00282 name=+DATA01/orcl/datafile/tbs_paic.263.1038245653
input datafile file number=00288 name=+DATA01/orcl/datafile/tbs_paic.269.1038255553
input datafile file number=00294 name=+DATA01/orcl/datafile/tbs_paic.275.1038255767
input datafile file number=00300 name=+DATA01/orcl/datafile/tbs_paic.281.1038255943
input datafile file number=00306 name=+DATA01/orcl/datafile/tbs_paic.287.1040472383
input datafile file number=00312 name=+DATA01/orcl/datafile/tbs_paic.293.1040472707
input datafile file number=00318 name=+DATA_ARCH/orcl/datafile/tbs_paic_arch_index.260.1040764457
input datafile file number=00324 name=+DATA01/orcl/datafile/tbs_paic.300.1041586449
input datafile file number=00330 name=+DATA_ARCH/orcl/datafile/tbs_paic_arch.265.1041634077
input datafile file number=00046 name=+DG_DATA_NEW_1/orcl/datafile/tbs_paic.471.1036292225
input datafile file number=00051 name=+DG_DATA_NEW_1/orcl/datafile/tbs_paic.455.1036291447
input datafile file number=00057 name=+DG_DATA_NEW_1/orcl/datafile/tbs_paic.457.1036291539
input datafile file number=00063 name=+DG_DATA_NEW_1/orcl/datafile/tbs_paic_index.461.1036291863
input datafile file number=00129 name=+DG_DATA_NEW_1/orcl/datafile/tbs_paic_readonly.480.1036292657
input datafile file number=00002 name=+DG_DATA_NEW_1/orcl/datafile/sysaux.493.1036293399
input datafile file number=00022 name=+DG_DATA_NEW_1/orcl/datafile/undotbs3.501.1036293761
input datafile file number=00201 name=+DG_DATA_NEW_1/orcl/datafile/users.502.1036293825
channel c4: starting piece 1 at 09-JUN-20
channel c5: starting compressed incremental level 2 datafile backup set
channel c5: specifying datafile(s) in backup set
input datafile file number=00030 name=+DG_DATA_NEW_1/orcl/datafile/tbs_paic.534.1036266693
input datafile file number=00038 name=+DG_DATA_NEW_1/orcl/datafile/tbs_paic.266.1036266733
input datafile file number=00015 name=+DG_DATA_NEW_1/orcl/datafile/tbs_paic.527.1036266773
input datafile file number=00032 name=+DG_DATA_NEW_1/orcl/datafile/tbs_paic.269.1036266813
input datafile file number=00066 name=+DG_DATA_NEW_1/orcl/datafile/tbs_paic.275.1036266851
input datafile file number=00073 name=+DG_DATA_NEW_1/orcl/datafile/tbs_paic_clob.281.1036266891
input datafile file number=00079 name=+DG_DATA_NEW_1/orcl/datafile/tbs_paic_index.287.1036266935
input datafile file number=00086 name=+DG_DATA_NEW_1/orcl/datafile/tbs_paic_clob.293.1036266979
input datafile file number=00092 name=+DG_DATA_NEW_1/orcl/datafile/tbs_paic.300.1036271525
input datafile file number=00098 name=+DG_DATA_NEW_1/orcl/datafile/tbs_paic.311.1036272869
input datafile file number=00104 name=+DG_DATA_NEW_1/orcl/datafile/tbs_paic.313.1036272907
input datafile file number=00111 name=+DG_DATA_NEW_1/orcl/datafile/tbs_paic_clob.320.1036273041
input datafile file number=00117 name=+DG_DATA_NEW_1/orcl/datafile/tbs_paic.324.1036273233
input datafile file number=00124 name=+DG_DATA_NEW_1/orcl/datafile/tbs_paic.330.1036273433
input datafile file number=00131 name=+DG_DATA_NEW_1/orcl/datafile/tbs_paic.332.1036273703
input datafile file number=00137 name=+DG_DATA_NEW_1/orcl/datafile/tbs_paic_clob.337.1036274109
input datafile file number=00143 name=+DG_DATA_NEW_1/orcl/datafile/tbs_paic_index.351.1036277953
input datafile file number=00149 name=+DG_DATA_NEW_1/orcl/datafile/tbs_paic_index.356.1036278957
input datafile file number=00155 name=+DG_DATA_NEW_1/orcl/datafile/tbs_paic.363.1036279325
input datafile file number=00161 name=+DG_DATA_NEW_1/orcl/datafile/tbs_paic.366.1036279489
input datafile file number=00167 name=+DG_DATA_NEW_1/orcl/datafile/tbs_paic.368.1036279553
input datafile file number=00173 name=+DG_DATA_NEW_1/orcl/datafile/tbs_paic.375.1036279831
input datafile file number=00179 name=+DG_DATA_NEW_1/orcl/datafile/tbs_paic.379.1036280051
input datafile file number=00185 name=+DG_DATA_NEW_1/orcl/datafile/tbs_paic.382.1036280227
input datafile file number=00192 name=+DG_DATA_NEW_1/orcl/datafile/tbs_paic.386.1036280491
input datafile file number=00198 name=+DG_DATA_NEW_1/orcl/datafile/tbs_paic.410.1036285511
input datafile file number=00205 name=+DG_DATA_NEW_1/orcl/datafile/tbs_paic.413.1036285821
input datafile file number=00211 name=+DG_DATA_NEW_1/orcl/datafile/tbs_paic_index.417.1036285969
input datafile file number=00217 name=+DG_DATA_NEW_1/orcl/datafile/tbs_paic.418.1036286031
input datafile file number=00223 name=+DG_DATA_NEW_1/orcl/datafile/tbs_paic.423.1036286251
input datafile file number=00230 name=+DG_DATA_NEW_1/orcl/datafile/tbs_paic.427.1036286439
input datafile file number=00236 name=+DG_DATA_NEW_1/orcl/datafile/tbs_paic.430.1036286611
input datafile file number=00242 name=+DG_DATA_NEW_1/orcl/datafile/tbs_paic.434.1036286873
input datafile file number=00248 name=+DG_DATA_NEW_1/orcl/datafile/tbs_paic.459.1036291659
input datafile file number=00254 name=+DG_DATA_NEW_1/orcl/datafile/tbs_paic_clob.465.1036291981
input datafile file number=00260 name=+DG_DATA_NEW_1/orcl/datafile/tbs_paic.469.1036292155
input datafile file number=00266 name=+DG_DATA_NEW_1/orcl/datafile/tbs_paic.575.1037141075
input datafile file number=00272 name=+DG_DATA_NEW_1/orcl/datafile/tbs_paic.581.1037141815
input datafile file number=00278 name=+DATA01/orcl/datafile/tbs_paic_index.479.15867640471
input datafile file number=00284 name=+DATA01/orcl/datafile/tbs_paic.265.1038255385
input datafile file number=00290 name=+DATA01/orcl/datafile/tbs_paic.271.1038255621
input datafile file number=00296 name=+DATA01/orcl/datafile/tbs_paic.277.1038255831
input datafile file number=00302 name=+DATA01/orcl/datafile/tbs_paic.283.1038256085
input datafile file number=00308 name=+DATA01/orcl/datafile/tbs_paic_index.289.1040472543
input datafile file number=00314 name=+DATA_ARCH/orcl/datafile/tbs_paic_arch.256.1040764309
input datafile file number=00320 name=+DATA01/orcl/datafile/tbs_paic.296.1041586229
input datafile file number=00326 name=+DATA_ARCH/orcl/datafile/tbs_paic_arch.261.1041633785
input datafile file number=00332 name=+DATA01/orcl/datafile/tbs_paic.302.1042292221
input datafile file number=00048 name=+DG_DATA_NEW_1/orcl/datafile/tbs_paic.453.1036291317
input datafile file number=00053 name=+DG_DATA_NEW_1/orcl/datafile/tbs_paic.462.1036291871
input datafile file number=00059 name=+DG_DATA_NEW_1/orcl/datafile/tbs_paic.463.1036291945
input datafile file number=00107 name=+DG_DATA_NEW_1/orcl/datafile/tbs_paic_readonly.467.1036292051
input datafile file number=00024 name=+DG_DATA_NEW_1/orcl/datafile/undotbs3.486.1036293003
input datafile file number=00023 name=+DG_DATA_NEW_1/orcl/datafile/undotbs3.488.1036293051
input datafile file number=00001 name=+DG_DATA_NEW_1/orcl/datafile/system.503.1036294401
input datafile file number=00191 name=+DG_DATA_NEW_1/orcl/datafile/users.558.1036295355
channel c5: starting piece 1 at 09-JUN-20
channel c6: starting compressed incremental level 2 datafile backup set
channel c6: specifying datafile(s) in backup set
input datafile file number=00031 name=+DG_DATA_NEW_1/orcl/datafile/tbs_paic_index.536.1036266693
input datafile file number=00041 name=+DG_DATA_NEW_1/orcl/datafile/tbs_paic.530.1036266731
input datafile file number=00016 name=+DG_DATA_NEW_1/orcl/datafile/tbs_paic.528.1036266771
input datafile file number=00033 name=+DG_DATA_NEW_1/orcl/datafile/tbs_paic_clob.261.1036266809
input datafile file number=00067 name=+DG_DATA_NEW_1/orcl/datafile/tbs_paic_clob.271.1036266849
input datafile file number=00074 name=+DG_DATA_NEW_1/orcl/datafile/tbs_paic.277.1036266889
input datafile file number=00080 name=+DG_DATA_NEW_1/orcl/datafile/tbs_paic_clob.283.1036266931
input datafile file number=00087 name=+DG_DATA_NEW_1/orcl/datafile/tbs_paic_index.289.1036266975
input datafile file number=00093 name=+DG_DATA_NEW_1/orcl/datafile/tbs_paic_clob.301.1036271889
input datafile file number=00099 name=+DG_DATA_NEW_1/orcl/datafile/tbs_paic.327.1036273309
input datafile file number=00105 name=+DG_DATA_NEW_1/orcl/datafile/tbs_paic.331.1036273653
input datafile file number=00112 name=+DG_DATA_NEW_1/orcl/datafile/tbs_paic_clob.336.1036273923
input datafile file number=00118 name=+DG_DATA_NEW_1/orcl/datafile/tbs_paic.338.1036274249
input datafile file number=00125 name=+DG_DATA_NEW_1/orcl/datafile/tbs_paic_index.340.1036274317
input datafile file number=00132 name=+DG_DATA_NEW_1/orcl/datafile/tbs_paic.342.1036274795
input datafile file number=00138 name=+DG_DATA_NEW_1/orcl/datafile/tbs_paic.343.1036274807
input datafile file number=00144 name=+DG_DATA_NEW_1/orcl/datafile/tbs_paic.350.1036277721
input datafile file number=00150 name=+DG_DATA_NEW_1/orcl/datafile/tbs_paic.354.1036278763
input datafile file number=00156 name=+DG_DATA_NEW_1/orcl/datafile/tbs_paic_index.369.1036279587
input datafile file number=00162 name=+DG_DATA_NEW_1/orcl/datafile/tbs_paic_index.381.1036280167
input datafile file number=00168 name=+DG_DATA_NEW_1/orcl/datafile/tbs_paic.384.1036280443
input datafile file number=00174 name=+DG_DATA_NEW_1/orcl/datafile/tbs_paic.389.1036280935
input datafile file number=00180 name=+DG_DATA_NEW_1/orcl/datafile/tbs_paic.391.1036281167
input datafile file number=00186 name=+DG_DATA_NEW_1/orcl/datafile/tbs_paic.392.1036281413
input datafile file number=00193 name=+DG_DATA_NEW_1/orcl/datafile/tbs_paic.393.1036281425
input datafile file number=00199 name=+DG_DATA_NEW_1/orcl/datafile/tbs_paic.400.1036284233
input datafile file number=00206 name=+DG_DATA_NEW_1/orcl/datafile/tbs_paic.403.1036285253
input datafile file number=00212 name=+DG_DATA_NEW_1/orcl/datafile/tbs_paic.420.1036286073
input datafile file number=00218 name=+DG_DATA_NEW_1/orcl/datafile/tbs_paic.431.1036286613
input datafile file number=00225 name=+DG_DATA_NEW_1/orcl/datafile/tbs_paic.438.1036287307
input datafile file number=00231 name=+DG_DATA_NEW_1/orcl/datafile/tbs_paic.439.1036287473
input datafile file number=00237 name=+DG_DATA_NEW_1/orcl/datafile/tbs_paic.441.1036287689
input datafile file number=00243 name=+DG_DATA_NEW_1/orcl/datafile/tbs_paic.442.1036287701
input datafile file number=00249 name=+DG_DATA_NEW_1/orcl/datafile/tbs_paic.447.1036290235
input datafile file number=00255 name=+DG_DATA_NEW_1/orcl/datafile/sysaux.451.1036291199
input datafile file number=00261 name=+DG_DATA_NEW_1/orcl/datafile/tbs_paic.464.1036291949
input datafile file number=00267 name=+DG_DATA_NEW_1/orcl/datafile/tbs_paic.576.1037141097
input datafile file number=00273 name=+DG_DATA_NEW_1/orcl/datafile/tbs_paic.582.1037141861
input datafile file number=00279 name=+DATA01/orcl/datafile/tbs_paic_index.479.15867640472
input datafile file number=00285 name=+DATA01/orcl/datafile/tbs_paic.266.1038255423
input datafile file number=00291 name=+DATA01/orcl/datafile/tbs_paic.272.1038255659
input datafile file number=00297 name=+DATA01/orcl/datafile/tbs_paic.278.1038255861
input datafile file number=00303 name=+DATA01/orcl/datafile/tbs_paic.284.1038256107
input datafile file number=00309 name=+DATA01/orcl/datafile/tbs_paic.290.1040472577
input datafile file number=00315 name=+DATA_ARCH/orcl/datafile/tbs_paic_arch.257.1040764365
input datafile file number=00321 name=+DATA01/orcl/datafile/tbs_paic.297.1041586291
input datafile file number=00327 name=+DATA_ARCH/orcl/datafile/tbs_paic_arch.262.1041633873
input datafile file number=00333 name=+DATA01/orcl/datafile/tbs_paic.303.1042292393
input datafile file number=00049 name=+DG_DATA_NEW_1/orcl/datafile/tbs_paic.476.1036292481
input datafile file number=00054 name=+DG_DATA_NEW_1/orcl/datafile/tbs_paic.474.1036292461
input datafile file number=00060 name=+DG_DATA_NEW_1/orcl/datafile/tbs_paic_clob.485.1036292979
input datafile file number=00019 name=+DG_DATA_NEW_1/orcl/datafile/tbs_paic.491.1036293289
input datafile file number=00021 name=+DG_DATA_NEW_1/orcl/datafile/tbs_paic_readonly.475.1036292463
input datafile file number=00006 name=+DG_DATA_NEW_1/orcl/datafile/users.556.1036295343
input datafile file number=00043 name=+DG_DATA_NEW_1/orcl/datafile/users.557.1036295353
input datafile file number=00119 name=+DG_DATA_NEW_1/orcl/datafile/users.504.1036294599
channel c6: starting piece 1 at 09-JUN-20
channel c6: finished piece 1 at 09-JUN-20
piece handle=/dbbackup/paic/Tuesday_dt_inc2_nqv29950_20200609 tag=TAG20200609T000016 comment=NONE
channel c6: backup set complete, elapsed time: 00:54:56
channel c6: starting compressed incremental level 2 datafile backup set
channel c6: specifying datafile(s) in backup set
including current control file in backup set
channel c6: starting piece 1 at 09-JUN-20
channel c6: finished piece 1 at 09-JUN-20
piece handle=/dbbackup/paic/Tuesday_dt_inc2_nrv29cc7_20200609 tag=TAG20200609T000016 comment=NONE
channel c6: backup set complete, elapsed time: 00:00:01
channel c1: finished piece 1 at 09-JUN-20
piece handle=/dbbackup/paic/Tuesday_dt_inc2_nlv2994k_20200609 tag=TAG20200609T000016 comment=NONE
channel c1: backup set complete, elapsed time: 00:55:50
channel c5: finished piece 1 at 09-JUN-20
piece handle=/dbbackup/paic/Tuesday_dt_inc2_npv2994s_20200609 tag=TAG20200609T000016 comment=NONE
channel c5: backup set complete, elapsed time: 00:56:09
channel c2: finished piece 1 at 09-JUN-20
piece handle=/dbbackup/paic/Tuesday_dt_inc2_nmv2994l_20200609 tag=TAG20200609T000016 comment=NONE
channel c2: backup set complete, elapsed time: 00:56:29
channel c4: finished piece 1 at 09-JUN-20
piece handle=/dbbackup/paic/Tuesday_dt_inc2_nov2994o_20200609 tag=TAG20200609T000016 comment=NONE
channel c4: backup set complete, elapsed time: 00:56:34
channel c3: finished piece 1 at 09-JUN-20
piece handle=/dbbackup/paic/Tuesday_dt_inc2_nnv2994m_20200609 tag=TAG20200609T000016 comment=NONE
channel c3: backup set complete, elapsed time: 00:56:57
Finished backup at 09-JUN-20

Starting backup at 09-JUN-20
channel c1: starting full datafile backup set
channel c1: specifying datafile(s) in backup set
including current control file in backup set
channel c1: starting piece 1 at 09-JUN-20
channel c1: finished piece 1 at 09-JUN-20
piece handle=/dbbackup/paic/Tuesday_ctf_nsv29cfi_20200609 tag=TAG20200609T005722 comment=NONE
channel c1: backup set complete, elapsed time: 00:00:01
Finished backup at 09-JUN-20

Starting backup at 09-JUN-20
current log archived
skipping archived logs of thread 1 from sequence 5536 to 5681; already backed up
skipping archived logs of thread 2 from sequence 5598 to 6027; already backed up
channel c1: starting compressed archived log backup set
channel c1: specifying archived log(s) in backup set
input archived log thread=2 sequence=6028 RECID=198668 STAMP=1042531806
input archived log thread=1 sequence=5682 RECID=198671 STAMP=1042534553
input archived log thread=2 sequence=6029 RECID=198669 STAMP=1042533630
input archived log thread=2 sequence=6030 RECID=198670 STAMP=1042534551
input archived log thread=2 sequence=6031 RECID=198672 STAMP=1042535232
input archived log thread=1 sequence=5683 RECID=198675 STAMP=1042536287
input archived log thread=2 sequence=6032 RECID=198673 STAMP=1042535781
input archived log thread=2 sequence=6033 RECID=198674 STAMP=1042536285
input archived log thread=2 sequence=6034 RECID=198676 STAMP=1042536765
input archived log thread=1 sequence=5684 RECID=198679 STAMP=1042537679
input archived log thread=2 sequence=6035 RECID=198677 STAMP=1042537224
input archived log thread=2 sequence=6036 RECID=198678 STAMP=1042537677
input archived log thread=2 sequence=6037 RECID=198680 STAMP=1042538118
input archived log thread=1 sequence=5685 RECID=198683 STAMP=1042538978
input archived log thread=2 sequence=6038 RECID=198681 STAMP=1042538544
input archived log thread=2 sequence=6039 RECID=198682 STAMP=1042538976
input archived log thread=2 sequence=6040 RECID=198684 STAMP=1042539372
input archived log thread=1 sequence=5686 RECID=198687 STAMP=1042540205
input archived log thread=2 sequence=6041 RECID=198685 STAMP=1042539795
input archived log thread=2 sequence=6042 RECID=198686 STAMP=1042540203
input archived log thread=2 sequence=6043 RECID=198688 STAMP=1042540587
input archived log thread=1 sequence=5687 RECID=198691 STAMP=1042541354
input archived log thread=2 sequence=6044 RECID=198689 STAMP=1042540974
input archived log thread=2 sequence=6045 RECID=198690 STAMP=1042541352
channel c1: starting piece 1 at 09-JUN-20
channel c2: starting compressed archived log backup set
channel c2: specifying archived log(s) in backup set
input archived log thread=2 sequence=6046 RECID=198692 STAMP=1042541766
input archived log thread=1 sequence=5688 RECID=198695 STAMP=1042542494
input archived log thread=2 sequence=6047 RECID=198693 STAMP=1042542138
input archived log thread=2 sequence=6048 RECID=198694 STAMP=1042542492
input archived log thread=2 sequence=6049 RECID=198696 STAMP=1042542858
input archived log thread=1 sequence=5689 RECID=198699 STAMP=1042543631
input archived log thread=2 sequence=6050 RECID=198697 STAMP=1042543257
input archived log thread=2 sequence=6051 RECID=198698 STAMP=1042543629
input archived log thread=2 sequence=6052 RECID=198700 STAMP=1042544013
input archived log thread=1 sequence=5690 RECID=198703 STAMP=1042544843
input archived log thread=2 sequence=6053 RECID=198701 STAMP=1042544418
input archived log thread=2 sequence=6054 RECID=198702 STAMP=1042544841
input archived log thread=2 sequence=6055 RECID=198704 STAMP=1042545270
input archived log thread=1 sequence=5691 RECID=198707 STAMP=1042546238
input archived log thread=2 sequence=6056 RECID=198705 STAMP=1042545708
input archived log thread=2 sequence=6057 RECID=198706 STAMP=1042546236
input archived log thread=2 sequence=6058 RECID=198708 STAMP=1042546914
input archived log thread=1 sequence=5692 RECID=198711 STAMP=1042548572
input archived log thread=2 sequence=6059 RECID=198709 STAMP=1042547727
input archived log thread=2 sequence=6060 RECID=198710 STAMP=1042548570
input archived log thread=2 sequence=6061 RECID=198712 STAMP=1042549353
input archived log thread=1 sequence=5693 RECID=198715 STAMP=1042550744
input archived log thread=2 sequence=6062 RECID=198713 STAMP=1042550019
input archived log thread=2 sequence=6063 RECID=198714 STAMP=1042550742
channel c2: starting piece 1 at 09-JUN-20
channel c3: starting compressed archived log backup set
channel c3: specifying archived log(s) in backup set
input archived log thread=2 sequence=6064 RECID=198716 STAMP=1042551453
input archived log thread=1 sequence=5694 RECID=198719 STAMP=1042552643
input archived log thread=2 sequence=6065 RECID=198717 STAMP=1042552062
input archived log thread=2 sequence=6066 RECID=198718 STAMP=1042552641
input archived log thread=2 sequence=6067 RECID=198720 STAMP=1042553154
input archived log thread=1 sequence=5695 RECID=198723 STAMP=1042554026
input archived log thread=2 sequence=6068 RECID=198721 STAMP=1042553628
input archived log thread=2 sequence=6069 RECID=198722 STAMP=1042554024
input archived log thread=2 sequence=6070 RECID=198724 STAMP=1042554408
input archived log thread=1 sequence=5696 RECID=198727 STAMP=1042555208
input archived log thread=2 sequence=6071 RECID=198725 STAMP=1042554805
input archived log thread=2 sequence=6072 RECID=198726 STAMP=1042555207
input archived log thread=2 sequence=6073 RECID=198728 STAMP=1042555603
input archived log thread=1 sequence=5697 RECID=198731 STAMP=1042556381
input archived log thread=2 sequence=6074 RECID=198729 STAMP=1042555978
input archived log thread=2 sequence=6075 RECID=198730 STAMP=1042556380
input archived log thread=2 sequence=6076 RECID=198732 STAMP=1042556746
input archived log thread=1 sequence=5698 RECID=198735 STAMP=1042557566
input archived log thread=2 sequence=6077 RECID=198733 STAMP=1042557163
input archived log thread=2 sequence=6078 RECID=198734 STAMP=1042557565
input archived log thread=2 sequence=6079 RECID=198736 STAMP=1042557955
input archived log thread=1 sequence=5699 RECID=198739 STAMP=1042558715
input archived log thread=2 sequence=6080 RECID=198737 STAMP=1042558342
input archived log thread=2 sequence=6081 RECID=198738 STAMP=1042558714
channel c3: starting piece 1 at 09-JUN-20
channel c4: starting compressed archived log backup set
channel c4: specifying archived log(s) in backup set
input archived log thread=2 sequence=6082 RECID=198740 STAMP=1042559086
input archived log thread=1 sequence=5700 RECID=198743 STAMP=1042559891
input archived log thread=2 sequence=6083 RECID=198741 STAMP=1042559488
input archived log thread=2 sequence=6084 RECID=198742 STAMP=1042559890
input archived log thread=2 sequence=6085 RECID=198744 STAMP=1042560271
input archived log thread=1 sequence=5701 RECID=198747 STAMP=1042561055
input archived log thread=2 sequence=6086 RECID=198745 STAMP=1042560640
input archived log thread=2 sequence=6087 RECID=198746 STAMP=1042561054
input archived log thread=2 sequence=6088 RECID=198748 STAMP=1042561453
input archived log thread=1 sequence=5702 RECID=198751 STAMP=1042562150
input archived log thread=2 sequence=6089 RECID=198749 STAMP=1042561795
input archived log thread=2 sequence=6090 RECID=198750 STAMP=1042562149
input archived log thread=2 sequence=6091 RECID=198752 STAMP=1042562539
input archived log thread=1 sequence=5703 RECID=198755 STAMP=1042563290
input archived log thread=2 sequence=6092 RECID=198753 STAMP=1042562902
input archived log thread=2 sequence=6093 RECID=198754 STAMP=1042563289
input archived log thread=2 sequence=6094 RECID=198756 STAMP=1042563655
input archived log thread=1 sequence=5704 RECID=198759 STAMP=1042564404
input archived log thread=2 sequence=6095 RECID=198757 STAMP=1042564042
input archived log thread=2 sequence=6096 RECID=198758 STAMP=1042564402
input archived log thread=2 sequence=6097 RECID=198760 STAMP=1042564780
input archived log thread=1 sequence=5705 RECID=198763 STAMP=1042565474
input archived log thread=2 sequence=6098 RECID=198761 STAMP=1042565128
input archived log thread=2 sequence=6099 RECID=198762 STAMP=1042565473
channel c4: starting piece 1 at 09-JUN-20
channel c5: starting compressed archived log backup set
channel c5: specifying archived log(s) in backup set
input archived log thread=2 sequence=6100 RECID=198764 STAMP=1042565821
input archived log thread=1 sequence=5706 RECID=198767 STAMP=1042566519
input archived log thread=2 sequence=6101 RECID=198765 STAMP=1042566173
input archived log thread=2 sequence=6102 RECID=198766 STAMP=1042566518
input archived log thread=2 sequence=6103 RECID=198768 STAMP=1042566878
input archived log thread=1 sequence=5707 RECID=198771 STAMP=1042567620
input archived log thread=2 sequence=6104 RECID=198769 STAMP=1042567247
input archived log thread=2 sequence=6105 RECID=198770 STAMP=1042567619
input archived log thread=2 sequence=6106 RECID=198772 STAMP=1042568039
input archived log thread=1 sequence=5708 RECID=198775 STAMP=1042568976
input archived log thread=2 sequence=6107 RECID=198773 STAMP=1042568498
input archived log thread=2 sequence=6108 RECID=198774 STAMP=1042568975
input archived log thread=2 sequence=6109 RECID=198776 STAMP=1042569410
input archived log thread=1 sequence=5709 RECID=198779 STAMP=1042570479
input archived log thread=2 sequence=6110 RECID=198777 STAMP=1042569926
input archived log thread=2 sequence=6111 RECID=198778 STAMP=1042570478
input archived log thread=2 sequence=6112 RECID=198780 STAMP=1042570988
input archived log thread=1 sequence=5710 RECID=198783 STAMP=1042572231
input archived log thread=2 sequence=6113 RECID=198781 STAMP=1042571603
input archived log thread=2 sequence=6114 RECID=198782 STAMP=1042572230
input archived log thread=2 sequence=6115 RECID=198784 STAMP=1042572992
input archived log thread=1 sequence=5711 RECID=198787 STAMP=1042574457
input archived log thread=2 sequence=6116 RECID=198785 STAMP=1042573706
input archived log thread=2 sequence=6117 RECID=198786 STAMP=1042574456
channel c5: starting piece 1 at 09-JUN-20
channel c6: starting compressed archived log backup set
channel c6: specifying archived log(s) in backup set
input archived log thread=2 sequence=6118 RECID=198788 STAMP=1042575302
input archived log thread=1 sequence=5712 RECID=198791 STAMP=1042576959
input archived log thread=2 sequence=6119 RECID=198789 STAMP=1042576112
input archived log thread=2 sequence=6120 RECID=198790 STAMP=1042576958
input archived log thread=2 sequence=6121 RECID=198792 STAMP=1042577888
input archived log thread=1 sequence=5713 RECID=198795 STAMP=1042579881
input archived log thread=2 sequence=6122 RECID=198793 STAMP=1042578905
input archived log thread=2 sequence=6123 RECID=198794 STAMP=1042579880
input archived log thread=2 sequence=6124 RECID=198796 STAMP=1042580882
input archived log thread=1 sequence=5714 RECID=198799 STAMP=1042583163
input archived log thread=2 sequence=6125 RECID=198797 STAMP=1042581980
input archived log thread=2 sequence=6126 RECID=198798 STAMP=1042583162
input archived log thread=2 sequence=6127 RECID=198800 STAMP=1042584491
input archived log thread=1 sequence=5715 RECID=198803 STAMP=1042587996
input archived log thread=2 sequence=6128 RECID=198801 STAMP=1042586132
input archived log thread=2 sequence=6129 RECID=198802 STAMP=1042587995
input archived log thread=2 sequence=6130 RECID=198804 STAMP=1042591948
input archived log thread=1 sequence=5716 RECID=198806 STAMP=1042592247
input archived log thread=2 sequence=6131 RECID=198805 STAMP=1042592244
channel c6: starting piece 1 at 09-JUN-20
channel c6: finished piece 1 at 09-JUN-20
piece handle=/dbbackup/paic/Tuesday_arch_o2v29cfu_20200609 tag=TAG20200609T005732 comment=NONE
channel c6: backup set complete, elapsed time: 00:02:25
channel c1: finished piece 1 at 09-JUN-20
piece handle=/dbbackup/paic/Tuesday_arch_ntv29cft_20200609 tag=TAG20200609T005732 comment=NONE
channel c1: backup set complete, elapsed time: 00:03:06
channel c5: finished piece 1 at 09-JUN-20
piece handle=/dbbackup/paic/Tuesday_arch_o1v29cfu_20200609 tag=TAG20200609T005732 comment=NONE
channel c5: backup set complete, elapsed time: 00:03:05
channel c2: finished piece 1 at 09-JUN-20
piece handle=/dbbackup/paic/Tuesday_arch_nuv29cft_20200609 tag=TAG20200609T005732 comment=NONE
channel c2: backup set complete, elapsed time: 00:03:15
channel c3: finished piece 1 at 09-JUN-20
piece handle=/dbbackup/paic/Tuesday_arch_nvv29cfu_20200609 tag=TAG20200609T005732 comment=NONE
channel c3: backup set complete, elapsed time: 00:03:15
channel c4: finished piece 1 at 09-JUN-20
piece handle=/dbbackup/paic/Tuesday_arch_o0v29cfu_20200609 tag=TAG20200609T005732 comment=NONE
channel c4: backup set complete, elapsed time: 00:03:15
Finished backup at 09-JUN-20

Starting Control File and SPFILE Autobackup at 09-JUN-20
piece handle=/app/oracle/product/11.2.0/oracle/dbs/c-1492966431-20200609-00 comment=NONE
Finished Control File and SPFILE Autobackup at 09-JUN-20


released channel: c1

released channel: c2

released channel: c3

released channel: c4

released channel: c5

released channel: c6

RMAN> 

Recovery Manager complete.
Last login: Tue Jun  9 00:00:01 CST 2020
