
Recovery Manager: Release 11.2.0.4.0 - Production on Sun May 31 00:00:01 2020

Copyright (c) 1982, 2011, Oracle and/or its affiliates.  All rights reserved.

connected to target database: ORCL (DBID=1492966431)

RMAN> 2> 3> 4> 5> 6> 7> 8> 9> 10> 11> 12> 13> 14> 15> 16> 17> 18> 19> 
using target database control file instead of recovery catalog
allocated channel: c1
channel c1: SID=1028 instance=orcl2 device type=DISK

allocated channel: c2
channel c2: SID=1084 instance=orcl2 device type=DISK

allocated channel: c3
channel c3: SID=1274 instance=orcl2 device type=DISK

allocated channel: c4
channel c4: SID=1332 instance=orcl2 device type=DISK

allocated channel: c5
channel c5: SID=119 instance=orcl2 device type=DISK

allocated channel: c6
channel c6: SID=649 instance=orcl2 device type=DISK

Starting backup at 31-MAY-20
channel c1: starting compressed incremental level 2 datafile backup set
channel c1: specifying datafile(s) in backup set
input datafile file number=00025 name=+DG_DATA_NEW_1/orcl/datafile/tbs_paic.537.1036266693
input datafile file number=00034 name=+DG_DATA_NEW_1/orcl/datafile/tbs_paic.531.1036266731
input datafile file number=00042 name=+DG_DATA_NEW_1/orcl/datafile/tbs_paic.257.1036266771
input datafile file number=00039 name=+DG_DATA_NEW_1/orcl/datafile/tbs_paic.263.1036266811
input datafile file number=00068 name=+DG_DATA_NEW_1/orcl/datafile/tbs_paic.274.1036266851
input datafile file number=00075 name=+DG_DATA_NEW_1/orcl/datafile/tbs_paic.280.1036266891
input datafile file number=00081 name=+DG_DATA_NEW_1/orcl/datafile/tbs_paic.286.1036266933
input datafile file number=00088 name=+DG_DATA_NEW_1/orcl/datafile/tbs_paic.292.1036266977
input datafile file number=00094 name=+DG_DATA_NEW_1/orcl/datafile/tbs_paic_meta.302.1036272381
input datafile file number=00100 name=+DG_DATA_NEW_1/orcl/datafile/tbs_paic.303.1036272469
input datafile file number=00106 name=+DG_DATA_NEW_1/orcl/datafile/tbs_paic_index.304.1036272537
input datafile file number=00113 name=+DG_DATA_NEW_1/orcl/datafile/tbs_paic.307.1036272815
input datafile file number=00120 name=+DG_DATA_NEW_1/orcl/datafile/tbs_paic.312.1036272899
input datafile file number=00126 name=+DG_DATA_NEW_1/orcl/datafile/tbs_paic_index.317.1036273003
input datafile file number=00133 name=+DG_DATA_NEW_1/orcl/datafile/tbs_paic.318.1036273011
input datafile file number=00139 name=+DG_DATA_NEW_1/orcl/datafile/tbs_paic.335.1036273901
input datafile file number=00145 name=+DG_DATA_NEW_1/orcl/datafile/tbs_paic.341.1036274581
input datafile file number=00151 name=+DG_DATA_NEW_1/orcl/datafile/tbs_paic.345.1036275233
input datafile file number=00157 name=+DG_DATA_NEW_1/orcl/datafile/tbs_paic.353.1036278711
input datafile file number=00163 name=+DG_DATA_NEW_1/orcl/datafile/tbs_paic.359.1036279101
input datafile file number=00169 name=+DG_DATA_NEW_1/orcl/datafile/tbs_paic.360.1036279177
input datafile file number=00175 name=+DG_DATA_NEW_1/orcl/datafile/tbs_paic.362.1036279305
input datafile file number=00181 name=+DG_DATA_NEW_1/orcl/datafile/tbs_paic.370.1036279613
input datafile file number=00187 name=+DG_DATA_NEW_1/orcl/datafile/tbs_paic.383.1036280423
input datafile file number=00194 name=+DG_DATA_NEW_1/orcl/datafile/tbs_paic.390.1036281011
input datafile file number=00200 name=+DG_DATA_NEW_1/orcl/datafile/tbs_paic.395.1036281599
input datafile file number=00207 name=+DG_DATA_NEW_1/orcl/datafile/tbs_paic.402.1036284901
input datafile file number=00213 name=+DG_DATA_NEW_1/orcl/datafile/tbs_paic.404.1036285269
input datafile file number=00219 name=+DG_DATA_NEW_1/orcl/datafile/tbs_paic.405.1036285341
input datafile file number=00226 name=+DG_DATA_NEW_1/orcl/datafile/tbs_paic.408.1036285461
input datafile file number=00232 name=+DG_DATA_NEW_1/orcl/datafile/tbs_paic.411.1036285755
input datafile file number=00238 name=+DG_DATA_NEW_1/orcl/datafile/tbs_paic.429.1036286527
input datafile file number=00244 name=+DG_DATA_NEW_1/orcl/datafile/tbs_paic.436.1036287113
input datafile file number=00250 name=+DG_DATA_NEW_1/orcl/datafile/tbs_paic_index.440.1036287653
input datafile file number=00256 name=+DG_DATA_NEW_1/orcl/datafile/tbs_paic.449.1036290861
input datafile file number=00262 name=+DG_DATA_NEW_1/orcl/datafile/tbs_paic.452.1036291241
input datafile file number=00268 name=+DG_DATA_NEW_1/orcl/datafile/tbs_paic.577.1037141117
input datafile file number=00274 name=+DG_DATA_NEW_1/orcl/datafile/tbs_paic.583.1037141881
input datafile file number=00280 name=+DATA01/orcl/datafile/tbs_paic_index.479.15867640473
input datafile file number=00286 name=+DATA01/orcl/datafile/tbs_paic.267.1038255445
input datafile file number=00292 name=+DATA01/orcl/datafile/tbs_paic.273.1038255683
input datafile file number=00298 name=+DATA01/orcl/datafile/tbs_paic.279.1038255887
input datafile file number=00304 name=+DATA01/orcl/datafile/tbs_paic_index.285.1040128323
input datafile file number=00310 name=+DATA01/orcl/datafile/tbs_paic.291.1040472641
input datafile file number=00316 name=+DATA_ARCH/orcl/datafile/tbs_paic_arch.258.1040764397
input datafile file number=00322 name=+DATA01/orcl/datafile/tbs_paic.298.1041586317
input datafile file number=00328 name=+DATA_ARCH/orcl/datafile/tbs_paic_arch.263.1041633937
input datafile file number=00047 name=+DG_DATA_NEW_1/orcl/datafile/tbs_paic_clob.468.1036292065
input datafile file number=00049 name=+DG_DATA_NEW_1/orcl/datafile/tbs_paic.476.1036292481
input datafile file number=00055 name=+DG_DATA_NEW_1/orcl/datafile/tbs_paic.479.1036292655
input datafile file number=00061 name=+DG_DATA_NEW_1/orcl/datafile/tbs_paic_clob.482.1036292707
input datafile file number=00010 name=+DG_DATA_NEW_1/orcl/datafile/undotbs2.483.1036292807
input datafile file number=00012 name=+DG_DATA_NEW_1/orcl/datafile/tbs_paic_meta_index.497.1036293589
input datafile file number=00001 name=+DG_DATA_NEW_1/orcl/datafile/system.503.1036294401
input datafile file number=00045 name=+DG_DATA_NEW_1/orcl/datafile/sysaux.505.1036294853
channel c1: starting piece 1 at 31-MAY-20
channel c2: starting compressed incremental level 2 datafile backup set
channel c2: specifying datafile(s) in backup set
input datafile file number=00026 name=+DG_DATA_NEW_1/orcl/datafile/tbs_paic.538.1036266691
input datafile file number=00035 name=+DG_DATA_NEW_1/orcl/datafile/tbs_paic.532.1036266729
input datafile file number=00011 name=+DG_DATA_NEW_1/orcl/datafile/tbs_paic_meta.258.1036266769
input datafile file number=00017 name=+DG_DATA_NEW_1/orcl/datafile/tbs_paic_index.260.1036266809
input datafile file number=00040 name=+DG_DATA_NEW_1/orcl/datafile/tbs_paic_clob.272.1036266849
input datafile file number=00069 name=+DG_DATA_NEW_1/orcl/datafile/tbs_paic.278.1036266889
input datafile file number=00076 name=+DG_DATA_NEW_1/orcl/datafile/tbs_paic_index.284.1036266933
input datafile file number=00083 name=+DG_DATA_NEW_1/orcl/datafile/tbs_paic.291.1036266977
input datafile file number=00089 name=+DG_DATA_NEW_1/orcl/datafile/tbs_paic.296.1036269341
input datafile file number=00095 name=+DG_DATA_NEW_1/orcl/datafile/tbs_paic.297.1036269517
input datafile file number=00101 name=+DG_DATA_NEW_1/orcl/datafile/tbs_paic.306.1036272767
input datafile file number=00108 name=+DG_DATA_NEW_1/orcl/datafile/tbs_paic_meta.310.1036272857
input datafile file number=00114 name=+DG_DATA_NEW_1/orcl/datafile/tbs_paic.315.1036272963
input datafile file number=00121 name=+DG_DATA_NEW_1/orcl/datafile/tbs_paic.319.1036273011
input datafile file number=00127 name=+DG_DATA_NEW_1/orcl/datafile/tbs_paic.321.1036273101
input datafile file number=00134 name=+DG_DATA_NEW_1/orcl/datafile/tbs_paic_index.322.1036273205
input datafile file number=00140 name=+DG_DATA_NEW_1/orcl/datafile/tbs_paic.344.1036275073
input datafile file number=00146 name=+DG_DATA_NEW_1/orcl/datafile/tbs_paic.347.1036275663
input datafile file number=00152 name=+DG_DATA_NEW_1/orcl/datafile/tbs_paic.348.1036275703
input datafile file number=00158 name=+DG_DATA_NEW_1/orcl/datafile/tbs_paic.358.1036279065
input datafile file number=00164 name=+DG_DATA_NEW_1/orcl/datafile/tbs_paic.365.1036279475
input datafile file number=00170 name=+DG_DATA_NEW_1/orcl/datafile/tbs_paic.367.1036279493
input datafile file number=00176 name=+DG_DATA_NEW_1/orcl/datafile/tbs_paic.371.1036279659
input datafile file number=00182 name=+DG_DATA_NEW_1/orcl/datafile/tbs_paic.374.1036279769
input datafile file number=00188 name=+DG_DATA_NEW_1/orcl/datafile/tbs_paic.394.1036281531
input datafile file number=00195 name=+DG_DATA_NEW_1/orcl/datafile/tbs_paic.396.1036282073
input datafile file number=00202 name=+DG_DATA_NEW_1/orcl/datafile/tbs_paic.397.1036282111
input datafile file number=00208 name=+DG_DATA_NEW_1/orcl/datafile/tbs_paic.407.1036285453
input datafile file number=00214 name=+DG_DATA_NEW_1/orcl/datafile/tbs_paic.414.1036285859
input datafile file number=00220 name=+DG_DATA_NEW_1/orcl/datafile/tbs_paic.415.1036285877
input datafile file number=00227 name=+DG_DATA_NEW_1/orcl/datafile/tbs_paic.419.1036286037
input datafile file number=00233 name=+DG_DATA_NEW_1/orcl/datafile/tbs_paic.422.1036286143
input datafile file number=00239 name=+DG_DATA_NEW_1/orcl/datafile/tbs_paic.443.1036287795
input datafile file number=00245 name=+DG_DATA_NEW_1/orcl/datafile/tbs_paic.444.1036288301
input datafile file number=00251 name=+DG_DATA_NEW_1/orcl/datafile/tbs_paic_index.445.1036288335
input datafile file number=00257 name=+DG_DATA_NEW_1/orcl/datafile/tbs_paic.454.1036291445
input datafile file number=00263 name=+DG_DATA_NEW_1/orcl/datafile/tbs_paic_index.460.1036291853
input datafile file number=00269 name=+DG_DATA_NEW_1/orcl/datafile/tbs_paic.578.1037141753
input datafile file number=00275 name=+DATA01/orcl/datafile/tbs_paic.479.15867640471
input datafile file number=00281 name=+DATA01/orcl/datafile/tbs_paic_index.479.15867640474
input datafile file number=00287 name=+DATA01/orcl/datafile/tbs_paic.268.1038255493
input datafile file number=00293 name=+DATA01/orcl/datafile/tbs_paic.274.1038255715
input datafile file number=00299 name=+DATA01/orcl/datafile/tbs_paic.280.1038255915
input datafile file number=00305 name=+DATA01/orcl/datafile/tbs_paic_index.286.1040128425
input datafile file number=00311 name=+DATA01/orcl/datafile/tbs_paic.292.1040472665
input datafile file number=00317 name=+DATA_ARCH/orcl/datafile/tbs_paic_arch_index.259.1040764433
input datafile file number=00323 name=+DATA01/orcl/datafile/tbs_paic.299.1041586361
input datafile file number=00329 name=+DATA_ARCH/orcl/datafile/tbs_paic_arch.264.1041634025
input datafile file number=00051 name=+DG_DATA_NEW_1/orcl/datafile/tbs_paic.455.1036291447
input datafile file number=00057 name=+DG_DATA_NEW_1/orcl/datafile/tbs_paic.457.1036291539
input datafile file number=00063 name=+DG_DATA_NEW_1/orcl/datafile/tbs_paic_index.461.1036291863
input datafile file number=00021 name=+DG_DATA_NEW_1/orcl/datafile/tbs_paic_readonly.475.1036292463
input datafile file number=00023 name=+DG_DATA_NEW_1/orcl/datafile/undotbs3.488.1036293051
input datafile file number=00022 name=+DG_DATA_NEW_1/orcl/datafile/undotbs3.501.1036293761
input datafile file number=00004 name=+DG_DATA_NEW_1/orcl/datafile/users.559.1036295521
input datafile file number=00008 name=+DG_DATA_NEW_1/orcl/datafile/sysaux.498.1036293603
channel c2: starting piece 1 at 31-MAY-20
channel c3: starting compressed incremental level 2 datafile backup set
channel c3: specifying datafile(s) in backup set
input datafile file number=00030 name=+DG_DATA_NEW_1/orcl/datafile/tbs_paic.534.1036266693
input datafile file number=00038 name=+DG_DATA_NEW_1/orcl/datafile/tbs_paic.266.1036266733
input datafile file number=00015 name=+DG_DATA_NEW_1/orcl/datafile/tbs_paic.527.1036266773
input datafile file number=00032 name=+DG_DATA_NEW_1/orcl/datafile/tbs_paic.269.1036266813
input datafile file number=00066 name=+DG_DATA_NEW_1/orcl/datafile/tbs_paic.275.1036266851
input datafile file number=00073 name=+DG_DATA_NEW_1/orcl/datafile/tbs_paic_clob.281.1036266891
input datafile file number=00079 name=+DG_DATA_NEW_1/orcl/datafile/tbs_paic_index.287.1036266935
input datafile file number=00086 name=+DG_DATA_NEW_1/orcl/datafile/tbs_paic_clob.293.1036266979
input datafile file number=00092 name=+DG_DATA_NEW_1/orcl/datafile/tbs_paic.300.1036271525
input datafile file number=00098 name=+DG_DATA_NEW_1/orcl/datafile/tbs_paic.311.1036272869
input datafile file number=00104 name=+DG_DATA_NEW_1/orcl/datafile/tbs_paic.313.1036272907
input datafile file number=00111 name=+DG_DATA_NEW_1/orcl/datafile/tbs_paic_clob.320.1036273041
input datafile file number=00117 name=+DG_DATA_NEW_1/orcl/datafile/tbs_paic.324.1036273233
input datafile file number=00124 name=+DG_DATA_NEW_1/orcl/datafile/tbs_paic.330.1036273433
input datafile file number=00131 name=+DG_DATA_NEW_1/orcl/datafile/tbs_paic.332.1036273703
input datafile file number=00137 name=+DG_DATA_NEW_1/orcl/datafile/tbs_paic_clob.337.1036274109
input datafile file number=00143 name=+DG_DATA_NEW_1/orcl/datafile/tbs_paic_index.351.1036277953
input datafile file number=00149 name=+DG_DATA_NEW_1/orcl/datafile/tbs_paic_index.356.1036278957
input datafile file number=00155 name=+DG_DATA_NEW_1/orcl/datafile/tbs_paic.363.1036279325
input datafile file number=00161 name=+DG_DATA_NEW_1/orcl/datafile/tbs_paic.366.1036279489
input datafile file number=00167 name=+DG_DATA_NEW_1/orcl/datafile/tbs_paic.368.1036279553
input datafile file number=00173 name=+DG_DATA_NEW_1/orcl/datafile/tbs_paic.375.1036279831
input datafile file number=00179 name=+DG_DATA_NEW_1/orcl/datafile/tbs_paic.379.1036280051
input datafile file number=00185 name=+DG_DATA_NEW_1/orcl/datafile/tbs_paic.382.1036280227
input datafile file number=00192 name=+DG_DATA_NEW_1/orcl/datafile/tbs_paic.386.1036280491
input datafile file number=00198 name=+DG_DATA_NEW_1/orcl/datafile/tbs_paic.410.1036285511
input datafile file number=00205 name=+DG_DATA_NEW_1/orcl/datafile/tbs_paic.413.1036285821
input datafile file number=00211 name=+DG_DATA_NEW_1/orcl/datafile/tbs_paic_index.417.1036285969
input datafile file number=00217 name=+DG_DATA_NEW_1/orcl/datafile/tbs_paic.418.1036286031
input datafile file number=00223 name=+DG_DATA_NEW_1/orcl/datafile/tbs_paic.423.1036286251
input datafile file number=00230 name=+DG_DATA_NEW_1/orcl/datafile/tbs_paic.427.1036286439
input datafile file number=00236 name=+DG_DATA_NEW_1/orcl/datafile/tbs_paic.430.1036286611
input datafile file number=00242 name=+DG_DATA_NEW_1/orcl/datafile/tbs_paic.434.1036286873
input datafile file number=00248 name=+DG_DATA_NEW_1/orcl/datafile/tbs_paic.459.1036291659
input datafile file number=00254 name=+DG_DATA_NEW_1/orcl/datafile/tbs_paic_clob.465.1036291981
input datafile file number=00260 name=+DG_DATA_NEW_1/orcl/datafile/tbs_paic.469.1036292155
input datafile file number=00266 name=+DG_DATA_NEW_1/orcl/datafile/tbs_paic.575.1037141075
input datafile file number=00272 name=+DG_DATA_NEW_1/orcl/datafile/tbs_paic.581.1037141815
input datafile file number=00278 name=+DATA01/orcl/datafile/tbs_paic_index.479.15867640471
input datafile file number=00284 name=+DATA01/orcl/datafile/tbs_paic.265.1038255385
input datafile file number=00290 name=+DATA01/orcl/datafile/tbs_paic.271.1038255621
input datafile file number=00296 name=+DATA01/orcl/datafile/tbs_paic.277.1038255831
input datafile file number=00302 name=+DATA01/orcl/datafile/tbs_paic.283.1038256085
input datafile file number=00308 name=+DATA01/orcl/datafile/tbs_paic_index.289.1040472543
input datafile file number=00314 name=+DATA_ARCH/orcl/datafile/tbs_paic_arch.256.1040764309
input datafile file number=00320 name=+DATA01/orcl/datafile/tbs_paic.296.1041586229
input datafile file number=00326 name=+DATA_ARCH/orcl/datafile/tbs_paic_arch.261.1041633785
input datafile file number=00027 name=+DG_DATA_NEW_1/orcl/datafile/tbs_paic_clob.478.1036292547
input datafile file number=00050 name=+DG_DATA_NEW_1/orcl/datafile/tbs_paic.477.1036292537
input datafile file number=00056 name=+DG_DATA_NEW_1/orcl/datafile/tbs_paic.481.1036292677
input datafile file number=00062 name=+DG_DATA_NEW_1/orcl/datafile/tbs_paic_meta.494.1036293419
input datafile file number=00009 name=+DG_DATA_NEW_1/orcl/datafile/undotbs1.495.1036293439
input datafile file number=00024 name=+DG_DATA_NEW_1/orcl/datafile/undotbs3.486.1036293003
input datafile file number=00005 name=+DG_DATA_NEW_1/orcl/datafile/undotbs2.555.1036295111
channel c3: starting piece 1 at 31-MAY-20
channel c4: starting compressed incremental level 2 datafile backup set
channel c4: specifying datafile(s) in backup set
input datafile file number=00028 name=+DG_DATA_NEW_1/orcl/datafile/tbs_paic.533.1036266693
input datafile file number=00036 name=+DG_DATA_NEW_1/orcl/datafile/tbs_paic_index.265.1036266733
input datafile file number=00013 name=+DG_DATA_NEW_1/orcl/datafile/tbs_paic.526.1036266773
input datafile file number=00018 name=+DG_DATA_NEW_1/orcl/datafile/tbs_paic_clob.264.1036266811
input datafile file number=00044 name=+DG_DATA_NEW_1/orcl/datafile/tbs_paic_index.273.1036266849
input datafile file number=00070 name=+DG_DATA_NEW_1/orcl/datafile/tbs_paic.279.1036266889
input datafile file number=00077 name=+DG_DATA_NEW_1/orcl/datafile/tbs_paic.285.1036266933
input datafile file number=00084 name=+DG_DATA_NEW_1/orcl/datafile/tbs_paic.290.1036266977
input datafile file number=00090 name=+DG_DATA_NEW_1/orcl/datafile/tbs_paic.298.1036271217
input datafile file number=00096 name=+DG_DATA_NEW_1/orcl/datafile/tbs_paic.305.1036272707
input datafile file number=00102 name=+DG_DATA_NEW_1/orcl/datafile/tbs_paic.309.1036272833
input datafile file number=00109 name=+DG_DATA_NEW_1/orcl/datafile/tbs_paic_index.323.1036273231
input datafile file number=00115 name=+DG_DATA_NEW_1/orcl/datafile/tbs_paic.326.1036273303
input datafile file number=00122 name=+DG_DATA_NEW_1/orcl/datafile/tbs_paic.329.1036273391
input datafile file number=00128 name=+DG_DATA_NEW_1/orcl/datafile/tbs_paic.334.1036273851
input datafile file number=00135 name=+DG_DATA_NEW_1/orcl/datafile/tbs_paic.339.1036274301
input datafile file number=00141 name=+DG_DATA_NEW_1/orcl/datafile/tbs_paic.349.1036277499
input datafile file number=00147 name=+DG_DATA_NEW_1/orcl/datafile/tbs_paic.355.1036278863
input datafile file number=00153 name=+DG_DATA_NEW_1/orcl/datafile/tbs_paic.357.1036279027
input datafile file number=00159 name=+DG_DATA_NEW_1/orcl/datafile/tbs_paic.372.1036279703
input datafile file number=00165 name=+DG_DATA_NEW_1/orcl/datafile/tbs_paic_index.376.1036279889
input datafile file number=00171 name=+DG_DATA_NEW_1/orcl/datafile/tbs_paic.377.1036279949
input datafile file number=00177 name=+DG_DATA_NEW_1/orcl/datafile/tbs_paic.385.1036280465
input datafile file number=00183 name=+DG_DATA_NEW_1/orcl/datafile/tbs_paic.388.1036280919
input datafile file number=00189 name=+DG_DATA_NEW_1/orcl/datafile/tbs_paic_index.399.1036284071
input datafile file number=00196 name=+DG_DATA_NEW_1/orcl/datafile/tbs_paic_index.406.1036285351
input datafile file number=00203 name=+DG_DATA_NEW_1/orcl/datafile/tbs_paic.409.1036285503
input datafile file number=00209 name=+DG_DATA_NEW_1/orcl/datafile/tbs_paic.421.1036286139
input datafile file number=00215 name=+DG_DATA_NEW_1/orcl/datafile/tbs_paic.425.1036286323
input datafile file number=00221 name=+DG_DATA_NEW_1/orcl/datafile/tbs_paic.426.1036286373
input datafile file number=00228 name=+DG_DATA_NEW_1/orcl/datafile/tbs_paic.433.1036286863
input datafile file number=00234 name=+DG_DATA_NEW_1/orcl/datafile/tbs_paic.437.1036287281
input datafile file number=00240 name=+DG_DATA_NEW_1/orcl/datafile/tbs_paic.448.1036290235
input datafile file number=00246 name=+DG_DATA_NEW_1/orcl/datafile/tbs_paic.456.1036291483
input datafile file number=00252 name=+DG_DATA_NEW_1/orcl/datafile/tbs_paic_index.458.1036291633
input datafile file number=00258 name=+DG_DATA_NEW_1/orcl/datafile/tbs_paic.472.1036292237
input datafile file number=00264 name=+DG_DATA_NEW_1/orcl/datafile/tbs_paic_index.473.1036292409
input datafile file number=00270 name=+DG_DATA_NEW_1/orcl/datafile/tbs_paic.579.1037141773
input datafile file number=00276 name=+DATA01/orcl/datafile/tbs_paic.479.15867640472
input datafile file number=00282 name=+DATA01/orcl/datafile/tbs_paic.263.1038245653
input datafile file number=00288 name=+DATA01/orcl/datafile/tbs_paic.269.1038255553
input datafile file number=00294 name=+DATA01/orcl/datafile/tbs_paic.275.1038255767
input datafile file number=00300 name=+DATA01/orcl/datafile/tbs_paic.281.1038255943
input datafile file number=00306 name=+DATA01/orcl/datafile/tbs_paic.287.1040472383
input datafile file number=00312 name=+DATA01/orcl/datafile/tbs_paic.293.1040472707
input datafile file number=00318 name=+DATA_ARCH/orcl/datafile/tbs_paic_arch_index.260.1040764457
input datafile file number=00324 name=+DATA01/orcl/datafile/tbs_paic.300.1041586449
input datafile file number=00330 name=+DATA_ARCH/orcl/datafile/tbs_paic_arch.265.1041634077
input datafile file number=00052 name=+DG_DATA_NEW_1/orcl/datafile/tbs_paic.484.1036292861
input datafile file number=00058 name=+DG_DATA_NEW_1/orcl/datafile/tbs_paic.487.1036293027
input datafile file number=00064 name=+DG_DATA_NEW_1/orcl/datafile/tbs_paic_index.490.1036293259
input datafile file number=00071 name=+DG_DATA_NEW_1/orcl/datafile/tbs_paic_readonly.496.1036293551
input datafile file number=00006 name=+DG_DATA_NEW_1/orcl/datafile/users.556.1036295343
input datafile file number=00002 name=+DG_DATA_NEW_1/orcl/datafile/sysaux.493.1036293399
channel c4: starting piece 1 at 31-MAY-20
channel c5: starting compressed incremental level 2 datafile backup set
channel c5: specifying datafile(s) in backup set
input datafile file number=00029 name=+DG_DATA_NEW_1/orcl/datafile/tbs_paic.535.1036266693
input datafile file number=00037 name=+DG_DATA_NEW_1/orcl/datafile/tbs_paic.529.1036266733
input datafile file number=00014 name=+DG_DATA_NEW_1/orcl/datafile/tbs_paic.259.1036266773
input datafile file number=00020 name=+DG_DATA_NEW_1/orcl/datafile/tbs_paic_meta.270.1036266813
input datafile file number=00065 name=+DG_DATA_NEW_1/orcl/datafile/tbs_paic.276.1036266851
input datafile file number=00072 name=+DG_DATA_NEW_1/orcl/datafile/tbs_paic_index.282.1036266893
input datafile file number=00078 name=+DG_DATA_NEW_1/orcl/datafile/tbs_paic.288.1036266935
input datafile file number=00085 name=+DG_DATA_NEW_1/orcl/datafile/tbs_paic.294.1036266979
input datafile file number=00091 name=+DG_DATA_NEW_1/orcl/datafile/tbs_paic.295.1036269159
input datafile file number=00097 name=+DG_DATA_NEW_1/orcl/datafile/tbs_paic_index.299.1036271259
input datafile file number=00103 name=+DG_DATA_NEW_1/orcl/datafile/tbs_paic.308.1036272815
input datafile file number=00110 name=+DG_DATA_NEW_1/orcl/datafile/tbs_paic_index.314.1036272921
input datafile file number=00116 name=+DG_DATA_NEW_1/orcl/datafile/tbs_paic.316.1036273001
input datafile file number=00123 name=+DG_DATA_NEW_1/orcl/datafile/tbs_paic.325.1036273279
input datafile file number=00130 name=+DG_DATA_NEW_1/orcl/datafile/tbs_paic.328.1036273323
input datafile file number=00136 name=+DG_DATA_NEW_1/orcl/datafile/tbs_paic.333.1036273801
input datafile file number=00142 name=+DG_DATA_NEW_1/orcl/datafile/tbs_paic_index.346.1036275423
input datafile file number=00148 name=+DG_DATA_NEW_1/orcl/datafile/tbs_paic.352.1036278113
input datafile file number=00154 name=+DG_DATA_NEW_1/orcl/datafile/tbs_paic.361.1036279265
input datafile file number=00160 name=+DG_DATA_NEW_1/orcl/datafile/tbs_paic.364.1036279431
input datafile file number=00166 name=+DG_DATA_NEW_1/orcl/datafile/tbs_paic_index.373.1036279761
input datafile file number=00172 name=+DG_DATA_NEW_1/orcl/datafile/tbs_paic.378.1036280005
input datafile file number=00178 name=+DG_DATA_NEW_1/orcl/datafile/tbs_paic.380.1036280131
input datafile file number=00184 name=+DG_DATA_NEW_1/orcl/datafile/tbs_paic_index.387.1036280593
input datafile file number=00190 name=+DG_DATA_NEW_1/orcl/datafile/tbs_paic.398.1036282171
input datafile file number=00197 name=+DG_DATA_NEW_1/orcl/datafile/tbs_paic.401.1036284701
input datafile file number=00204 name=+DG_DATA_NEW_1/orcl/datafile/tbs_paic_index.412.1036285787
input datafile file number=00210 name=+DG_DATA_NEW_1/orcl/datafile/tbs_paic_index.416.1036285943
input datafile file number=00216 name=+DG_DATA_NEW_1/orcl/datafile/tbs_paic.424.1036286275
input datafile file number=00222 name=+DG_DATA_NEW_1/orcl/datafile/tbs_paic.428.1036286515
input datafile file number=00229 name=+DG_DATA_NEW_1/orcl/datafile/tbs_paic.432.1036286641
input datafile file number=00235 name=+DG_DATA_NEW_1/orcl/datafile/tbs_paic.435.1036287081
input datafile file number=00241 name=+DG_DATA_NEW_1/orcl/datafile/tbs_paic.446.1036288547
input datafile file number=00247 name=+DG_DATA_NEW_1/orcl/datafile/tbs_paic.450.1036290953
input datafile file number=00253 name=+DG_DATA_NEW_1/orcl/datafile/tbs_paic_clob.466.1036292001
input datafile file number=00259 name=+DG_DATA_NEW_1/orcl/datafile/tbs_paic.470.1036292173
input datafile file number=00265 name=+DG_DATA_NEW_1/orcl/datafile/tbs_paic.574.1037141047
input datafile file number=00271 name=+DG_DATA_NEW_1/orcl/datafile/tbs_paic.580.1037141795
input datafile file number=00277 name=+DATA01/orcl/datafile/tbs_paic.479.15867640473
input datafile file number=00283 name=+DATA01/orcl/datafile/tbs_paic.264.1038245767
input datafile file number=00289 name=+DATA01/orcl/datafile/tbs_paic.270.1038255593
input datafile file number=00295 name=+DATA01/orcl/datafile/tbs_paic.276.1038255789
input datafile file number=00301 name=+DATA01/orcl/datafile/tbs_paic.282.1038255987
input datafile file number=00307 name=+DATA01/orcl/datafile/tbs_paic_clob.288.1040472481
input datafile file number=00313 name=+DATA01/orcl/datafile/tbs_paic.294.1040472733
input datafile file number=00319 name=+DATA01/orcl/datafile/tbs_paic.295.1041586153
input datafile file number=00325 name=+DATA01/orcl/datafile/tbs_paic.301.1041586471
input datafile file number=00331 name=+DATA_ARCH/orcl/datafile/tbs_paic_arch.266.1041634555
input datafile file number=00053 name=+DG_DATA_NEW_1/orcl/datafile/tbs_paic.462.1036291871
input datafile file number=00059 name=+DG_DATA_NEW_1/orcl/datafile/tbs_paic.463.1036291945
input datafile file number=00107 name=+DG_DATA_NEW_1/orcl/datafile/tbs_paic_readonly.467.1036292051
input datafile file number=00082 name=+DG_DATA_NEW_1/orcl/datafile/sysaux.492.1036293339
input datafile file number=00007 name=+DG_DATA_NEW_1/orcl/datafile/system.489.1036293205
input datafile file number=00043 name=+DG_DATA_NEW_1/orcl/datafile/users.557.1036295353
input datafile file number=00119 name=+DG_DATA_NEW_1/orcl/datafile/users.504.1036294599
input datafile file number=00201 name=+DG_DATA_NEW_1/orcl/datafile/users.502.1036293825
channel c5: starting piece 1 at 31-MAY-20
channel c6: starting compressed incremental level 2 datafile backup set
channel c6: specifying datafile(s) in backup set
input datafile file number=00031 name=+DG_DATA_NEW_1/orcl/datafile/tbs_paic_index.536.1036266693
input datafile file number=00041 name=+DG_DATA_NEW_1/orcl/datafile/tbs_paic.530.1036266731
input datafile file number=00016 name=+DG_DATA_NEW_1/orcl/datafile/tbs_paic.528.1036266771
input datafile file number=00033 name=+DG_DATA_NEW_1/orcl/datafile/tbs_paic_clob.261.1036266809
input datafile file number=00067 name=+DG_DATA_NEW_1/orcl/datafile/tbs_paic_clob.271.1036266849
input datafile file number=00074 name=+DG_DATA_NEW_1/orcl/datafile/tbs_paic.277.1036266889
input datafile file number=00080 name=+DG_DATA_NEW_1/orcl/datafile/tbs_paic_clob.283.1036266931
input datafile file number=00087 name=+DG_DATA_NEW_1/orcl/datafile/tbs_paic_index.289.1036266975
input datafile file number=00093 name=+DG_DATA_NEW_1/orcl/datafile/tbs_paic_clob.301.1036271889
input datafile file number=00099 name=+DG_DATA_NEW_1/orcl/datafile/tbs_paic.327.1036273309
input datafile file number=00105 name=+DG_DATA_NEW_1/orcl/datafile/tbs_paic.331.1036273653
input datafile file number=00112 name=+DG_DATA_NEW_1/orcl/datafile/tbs_paic_clob.336.1036273923
input datafile file number=00118 name=+DG_DATA_NEW_1/orcl/datafile/tbs_paic.338.1036274249
input datafile file number=00125 name=+DG_DATA_NEW_1/orcl/datafile/tbs_paic_index.340.1036274317
input datafile file number=00132 name=+DG_DATA_NEW_1/orcl/datafile/tbs_paic.342.1036274795
input datafile file number=00138 name=+DG_DATA_NEW_1/orcl/datafile/tbs_paic.343.1036274807
input datafile file number=00144 name=+DG_DATA_NEW_1/orcl/datafile/tbs_paic.350.1036277721
input datafile file number=00150 name=+DG_DATA_NEW_1/orcl/datafile/tbs_paic.354.1036278763
input datafile file number=00156 name=+DG_DATA_NEW_1/orcl/datafile/tbs_paic_index.369.1036279587
input datafile file number=00162 name=+DG_DATA_NEW_1/orcl/datafile/tbs_paic_index.381.1036280167
input datafile file number=00168 name=+DG_DATA_NEW_1/orcl/datafile/tbs_paic.384.1036280443
input datafile file number=00174 name=+DG_DATA_NEW_1/orcl/datafile/tbs_paic.389.1036280935
input datafile file number=00180 name=+DG_DATA_NEW_1/orcl/datafile/tbs_paic.391.1036281167
input datafile file number=00186 name=+DG_DATA_NEW_1/orcl/datafile/tbs_paic.392.1036281413
input datafile file number=00193 name=+DG_DATA_NEW_1/orcl/datafile/tbs_paic.393.1036281425
input datafile file number=00199 name=+DG_DATA_NEW_1/orcl/datafile/tbs_paic.400.1036284233
input datafile file number=00206 name=+DG_DATA_NEW_1/orcl/datafile/tbs_paic.403.1036285253
input datafile file number=00212 name=+DG_DATA_NEW_1/orcl/datafile/tbs_paic.420.1036286073
input datafile file number=00218 name=+DG_DATA_NEW_1/orcl/datafile/tbs_paic.431.1036286613
input datafile file number=00225 name=+DG_DATA_NEW_1/orcl/datafile/tbs_paic.438.1036287307
input datafile file number=00231 name=+DG_DATA_NEW_1/orcl/datafile/tbs_paic.439.1036287473
input datafile file number=00237 name=+DG_DATA_NEW_1/orcl/datafile/tbs_paic.441.1036287689
input datafile file number=00243 name=+DG_DATA_NEW_1/orcl/datafile/tbs_paic.442.1036287701
input datafile file number=00249 name=+DG_DATA_NEW_1/orcl/datafile/tbs_paic.447.1036290235
input datafile file number=00255 name=+DG_DATA_NEW_1/orcl/datafile/sysaux.451.1036291199
input datafile file number=00261 name=+DG_DATA_NEW_1/orcl/datafile/tbs_paic.464.1036291949
input datafile file number=00267 name=+DG_DATA_NEW_1/orcl/datafile/tbs_paic.576.1037141097
input datafile file number=00273 name=+DG_DATA_NEW_1/orcl/datafile/tbs_paic.582.1037141861
input datafile file number=00279 name=+DATA01/orcl/datafile/tbs_paic_index.479.15867640472
input datafile file number=00285 name=+DATA01/orcl/datafile/tbs_paic.266.1038255423
input datafile file number=00291 name=+DATA01/orcl/datafile/tbs_paic.272.1038255659
input datafile file number=00297 name=+DATA01/orcl/datafile/tbs_paic.278.1038255861
input datafile file number=00303 name=+DATA01/orcl/datafile/tbs_paic.284.1038256107
input datafile file number=00309 name=+DATA01/orcl/datafile/tbs_paic.290.1040472577
input datafile file number=00315 name=+DATA_ARCH/orcl/datafile/tbs_paic_arch.257.1040764365
input datafile file number=00321 name=+DATA01/orcl/datafile/tbs_paic.297.1041586291
input datafile file number=00327 name=+DATA_ARCH/orcl/datafile/tbs_paic_arch.262.1041633873
input datafile file number=00046 name=+DG_DATA_NEW_1/orcl/datafile/tbs_paic.471.1036292225
input datafile file number=00048 name=+DG_DATA_NEW_1/orcl/datafile/tbs_paic.453.1036291317
input datafile file number=00054 name=+DG_DATA_NEW_1/orcl/datafile/tbs_paic.474.1036292461
input datafile file number=00060 name=+DG_DATA_NEW_1/orcl/datafile/tbs_paic_clob.485.1036292979
input datafile file number=00019 name=+DG_DATA_NEW_1/orcl/datafile/tbs_paic.491.1036293289
input datafile file number=00129 name=+DG_DATA_NEW_1/orcl/datafile/tbs_paic_readonly.480.1036292657
input datafile file number=00191 name=+DG_DATA_NEW_1/orcl/datafile/users.558.1036295355
input datafile file number=00003 name=+DG_DATA_NEW_1/orcl/datafile/undotbs1.500.1036293687
input datafile file number=00224 name=+DG_DATA_NEW_1/orcl/datafile/users.499.1036293629
channel c6: starting piece 1 at 31-MAY-20
channel c3: finished piece 1 at 31-MAY-20
piece handle=/dbbackup/paic/Sunday_dt_inc2_jfv1hhol_20200531 tag=TAG20200531T000014 comment=NONE
channel c3: backup set complete, elapsed time: 00:54:23
channel c3: starting compressed incremental level 2 datafile backup set
channel c3: specifying datafile(s) in backup set
including current control file in backup set
channel c3: starting piece 1 at 31-MAY-20
channel c3: finished piece 1 at 31-MAY-20
piece handle=/dbbackup/paic/Sunday_dt_inc2_jjv1hkul_20200531 tag=TAG20200531T000014 comment=NONE
channel c3: backup set complete, elapsed time: 00:00:01
channel c5: finished piece 1 at 31-MAY-20
piece handle=/dbbackup/paic/Sunday_dt_inc2_jhv1hhoq_20200531 tag=TAG20200531T000014 comment=NONE
channel c5: backup set complete, elapsed time: 00:54:22
channel c2: finished piece 1 at 31-MAY-20
piece handle=/dbbackup/paic/Sunday_dt_inc2_jev1hhoj_20200531 tag=TAG20200531T000014 comment=NONE
channel c2: backup set complete, elapsed time: 00:55:50
channel c4: finished piece 1 at 31-MAY-20
piece handle=/dbbackup/paic/Sunday_dt_inc2_jgv1hhom_20200531 tag=TAG20200531T000014 comment=NONE
channel c4: backup set complete, elapsed time: 00:55:45
channel c6: finished piece 1 at 31-MAY-20
piece handle=/dbbackup/paic/Sunday_dt_inc2_jiv1hhov_20200531 tag=TAG20200531T000014 comment=NONE
channel c6: backup set complete, elapsed time: 00:55:32
channel c1: finished piece 1 at 31-MAY-20
piece handle=/dbbackup/paic/Sunday_dt_inc2_jdv1hhoi_20200531 tag=TAG20200531T000014 comment=NONE
channel c1: backup set complete, elapsed time: 00:57:42
Finished backup at 31-MAY-20

Starting backup at 31-MAY-20
channel c1: starting full datafile backup set
channel c1: specifying datafile(s) in backup set
including current control file in backup set
channel c1: starting piece 1 at 31-MAY-20
channel c1: finished piece 1 at 31-MAY-20
piece handle=/dbbackup/paic/Sunday_ctf_jkv1hl4p_20200531 tag=TAG20200531T005801 comment=NONE
channel c1: backup set complete, elapsed time: 00:00:01
Finished backup at 31-MAY-20

Starting backup at 31-MAY-20
current log archived
skipping archived logs of thread 1 from sequence 4734 to 5411; already backed up
skipping archived logs of thread 2 from sequence 3906 to 5225; already backed up
channel c1: starting compressed archived log backup set
channel c1: specifying archived log(s) in backup set
input archived log thread=2 sequence=5226 RECID=197596 STAMP=1041755291
input archived log thread=1 sequence=5412 RECID=197598 STAMP=1041757928
input archived log thread=2 sequence=5227 RECID=197597 STAMP=1041756902
input archived log thread=2 sequence=5228 RECID=197599 STAMP=1041757928
input archived log thread=2 sequence=5229 RECID=197600 STAMP=1041758717
input archived log thread=1 sequence=5413 RECID=197602 STAMP=1041760043
input archived log thread=2 sequence=5230 RECID=197601 STAMP=1041759422
input archived log thread=2 sequence=5231 RECID=197603 STAMP=1041760043
input archived log thread=2 sequence=5232 RECID=197604 STAMP=1041760664
input archived log thread=1 sequence=5414 RECID=197606 STAMP=1041761717
input archived log thread=2 sequence=5233 RECID=197605 STAMP=1041761168
input archived log thread=2 sequence=5234 RECID=197607 STAMP=1041761717
input archived log thread=2 sequence=5235 RECID=197608 STAMP=1041762263
input archived log thread=1 sequence=5415 RECID=197610 STAMP=1041763313
input archived log thread=2 sequence=5236 RECID=197609 STAMP=1041762773
input archived log thread=2 sequence=5237 RECID=197611 STAMP=1041763313
input archived log thread=2 sequence=5238 RECID=197612 STAMP=1041763832
channel c1: starting piece 1 at 31-MAY-20
channel c2: starting compressed archived log backup set
channel c2: specifying archived log(s) in backup set
input archived log thread=1 sequence=5416 RECID=197614 STAMP=1041764891
input archived log thread=2 sequence=5239 RECID=197613 STAMP=1041764342
input archived log thread=2 sequence=5240 RECID=197615 STAMP=1041764891
input archived log thread=2 sequence=5241 RECID=197616 STAMP=1041765380
input archived log thread=1 sequence=5417 RECID=197618 STAMP=1041766304
input archived log thread=2 sequence=5242 RECID=197617 STAMP=1041765854
input archived log thread=2 sequence=5243 RECID=197619 STAMP=1041766304
input archived log thread=2 sequence=5244 RECID=197620 STAMP=1041766799
input archived log thread=1 sequence=5418 RECID=197622 STAMP=1041767894
input archived log thread=2 sequence=5245 RECID=197621 STAMP=1041767315
input archived log thread=2 sequence=5246 RECID=197623 STAMP=1041767894
input archived log thread=2 sequence=5247 RECID=197624 STAMP=1041768518
input archived log thread=1 sequence=5419 RECID=197626 STAMP=1041770117
input archived log thread=2 sequence=5248 RECID=197625 STAMP=1041769325
input archived log thread=2 sequence=5249 RECID=197627 STAMP=1041770117
input archived log thread=2 sequence=5250 RECID=197628 STAMP=1041770897
input archived log thread=1 sequence=5420 RECID=197631 STAMP=1041772544
input archived log thread=2 sequence=5251 RECID=197629 STAMP=1041771725
channel c2: starting piece 1 at 31-MAY-20
channel c3: starting compressed archived log backup set
channel c3: specifying archived log(s) in backup set
input archived log thread=2 sequence=5252 RECID=197630 STAMP=1041772541
input archived log thread=2 sequence=5253 RECID=197632 STAMP=1041773321
input archived log thread=1 sequence=5421 RECID=197635 STAMP=1041774791
input archived log thread=2 sequence=5254 RECID=197633 STAMP=1041774119
input archived log thread=2 sequence=5255 RECID=197634 STAMP=1041774788
input archived log thread=2 sequence=5256 RECID=197636 STAMP=1041775334
input archived log thread=1 sequence=5422 RECID=197639 STAMP=1041776504
input archived log thread=2 sequence=5257 RECID=197637 STAMP=1041775937
input archived log thread=2 sequence=5258 RECID=197638 STAMP=1041776501
input archived log thread=2 sequence=5259 RECID=197640 STAMP=1041777053
input archived log thread=1 sequence=5423 RECID=197643 STAMP=1041778133
input archived log thread=2 sequence=5260 RECID=197641 STAMP=1041777590
input archived log thread=2 sequence=5261 RECID=197642 STAMP=1041778130
input archived log thread=2 sequence=5262 RECID=197644 STAMP=1041778697
input archived log thread=1 sequence=5424 RECID=197647 STAMP=1041779762
input archived log thread=2 sequence=5263 RECID=197645 STAMP=1041779219
input archived log thread=2 sequence=5264 RECID=197646 STAMP=1041779759
channel c3: starting piece 1 at 31-MAY-20
channel c4: starting compressed archived log backup set
channel c4: specifying archived log(s) in backup set
input archived log thread=2 sequence=5265 RECID=197648 STAMP=1041780293
input archived log thread=1 sequence=5425 RECID=197651 STAMP=1041781298
input archived log thread=2 sequence=5266 RECID=197649 STAMP=1041780830
input archived log thread=2 sequence=5267 RECID=197650 STAMP=1041781295
input archived log thread=2 sequence=5268 RECID=197652 STAMP=1041781806
input archived log thread=1 sequence=5426 RECID=197655 STAMP=1041782786
input archived log thread=2 sequence=5269 RECID=197653 STAMP=1041782286
input archived log thread=2 sequence=5270 RECID=197654 STAMP=1041782784
input archived log thread=2 sequence=5271 RECID=197656 STAMP=1041783240
input archived log thread=1 sequence=5427 RECID=197659 STAMP=1041784172
input archived log thread=2 sequence=5272 RECID=197657 STAMP=1041783711
input archived log thread=2 sequence=5273 RECID=197658 STAMP=1041784170
input archived log thread=2 sequence=5274 RECID=197660 STAMP=1041784614
input archived log thread=1 sequence=5428 RECID=197663 STAMP=1041785588
input archived log thread=2 sequence=5275 RECID=197661 STAMP=1041785097
input archived log thread=2 sequence=5276 RECID=197662 STAMP=1041785586
input archived log thread=2 sequence=5277 RECID=197664 STAMP=1041786066
channel c4: starting piece 1 at 31-MAY-20
channel c5: starting compressed archived log backup set
channel c5: specifying archived log(s) in backup set
input archived log thread=1 sequence=5429 RECID=197667 STAMP=1041787046
input archived log thread=2 sequence=5278 RECID=197665 STAMP=1041786558
input archived log thread=2 sequence=5279 RECID=197666 STAMP=1041787044
input archived log thread=2 sequence=5280 RECID=197668 STAMP=1041787566
input archived log thread=1 sequence=5430 RECID=197671 STAMP=1041788567
input archived log thread=2 sequence=5281 RECID=197669 STAMP=1041788076
input archived log thread=2 sequence=5282 RECID=197670 STAMP=1041788565
input archived log thread=2 sequence=5283 RECID=197672 STAMP=1041789120
input archived log thread=1 sequence=5431 RECID=197675 STAMP=1041790166
input archived log thread=2 sequence=5284 RECID=197673 STAMP=1041789666
input archived log thread=2 sequence=5285 RECID=197674 STAMP=1041790164
input archived log thread=2 sequence=5286 RECID=197676 STAMP=1041790821
input archived log thread=1 sequence=5432 RECID=197679 STAMP=1041792182
input archived log thread=2 sequence=5287 RECID=197677 STAMP=1041791481
input archived log thread=2 sequence=5288 RECID=197678 STAMP=1041792180
input archived log thread=2 sequence=5289 RECID=197680 STAMP=1041792963
input archived log thread=1 sequence=5433 RECID=197683 STAMP=1041794984
input archived log thread=2 sequence=5290 RECID=197681 STAMP=1041793920
channel c5: starting piece 1 at 31-MAY-20
channel c6: starting compressed archived log backup set
channel c6: specifying archived log(s) in backup set
input archived log thread=2 sequence=5291 RECID=197682 STAMP=1041794982
input archived log thread=2 sequence=5292 RECID=197684 STAMP=1041796110
input archived log thread=1 sequence=5434 RECID=197687 STAMP=1041799029
input archived log thread=2 sequence=5293 RECID=197685 STAMP=1041797469
input archived log thread=2 sequence=5294 RECID=197686 STAMP=1041799026
input archived log thread=2 sequence=5295 RECID=197688 STAMP=1041800700
input archived log thread=1 sequence=5435 RECID=197691 STAMP=1041803796
input archived log thread=2 sequence=5296 RECID=197689 STAMP=1041802338
input archived log thread=2 sequence=5297 RECID=197690 STAMP=1041803793
input archived log thread=2 sequence=5298 RECID=197692 STAMP=1041804114
input archived log thread=1 sequence=5436 RECID=197695 STAMP=1041807039
input archived log thread=2 sequence=5299 RECID=197693 STAMP=1041805299
input archived log thread=2 sequence=5300 RECID=197694 STAMP=1041807036
input archived log thread=2 sequence=5301 RECID=197696 STAMP=1041809013
input archived log thread=1 sequence=5437 RECID=197699 STAMP=1041814686
input archived log thread=2 sequence=5302 RECID=197697 STAMP=1041811739
input archived log thread=2 sequence=5303 RECID=197698 STAMP=1041814684
channel c6: starting piece 1 at 31-MAY-20
channel c1: finished piece 1 at 31-MAY-20
piece handle=/dbbackup/paic/Sunday_arch_jlv1hl50_20200531 tag=TAG20200531T005807 comment=NONE
channel c1: backup set complete, elapsed time: 00:02:16
channel c2: finished piece 1 at 31-MAY-20
piece handle=/dbbackup/paic/Sunday_arch_jmv1hl50_20200531 tag=TAG20200531T005807 comment=NONE
channel c2: backup set complete, elapsed time: 00:02:16
channel c4: finished piece 1 at 31-MAY-20
piece handle=/dbbackup/paic/Sunday_arch_jov1hl51_20200531 tag=TAG20200531T005807 comment=NONE
channel c4: backup set complete, elapsed time: 00:02:15
channel c6: finished piece 1 at 31-MAY-20
piece handle=/dbbackup/paic/Sunday_arch_jqv1hl51_20200531 tag=TAG20200531T005807 comment=NONE
channel c6: backup set complete, elapsed time: 00:02:15
channel c3: finished piece 1 at 31-MAY-20
piece handle=/dbbackup/paic/Sunday_arch_jnv1hl50_20200531 tag=TAG20200531T005807 comment=NONE
channel c3: backup set complete, elapsed time: 00:02:25
channel c5: finished piece 1 at 31-MAY-20
piece handle=/dbbackup/paic/Sunday_arch_jpv1hl51_20200531 tag=TAG20200531T005807 comment=NONE
channel c5: backup set complete, elapsed time: 00:02:25
Finished backup at 31-MAY-20

Starting Control File and SPFILE Autobackup at 31-MAY-20
piece handle=/app/oracle/product/11.2.0/oracle/dbs/c-1492966431-20200531-00 comment=NONE
Finished Control File and SPFILE Autobackup at 31-MAY-20

List of Archived Log Copies for database with db_unique_name ORCL
=====================================================================

Key     Thrd Seq     S Low Time 
------- ---- ------- - ---------
195601  1    4734    A 23-MAY-20
        Name: +DG_ARCH_NEW/orcl/archivelog/2020_05_23/thread_1_seq_4734.1223.1041152869

195605  1    4735    A 23-MAY-20
        Name: +DG_ARCH_NEW/orcl/archivelog/2020_05_23/thread_1_seq_4735.1894.1041154743

195609  1    4736    A 23-MAY-20
        Name: +DG_ARCH_NEW/orcl/archivelog/2020_05_23/thread_1_seq_4736.1161.1041156337

195613  1    4737    A 23-MAY-20
        Name: +DG_ARCH_NEW/orcl/archivelog/2020_05_23/thread_1_seq_4737.1520.1041157911

195617  1    4738    A 23-MAY-20
        Name: +DG_ARCH_NEW/orcl/archivelog/2020_05_23/thread_1_seq_4738.1146.1041159259

195621  1    4739    A 23-MAY-20
        Name: +DG_ARCH_NEW/orcl/archivelog/2020_05_23/thread_1_seq_4739.1918.1041160597

195625  1    4740    A 23-MAY-20
        Name: +DG_ARCH_NEW/orcl/archivelog/2020_05_23/thread_1_seq_4740.1422.1041161959

195629  1    4741    A 23-MAY-20
        Name: +DG_ARCH_NEW/orcl/archivelog/2020_05_23/thread_1_seq_4741.1526.1041163393

195633  1    4742    A 23-MAY-20
        Name: +DG_ARCH_NEW/orcl/archivelog/2020_05_23/thread_1_seq_4742.1165.1041165289

195637  1    4743    A 23-MAY-20
        Name: +DG_ARCH_NEW/orcl/archivelog/2020_05_23/thread_1_seq_4743.1166.1041167287

195641  1    4744    A 23-MAY-20
        Name: +DG_ARCH_NEW/orcl/archivelog/2020_05_23/thread_1_seq_4744.2021.1041169197

195645  1    4745    A 23-MAY-20
        Name: +DG_ARCH_NEW/orcl/archivelog/2020_05_23/thread_1_seq_4745.1321.1041170991

195649  1    4746    A 23-MAY-20
        Name: +DG_ARCH_NEW/orcl/archivelog/2020_05_23/thread_1_seq_4746.1291.1041172509

195653  1    4747    A 23-MAY-20
        Name: +DG_ARCH_NEW/orcl/archivelog/2020_05_23/thread_1_seq_4747.1225.1041173895

195657  1    4748    A 23-MAY-20
        Name: +DG_ARCH_NEW/orcl/archivelog/2020_05_23/thread_1_seq_4748.2170.1041175225

195661  1    4749    A 23-MAY-20
        Name: +DG_ARCH_NEW/orcl/archivelog/2020_05_23/thread_1_seq_4749.1274.1041176571

195665  1    4750    A 23-MAY-20
        Name: +DG_ARCH_NEW/orcl/archivelog/2020_05_23/thread_1_seq_4750.1245.1041177847

195669  1    4751    A 23-MAY-20
        Name: +DG_ARCH_NEW/orcl/archivelog/2020_05_23/thread_1_seq_4751.1299.1041179047

195673  1    4752    A 23-MAY-20
        Name: +DG_ARCH_NEW/orcl/archivelog/2020_05_23/thread_1_seq_4752.1235.1041180243

195677  1    4753    A 23-MAY-20
        Name: +DG_ARCH_NEW/orcl/archivelog/2020_05_23/thread_1_seq_4753.2152.1041181411

195681  1    4754    A 23-MAY-20
        Name: +DG_ARCH_NEW/orcl/archivelog/2020_05_23/thread_1_seq_4754.1464.1041182581

195685  1    4755    A 23-MAY-20
        Name: +DG_ARCH_NEW/orcl/archivelog/2020_05_23/thread_1_seq_4755.1540.1041183925

195689  1    4756    A 23-MAY-20
        Name: +DG_ARCH_NEW/orcl/archivelog/2020_05_23/thread_1_seq_4756.1316.1041185281

195693  1    4757    A 23-MAY-20
        Name: +DG_ARCH_NEW/orcl/archivelog/2020_05_23/thread_1_seq_4757.1334.1041186813

195697  1    4758    A 23-MAY-20
        Name: +DG_ARCH_NEW/orcl/archivelog/2020_05_23/thread_1_seq_4758.1264.1041188985

195701  1    4759    A 23-MAY-20
        Name: +DG_ARCH_NEW/orcl/archivelog/2020_05_23/thread_1_seq_4759.1263.1041192027

195705  1    4760    A 23-MAY-20
        Name: +DG_ARCH_NEW/orcl/archivelog/2020_05_23/thread_1_seq_4760.1525.1041196083

195709  1    4761    A 23-MAY-20
        Name: +DG_ARCH_NEW/orcl/archivelog/2020_05_23/thread_1_seq_4761.2225.1041199783

195713  1    4762    A 23-MAY-20
        Name: +DG_ARCH_NEW/orcl/archivelog/2020_05_23/thread_1_seq_4762.2277.1041203961

195717  1    4763    A 23-MAY-20
        Name: +DG_ARCH_NEW/orcl/archivelog/2020_05_24/thread_1_seq_4763.1267.1041209539

195598  2    3906    A 23-MAY-20
        Name: +DG_ARCH_NEW/orcl/archivelog/2020_05_23/thread_2_seq_3906.1133.1041150537

195599  2    3907    A 23-MAY-20
        Name: +DG_ARCH_NEW/orcl/archivelog/2020_05_23/thread_2_seq_3907.1121.1041151941

195600  2    3908    A 23-MAY-20
        Name: +DG_ARCH_NEW/orcl/archivelog/2020_05_23/thread_2_seq_3908.1142.1041152865

195602  2    3909    A 23-MAY-20
        Name: +DG_ARCH_NEW/orcl/archivelog/2020_05_23/thread_2_seq_3909.1173.1041153571

195603  2    3910    A 23-MAY-20
        Name: +DG_ARCH_NEW/orcl/archivelog/2020_05_23/thread_2_seq_3910.1123.1041154161

195604  2    3911    A 23-MAY-20
        Name: +DG_ARCH_NEW/orcl/archivelog/2020_05_23/thread_2_seq_3911.2069.1041154741

195606  2    3912    A 23-MAY-20
        Name: +DG_ARCH_NEW/orcl/archivelog/2020_05_23/thread_2_seq_3912.1934.1041155323

195607  2    3913    A 23-MAY-20
        Name: +DG_ARCH_NEW/orcl/archivelog/2020_05_23/thread_2_seq_3913.2133.1041155829

195608  2    3914    A 23-MAY-20
        Name: +DG_ARCH_NEW/orcl/archivelog/2020_05_23/thread_2_seq_3914.1446.1041156333

195610  2    3915    A 23-MAY-20
        Name: +DG_ARCH_NEW/orcl/archivelog/2020_05_23/thread_2_seq_3915.1206.1041156885

195611  2    3916    A 23-MAY-20
        Name: +DG_ARCH_NEW/orcl/archivelog/2020_05_23/thread_2_seq_3916.1478.1041157413

195612  2    3917    A 23-MAY-20
        Name: +DG_ARCH_NEW/orcl/archivelog/2020_05_23/thread_2_seq_3917.1498.1041157909

195614  2    3918    A 23-MAY-20
        Name: +DG_ARCH_NEW/orcl/archivelog/2020_05_23/thread_2_seq_3918.1545.1041158335

195615  2    3919    A 23-MAY-20
        Name: +DG_ARCH_NEW/orcl/archivelog/2020_05_23/thread_2_seq_3919.1196.1041158817

195616  2    3920    A 23-MAY-20
        Name: +DG_ARCH_NEW/orcl/archivelog/2020_05_23/thread_2_seq_3920.1149.1041159255

195618  2    3921    A 23-MAY-20
        Name: +DG_ARCH_NEW/orcl/archivelog/2020_05_23/thread_2_seq_3921.1458.1041159687

195619  2    3922    A 23-MAY-20
        Name: +DG_ARCH_NEW/orcl/archivelog/2020_05_23/thread_2_seq_3922.1184.1041160155

195620  2    3923    A 23-MAY-20
        Name: +DG_ARCH_NEW/orcl/archivelog/2020_05_23/thread_2_seq_3923.1905.1041160593

195622  2    3924    A 23-MAY-20
        Name: +DG_ARCH_NEW/orcl/archivelog/2020_05_23/thread_2_seq_3924.2138.1041161043

195623  2    3925    A 23-MAY-20
        Name: +DG_ARCH_NEW/orcl/archivelog/2020_05_23/thread_2_seq_3925.1021.1041161487

195624  2    3926    A 23-MAY-20
        Name: +DG_ARCH_NEW/orcl/archivelog/2020_05_23/thread_2_seq_3926.828.1041161955

195626  2    3927    A 23-MAY-20
        Name: +DG_ARCH_NEW/orcl/archivelog/2020_05_23/thread_2_seq_3927.1433.1041162423

195627  2    3928    A 23-MAY-20
        Name: +DG_ARCH_NEW/orcl/archivelog/2020_05_23/thread_2_seq_3928.1452.1041162883

195628  2    3929    A 23-MAY-20
        Name: +DG_ARCH_NEW/orcl/archivelog/2020_05_23/thread_2_seq_3929.1222.1041163389

195630  2    3930    A 23-MAY-20
        Name: +DG_ARCH_NEW/orcl/archivelog/2020_05_23/thread_2_seq_3930.1217.1041163981

195631  2    3931    A 23-MAY-20
        Name: +DG_ARCH_NEW/orcl/archivelog/2020_05_23/thread_2_seq_3931.1201.1041164583

195632  2    3932    A 23-MAY-20
        Name: +DG_ARCH_NEW/orcl/archivelog/2020_05_23/thread_2_seq_3932.1181.1041165285

195634  2    3933    A 23-MAY-20
        Name: +DG_ARCH_NEW/orcl/archivelog/2020_05_23/thread_2_seq_3933.1152.1041165925

195635  2    3934    A 23-MAY-20
        Name: +DG_ARCH_NEW/orcl/archivelog/2020_05_23/thread_2_seq_3934.1132.1041166623

195636  2    3935    A 23-MAY-20
        Name: +DG_ARCH_NEW/orcl/archivelog/2020_05_23/thread_2_seq_3935.1214.1041167283

195638  2    3936    A 23-MAY-20
        Name: +DG_ARCH_NEW/orcl/archivelog/2020_05_23/thread_2_seq_3936.2032.1041167947

195639  2    3937    A 23-MAY-20
        Name: +DG_ARCH_NEW/orcl/archivelog/2020_05_23/thread_2_seq_3937.1240.1041168571

195640  2    3938    A 23-MAY-20
        Name: +DG_ARCH_NEW/orcl/archivelog/2020_05_23/thread_2_seq_3938.1251.1041169195

195642  2    3939    A 23-MAY-20
        Name: +DG_ARCH_NEW/orcl/archivelog/2020_05_23/thread_2_seq_3939.1273.1041169845

195643  2    3940    A 23-MAY-20
        Name: +DG_ARCH_NEW/orcl/archivelog/2020_05_23/thread_2_seq_3940.1234.1041170439

195644  2    3941    A 23-MAY-20
        Name: +DG_ARCH_NEW/orcl/archivelog/2020_05_23/thread_2_seq_3941.2198.1041170989

195646  2    3942    A 23-MAY-20
        Name: +DG_ARCH_NEW/orcl/archivelog/2020_05_23/thread_2_seq_3942.1239.1041171559

195647  2    3943    A 23-MAY-20
        Name: +DG_ARCH_NEW/orcl/archivelog/2020_05_23/thread_2_seq_3943.1318.1041172053

195648  2    3944    A 23-MAY-20
        Name: +DG_ARCH_NEW/orcl/archivelog/2020_05_23/thread_2_seq_3944.1261.1041172507

195650  2    3945    A 23-MAY-20
        Name: +DG_ARCH_NEW/orcl/archivelog/2020_05_23/thread_2_seq_3945.1962.1041172981

195651  2    3946    A 23-MAY-20
        Name: +DG_ARCH_NEW/orcl/archivelog/2020_05_23/thread_2_seq_3946.2174.1041173427

195652  2    3947    A 23-MAY-20
        Name: +DG_ARCH_NEW/orcl/archivelog/2020_05_23/thread_2_seq_3947.1270.1041173893

195654  2    3948    A 23-MAY-20
        Name: +DG_ARCH_NEW/orcl/archivelog/2020_05_23/thread_2_seq_3948.1268.1041174375

195655  2    3949    A 23-MAY-20
        Name: +DG_ARCH_NEW/orcl/archivelog/2020_05_23/thread_2_seq_3949.1303.1041174793

195656  2    3950    A 23-MAY-20
        Name: +DG_ARCH_NEW/orcl/archivelog/2020_05_23/thread_2_seq_3950.1558.1041175221

195658  2    3951    A 23-MAY-20
        Name: +DG_ARCH_NEW/orcl/archivelog/2020_05_23/thread_2_seq_3951.1324.1041175677

195659  2    3952    A 23-MAY-20
        Name: +DG_ARCH_NEW/orcl/archivelog/2020_05_23/thread_2_seq_3952.1308.1041176107

195660  2    3953    A 23-MAY-20
        Name: +DG_ARCH_NEW/orcl/archivelog/2020_05_23/thread_2_seq_3953.1288.1041176569

195662  2    3954    A 23-MAY-20
        Name: +DG_ARCH_NEW/orcl/archivelog/2020_05_23/thread_2_seq_3954.1260.1041177013

195663  2    3955    A 23-MAY-20
        Name: +DG_ARCH_NEW/orcl/archivelog/2020_05_23/thread_2_seq_3955.1250.1041177441

195664  2    3956    A 23-MAY-20
        Name: +DG_ARCH_NEW/orcl/archivelog/2020_05_23/thread_2_seq_3956.1248.1041177843

195666  2    3957    A 23-MAY-20
        Name: +DG_ARCH_NEW/orcl/archivelog/2020_05_23/thread_2_seq_3957.1237.1041178225

195667  2    3958    A 23-MAY-20
        Name: +DG_ARCH_NEW/orcl/archivelog/2020_05_23/thread_2_seq_3958.1232.1041178633

195668  2    3959    A 23-MAY-20
        Name: +DG_ARCH_NEW/orcl/archivelog/2020_05_23/thread_2_seq_3959.1323.1041179045

195670  2    3960    A 23-MAY-20
        Name: +DG_ARCH_NEW/orcl/archivelog/2020_05_23/thread_2_seq_3960.1279.1041179435

195671  2    3961    A 23-MAY-20
        Name: +DG_ARCH_NEW/orcl/archivelog/2020_05_23/thread_2_seq_3961.1275.1041179825

195672  2    3962    A 23-MAY-20
        Name: +DG_ARCH_NEW/orcl/archivelog/2020_05_23/thread_2_seq_3962.1247.1041180241

195674  2    3963    A 23-MAY-20
        Name: +DG_ARCH_NEW/orcl/archivelog/2020_05_23/thread_2_seq_3963.1230.1041180643

195675  2    3964    A 23-MAY-20
        Name: +DG_ARCH_NEW/orcl/archivelog/2020_05_23/thread_2_seq_3964.1338.1041181015

195676  2    3965    A 23-MAY-20
        Name: +DG_ARCH_NEW/orcl/archivelog/2020_05_23/thread_2_seq_3965.1335.1041181409

195678  2    3966    A 23-MAY-20
        Name: +DG_ARCH_NEW/orcl/archivelog/2020_05_23/thread_2_seq_3966.1957.1041181817

195679  2    3967    A 23-MAY-20
        Name: +DG_ARCH_NEW/orcl/archivelog/2020_05_23/thread_2_seq_3967.1984.1041182191

195680  2    3968    A 23-MAY-20
        Name: +DG_ARCH_NEW/orcl/archivelog/2020_05_23/thread_2_seq_3968.1989.1041182579

195682  2    3969    A 23-MAY-20
        Name: +DG_ARCH_NEW/orcl/archivelog/2020_05_23/thread_2_seq_3969.1481.1041183017

195683  2    3970    A 23-MAY-20
        Name: +DG_ARCH_NEW/orcl/archivelog/2020_05_23/thread_2_seq_3970.1489.1041183443

195684  2    3971    A 23-MAY-20
        Name: +DG_ARCH_NEW/orcl/archivelog/2020_05_23/thread_2_seq_3971.1532.1041183923

195686  2    3972    A 23-MAY-20
        Name: +DG_ARCH_NEW/orcl/archivelog/2020_05_23/thread_2_seq_3972.1215.1041184379

195687  2    3973    A 23-MAY-20
        Name: +DG_ARCH_NEW/orcl/archivelog/2020_05_23/thread_2_seq_3973.1193.1041184823

195688  2    3974    A 23-MAY-20
        Name: +DG_ARCH_NEW/orcl/archivelog/2020_05_23/thread_2_seq_3974.1561.1041185279

195690  2    3975    A 23-MAY-20
        Name: +DG_ARCH_NEW/orcl/archivelog/2020_05_23/thread_2_seq_3975.1229.1041185729

195691  2    3976    A 23-MAY-20
        Name: +DG_ARCH_NEW/orcl/archivelog/2020_05_23/thread_2_seq_3976.1271.1041186247

195692  2    3977    A 23-MAY-20
        Name: +DG_ARCH_NEW/orcl/archivelog/2020_05_23/thread_2_seq_3977.1556.1041186811

195694  2    3978    A 23-MAY-20
        Name: +DG_ARCH_NEW/orcl/archivelog/2020_05_23/thread_2_seq_3978.1320.1041187465

195695  2    3979    A 23-MAY-20
        Name: +DG_ARCH_NEW/orcl/archivelog/2020_05_23/thread_2_seq_3979.1306.1041188221

195696  2    3980    A 23-MAY-20
        Name: +DG_ARCH_NEW/orcl/archivelog/2020_05_23/thread_2_seq_3980.1285.1041188983

195698  2    3981    A 23-MAY-20
        Name: +DG_ARCH_NEW/orcl/archivelog/2020_05_23/thread_2_seq_3981.1256.1041189815

195699  2    3982    A 23-MAY-20
        Name: +DG_ARCH_NEW/orcl/archivelog/2020_05_23/thread_2_seq_3982.1327.1041190823

195700  2    3983    A 23-MAY-20
        Name: +DG_ARCH_NEW/orcl/archivelog/2020_05_23/thread_2_seq_3983.1307.1041192025

195702  2    3984    A 23-MAY-20
        Name: +DG_ARCH_NEW/orcl/archivelog/2020_05_23/thread_2_seq_3984.2145.1041193325

195703  2    3985    A 23-MAY-20
        Name: +DG_ARCH_NEW/orcl/archivelog/2020_05_23/thread_2_seq_3985.1946.1041194791

195704  2    3986    A 23-MAY-20
        Name: +DG_ARCH_NEW/orcl/archivelog/2020_05_23/thread_2_seq_3986.1468.1041196081

195706  2    3987    A 23-MAY-20
        Name: +DG_ARCH_NEW/orcl/archivelog/2020_05_23/thread_2_seq_3987.1188.1041197323

195707  2    3988    A 23-MAY-20
        Name: +DG_ARCH_NEW/orcl/archivelog/2020_05_23/thread_2_seq_3988.2182.1041198629

195708  2    3989    A 23-MAY-20
        Name: +DG_ARCH_NEW/orcl/archivelog/2020_05_23/thread_2_seq_3989.2220.1041199781

195710  2    3990    A 23-MAY-20
        Name: +DG_ARCH_NEW/orcl/archivelog/2020_05_23/thread_2_seq_3990.2241.1041201001

195711  2    3991    A 23-MAY-20
        Name: +DG_ARCH_NEW/orcl/archivelog/2020_05_23/thread_2_seq_3991.2276.1041202525

195712  2    3992    A 23-MAY-20
        Name: +DG_ARCH_NEW/orcl/archivelog/2020_05_23/thread_2_seq_3992.1370.1041203959

195714  2    3993    A 23-MAY-20
        Name: +DG_ARCH_NEW/orcl/archivelog/2020_05_23/thread_2_seq_3993.1258.1041205997

195715  2    3994    A 23-MAY-20
        Name: +DG_ARCH_NEW/orcl/archivelog/2020_05_24/thread_2_seq_3994.1238.1041209501

195716  2    3995    A 24-MAY-20
        Name: +DG_ARCH_NEW/orcl/archivelog/2020_05_24/thread_2_seq_3995.1311.1041209537

deleted archived log
archived log file name=+DG_ARCH_NEW/orcl/archivelog/2020_05_23/thread_1_seq_4734.1223.1041152869 RECID=195601 STAMP=1041152868
deleted archived log
archived log file name=+DG_ARCH_NEW/orcl/archivelog/2020_05_23/thread_1_seq_4735.1894.1041154743 RECID=195605 STAMP=1041154743
deleted archived log
archived log file name=+DG_ARCH_NEW/orcl/archivelog/2020_05_23/thread_1_seq_4736.1161.1041156337 RECID=195609 STAMP=1041156336
deleted archived log
archived log file name=+DG_ARCH_NEW/orcl/archivelog/2020_05_23/thread_1_seq_4737.1520.1041157911 RECID=195613 STAMP=1041157911
deleted archived log
archived log file name=+DG_ARCH_NEW/orcl/archivelog/2020_05_23/thread_1_seq_4738.1146.1041159259 RECID=195617 STAMP=1041159258
deleted archived log
archived log file name=+DG_ARCH_NEW/orcl/archivelog/2020_05_23/thread_1_seq_4739.1918.1041160597 RECID=195621 STAMP=1041160596
deleted archived log
archived log file name=+DG_ARCH_NEW/orcl/archivelog/2020_05_23/thread_1_seq_4740.1422.1041161959 RECID=195625 STAMP=1041161958
deleted archived log
archived log file name=+DG_ARCH_NEW/orcl/archivelog/2020_05_23/thread_1_seq_4741.1526.1041163393 RECID=195629 STAMP=1041163392
deleted archived log
archived log file name=+DG_ARCH_NEW/orcl/archivelog/2020_05_23/thread_1_seq_4742.1165.1041165289 RECID=195633 STAMP=1041165288
deleted archived log
archived log file name=+DG_ARCH_NEW/orcl/archivelog/2020_05_23/thread_1_seq_4743.1166.1041167287 RECID=195637 STAMP=1041167286
deleted archived log
archived log file name=+DG_ARCH_NEW/orcl/archivelog/2020_05_23/thread_1_seq_4744.2021.1041169197 RECID=195641 STAMP=1041169197
deleted archived log
archived log file name=+DG_ARCH_NEW/orcl/archivelog/2020_05_23/thread_1_seq_4745.1321.1041170991 RECID=195645 STAMP=1041170991
deleted archived log
archived log file name=+DG_ARCH_NEW/orcl/archivelog/2020_05_23/thread_1_seq_4746.1291.1041172509 RECID=195649 STAMP=1041172509
deleted archived log
archived log file name=+DG_ARCH_NEW/orcl/archivelog/2020_05_23/thread_1_seq_4747.1225.1041173895 RECID=195653 STAMP=1041173895
deleted archived log
archived log file name=+DG_ARCH_NEW/orcl/archivelog/2020_05_23/thread_1_seq_4748.2170.1041175225 RECID=195657 STAMP=1041175224
deleted archived log
archived log file name=+DG_ARCH_NEW/orcl/archivelog/2020_05_23/thread_1_seq_4749.1274.1041176571 RECID=195661 STAMP=1041176571
deleted archived log
archived log file name=+DG_ARCH_NEW/orcl/archivelog/2020_05_23/thread_1_seq_4750.1245.1041177847 RECID=195665 STAMP=1041177846
deleted archived log
archived log file name=+DG_ARCH_NEW/orcl/archivelog/2020_05_23/thread_1_seq_4751.1299.1041179047 RECID=195669 STAMP=1041179046
deleted archived log
archived log file name=+DG_ARCH_NEW/orcl/archivelog/2020_05_23/thread_1_seq_4752.1235.1041180243 RECID=195673 STAMP=1041180243
deleted archived log
archived log file name=+DG_ARCH_NEW/orcl/archivelog/2020_05_23/thread_1_seq_4753.2152.1041181411 RECID=195677 STAMP=1041181410
deleted archived log
archived log file name=+DG_ARCH_NEW/orcl/archivelog/2020_05_23/thread_1_seq_4754.1464.1041182581 RECID=195681 STAMP=1041182580
deleted archived log
archived log file name=+DG_ARCH_NEW/orcl/archivelog/2020_05_23/thread_1_seq_4755.1540.1041183925 RECID=195685 STAMP=1041183924
deleted archived log
archived log file name=+DG_ARCH_NEW/orcl/archivelog/2020_05_23/thread_1_seq_4756.1316.1041185281 RECID=195689 STAMP=1041185280
deleted archived log
archived log file name=+DG_ARCH_NEW/orcl/archivelog/2020_05_23/thread_1_seq_4757.1334.1041186813 RECID=195693 STAMP=1041186813
deleted archived log
archived log file name=+DG_ARCH_NEW/orcl/archivelog/2020_05_23/thread_1_seq_4758.1264.1041188985 RECID=195697 STAMP=1041188985
deleted archived log
archived log file name=+DG_ARCH_NEW/orcl/archivelog/2020_05_23/thread_1_seq_4759.1263.1041192027 RECID=195701 STAMP=1041192027
deleted archived log
archived log file name=+DG_ARCH_NEW/orcl/archivelog/2020_05_23/thread_1_seq_4760.1525.1041196083 RECID=195705 STAMP=1041196083
deleted archived log
archived log file name=+DG_ARCH_NEW/orcl/archivelog/2020_05_23/thread_1_seq_4761.2225.1041199783 RECID=195709 STAMP=1041199782
deleted archived log
archived log file name=+DG_ARCH_NEW/orcl/archivelog/2020_05_23/thread_1_seq_4762.2277.1041203961 RECID=195713 STAMP=1041203961
deleted archived log
archived log file name=+DG_ARCH_NEW/orcl/archivelog/2020_05_24/thread_1_seq_4763.1267.1041209539 RECID=195717 STAMP=1041209538
deleted archived log
archived log file name=+DG_ARCH_NEW/orcl/archivelog/2020_05_23/thread_2_seq_3906.1133.1041150537 RECID=195598 STAMP=1041150537
deleted archived log
archived log file name=+DG_ARCH_NEW/orcl/archivelog/2020_05_23/thread_2_seq_3907.1121.1041151941 RECID=195599 STAMP=1041151941
deleted archived log
archived log file name=+DG_ARCH_NEW/orcl/archivelog/2020_05_23/thread_2_seq_3908.1142.1041152865 RECID=195600 STAMP=1041152865
deleted archived log
archived log file name=+DG_ARCH_NEW/orcl/archivelog/2020_05_23/thread_2_seq_3909.1173.1041153571 RECID=195602 STAMP=1041153570
deleted archived log
archived log file name=+DG_ARCH_NEW/orcl/archivelog/2020_05_23/thread_2_seq_3910.1123.1041154161 RECID=195603 STAMP=1041154161
deleted archived log
archived log file name=+DG_ARCH_NEW/orcl/archivelog/2020_05_23/thread_2_seq_3911.2069.1041154741 RECID=195604 STAMP=1041154740
deleted archived log
archived log file name=+DG_ARCH_NEW/orcl/archivelog/2020_05_23/thread_2_seq_3912.1934.1041155323 RECID=195606 STAMP=1041155322
deleted archived log
archived log file name=+DG_ARCH_NEW/orcl/archivelog/2020_05_23/thread_2_seq_3913.2133.1041155829 RECID=195607 STAMP=1041155829
deleted archived log
archived log file name=+DG_ARCH_NEW/orcl/archivelog/2020_05_23/thread_2_seq_3914.1446.1041156333 RECID=195608 STAMP=1041156333
deleted archived log
archived log file name=+DG_ARCH_NEW/orcl/archivelog/2020_05_23/thread_2_seq_3915.1206.1041156885 RECID=195610 STAMP=1041156885
deleted archived log
archived log file name=+DG_ARCH_NEW/orcl/archivelog/2020_05_23/thread_2_seq_3916.1478.1041157413 RECID=195611 STAMP=1041157413
deleted archived log
archived log file name=+DG_ARCH_NEW/orcl/archivelog/2020_05_23/thread_2_seq_3917.1498.1041157909 RECID=195612 STAMP=1041157908
deleted archived log
archived log file name=+DG_ARCH_NEW/orcl/archivelog/2020_05_23/thread_2_seq_3918.1545.1041158335 RECID=195614 STAMP=1041158334
deleted archived log
archived log file name=+DG_ARCH_NEW/orcl/archivelog/2020_05_23/thread_2_seq_3919.1196.1041158817 RECID=195615 STAMP=1041158817
deleted archived log
archived log file name=+DG_ARCH_NEW/orcl/archivelog/2020_05_23/thread_2_seq_3920.1149.1041159255 RECID=195616 STAMP=1041159255
deleted archived log
archived log file name=+DG_ARCH_NEW/orcl/archivelog/2020_05_23/thread_2_seq_3921.1458.1041159687 RECID=195618 STAMP=1041159687
deleted archived log
archived log file name=+DG_ARCH_NEW/orcl/archivelog/2020_05_23/thread_2_seq_3922.1184.1041160155 RECID=195619 STAMP=1041160155
deleted archived log
archived log file name=+DG_ARCH_NEW/orcl/archivelog/2020_05_23/thread_2_seq_3923.1905.1041160593 RECID=195620 STAMP=1041160593
deleted archived log
archived log file name=+DG_ARCH_NEW/orcl/archivelog/2020_05_23/thread_2_seq_3924.2138.1041161043 RECID=195622 STAMP=1041161043
deleted archived log
archived log file name=+DG_ARCH_NEW/orcl/archivelog/2020_05_23/thread_2_seq_3925.1021.1041161487 RECID=195623 STAMP=1041161487
deleted archived log
archived log file name=+DG_ARCH_NEW/orcl/archivelog/2020_05_23/thread_2_seq_3926.828.1041161955 RECID=195624 STAMP=1041161955
deleted archived log
archived log file name=+DG_ARCH_NEW/orcl/archivelog/2020_05_23/thread_2_seq_3927.1433.1041162423 RECID=195626 STAMP=1041162423
deleted archived log
archived log file name=+DG_ARCH_NEW/orcl/archivelog/2020_05_23/thread_2_seq_3928.1452.1041162883 RECID=195627 STAMP=1041162882
deleted archived log
archived log file name=+DG_ARCH_NEW/orcl/archivelog/2020_05_23/thread_2_seq_3929.1222.1041163389 RECID=195628 STAMP=1041163389
deleted archived log
archived log file name=+DG_ARCH_NEW/orcl/archivelog/2020_05_23/thread_2_seq_3930.1217.1041163981 RECID=195630 STAMP=1041163980
deleted archived log
archived log file name=+DG_ARCH_NEW/orcl/archivelog/2020_05_23/thread_2_seq_3931.1201.1041164583 RECID=195631 STAMP=1041164583
deleted archived log
archived log file name=+DG_ARCH_NEW/orcl/archivelog/2020_05_23/thread_2_seq_3932.1181.1041165285 RECID=195632 STAMP=1041165285
deleted archived log
archived log file name=+DG_ARCH_NEW/orcl/archivelog/2020_05_23/thread_2_seq_3933.1152.1041165925 RECID=195634 STAMP=1041165924
deleted archived log
archived log file name=+DG_ARCH_NEW/orcl/archivelog/2020_05_23/thread_2_seq_3934.1132.1041166623 RECID=195635 STAMP=1041166624
deleted archived log
archived log file name=+DG_ARCH_NEW/orcl/archivelog/2020_05_23/thread_2_seq_3935.1214.1041167283 RECID=195636 STAMP=1041167284
deleted archived log
archived log file name=+DG_ARCH_NEW/orcl/archivelog/2020_05_23/thread_2_seq_3936.2032.1041167947 RECID=195638 STAMP=1041167946
deleted archived log
archived log file name=+DG_ARCH_NEW/orcl/archivelog/2020_05_23/thread_2_seq_3937.1240.1041168571 RECID=195639 STAMP=1041168571
deleted archived log
archived log file name=+DG_ARCH_NEW/orcl/archivelog/2020_05_23/thread_2_seq_3938.1251.1041169195 RECID=195640 STAMP=1041169195
deleted archived log
archived log file name=+DG_ARCH_NEW/orcl/archivelog/2020_05_23/thread_2_seq_3939.1273.1041169845 RECID=195642 STAMP=1041169846
deleted archived log
archived log file name=+DG_ARCH_NEW/orcl/archivelog/2020_05_23/thread_2_seq_3940.1234.1041170439 RECID=195643 STAMP=1041170440
deleted archived log
archived log file name=+DG_ARCH_NEW/orcl/archivelog/2020_05_23/thread_2_seq_3941.2198.1041170989 RECID=195644 STAMP=1041170989
deleted archived log
archived log file name=+DG_ARCH_NEW/orcl/archivelog/2020_05_23/thread_2_seq_3942.1239.1041171559 RECID=195646 STAMP=1041171559
deleted archived log
archived log file name=+DG_ARCH_NEW/orcl/archivelog/2020_05_23/thread_2_seq_3943.1318.1041172053 RECID=195647 STAMP=1041172054
deleted archived log
archived log file name=+DG_ARCH_NEW/orcl/archivelog/2020_05_23/thread_2_seq_3944.1261.1041172507 RECID=195648 STAMP=1041172507
deleted archived log
archived log file name=+DG_ARCH_NEW/orcl/archivelog/2020_05_23/thread_2_seq_3945.1962.1041172981 RECID=195650 STAMP=1041172981
deleted archived log
archived log file name=+DG_ARCH_NEW/orcl/archivelog/2020_05_23/thread_2_seq_3946.2174.1041173427 RECID=195651 STAMP=1041173428
deleted archived log
archived log file name=+DG_ARCH_NEW/orcl/archivelog/2020_05_23/thread_2_seq_3947.1270.1041173893 RECID=195652 STAMP=1041173893
deleted archived log
archived log file name=+DG_ARCH_NEW/orcl/archivelog/2020_05_23/thread_2_seq_3948.1268.1041174375 RECID=195654 STAMP=1041174376
deleted archived log
archived log file name=+DG_ARCH_NEW/orcl/archivelog/2020_05_23/thread_2_seq_3949.1303.1041174793 RECID=195655 STAMP=1041174793
deleted archived log
archived log file name=+DG_ARCH_NEW/orcl/archivelog/2020_05_23/thread_2_seq_3950.1558.1041175221 RECID=195656 STAMP=1041175222
deleted archived log
archived log file name=+DG_ARCH_NEW/orcl/archivelog/2020_05_23/thread_2_seq_3951.1324.1041175677 RECID=195658 STAMP=1041175678
deleted archived log
archived log file name=+DG_ARCH_NEW/orcl/archivelog/2020_05_23/thread_2_seq_3952.1308.1041176107 RECID=195659 STAMP=1041176107
deleted archived log
archived log file name=+DG_ARCH_NEW/orcl/archivelog/2020_05_23/thread_2_seq_3953.1288.1041176569 RECID=195660 STAMP=1041176569
deleted archived log
archived log file name=+DG_ARCH_NEW/orcl/archivelog/2020_05_23/thread_2_seq_3954.1260.1041177013 RECID=195662 STAMP=1041177013
deleted archived log
archived log file name=+DG_ARCH_NEW/orcl/archivelog/2020_05_23/thread_2_seq_3955.1250.1041177441 RECID=195663 STAMP=1041177442
deleted archived log
archived log file name=+DG_ARCH_NEW/orcl/archivelog/2020_05_23/thread_2_seq_3956.1248.1041177843 RECID=195664 STAMP=1041177844
deleted archived log
archived log file name=+DG_ARCH_NEW/orcl/archivelog/2020_05_23/thread_2_seq_3957.1237.1041178225 RECID=195666 STAMP=1041178225
deleted archived log
archived log file name=+DG_ARCH_NEW/orcl/archivelog/2020_05_23/thread_2_seq_3958.1232.1041178633 RECID=195667 STAMP=1041178633
deleted archived log
archived log file name=+DG_ARCH_NEW/orcl/archivelog/2020_05_23/thread_2_seq_3959.1323.1041179045 RECID=195668 STAMP=1041179044
deleted archived log
archived log file name=+DG_ARCH_NEW/orcl/archivelog/2020_05_23/thread_2_seq_3960.1279.1041179435 RECID=195670 STAMP=1041179434
deleted archived log
archived log file name=+DG_ARCH_NEW/orcl/archivelog/2020_05_23/thread_2_seq_3961.1275.1041179825 RECID=195671 STAMP=1041179824
deleted archived log
archived log file name=+DG_ARCH_NEW/orcl/archivelog/2020_05_23/thread_2_seq_3962.1247.1041180241 RECID=195672 STAMP=1041180241
deleted archived log
archived log file name=+DG_ARCH_NEW/orcl/archivelog/2020_05_23/thread_2_seq_3963.1230.1041180643 RECID=195674 STAMP=1041180643
deleted archived log
archived log file name=+DG_ARCH_NEW/orcl/archivelog/2020_05_23/thread_2_seq_3964.1338.1041181015 RECID=195675 STAMP=1041181015
deleted archived log
archived log file name=+DG_ARCH_NEW/orcl/archivelog/2020_05_23/thread_2_seq_3965.1335.1041181409 RECID=195676 STAMP=1041181408
deleted archived log
archived log file name=+DG_ARCH_NEW/orcl/archivelog/2020_05_23/thread_2_seq_3966.1957.1041181817 RECID=195678 STAMP=1041181816
deleted archived log
archived log file name=+DG_ARCH_NEW/orcl/archivelog/2020_05_23/thread_2_seq_3967.1984.1041182191 RECID=195679 STAMP=1041182191
deleted archived log
archived log file name=+DG_ARCH_NEW/orcl/archivelog/2020_05_23/thread_2_seq_3968.1989.1041182579 RECID=195680 STAMP=1041182578
deleted archived log
archived log file name=+DG_ARCH_NEW/orcl/archivelog/2020_05_23/thread_2_seq_3969.1481.1041183017 RECID=195682 STAMP=1041183016
deleted archived log
archived log file name=+DG_ARCH_NEW/orcl/archivelog/2020_05_23/thread_2_seq_3970.1489.1041183443 RECID=195683 STAMP=1041183442
deleted archived log
archived log file name=+DG_ARCH_NEW/orcl/archivelog/2020_05_23/thread_2_seq_3971.1532.1041183923 RECID=195684 STAMP=1041183922
deleted archived log
archived log file name=+DG_ARCH_NEW/orcl/archivelog/2020_05_23/thread_2_seq_3972.1215.1041184379 RECID=195686 STAMP=1041184378
deleted archived log
archived log file name=+DG_ARCH_NEW/orcl/archivelog/2020_05_23/thread_2_seq_3973.1193.1041184823 RECID=195687 STAMP=1041184822
deleted archived log
archived log file name=+DG_ARCH_NEW/orcl/archivelog/2020_05_23/thread_2_seq_3974.1561.1041185279 RECID=195688 STAMP=1041185278
deleted archived log
archived log file name=+DG_ARCH_NEW/orcl/archivelog/2020_05_23/thread_2_seq_3975.1229.1041185729 RECID=195690 STAMP=1041185728
deleted archived log
archived log file name=+DG_ARCH_NEW/orcl/archivelog/2020_05_23/thread_2_seq_3976.1271.1041186247 RECID=195691 STAMP=1041186247
deleted archived log
archived log file name=+DG_ARCH_NEW/orcl/archivelog/2020_05_23/thread_2_seq_3977.1556.1041186811 RECID=195692 STAMP=1041186811
deleted archived log
archived log file name=+DG_ARCH_NEW/orcl/archivelog/2020_05_23/thread_2_seq_3978.1320.1041187465 RECID=195694 STAMP=1041187465
deleted archived log
archived log file name=+DG_ARCH_NEW/orcl/archivelog/2020_05_23/thread_2_seq_3979.1306.1041188221 RECID=195695 STAMP=1041188221
deleted archived log
archived log file name=+DG_ARCH_NEW/orcl/archivelog/2020_05_23/thread_2_seq_3980.1285.1041188983 RECID=195696 STAMP=1041188983
deleted archived log
archived log file name=+DG_ARCH_NEW/orcl/archivelog/2020_05_23/thread_2_seq_3981.1256.1041189815 RECID=195698 STAMP=1041189814
deleted archived log
archived log file name=+DG_ARCH_NEW/orcl/archivelog/2020_05_23/thread_2_seq_3982.1327.1041190823 RECID=195699 STAMP=1041190822
deleted archived log
archived log file name=+DG_ARCH_NEW/orcl/archivelog/2020_05_23/thread_2_seq_3983.1307.1041192025 RECID=195700 STAMP=1041192025
deleted archived log
archived log file name=+DG_ARCH_NEW/orcl/archivelog/2020_05_23/thread_2_seq_3984.2145.1041193325 RECID=195702 STAMP=1041193324
deleted archived log
archived log file name=+DG_ARCH_NEW/orcl/archivelog/2020_05_23/thread_2_seq_3985.1946.1041194791 RECID=195703 STAMP=1041194791
deleted archived log
archived log file name=+DG_ARCH_NEW/orcl/archivelog/2020_05_23/thread_2_seq_3986.1468.1041196081 RECID=195704 STAMP=1041196081
deleted archived log
archived log file name=+DG_ARCH_NEW/orcl/archivelog/2020_05_23/thread_2_seq_3987.1188.1041197323 RECID=195706 STAMP=1041197323
deleted archived log
archived log file name=+DG_ARCH_NEW/orcl/archivelog/2020_05_23/thread_2_seq_3988.2182.1041198629 RECID=195707 STAMP=1041198628
deleted archived log
archived log file name=+DG_ARCH_NEW/orcl/archivelog/2020_05_23/thread_2_seq_3989.2220.1041199781 RECID=195708 STAMP=1041199780
deleted archived log
archived log file name=+DG_ARCH_NEW/orcl/archivelog/2020_05_23/thread_2_seq_3990.2241.1041201001 RECID=195710 STAMP=1041201001
deleted archived log
archived log file name=+DG_ARCH_NEW/orcl/archivelog/2020_05_23/thread_2_seq_3991.2276.1041202525 RECID=195711 STAMP=1041202526
deleted archived log
archived log file name=+DG_ARCH_NEW/orcl/archivelog/2020_05_23/thread_2_seq_3992.1370.1041203959 RECID=195712 STAMP=1041203960
deleted archived log
archived log file name=+DG_ARCH_NEW/orcl/archivelog/2020_05_23/thread_2_seq_3993.1258.1041205997 RECID=195714 STAMP=1041205997
deleted archived log
archived log file name=+DG_ARCH_NEW/orcl/archivelog/2020_05_24/thread_2_seq_3994.1238.1041209501 RECID=195715 STAMP=1041209501
deleted archived log
archived log file name=+DG_ARCH_NEW/orcl/archivelog/2020_05_24/thread_2_seq_3995.1311.1041209537 RECID=195716 STAMP=1041209536
Deleted 120 objects


released channel: c1

released channel: c2

released channel: c3

released channel: c4

released channel: c5

released channel: c6

RMAN> 

Recovery Manager complete.
Last login: Sat May 30 23:59:01 CST 2020
