
Recovery Manager: Release 11.2.0.4.0 - Production on Tue Mar 17 00:00:01 2020

Copyright (c) 1982, 2011, Oracle and/or its affiliates.  All rights reserved.

connected to target database: VMIDB (DBID=3389753949)

RMAN> 2> 3> 4> 5> 6> 7> 
Starting backup at 17-MAR-20
using target database control file instead of recovery catalog
allocated channel: ORA_DISK_1
channel ORA_DISK_1: SID=644 instance=vmidb2 device type=DISK
channel ORA_DISK_1: starting incremental level 2 datafile backup set
channel ORA_DISK_1: specifying datafile(s) in backup set
input datafile file number=00007 name=+DATA/vmidb/datafile/tbs_meta_vmi02.dbf
input datafile file number=00008 name=+DATA/vmidb/datafile/tbs_meta_vmi03.dbf
input datafile file number=00006 name=+DATA/vmidb/datafile/tbs_meta_vmi01.dbf
input datafile file number=00003 name=+DATA/vmidb/datafile/undotbs1.261.1031941603
input datafile file number=00002 name=+DATA/vmidb/datafile/sysaux.260.1031941603
input datafile file number=00001 name=+DATA/vmidb/datafile/system.259.1031941601
input datafile file number=00004 name=+DATA/vmidb/datafile/undotbs2.263.1031941607
input datafile file number=00005 name=+DATA/vmidb/datafile/users.264.1031941609
channel ORA_DISK_1: starting piece 1 at 17-MAR-20
channel ORA_DISK_1: finished piece 1 at 17-MAR-20
piece handle=/dbbackup/vmi/Tuesday_dt_inc2_1aur9582_20200317 tag=TAG20200317T000002 comment=NONE
channel ORA_DISK_1: backup set complete, elapsed time: 00:01:05
channel ORA_DISK_1: starting incremental level 2 datafile backup set
channel ORA_DISK_1: specifying datafile(s) in backup set
including current control file in backup set
including current SPFILE in backup set
channel ORA_DISK_1: starting piece 1 at 17-MAR-20
channel ORA_DISK_1: finished piece 1 at 17-MAR-20
piece handle=/dbbackup/vmi/Tuesday_dt_inc2_1bur95a3_20200317 tag=TAG20200317T000002 comment=NONE
channel ORA_DISK_1: backup set complete, elapsed time: 00:00:01
Finished backup at 17-MAR-20

Starting backup at 17-MAR-20
current log archived
using channel ORA_DISK_1
skipping archived logs of thread 1 from sequence 2164 to 2564; already backed up
skipping archived logs of thread 2 from sequence 673 to 860; already backed up
channel ORA_DISK_1: starting archived log backup set
channel ORA_DISK_1: specifying archived log(s) in backup set
input archived log thread=2 sequence=861 RECID=3324 STAMP=1035158561
input archived log thread=1 sequence=2565 RECID=3322 STAMP=1035158555
input archived log thread=1 sequence=2566 RECID=3323 STAMP=1035158558
input archived log thread=1 sequence=2567 RECID=3325 STAMP=1035205234
input archived log thread=2 sequence=862 RECID=3326 STAMP=1035216002
input archived log thread=1 sequence=2568 RECID=3328 STAMP=1035244871
input archived log thread=2 sequence=863 RECID=3327 STAMP=1035244870
channel ORA_DISK_1: starting piece 1 at 17-MAR-20
channel ORA_DISK_1: finished piece 1 at 17-MAR-20
piece handle=/dbbackup/vmi/Tuesday_arch_1cur95ab_20200317 tag=TAG20200317T000115 comment=NONE
channel ORA_DISK_1: backup set complete, elapsed time: 00:00:01
Finished backup at 17-MAR-20

Starting backup at 17-MAR-20
using channel ORA_DISK_1
channel ORA_DISK_1: starting full datafile backup set
channel ORA_DISK_1: specifying datafile(s) in backup set
including current control file in backup set
channel ORA_DISK_1: starting piece 1 at 17-MAR-20
channel ORA_DISK_1: finished piece 1 at 17-MAR-20
piece handle=/dbbackup/vmi/Tuesday_ctf_1dur95ad_20200317 tag=TAG20200317T000117 comment=NONE
channel ORA_DISK_1: backup set complete, elapsed time: 00:00:01
Finished backup at 17-MAR-20

RMAN> 

Recovery Manager complete.
Last login: Mon Mar 16 23:59:02 CST 2020
